2025-08-20 08:50:08,788 [ERROR] LogOutputStream:75 - [STDERR_REDIRECT] 
2025-08-20 11:07:34,300 [INFO] Activator:176 - 


2025-08-20 11:07:34,301 [INFO] Activator:177 - !SESSION log4j initialized
2025-08-20 11:07:41,443 [INFO] LogOutputStream:77 - [STDOUT_REDIRECT] 
2025-08-20 11:07:43,972 [INFO] ApplicationProperties:184 - Using Application install path: C:\ST\STM32CubeIDE_1.13.2\STM32CubeIDE\plugins\com.st.stm32cube.common.mx_6.14.1.202504091515
2025-08-20 11:07:43,987 [INFO] DbMcusXml:78 - Set database path to: C:\ST\STM32CubeIDE_1.13.2\STM32CubeIDE\plugins\com.st.stm32cube.common.mx_6.14.1.202504091515\\db\/mcu/
2025-08-20 11:07:43,988 [INFO] ApiDb:274 - Set plugin database path to: C:\ST\STM32CubeIDE_1.13.2\STM32CubeIDE\plugins\com.st.stm32cube.common.mx_6.14.1.202504091515\\db\/plugins/boardmanager/
2025-08-20 11:07:43,999 [WARN] ApiDb:259 - Overriding images path with different value:  => C:\ST\STM32CubeIDE_1.13.2\STM32CubeIDE\plugins\com.st.stm32cube.common.mx_6.14.1.202504091515\\db\/plugins/mcufinder/images/
2025-08-20 11:07:44,008 [INFO] ApiDb:250 - Set database path to: C:\Users\Admin\.stmcufinder\plugins\mcufinder//mcu/
2025-08-20 11:07:44,009 [INFO] DbMcusAds:125 - Set database path to: C:\Users\Admin\.stmcufinder\plugins\mcufinder//mcu/
2025-08-20 11:07:44,601 [INFO] CrossReferenceDbSqlite:203 - Set database path to: C:\Users\Admin\.stmcufinder\plugins\mcufinder//mcu/cs/
2025-08-20 11:07:44,747 [INFO] RulesReader:64 - Compatibility file has been processed (302 Rules)
2025-08-20 11:07:44,857 [INFO] DbMcusXml:78 - Set database path to: C:\ST\STM32CubeIDE_1.13.2\STM32CubeIDE\plugins\com.st.stm32cube.common.mx_6.14.1.202504091515\\db\/mcu/
2025-08-20 11:07:44,858 [INFO] ApiDb:274 - Set plugin database path to: C:\ST\STM32CubeIDE_1.13.2\STM32CubeIDE\plugins\com.st.stm32cube.common.mx_6.14.1.202504091515\\db\/plugins/boardmanager/
2025-08-20 11:07:44,858 [INFO] ApiDb:261 - Set plugin images path to: C:\ST\STM32CubeIDE_1.13.2\STM32CubeIDE\plugins\com.st.stm32cube.common.mx_6.14.1.202504091515\\db\/plugins/mcufinder/images/
2025-08-20 11:07:44,858 [WARN] DbFile:41 - Overriding database path with different value: C:\Users\Admin\.stmcufinder\plugins\mcufinder/ => C:\Users\Admin\.stmcufinder\plugins\mcufinder
2025-08-20 11:07:44,858 [INFO] ApiDb:250 - Set database path to: C:\Users\Admin\.stmcufinder\plugins\mcufinder//mcu/
2025-08-20 11:07:44,858 [WARN] DbFile:41 - Overriding database path with different value: C:\Users\Admin\.stmcufinder\plugins\mcufinder/ => C:\Users\Admin\.stmcufinder\plugins\mcufinder
2025-08-20 11:07:44,858 [INFO] DbMcusAds:125 - Set database path to: C:\Users\Admin\.stmcufinder\plugins\mcufinder//mcu/
2025-08-20 11:07:44,858 [WARN] DbFile:41 - Overriding database path with different value: C:\Users\Admin\.stmcufinder\plugins\mcufinder/ => C:\Users\Admin\.stmcufinder\plugins\mcufinder
2025-08-20 11:07:44,858 [WARN] DbFile:41 - Overriding database path with different value: C:\Users\Admin\.stmcufinder\plugins\mcufinder/ => C:\Users\Admin\.stmcufinder\plugins\mcufinder
2025-08-20 11:07:45,601 [INFO] CrossReferenceDbSqlite:203 - Set database path to: C:\Users\Admin\.stmcufinder\plugins\mcufinder//mcu/cs/
2025-08-20 11:07:45,675 [INFO] MainPanel:272 - HeapMemory: 268435456
2025-08-20 11:07:45,777 [INFO] DbMcusXml:78 - Set database path to: C:\ST\STM32CubeIDE_1.13.2\STM32CubeIDE\plugins\com.st.stm32cube.common.mx_6.14.1.202504091515\\db\/mcu/
2025-08-20 11:07:45,778 [INFO] ApiDb:274 - Set plugin database path to: C:\ST\STM32CubeIDE_1.13.2\STM32CubeIDE\plugins\com.st.stm32cube.common.mx_6.14.1.202504091515\\db\/plugins/boardmanager/
2025-08-20 11:07:45,778 [INFO] ApiDb:261 - Set plugin images path to: C:\ST\STM32CubeIDE_1.13.2\STM32CubeIDE\plugins\com.st.stm32cube.common.mx_6.14.1.202504091515\\db\/plugins/mcufinder/images/
2025-08-20 11:07:45,778 [WARN] DbFile:41 - Overriding database path with different value: C:\Users\Admin\.stmcufinder\plugins\mcufinder/ => C:\Users\Admin\.stmcufinder\plugins\mcufinder
2025-08-20 11:07:45,778 [INFO] ApiDb:250 - Set database path to: C:\Users\Admin\.stmcufinder\plugins\mcufinder//mcu/
2025-08-20 11:07:45,778 [WARN] DbFile:41 - Overriding database path with different value: C:\Users\Admin\.stmcufinder\plugins\mcufinder/ => C:\Users\Admin\.stmcufinder\plugins\mcufinder
2025-08-20 11:07:45,778 [INFO] DbMcusAds:125 - Set database path to: C:\Users\Admin\.stmcufinder\plugins\mcufinder//mcu/
2025-08-20 11:07:45,778 [WARN] DbFile:41 - Overriding database path with different value: C:\Users\Admin\.stmcufinder\plugins\mcufinder/ => C:\Users\Admin\.stmcufinder\plugins\mcufinder
2025-08-20 11:07:45,778 [WARN] DbFile:41 - Overriding database path with different value: C:\Users\Admin\.stmcufinder\plugins\mcufinder/ => C:\Users\Admin\.stmcufinder\plugins\mcufinder
2025-08-20 11:07:46,600 [INFO] CrossReferenceDbSqlite:203 - Set database path to: C:\Users\Admin\.stmcufinder\plugins\mcufinder//mcu/cs/
2025-08-20 11:07:46,625 [INFO] ApplicationProperties:184 - Using Application install path: C:\ST\STM32CubeIDE_1.13.2\STM32CubeIDE\plugins\com.st.stm32cube.common.mx_6.14.1.202504091515
2025-08-20 11:07:46,627 [INFO] PluginManage:196 - Search for loadable plugins [exclusion list=, ]
2025-08-20 11:07:46,629 [INFO] PluginManage:310 - Check plugin analytics
2025-08-20 11:07:47,802 [INFO] AnalyticsPlugin:253 - Accepted Software Licenses: 
2025-08-20 11:07:47,803 [INFO] AnalyticsPlugin:255 - Accepted CMSIS Pack Licenses: 
2025-08-20 11:07:47,803 [INFO] AnalyticsPlugin:257 - Accepted Firmware Licenses: FW.F4.1.28.0
2025-08-20 11:07:47,809 [INFO] PluginManage:359 - Loaded plugin analytics (category:tool,tabindex:-1)
2025-08-20 11:07:47,811 [INFO] PluginManage:310 - Check plugin cadmodel
2025-08-20 11:07:47,821 [INFO] CADModel:105 - Init CAD model plugin
2025-08-20 11:07:47,823 [INFO] PluginManage:359 - Loaded plugin cadmodel (category:power,tabindex:5)
2025-08-20 11:07:47,824 [INFO] PluginManage:310 - Check plugin clock
2025-08-20 11:07:47,847 [INFO] PluginManage:359 - Loaded plugin clock (category:base,tabindex:2)
2025-08-20 11:07:47,847 [INFO] PluginManage:310 - Check plugin ddr
2025-08-20 11:07:47,853 [INFO] PluginManage:359 - Loaded plugin ddr (category:tool,tabindex:6)
2025-08-20 11:07:47,853 [INFO] PluginManage:310 - Check plugin filemanager
2025-08-20 11:07:48,154 [INFO] PluginManage:359 - Loaded plugin filemanager (category:base,tabindex:10)
2025-08-20 11:07:48,155 [INFO] PluginManage:310 - Check plugin ipmanager
2025-08-20 11:07:48,170 [INFO] PluginManage:359 - Loaded plugin ipmanager (category:base,tabindex:5)
2025-08-20 11:07:48,170 [INFO] PluginManage:310 - Check plugin lpbam
2025-08-20 11:07:48,185 [INFO] PluginManage:359 - Loaded plugin lpbam (category:base,tabindex:0)
2025-08-20 11:07:48,185 [INFO] PluginManage:310 - Check plugin memorymap
2025-08-20 11:07:48,207 [INFO] PluginManage:359 - Loaded plugin memorymap (category:base,tabindex:4)
2025-08-20 11:07:48,208 [INFO] PluginManage:310 - Check plugin pinoutandconfiguration
2025-08-20 11:07:48,222 [INFO] PluginManage:359 - Loaded plugin pinoutandconfiguration (category:base,tabindex:1)
2025-08-20 11:07:48,223 [INFO] PluginManage:310 - Check plugin pinoutconfig
2025-08-20 11:07:48,387 [WARN] SupportedApi:132 - Cannot load RTOS API schema: s4s-elt-must-match.1: The content of 'definitions' must match (annotation?, (simpleType | complexType)?, (unique | key | keyref)*)). A problem was found starting at: attribute.
2025-08-20 11:07:48,611 [INFO] PluginManage:359 - Loaded plugin pinoutconfig (category:base,tabindex:0)
2025-08-20 11:07:48,611 [INFO] PluginManage:310 - Check plugin power
2025-08-20 11:07:48,622 [INFO] PluginManage:359 - Loaded plugin power (category:power,tabindex:4)
2025-08-20 11:07:48,622 [INFO] PluginManage:310 - Check plugin projectmanager
2025-08-20 11:07:48,641 [INFO] PluginManage:359 - Loaded plugin projectmanager (category:projectmanager,tabindex:4)
2025-08-20 11:07:48,641 [INFO] PluginManage:310 - Check plugin rif
2025-08-20 11:07:48,649 [INFO] PluginManage:359 - Loaded plugin rif (category:base,tabindex:3)
2025-08-20 11:07:48,650 [INFO] PluginManage:310 - Check plugin thirdparty
2025-08-20 11:07:48,890 [WARN] IntegrityCheckThread:84 - waiting for thirdparty lock release [integrity check]
2025-08-20 11:07:48,890 [INFO] PluginManage:359 - Loaded plugin thirdparty (category:base,tabindex:-1)
2025-08-20 11:07:48,890 [INFO] IntegrityCheckThread:86 - entering critical section [integrity check]
2025-08-20 11:07:48,891 [INFO] PluginManage:310 - Check plugin tools
2025-08-20 11:07:48,891 [INFO] ThirdPartyUpdaterWithRetryManager:70 - Updater plugin not ready yet. [1/15]
2025-08-20 11:07:48,896 [INFO] PluginManage:359 - Loaded plugin tools (category:base,tabindex:7)
2025-08-20 11:07:48,896 [INFO] PluginManage:310 - Check plugin tutovideos
2025-08-20 11:07:49,163 [INFO] PluginManage:359 - Loaded plugin tutovideos (category:base,tabindex:-1)
2025-08-20 11:07:49,163 [INFO] PluginManage:310 - Check plugin updater
2025-08-20 11:07:49,193 [INFO] PluginManage:359 - Loaded plugin updater (category:base,tabindex:12)
2025-08-20 11:07:49,193 [INFO] PluginManage:310 - Check plugin userauth
2025-08-20 11:07:49,199 [INFO] UserAuth:118 - Init User Auth plugin
2025-08-20 11:07:49,200 [INFO] PluginManage:359 - Loaded plugin userauth (category:base,tabindex:14)
2025-08-20 11:07:49,201 [INFO] PluginManage:283 - PluginManage : Loaded plugins [18]
2025-08-20 11:07:49,458 [INFO] PinOutPanel:1589 - setPackage(No Configuration,No Configuration)
2025-08-20 11:07:49,575 [INFO] CADModel:165 - CPN selected for project level
2025-08-20 11:07:49,576 [INFO] CADModel:114 - Register for checkConnection events
2025-08-20 11:07:49,604 [INFO] IPUIPlugin:80 - create IPUIPlugin
2025-08-20 11:07:49,605 [INFO] PluginManager:220 - loadIPPluginJar : add adc
2025-08-20 11:07:49,608 [INFO] IPUIPlugin:80 - create IPUIPlugin
2025-08-20 11:07:49,609 [INFO] PluginManager:220 - loadIPPluginJar : add aes
2025-08-20 11:07:49,612 [INFO] IPUIPlugin:80 - create IPUIPlugin
2025-08-20 11:07:49,612 [INFO] PluginManager:220 - loadIPPluginJar : add can
2025-08-20 11:07:49,615 [INFO] IPUIPlugin:80 - create IPUIPlugin
2025-08-20 11:07:49,615 [INFO] PluginManager:220 - loadIPPluginJar : add comp
2025-08-20 11:07:49,618 [INFO] IPUIPlugin:80 - create IPUIPlugin
2025-08-20 11:07:49,618 [INFO] PluginManager:220 - loadIPPluginJar : add cryp
2025-08-20 11:07:49,623 [INFO] IPUIPlugin:80 - create IPUIPlugin
2025-08-20 11:07:49,623 [INFO] PluginManager:220 - loadIPPluginJar : add ddr_ctrl_phy
2025-08-20 11:07:49,626 [INFO] IPUIPlugin:80 - create IPUIPlugin
2025-08-20 11:07:49,626 [INFO] PluginManager:220 - loadIPPluginJar : add dfsdm
2025-08-20 11:07:49,634 [INFO] IPUIPlugin:80 - create IPUIPlugin
2025-08-20 11:07:49,635 [INFO] PluginManager:220 - loadIPPluginJar : add dma
2025-08-20 11:07:49,640 [INFO] IPUIPlugin:80 - create IPUIPlugin
2025-08-20 11:07:49,640 [INFO] PluginManager:220 - loadIPPluginJar : add dma3
2025-08-20 11:07:49,645 [INFO] IPUIPlugin:80 - create IPUIPlugin
2025-08-20 11:07:49,645 [INFO] PluginManager:220 - loadIPPluginJar : add extmemmanager
2025-08-20 11:07:49,648 [INFO] IPUIPlugin:80 - create IPUIPlugin
2025-08-20 11:07:49,649 [INFO] PluginManager:220 - loadIPPluginJar : add fatfs
2025-08-20 11:07:49,658 [INFO] IPUIPlugin:80 - create IPUIPlugin
2025-08-20 11:07:49,658 [INFO] PluginManager:220 - loadIPPluginJar : add fmc
2025-08-20 11:07:49,669 [INFO] IPUIPlugin:80 - create IPUIPlugin
2025-08-20 11:07:49,670 [INFO] PluginManager:220 - loadIPPluginJar : add freertos
2025-08-20 11:07:49,677 [INFO] IPUIPlugin:80 - create IPUIPlugin
2025-08-20 11:07:49,677 [INFO] PluginManager:220 - loadIPPluginJar : add genericplugin
2025-08-20 11:07:49,682 [INFO] IPUIPlugin:80 - create IPUIPlugin
2025-08-20 11:07:49,682 [INFO] PluginManager:220 - loadIPPluginJar : add gfxmmu
2025-08-20 11:07:49,694 [INFO] IPUIPlugin:80 - create IPUIPlugin
2025-08-20 11:07:49,695 [INFO] PluginManager:220 - loadIPPluginJar : add gic
2025-08-20 11:07:49,703 [INFO] IPUIPlugin:80 - create IPUIPlugin
2025-08-20 11:07:49,703 [INFO] PluginManager:220 - loadIPPluginJar : add gpio
2025-08-20 11:07:49,709 [INFO] IPUIPlugin:80 - create IPUIPlugin
2025-08-20 11:07:49,709 [INFO] PluginManager:220 - loadIPPluginJar : add gtzc
2025-08-20 11:07:49,713 [INFO] IPUIPlugin:80 - create IPUIPlugin
2025-08-20 11:07:49,714 [INFO] PluginManager:220 - loadIPPluginJar : add hash
2025-08-20 11:07:49,717 [INFO] IPUIPlugin:80 - create IPUIPlugin
2025-08-20 11:07:49,718 [INFO] PluginManager:220 - loadIPPluginJar : add i2c
2025-08-20 11:07:49,722 [INFO] IPUIPlugin:80 - create IPUIPlugin
2025-08-20 11:07:49,722 [INFO] PluginManager:220 - loadIPPluginJar : add i2s
2025-08-20 11:07:49,726 [INFO] IPUIPlugin:80 - create IPUIPlugin
2025-08-20 11:07:49,727 [INFO] PluginManager:220 - loadIPPluginJar : add i3c
2025-08-20 11:07:49,732 [INFO] IPUIPlugin:80 - create IPUIPlugin
2025-08-20 11:07:49,733 [INFO] PluginManager:220 - loadIPPluginJar : add ipddr
2025-08-20 11:07:49,743 [INFO] IPUIPlugin:80 - create IPUIPlugin
2025-08-20 11:07:49,743 [INFO] PluginManager:220 - loadIPPluginJar : add linkedlist
2025-08-20 11:07:49,748 [INFO] IPUIPlugin:80 - create IPUIPlugin
2025-08-20 11:07:49,748 [INFO] PluginManager:220 - loadIPPluginJar : add lorawan
2025-08-20 11:07:49,751 [INFO] IPUIPlugin:80 - create IPUIPlugin
2025-08-20 11:07:49,752 [INFO] PluginManager:220 - loadIPPluginJar : add ltdc
2025-08-20 11:07:49,762 [INFO] IPUIPlugin:80 - create IPUIPlugin
2025-08-20 11:07:49,762 [INFO] PluginManager:220 - loadIPPluginJar : add mdma
2025-08-20 11:07:49,767 [INFO] IPUIPlugin:80 - create IPUIPlugin
2025-08-20 11:07:49,767 [INFO] PluginManager:220 - loadIPPluginJar : add nvic
2025-08-20 11:07:49,773 [INFO] IPUIPlugin:80 - create IPUIPlugin
2025-08-20 11:07:49,773 [INFO] PluginManager:220 - loadIPPluginJar : add opamp
2025-08-20 11:07:49,778 [INFO] IPUIPlugin:80 - create IPUIPlugin
2025-08-20 11:07:49,779 [INFO] PluginManager:220 - loadIPPluginJar : add openamp
2025-08-20 11:07:49,783 [INFO] IPUIPlugin:80 - create IPUIPlugin
2025-08-20 11:07:49,784 [INFO] PluginManager:220 - loadIPPluginJar : add pdm2pcm
2025-08-20 11:07:49,795 [INFO] IPUIPlugin:80 - create IPUIPlugin
2025-08-20 11:07:49,801 [INFO] PluginManager:220 - loadIPPluginJar : add plateformsettings
2025-08-20 11:07:49,804 [INFO] IPUIPlugin:80 - create IPUIPlugin
2025-08-20 11:07:49,805 [INFO] PluginManager:220 - loadIPPluginJar : add quadspi
2025-08-20 11:07:49,810 [INFO] IPUIPlugin:80 - create IPUIPlugin
2025-08-20 11:07:49,811 [INFO] PluginManager:220 - loadIPPluginJar : add radio
2025-08-20 11:07:49,817 [INFO] IPUIPlugin:80 - create IPUIPlugin
2025-08-20 11:07:49,818 [INFO] PluginManager:220 - loadIPPluginJar : add resmgrutility
2025-08-20 11:07:49,823 [INFO] IPUIPlugin:80 - create IPUIPlugin
2025-08-20 11:07:49,824 [INFO] PluginManager:220 - loadIPPluginJar : add sai
2025-08-20 11:07:49,828 [INFO] IPUIPlugin:80 - create IPUIPlugin
2025-08-20 11:07:49,828 [INFO] PluginManager:220 - loadIPPluginJar : add spi
2025-08-20 11:07:49,837 [INFO] IPUIPlugin:80 - create IPUIPlugin
2025-08-20 11:07:49,838 [INFO] PluginManager:220 - loadIPPluginJar : add stm32_wpan
2025-08-20 11:07:49,841 [INFO] IPUIPlugin:80 - create IPUIPlugin
2025-08-20 11:07:49,842 [INFO] PluginManager:220 - loadIPPluginJar : add tim
2025-08-20 11:07:49,846 [INFO] IPUIPlugin:80 - create IPUIPlugin
2025-08-20 11:07:49,846 [INFO] PluginManager:220 - loadIPPluginJar : add touchsensing
2025-08-20 11:07:49,850 [INFO] IPUIPlugin:80 - create IPUIPlugin
2025-08-20 11:07:49,850 [INFO] PluginManager:220 - loadIPPluginJar : add tracer_emb
2025-08-20 11:07:49,852 [INFO] IPUIPlugin:80 - create IPUIPlugin
2025-08-20 11:07:49,852 [INFO] PluginManager:220 - loadIPPluginJar : add ts
2025-08-20 11:07:49,855 [INFO] IPUIPlugin:80 - create IPUIPlugin
2025-08-20 11:07:49,855 [INFO] PluginManager:220 - loadIPPluginJar : add tsc
2025-08-20 11:07:49,859 [INFO] IPUIPlugin:80 - create IPUIPlugin
2025-08-20 11:07:49,859 [INFO] PluginManager:220 - loadIPPluginJar : add ucpd
2025-08-20 11:07:49,863 [INFO] IPUIPlugin:80 - create IPUIPlugin
2025-08-20 11:07:49,864 [INFO] PluginManager:220 - loadIPPluginJar : add usart
2025-08-20 11:07:49,868 [INFO] IPUIPlugin:80 - create IPUIPlugin
2025-08-20 11:07:49,868 [INFO] PluginManager:220 - loadIPPluginJar : add usbx
2025-08-20 11:07:50,045 [FATAL] Updater:351 - Updater called before beeing initialized
2025-08-20 11:07:50,078 [INFO] RulesReader:64 - Compatibility file has been processed (302 Rules)
2025-08-20 11:07:50,091 [INFO] RulesReader:64 - Compatibility file has been processed (302 Rules)
2025-08-20 11:07:50,103 [INFO] CADModel:165 - CPN selected for project level
2025-08-20 11:07:50,104 [INFO] CADModel:114 - Register for checkConnection events
2025-08-20 11:07:50,104 [FATAL] Updater:351 - Updater called before beeing initialized
2025-08-20 11:07:50,104 [ERROR] CADModel:125 - Updater not yet initialized, retry later 
2025-08-20 11:07:50,498 [FATAL] Updater:351 - Updater called before beeing initialized
2025-08-20 11:07:50,501 [INFO] CADModel:165 - CPN selected for project level
2025-08-20 11:07:50,502 [INFO] CADModel:114 - Register for checkConnection events
2025-08-20 11:07:50,502 [FATAL] Updater:351 - Updater called before beeing initialized
2025-08-20 11:07:50,502 [ERROR] CADModel:125 - Updater not yet initialized, retry later 
2025-08-20 11:07:50,509 [FATAL] Updater:351 - Updater called before beeing initialized
2025-08-20 11:07:50,681 [FATAL] Updater:351 - Updater called before beeing initialized
2025-08-20 11:07:50,686 [INFO] DbMcusAds:53 - JSON generation date=Tue Jul 08 15:14:23 ICT 2025 (1751962463593)
2025-08-20 11:07:50,686 [FATAL] Updater:351 - Updater called before beeing initialized
2025-08-20 11:07:50,732 [WARN] DetailPanel:346 - Failed to get advertising image, set to default
2025-08-20 11:07:51,023 [FATAL] Updater:351 - Updater called before beeing initialized
2025-08-20 11:07:51,025 [FATAL] Updater:351 - Updater called before beeing initialized
2025-08-20 11:07:51,025 [FATAL] Updater:351 - Updater called before beeing initialized
2025-08-20 11:07:51,026 [WARN] DetailPanel:346 - Failed to get advertising image, set to default
2025-08-20 11:07:51,026 [FATAL] Updater:351 - Updater called before beeing initialized
2025-08-20 11:07:51,080 [ERROR] Updater:1198 - MainUpdater not yet initialized. External WinMGr cannot be set.
2025-08-20 11:07:51,082 [INFO] Updater:1134 - Updater Version found : 6.14.1
2025-08-20 11:07:51,104 [INFO] ApplicationProperties:184 - Using Application install path: C:\ST\STM32CubeIDE_1.13.2\STM32CubeIDE\plugins\com.st.stm32cube.common.mx_6.14.1.202504091515
2025-08-20 11:07:51,785 [INFO] MainUpdater:2872 - connection check result : 10
2025-08-20 11:07:51,785 [INFO] MainUpdater:3566 - Updater definition file requires update
2025-08-20 11:07:51,786 [INFO] MainUpdater:289 - Updater Check For Update Now.
2025-08-20 11:07:51,786 [INFO] MicroXplorer:498 - Change Database Version : DB.6.0.141
2025-08-20 11:07:51,791 [INFO] McuFinderGlobals:63 - Set McuFinder mode to 2 (CubeIDE integrated)
2025-08-20 11:07:51,793 [INFO] UserAuth:484 - Internet connection configuration mode: 1
2025-08-20 11:07:51,810 [INFO] JxBrowserEngine:152 - Initiate JxBrowser Engine with user profile folder
2025-08-20 11:07:51,893 [WARN] MainUpdater:1193 - Updater busy. Cannot search thirdparties
2025-08-20 11:07:51,893 [INFO] ThirdPartyUpdaterWithRetryManager:96 - Updater plugin is busy. [1/15]
2025-08-20 11:07:52,175 [INFO] ServerAccessManage:473 - Download File updaters.zip
2025-08-20 11:07:52,486 [INFO] FileExtend:242 - Unzip File : updaters.zip
2025-08-20 11:07:52,486 [INFO] FileExtend:257 - Standard Zip Deflate
2025-08-20 11:07:53,234 [INFO] ServerAccessManage:473 - Download File PacksControlFlags.xml
2025-08-20 11:07:53,245 [INFO] WebApp:169 - Instantiating new browser for Auth
2025-08-20 11:07:53,436 [INFO] ServerAccessManage:473 - Download File cubemx.pidx
2025-08-20 11:07:53,606 [INFO] LoadServerUpdatesThread:375 - End of LoadServerUpdate Thread
2025-08-20 11:07:53,879 [INFO] CheckServerUpdateThread:120 - End of CheckServer Thread
2025-08-20 11:07:54,745 [INFO] WebApp:463 - Apply proxy settings
2025-08-20 11:07:54,746 [INFO] WebApp:548 - Chromium requires no authentication
2025-08-20 11:07:54,758 [INFO] WebApp:491 - Direct internet connection detected
2025-08-20 11:07:54,798 [INFO] WebApp:894 - Register for checkConnection events
2025-08-20 11:07:54,798 [INFO] WebApp:463 - Apply proxy settings
2025-08-20 11:07:54,798 [INFO] WebApp:548 - Chromium requires no authentication
2025-08-20 11:07:54,799 [INFO] WebApp:491 - Direct internet connection detected
2025-08-20 11:07:55,111 [INFO] WebApp:191 - Connection restablished
2025-08-20 11:07:55,186 [INFO] WebApp:225 - Starting web application
2025-08-20 11:07:55,186 [INFO] WebApp:593 - Web application path used C:\ST\STM32CubeIDE_1.13.2\STM32CubeIDE\plugins\com.st.stm32cube.common.mx_6.14.1.202504091515\db\plugins\mcufinder\reactClient1\index.html
2025-08-20 11:07:55,478 [WARN] PackLoader:240 - Cannot read IP mode file for STMicroelectronics.FP-SNS-MOTENVWB1.1.4.0
2025-08-20 11:07:55,507 [WARN] PackLoader:240 - Cannot read IP mode file for STMicroelectronics.FP-ATR-ASTRA1.2.0.2
2025-08-20 11:07:55,518 [WARN] PackLoader:240 - Cannot read IP mode file for STMicroelectronics.FP-ATR-ASTRA1.2.0.1
2025-08-20 11:07:55,544 [WARN] PackLoader:240 - Cannot read IP mode file for STMicroelectronics.X-CUBE-SMBUS.2.1.0
2025-08-20 11:07:55,558 [WARN] PackLoader:240 - Cannot read IP mode file for STMicroelectronics.X-CUBE-WB05N.1.1.0
2025-08-20 11:07:55,565 [INFO] UserAuth:484 - Internet connection configuration mode: 1
2025-08-20 11:07:55,577 [WARN] PackLoader:240 - Cannot read IP mode file for STMicroelectronics.X-CUBE-ST60.1.0.0
2025-08-20 11:07:55,595 [WARN] PackLoader:240 - Cannot read IP mode file for STMicroelectronics.X-CUBE-TOUCHGFX.4.23.1
2025-08-20 11:07:55,602 [WARN] PackLoader:240 - Cannot read IP mode file for STMicroelectronics.X-CUBE-TOUCHGFX.4.23.0
2025-08-20 11:07:55,612 [WARN] PackLoader:240 - Cannot read IP mode file for STMicroelectronics.X-CUBE-TOUCHGFX.4.23.2
2025-08-20 11:07:55,701 [WARN] PackLoader:240 - Cannot read IP mode file for STMicroelectronics.X-CUBE-AZRTOS-F7.1.1.0
2025-08-20 11:07:55,725 [WARN] PackLoader:240 - Cannot read IP mode file for STMicroelectronics.FP-SNS-MOTENV1.4.3.2
2025-08-20 11:07:55,842 [WARN] PackLoader:240 - Cannot read IP mode file for STMicroelectronics.X-CUBE-MEMS1.11.0.0
2025-08-20 11:07:56,225 [WARN] PackLoader:240 - Cannot read IP mode file for STMicroelectronics.FP-SNS-FLIGHT1.5.0.2
2025-08-20 11:07:56,265 [WARN] PackLoader:240 - Cannot read IP mode file for STMicroelectronics.X-CUBE-AZRTOS-H7.3.4.0
2025-08-20 11:07:56,289 [WARN] PackLoader:240 - Cannot read IP mode file for STMicroelectronics.X-CUBE-DISPLAY.3.0.0
2025-08-20 11:07:56,304 [WARN] PackLoader:240 - Cannot read IP mode file for STMicroelectronics.X-CUBE-BLE1.7.0.0
2025-08-20 11:07:56,316 [WARN] PackLoader:240 - Cannot read IP mode file for STMicroelectronics.X-CUBE-NFC10.1.0.0
2025-08-20 11:07:56,338 [WARN] PackLoader:240 - Cannot read IP mode file for STMicroelectronics.X-CUBE-BLEMGR.4.0.0
2025-08-20 11:07:56,357 [WARN] PackLoader:240 - Cannot read IP mode file for emotas.I-CUBE-CANOPEN.1.3.0
2025-08-20 11:07:56,363 [WARN] PackLoader:240 - Cannot read IP mode file for STMicroelectronics.X-CUBE-TOUCHGFX.4.22.1
2025-08-20 11:07:56,377 [WARN] PackLoader:240 - Cannot read IP mode file for STMicroelectronics.X-CUBE-BLEMGR.3.1.0
2025-08-20 11:07:56,387 [WARN] PackLoader:240 - Cannot read IP mode file for STMicroelectronics.X-CUBE-AI.10.0.0
2025-08-20 11:07:56,398 [ERROR] Engine:466 - C:\Users\Admin\.stm32cubemx\thirdparties\pdsc\STMicroelectronics.FP-SNS-STBOX1.2.1.0.pdsc: PDSC version is not supported
2025-08-20 11:07:56,411 [WARN] PackLoader:240 - Cannot read IP mode file for STMicroelectronics.FP-SNS-SMARTAG2.1.2.0
2025-08-20 11:07:56,417 [WARN] PackLoader:240 - Cannot read IP mode file for STMicroelectronics.FP-SNS-FLIGHT1.5.1.0
2025-08-20 11:07:56,501 [WARN] PackLoader:240 - Cannot read IP mode file for STMicroelectronics.X-CUBE-MEMS1.11.1.0
2025-08-20 11:07:56,707 [INFO] LogOutputStream:77 - [STDOUT_REDIRECT] 1 : Invalid condition id : UX_CORESTACK_Condition cause : null
2025-08-20 11:07:56,709 [INFO] LogOutputStream:77 - [STDOUT_REDIRECT] 1 : Invalid condition id : UX_CORESTACK_Condition cause : null
2025-08-20 11:07:56,711 [INFO] LogOutputStream:77 - [STDOUT_REDIRECT] 1 : Invalid condition id : UX_CORESTACK_Condition cause : null
2025-08-20 11:07:56,714 [INFO] LogOutputStream:77 - [STDOUT_REDIRECT] 1 : Invalid condition id : UX_CORESTACK_Condition cause : null
2025-08-20 11:07:56,717 [INFO] LogOutputStream:77 - [STDOUT_REDIRECT] 1 : Invalid condition id : UX_CORESTACK_Condition cause : null
2025-08-20 11:07:56,722 [WARN] PackLoader:240 - Cannot read IP mode file for STMicroelectronics.X-CUBE-AZRTOS-WL.2.0.0
2025-08-20 11:07:56,731 [WARN] PackLoader:240 - Cannot read IP mode file for STMicroelectronics.FP-SNS-MOTENV1.5.0.0
2025-08-20 11:07:56,742 [WARN] PackLoader:240 - Cannot read IP mode file for wolfSSL.I-CUBE-wolfMQTT.1.19.0
2025-08-20 11:07:56,757 [WARN] PackLoader:240 - Cannot read IP mode file for WES.I-CUBE-Cesium.1.3.0
2025-08-20 11:07:56,767 [WARN] PackLoader:240 - Cannot read IP mode file for STMicroelectronics.X-CUBE-BLE2.3.3.0
2025-08-20 11:07:56,781 [WARN] PackLoader:240 - Cannot read IP mode file for STMicroelectronics.X-CUBE-NFC9.1.0.0
2025-08-20 11:07:56,793 [WARN] PackLoader:240 - Cannot read IP mode file for STMicroelectronics.X-CUBE-BLE1.7.1.0
2025-08-20 11:07:56,805 [WARN] PackLoader:240 - Cannot read IP mode file for STMicroelectronics.X-CUBE-TCPP.4.1.0
2025-08-20 11:07:56,823 [WARN] PackLoader:240 - Cannot read IP mode file for STMicroelectronics.X-CUBE-EEPRMA1.5.2.0
2025-08-20 11:07:56,832 [WARN] PackLoader:240 - Cannot read IP mode file for STMicroelectronics.X-CUBE-AI.10.1.0
2025-08-20 11:07:56,844 [WARN] PackLoader:240 - Cannot read IP mode file for STMicroelectronics.X-CUBE-ALGOBUILD.1.3.0
2025-08-20 11:07:56,930 [WARN] PackLoader:240 - Cannot read IP mode file for STMicroelectronics.X-CUBE-MEMS1.11.2.0
2025-08-20 11:07:57,163 [WARN] PackLoader:240 - Cannot read IP mode file for STMicroelectronics.X-CUBE-AZRTOS-G0.1.1.0
2025-08-20 11:07:57,179 [WARN] PackLoader:240 - Cannot read IP mode file for STMicroelectronics.X-CUBE-SAFEA1.1.2.2
2025-08-20 11:07:57,192 [WARN] PackLoader:240 - Cannot read IP mode file for STMicroelectronics.X-CUBE-NFC4.3.0.0
2025-08-20 11:07:57,210 [WARN] PackLoader:240 - Cannot read IP mode file for EmbeddedOffice.I-CUBE-FS-RTOS.1.0.1
2025-08-20 11:07:57,219 [WARN] PackLoader:240 - Cannot read IP mode file for STMicroelectronics.X-CUBE-WB05N.2.0.0
2025-08-20 11:07:57,236 [WARN] PackLoader:240 - Cannot read IP mode file for STMicroelectronics.X-CUBE-BLEMGR.3.0.0
2025-08-20 11:07:57,247 [WARN] PackLoader:240 - Cannot read IP mode file for STMicroelectronics.X-CUBE-TCPP.4.2.0
2025-08-20 11:07:57,264 [WARN] PackLoader:240 - Cannot read IP mode file for RealThread.X-CUBE-RT-Thread_Nano.4.1.1
2025-08-20 11:07:57,280 [WARN] PackLoader:240 - Cannot read IP mode file for STMicroelectronics.FP-ATR-SIGFOX1.3.2.0
2025-08-20 11:07:57,291 [WARN] ConditionMgr:438 - getConditionDescription Invalid condition id : Cortex-A Device cause : null
2025-08-20 11:07:57,317 [WARN] ConditionMgr:1044 - genDependencies : Invalid condition id : Cortex-A Device cause : null
2025-08-20 11:07:57,317 [WARN] ConditionMgr:1044 - genDependencies : Invalid condition id : Cortex-A Device cause : null
2025-08-20 11:07:57,317 [WARN] ConditionMgr:1044 - genDependencies : Invalid condition id : Cortex-A Device cause : null
2025-08-20 11:07:57,331 [WARN] PackLoader:240 - Cannot read IP mode file for STMicroelectronics.X-CUBE-EEPRMA1.5.1.0
2025-08-20 11:07:57,351 [WARN] PackLoader:240 - Cannot read IP mode file for STMicroelectronics.X-CUBE-ST67W61.1.0.0
2025-08-20 11:07:57,360 [WARN] PackLoader:240 - Cannot read IP mode file for STMicroelectronics.X-CUBE-AI.10.2.0
2025-08-20 11:07:57,412 [WARN] PackLoader:240 - Cannot read IP mode file for SEGGER.I-CUBE-embOS.1.3.1
2025-08-20 11:07:57,481 [WARN] PackLoader:240 - Cannot read IP mode file for STMicroelectronics.X-CUBE-ALGOBUILD.1.4.0
2025-08-20 11:07:57,558 [WARN] PackLoader:240 - Cannot read IP mode file for STMicroelectronics.X-CUBE-MEMS1.11.3.0
2025-08-20 11:07:57,746 [WARN] PackLoader:240 - Cannot read IP mode file for STMicroelectronics.X-CUBE-AI.9.1.0
2025-08-20 11:07:57,752 [WARN] PackLoader:240 - Cannot read IP mode file for STMicroelectronics.X-CUBE-PM33A1.1.0.0
2025-08-20 11:07:57,764 [WARN] PackLoader:240 - Cannot read IP mode file for STMicroelectronics.X-CUBE-GNSS1.6.0.0
2025-08-20 11:07:57,795 [WARN] PackLoader:240 - Cannot read IP mode file for STMicroelectronics.X-CUBE-AZRTOS-F4.1.1.0
2025-08-20 11:07:57,808 [WARN] PackLoader:240 - Cannot read IP mode file for wolfSSL.I-CUBE-wolfSSL.5.6.4
2025-08-20 11:07:57,814 [WARN] PackLoader:240 - Cannot read IP mode file for Avnet-IotConnect.X-CUBE-IoTC-DA16k-PMOD.1.0.0
2025-08-20 11:07:57,824 [WARN] PackLoader:240 - Cannot read IP mode file for STMicroelectronics.X-CUBE-ISPU.2.1.0
2025-08-20 11:07:57,833 [WARN] PackLoader:240 - Cannot read IP mode file for STMicroelectronics.X-CUBE-FREERTOS.1.2.0
2025-08-20 11:07:57,846 [WARN] PackLoader:240 - Cannot read IP mode file for STMicroelectronics.X-CUBE-NFC12.1.0.0
2025-08-20 11:07:57,877 [WARN] PackLoader:240 - Cannot read IP mode file for STMicroelectronics.X-CUBE-AZRTOS-L5.2.0.0
2025-08-20 11:07:57,891 [WARN] PackLoader:240 - Cannot read IP mode file for STMicroelectronics.X-CUBE-EEPRMA1.4.2.0
2025-08-20 11:07:57,907 [WARN] PackLoader:240 - Cannot read IP mode file for STMicroelectronics.X-CUBE-NFC6.3.1.0
2025-08-20 11:07:57,921 [WARN] PackLoader:240 - Cannot read IP mode file for ITTIA_DB.I-CUBE-ITTIADB.8.8.0
2025-08-20 11:07:57,932 [WARN] PackLoader:240 - Cannot read IP mode file for STMicroelectronics.X-CUBE-DPower.1.2.0
2025-08-20 11:07:57,943 [WARN] PackLoader:240 - Cannot read IP mode file for STMicroelectronics.X-CUBE-AI.9.0.0
2025-08-20 11:07:57,973 [WARN] ConditionMgr:438 - getConditionDescription Invalid condition id : UX DEVICE CLASS RTOS Condition cause : null
2025-08-20 11:07:57,974 [WARN] ConditionMgr:438 - getConditionDescription Invalid condition id : UX DEVICE CLASS RTOS Condition cause : null
2025-08-20 11:07:57,979 [WARN] PackLoader:240 - Cannot read IP mode file for STMicroelectronics.X-CUBE-AZRTOS-H7.3.1.0
2025-08-20 11:07:57,981 [WARN] ConditionMgr:1044 - genDependencies : Invalid condition id : UX DEVICE CLASS RTOS Condition cause : null
2025-08-20 11:07:57,981 [WARN] ConditionMgr:1044 - genDependencies : Invalid condition id : UX DEVICE CLASS RTOS Condition cause : null
2025-08-20 11:07:57,982 [WARN] ConditionMgr:1044 - genDependencies : Invalid condition id : UX DEVICE CLASS RTOS Condition cause : null
2025-08-20 11:07:57,983 [WARN] ConditionMgr:1044 - genDependencies : Invalid condition id : UX DEVICE CLASS RTOS Condition cause : null
2025-08-20 11:07:57,983 [WARN] ConditionMgr:1044 - genDependencies : Invalid condition id : UX DEVICE CLASS RTOS Condition cause : null
2025-08-20 11:07:57,996 [WARN] PackLoader:240 - Cannot read IP mode file for STMicroelectronics.X-CUBE-FREERTOS.1.3.1
2025-08-20 11:07:58,003 [WARN] PackLoader:240 - Cannot read IP mode file for STMicroelectronics.X-CUBE-FREERTOS.1.3.0
2025-08-20 11:07:58,017 [WARN] PackLoader:240 - Cannot read IP mode file for STMicroelectronics.X-CUBE-NFC7.1.0.1
2025-08-20 11:07:58,028 [WARN] PackLoader:240 - Cannot read IP mode file for wolfSSL.I-CUBE-wolfTPM.3.2.0
2025-08-20 11:07:58,038 [WARN] PackLoader:240 - Cannot read IP mode file for STMicroelectronics.X-CUBE-NFC6.3.0.0
2025-08-20 11:07:58,076 [WARN] PackLoader:240 - Cannot read IP mode file for STMicroelectronics.FP-SNS-STAIOTCFT.1.0.0
2025-08-20 11:07:58,085 [WARN] PackLoader:240 - Cannot read IP mode file for STMicroelectronics.X-CUBE-DPower.1.3.0
2025-08-20 11:07:58,102 [WARN] PackLoader:240 - Cannot read IP mode file for STMicroelectronics.X-CUBE-AI.8.1.0
2025-08-20 11:07:58,136 [WARN] ConditionMgr:438 - getConditionDescription Invalid condition id : LAN8742 Phy interface Condition cause : null
2025-08-20 11:07:58,138 [WARN] PackLoader:240 - Cannot read IP mode file for STMicroelectronics.X-CUBE-AZRTOS-L4.2.0.0
2025-08-20 11:07:58,141 [WARN] ConditionMgr:1044 - genDependencies : Invalid condition id : LAN8742 Phy interface Condition cause : null
2025-08-20 11:07:58,141 [WARN] ConditionMgr:1044 - genDependencies : Invalid condition id : LAN8742 Phy interface Condition cause : null
2025-08-20 11:07:58,142 [WARN] ConditionMgr:1044 - genDependencies : Invalid condition id : LAN8742 Phy interface Condition cause : null
2025-08-20 11:07:58,206 [WARN] PackLoader:240 - Cannot read IP mode file for STMicroelectronics.X-CUBE-SFXS2LP1.4.0.0
2025-08-20 11:07:58,218 [WARN] PackLoader:240 - Cannot read IP mode file for STMicroelectronics.X-CUBE-ISPU.1.1.0
2025-08-20 11:07:58,258 [WARN] PackLoader:240 - Cannot read IP mode file for STMicroelectronics.X-CUBE-AZRTOS-H7.3.3.0
2025-08-20 11:07:58,281 [WARN] PackLoader:240 - Cannot read IP mode file for STMicroelectronics.X-CUBE-BLEMGR.4.1.0
2025-08-20 11:07:58,298 [WARN] PackLoader:240 - Cannot read IP mode file for STMicroelectronics.X-CUBE-IPS.3.0.0
2025-08-20 11:07:58,321 [WARN] ConditionMgr:438 - getConditionDescription Invalid condition id : UX DEVICE CLASS RTOS Condition cause : null
2025-08-20 11:07:58,322 [WARN] ConditionMgr:438 - getConditionDescription Invalid condition id : UX DEVICE CLASS RTOS Condition cause : null
2025-08-20 11:07:58,325 [WARN] PackLoader:240 - Cannot read IP mode file for STMicroelectronics.X-CUBE-AZRTOS-WB.2.0.0
2025-08-20 11:07:58,326 [WARN] ConditionMgr:1044 - genDependencies : Invalid condition id : UX DEVICE CLASS RTOS Condition cause : null
2025-08-20 11:07:58,326 [WARN] ConditionMgr:1044 - genDependencies : Invalid condition id : UX DEVICE CLASS RTOS Condition cause : null
2025-08-20 11:07:58,327 [WARN] ConditionMgr:1044 - genDependencies : Invalid condition id : UX DEVICE CLASS RTOS Condition cause : null
2025-08-20 11:07:58,327 [WARN] ConditionMgr:1044 - genDependencies : Invalid condition id : UX DEVICE CLASS RTOS Condition cause : null
2025-08-20 11:07:58,327 [WARN] ConditionMgr:1044 - genDependencies : Invalid condition id : UX DEVICE CLASS RTOS Condition cause : null
2025-08-20 11:07:58,332 [WARN] PackLoader:240 - Cannot read IP mode file for STMicroelectronics.X-CUBE-GNSS1.7.0.0
2025-08-20 11:07:58,341 [WARN] PackLoader:240 - Cannot read IP mode file for STMicroelectronics.X-CUBE-GNSS1.7.0.1
2025-08-20 11:07:58,346 [WARN] PackLoader:240 - Cannot read IP mode file for STMicroelectronics.X-CUBE-TOUCHGFX.4.25.0
2025-08-20 11:07:58,357 [WARN] PackLoader:240 - Cannot read IP mode file for STMicroelectronics.FP-SNS-STBOX1.2.0.0
2025-08-20 11:07:58,370 [WARN] PackLoader:240 - Cannot read IP mode file for STMicroelectronics.X-CUBE-SUBG2.5.0.0
2025-08-20 11:07:58,398 [WARN] PackLoader:240 - Cannot read IP mode file for STMicroelectronics.X-CUBE-AZRTOS-H7RS.1.1.0
2025-08-20 11:07:58,416 [WARN] PackLoader:240 - Cannot read IP mode file for STMicroelectronics.X-CUBE-TOF1.3.3.1
2025-08-20 11:07:58,445 [WARN] PackLoader:240 - Cannot read IP mode file for STMicroelectronics.X-CUBE-AZRTOS-G4.2.0.0
2025-08-20 11:07:58,463 [WARN] PackLoader:240 - Cannot read IP mode file for Infineon.AIROC-Wi-Fi-Bluetooth-STM32.1.5.1
2025-08-20 11:07:58,472 [WARN] PackLoader:240 - Cannot read IP mode file for STMicroelectronics.FP-SNS-MOTENVWB1.1.3.0
2025-08-20 11:07:58,479 [WARN] PackLoader:240 - Cannot read IP mode file for STMicroelectronics.X-CUBE-NFC7.2.0.0
2025-08-20 11:07:58,486 [WARN] PackLoader:240 - Cannot read IP mode file for STMicroelectronics.FP-SNS-MOTENVWB1.1.3.1
2025-08-20 11:07:58,493 [WARN] PackLoader:240 - Cannot read IP mode file for STMicroelectronics.X-CUBE-ISPU.2.0.0
2025-08-20 11:07:58,504 [WARN] PackLoader:240 - Cannot read IP mode file for STMicroelectronics.X-CUBE-IPS.3.1.0
2025-08-20 11:07:58,517 [WARN] PackLoader:240 - Cannot read IP mode file for STMicroelectronics.X-CUBE-ALS.1.0.2
2025-08-20 11:07:58,569 [WARN] PackLoader:240 - Cannot read IP mode file for STMicroelectronics.X-CUBE-MEMS1.10.0.0
2025-08-20 11:07:58,705 [WARN] PackLoader:240 - Cannot read IP mode file for STMicroelectronics.X-CUBE-FREERTOS.1.1.0
2025-08-20 11:07:58,712 [WARN] PackLoader:240 - Cannot read IP mode file for STMicroelectronics.X-CUBE-TOUCHGFX.4.24.0
2025-08-20 11:07:58,717 [WARN] PackLoader:240 - Cannot read IP mode file for STMicroelectronics.X-CUBE-TOUCHGFX.4.24.2
2025-08-20 11:07:58,722 [WARN] PackLoader:240 - Cannot read IP mode file for STMicroelectronics.X-CUBE-TOUCHGFX.4.24.1
2025-08-20 11:07:58,733 [WARN] PackLoader:240 - Cannot read IP mode file for portGmbH.I-Cube-SoM-uGOAL.1.1.0
2025-08-20 11:07:58,742 [WARN] PackLoader:240 - Cannot read IP mode file for STMicroelectronics.X-CUBE-ALS.1.0.1
2025-08-20 11:07:58,774 [WARN] PackLoader:240 - Cannot read IP mode file for STMicroelectronics.X-CUBE-AZRTOS-H7RS.1.0.0
2025-08-20 11:07:58,785 [WARN] PackLoader:240 - Cannot read IP mode file for STMicroelectronics.FP-ATR-ASTRA1.2.0.0
2025-08-20 11:07:58,805 [WARN] PackLoader:240 - Cannot read IP mode file for STMicroelectronics.X-CUBE-TOF1.3.4.2
2025-08-20 11:07:58,835 [WARN] PackLoader:240 - Cannot read IP mode file for STMicroelectronics.X-CUBE-TOF1.3.4.3
2025-08-20 11:07:58,876 [WARN] PackLoader:240 - Cannot read IP mode file for STMicroelectronics.X-CUBE-TOF1.3.4.0
2025-08-20 11:07:58,904 [WARN] PackLoader:240 - Cannot read IP mode file for STMicroelectronics.X-CUBE-TOF1.3.4.1
2025-08-20 11:07:58,950 [WARN] PackLoader:240 - Cannot read IP mode file for STMicroelectronics.X-CUBE-AZRTOS-H7.3.2.0
2025-08-20 11:07:58,963 [WARN] PackLoader:240 - Cannot read IP mode file for wolfSSL.I-CUBE-wolfSSH.1.4.17
2025-08-20 11:07:58,965 [INFO] ThirdParty:978 - Integrity check success = true
2025-08-20 11:07:58,965 [INFO] IntegrityCheckThread:100 - exiting critical section [integrity check]
2025-08-20 11:07:58,965 [INFO] IntegrityCheckThread:103 - End integrity checks thread
2025-08-20 16:56:30,274 [ERROR] LogOutputStream:75 - [STDERR_REDIRECT] 
2025-08-20 22:54:36,712 [INFO] Activator:176 - 


2025-08-20 22:54:36,717 [INFO] Activator:177 - !SESSION log4j initialized
2025-08-20 22:54:45,848 [INFO] LogOutputStream:77 - [STDOUT_REDIRECT] 
2025-08-20 22:54:47,911 [INFO] ApplicationProperties:184 - Using Application install path: C:\ST\STM32CubeIDE_1.13.2\STM32CubeIDE\plugins\com.st.stm32cube.common.mx_6.14.1.202504091515
2025-08-20 22:54:47,934 [INFO] DbMcusXml:78 - Set database path to: C:\ST\STM32CubeIDE_1.13.2\STM32CubeIDE\plugins\com.st.stm32cube.common.mx_6.14.1.202504091515\\db\/mcu/
2025-08-20 22:54:47,934 [INFO] ApiDb:274 - Set plugin database path to: C:\ST\STM32CubeIDE_1.13.2\STM32CubeIDE\plugins\com.st.stm32cube.common.mx_6.14.1.202504091515\\db\/plugins/boardmanager/
2025-08-20 22:54:47,935 [WARN] ApiDb:259 - Overriding images path with different value:  => C:\ST\STM32CubeIDE_1.13.2\STM32CubeIDE\plugins\com.st.stm32cube.common.mx_6.14.1.202504091515\\db\/plugins/mcufinder/images/
2025-08-20 22:54:47,949 [INFO] ApiDb:250 - Set database path to: C:\Users\Admin\.stmcufinder\plugins\mcufinder//mcu/
2025-08-20 22:54:47,957 [INFO] DbMcusAds:125 - Set database path to: C:\Users\Admin\.stmcufinder\plugins\mcufinder//mcu/
2025-08-20 22:54:47,962 [INFO] CrossReferenceDbSqlite:203 - Set database path to: C:\Users\Admin\.stmcufinder\plugins\mcufinder//mcu/cs/
2025-08-20 22:54:48,126 [INFO] RulesReader:64 - Compatibility file has been processed (302 Rules)
2025-08-20 22:54:48,239 [INFO] DbMcusXml:78 - Set database path to: C:\ST\STM32CubeIDE_1.13.2\STM32CubeIDE\plugins\com.st.stm32cube.common.mx_6.14.1.202504091515\\db\/mcu/
2025-08-20 22:54:48,239 [INFO] ApiDb:274 - Set plugin database path to: C:\ST\STM32CubeIDE_1.13.2\STM32CubeIDE\plugins\com.st.stm32cube.common.mx_6.14.1.202504091515\\db\/plugins/boardmanager/
2025-08-20 22:54:48,239 [INFO] ApiDb:261 - Set plugin images path to: C:\ST\STM32CubeIDE_1.13.2\STM32CubeIDE\plugins\com.st.stm32cube.common.mx_6.14.1.202504091515\\db\/plugins/mcufinder/images/
2025-08-20 22:54:48,239 [WARN] DbFile:41 - Overriding database path with different value: C:\Users\Admin\.stmcufinder\plugins\mcufinder/ => C:\Users\Admin\.stmcufinder\plugins\mcufinder
2025-08-20 22:54:48,239 [INFO] ApiDb:250 - Set database path to: C:\Users\Admin\.stmcufinder\plugins\mcufinder//mcu/
2025-08-20 22:54:48,240 [WARN] DbFile:41 - Overriding database path with different value: C:\Users\Admin\.stmcufinder\plugins\mcufinder/ => C:\Users\Admin\.stmcufinder\plugins\mcufinder
2025-08-20 22:54:48,240 [INFO] DbMcusAds:125 - Set database path to: C:\Users\Admin\.stmcufinder\plugins\mcufinder//mcu/
2025-08-20 22:54:48,240 [WARN] DbFile:41 - Overriding database path with different value: C:\Users\Admin\.stmcufinder\plugins\mcufinder/ => C:\Users\Admin\.stmcufinder\plugins\mcufinder
2025-08-20 22:54:48,240 [WARN] DbFile:41 - Overriding database path with different value: C:\Users\Admin\.stmcufinder\plugins\mcufinder/ => C:\Users\Admin\.stmcufinder\plugins\mcufinder
2025-08-20 22:54:48,240 [INFO] CrossReferenceDbSqlite:203 - Set database path to: C:\Users\Admin\.stmcufinder\plugins\mcufinder//mcu/cs/
2025-08-20 22:54:48,338 [INFO] MainPanel:272 - HeapMemory: 268435456
2025-08-20 22:54:48,489 [INFO] DbMcusXml:78 - Set database path to: C:\ST\STM32CubeIDE_1.13.2\STM32CubeIDE\plugins\com.st.stm32cube.common.mx_6.14.1.202504091515\\db\/mcu/
2025-08-20 22:54:48,489 [INFO] ApiDb:274 - Set plugin database path to: C:\ST\STM32CubeIDE_1.13.2\STM32CubeIDE\plugins\com.st.stm32cube.common.mx_6.14.1.202504091515\\db\/plugins/boardmanager/
2025-08-20 22:54:48,490 [INFO] ApiDb:261 - Set plugin images path to: C:\ST\STM32CubeIDE_1.13.2\STM32CubeIDE\plugins\com.st.stm32cube.common.mx_6.14.1.202504091515\\db\/plugins/mcufinder/images/
2025-08-20 22:54:48,490 [WARN] DbFile:41 - Overriding database path with different value: C:\Users\Admin\.stmcufinder\plugins\mcufinder/ => C:\Users\Admin\.stmcufinder\plugins\mcufinder
2025-08-20 22:54:48,490 [INFO] ApiDb:250 - Set database path to: C:\Users\Admin\.stmcufinder\plugins\mcufinder//mcu/
2025-08-20 22:54:48,490 [WARN] DbFile:41 - Overriding database path with different value: C:\Users\Admin\.stmcufinder\plugins\mcufinder/ => C:\Users\Admin\.stmcufinder\plugins\mcufinder
2025-08-20 22:54:48,491 [INFO] DbMcusAds:125 - Set database path to: C:\Users\Admin\.stmcufinder\plugins\mcufinder//mcu/
2025-08-20 22:54:48,491 [WARN] DbFile:41 - Overriding database path with different value: C:\Users\Admin\.stmcufinder\plugins\mcufinder/ => C:\Users\Admin\.stmcufinder\plugins\mcufinder
2025-08-20 22:54:48,491 [WARN] DbFile:41 - Overriding database path with different value: C:\Users\Admin\.stmcufinder\plugins\mcufinder/ => C:\Users\Admin\.stmcufinder\plugins\mcufinder
2025-08-20 22:54:48,491 [INFO] CrossReferenceDbSqlite:203 - Set database path to: C:\Users\Admin\.stmcufinder\plugins\mcufinder//mcu/cs/
2025-08-20 22:54:48,514 [INFO] ApplicationProperties:184 - Using Application install path: C:\ST\STM32CubeIDE_1.13.2\STM32CubeIDE\plugins\com.st.stm32cube.common.mx_6.14.1.202504091515
2025-08-20 22:54:48,515 [INFO] PluginManage:196 - Search for loadable plugins [exclusion list=, ]
2025-08-20 22:54:48,517 [INFO] PluginManage:310 - Check plugin analytics
2025-08-20 22:54:48,782 [INFO] AnalyticsPlugin:253 - Accepted Software Licenses: 
2025-08-20 22:54:48,782 [INFO] AnalyticsPlugin:255 - Accepted CMSIS Pack Licenses: 
2025-08-20 22:54:48,782 [INFO] AnalyticsPlugin:257 - Accepted Firmware Licenses: FW.F4.1.28.0
2025-08-20 22:54:48,789 [INFO] PluginManage:359 - Loaded plugin analytics (category:tool,tabindex:-1)
2025-08-20 22:54:48,790 [INFO] PluginManage:310 - Check plugin cadmodel
2025-08-20 22:54:48,798 [INFO] CADModel:105 - Init CAD model plugin
2025-08-20 22:54:48,798 [INFO] PluginManage:359 - Loaded plugin cadmodel (category:power,tabindex:5)
2025-08-20 22:54:48,799 [INFO] PluginManage:310 - Check plugin clock
2025-08-20 22:54:48,814 [INFO] PluginManage:359 - Loaded plugin clock (category:base,tabindex:2)
2025-08-20 22:54:48,815 [INFO] PluginManage:310 - Check plugin ddr
2025-08-20 22:54:48,818 [INFO] PluginManage:359 - Loaded plugin ddr (category:tool,tabindex:6)
2025-08-20 22:54:48,818 [INFO] PluginManage:310 - Check plugin filemanager
2025-08-20 22:54:49,026 [INFO] PluginManage:359 - Loaded plugin filemanager (category:base,tabindex:10)
2025-08-20 22:54:49,027 [INFO] PluginManage:310 - Check plugin ipmanager
2025-08-20 22:54:49,042 [INFO] PluginManage:359 - Loaded plugin ipmanager (category:base,tabindex:5)
2025-08-20 22:54:49,043 [INFO] PluginManage:310 - Check plugin lpbam
2025-08-20 22:54:49,059 [INFO] PluginManage:359 - Loaded plugin lpbam (category:base,tabindex:0)
2025-08-20 22:54:49,060 [INFO] PluginManage:310 - Check plugin memorymap
2025-08-20 22:54:49,087 [INFO] PluginManage:359 - Loaded plugin memorymap (category:base,tabindex:4)
2025-08-20 22:54:49,088 [INFO] PluginManage:310 - Check plugin pinoutandconfiguration
2025-08-20 22:54:49,102 [INFO] PluginManage:359 - Loaded plugin pinoutandconfiguration (category:base,tabindex:1)
2025-08-20 22:54:49,103 [INFO] PluginManage:310 - Check plugin pinoutconfig
2025-08-20 22:54:49,229 [WARN] SupportedApi:132 - Cannot load RTOS API schema: s4s-elt-must-match.1: The content of 'definitions' must match (annotation?, (simpleType | complexType)?, (unique | key | keyref)*)). A problem was found starting at: attribute.
2025-08-20 22:54:49,423 [INFO] PluginManage:359 - Loaded plugin pinoutconfig (category:base,tabindex:0)
2025-08-20 22:54:49,423 [INFO] PluginManage:310 - Check plugin power
2025-08-20 22:54:49,444 [INFO] PluginManage:359 - Loaded plugin power (category:power,tabindex:4)
2025-08-20 22:54:49,444 [INFO] PluginManage:310 - Check plugin projectmanager
2025-08-20 22:54:49,464 [INFO] PluginManage:359 - Loaded plugin projectmanager (category:projectmanager,tabindex:4)
2025-08-20 22:54:49,464 [INFO] PluginManage:310 - Check plugin rif
2025-08-20 22:54:49,474 [INFO] PluginManage:359 - Loaded plugin rif (category:base,tabindex:3)
2025-08-20 22:54:49,474 [INFO] PluginManage:310 - Check plugin thirdparty
2025-08-20 22:54:49,679 [INFO] PluginManage:359 - Loaded plugin thirdparty (category:base,tabindex:-1)
2025-08-20 22:54:49,679 [WARN] IntegrityCheckThread:84 - waiting for thirdparty lock release [integrity check]
2025-08-20 22:54:49,679 [INFO] PluginManage:310 - Check plugin tools
2025-08-20 22:54:49,679 [INFO] IntegrityCheckThread:86 - entering critical section [integrity check]
2025-08-20 22:54:49,680 [INFO] ThirdPartyUpdaterWithRetryManager:70 - Updater plugin not ready yet. [1/15]
2025-08-20 22:54:49,683 [INFO] PluginManage:359 - Loaded plugin tools (category:base,tabindex:7)
2025-08-20 22:54:49,683 [INFO] PluginManage:310 - Check plugin tutovideos
2025-08-20 22:54:50,072 [INFO] PluginManage:359 - Loaded plugin tutovideos (category:base,tabindex:-1)
2025-08-20 22:54:50,072 [INFO] PluginManage:310 - Check plugin updater
2025-08-20 22:54:50,135 [INFO] PluginManage:359 - Loaded plugin updater (category:base,tabindex:12)
2025-08-20 22:54:50,135 [INFO] PluginManage:310 - Check plugin userauth
2025-08-20 22:54:50,145 [INFO] UserAuth:118 - Init User Auth plugin
2025-08-20 22:54:50,151 [INFO] PluginManage:359 - Loaded plugin userauth (category:base,tabindex:14)
2025-08-20 22:54:50,153 [INFO] PluginManage:283 - PluginManage : Loaded plugins [18]
2025-08-20 22:54:50,718 [INFO] PinOutPanel:1589 - setPackage(No Configuration,No Configuration)
2025-08-20 22:54:50,922 [INFO] CADModel:165 - CPN selected for project level
2025-08-20 22:54:50,924 [INFO] CADModel:114 - Register for checkConnection events
2025-08-20 22:54:50,964 [INFO] IPUIPlugin:80 - create IPUIPlugin
2025-08-20 22:54:50,966 [INFO] PluginManager:220 - loadIPPluginJar : add adc
2025-08-20 22:54:50,972 [INFO] IPUIPlugin:80 - create IPUIPlugin
2025-08-20 22:54:50,972 [INFO] PluginManager:220 - loadIPPluginJar : add aes
2025-08-20 22:54:50,979 [INFO] IPUIPlugin:80 - create IPUIPlugin
2025-08-20 22:54:50,979 [INFO] PluginManager:220 - loadIPPluginJar : add can
2025-08-20 22:54:50,983 [INFO] IPUIPlugin:80 - create IPUIPlugin
2025-08-20 22:54:50,983 [INFO] PluginManager:220 - loadIPPluginJar : add comp
2025-08-20 22:54:50,991 [INFO] IPUIPlugin:80 - create IPUIPlugin
2025-08-20 22:54:50,991 [INFO] PluginManager:220 - loadIPPluginJar : add cryp
2025-08-20 22:54:50,998 [INFO] IPUIPlugin:80 - create IPUIPlugin
2025-08-20 22:54:51,000 [INFO] PluginManager:220 - loadIPPluginJar : add ddr_ctrl_phy
2025-08-20 22:54:51,004 [INFO] IPUIPlugin:80 - create IPUIPlugin
2025-08-20 22:54:51,004 [INFO] PluginManager:220 - loadIPPluginJar : add dfsdm
2025-08-20 22:54:51,018 [INFO] IPUIPlugin:80 - create IPUIPlugin
2025-08-20 22:54:51,020 [INFO] PluginManager:220 - loadIPPluginJar : add dma
2025-08-20 22:54:51,028 [INFO] IPUIPlugin:80 - create IPUIPlugin
2025-08-20 22:54:51,028 [INFO] PluginManager:220 - loadIPPluginJar : add dma3
2025-08-20 22:54:51,036 [INFO] IPUIPlugin:80 - create IPUIPlugin
2025-08-20 22:54:51,036 [INFO] PluginManager:220 - loadIPPluginJar : add extmemmanager
2025-08-20 22:54:51,041 [INFO] IPUIPlugin:80 - create IPUIPlugin
2025-08-20 22:54:51,042 [INFO] PluginManager:220 - loadIPPluginJar : add fatfs
2025-08-20 22:54:51,051 [INFO] IPUIPlugin:80 - create IPUIPlugin
2025-08-20 22:54:51,051 [INFO] PluginManager:220 - loadIPPluginJar : add fmc
2025-08-20 22:54:51,061 [INFO] IPUIPlugin:80 - create IPUIPlugin
2025-08-20 22:54:51,061 [INFO] PluginManager:220 - loadIPPluginJar : add freertos
2025-08-20 22:54:51,065 [INFO] IPUIPlugin:80 - create IPUIPlugin
2025-08-20 22:54:51,065 [INFO] PluginManager:220 - loadIPPluginJar : add genericplugin
2025-08-20 22:54:51,071 [INFO] IPUIPlugin:80 - create IPUIPlugin
2025-08-20 22:54:51,071 [INFO] PluginManager:220 - loadIPPluginJar : add gfxmmu
2025-08-20 22:54:51,079 [INFO] IPUIPlugin:80 - create IPUIPlugin
2025-08-20 22:54:51,079 [INFO] PluginManager:220 - loadIPPluginJar : add gic
2025-08-20 22:54:51,085 [INFO] IPUIPlugin:80 - create IPUIPlugin
2025-08-20 22:54:51,087 [INFO] PluginManager:220 - loadIPPluginJar : add gpio
2025-08-20 22:54:51,095 [INFO] IPUIPlugin:80 - create IPUIPlugin
2025-08-20 22:54:51,095 [INFO] PluginManager:220 - loadIPPluginJar : add gtzc
2025-08-20 22:54:51,101 [INFO] IPUIPlugin:80 - create IPUIPlugin
2025-08-20 22:54:51,103 [INFO] PluginManager:220 - loadIPPluginJar : add hash
2025-08-20 22:54:51,110 [INFO] IPUIPlugin:80 - create IPUIPlugin
2025-08-20 22:54:51,111 [INFO] PluginManager:220 - loadIPPluginJar : add i2c
2025-08-20 22:54:51,116 [INFO] IPUIPlugin:80 - create IPUIPlugin
2025-08-20 22:54:51,116 [INFO] PluginManager:220 - loadIPPluginJar : add i2s
2025-08-20 22:54:51,124 [INFO] IPUIPlugin:80 - create IPUIPlugin
2025-08-20 22:54:51,124 [INFO] PluginManager:220 - loadIPPluginJar : add i3c
2025-08-20 22:54:51,134 [INFO] IPUIPlugin:80 - create IPUIPlugin
2025-08-20 22:54:51,134 [INFO] PluginManager:220 - loadIPPluginJar : add ipddr
2025-08-20 22:54:51,156 [INFO] IPUIPlugin:80 - create IPUIPlugin
2025-08-20 22:54:51,156 [INFO] PluginManager:220 - loadIPPluginJar : add linkedlist
2025-08-20 22:54:51,166 [INFO] IPUIPlugin:80 - create IPUIPlugin
2025-08-20 22:54:51,168 [INFO] PluginManager:220 - loadIPPluginJar : add lorawan
2025-08-20 22:54:51,171 [INFO] IPUIPlugin:80 - create IPUIPlugin
2025-08-20 22:54:51,171 [INFO] PluginManager:220 - loadIPPluginJar : add ltdc
2025-08-20 22:54:51,186 [INFO] IPUIPlugin:80 - create IPUIPlugin
2025-08-20 22:54:51,186 [INFO] PluginManager:220 - loadIPPluginJar : add mdma
2025-08-20 22:54:51,196 [INFO] IPUIPlugin:80 - create IPUIPlugin
2025-08-20 22:54:51,196 [INFO] PluginManager:220 - loadIPPluginJar : add nvic
2025-08-20 22:54:51,204 [INFO] IPUIPlugin:80 - create IPUIPlugin
2025-08-20 22:54:51,206 [INFO] PluginManager:220 - loadIPPluginJar : add opamp
2025-08-20 22:54:51,214 [INFO] IPUIPlugin:80 - create IPUIPlugin
2025-08-20 22:54:51,214 [INFO] PluginManager:220 - loadIPPluginJar : add openamp
2025-08-20 22:54:51,223 [INFO] IPUIPlugin:80 - create IPUIPlugin
2025-08-20 22:54:51,225 [INFO] PluginManager:220 - loadIPPluginJar : add pdm2pcm
2025-08-20 22:54:51,239 [INFO] IPUIPlugin:80 - create IPUIPlugin
2025-08-20 22:54:51,246 [INFO] PluginManager:220 - loadIPPluginJar : add plateformsettings
2025-08-20 22:54:51,247 [INFO] IPUIPlugin:80 - create IPUIPlugin
2025-08-20 22:54:51,249 [INFO] PluginManager:220 - loadIPPluginJar : add quadspi
2025-08-20 22:54:51,253 [INFO] IPUIPlugin:80 - create IPUIPlugin
2025-08-20 22:54:51,255 [INFO] PluginManager:220 - loadIPPluginJar : add radio
2025-08-20 22:54:51,265 [INFO] IPUIPlugin:80 - create IPUIPlugin
2025-08-20 22:54:51,267 [INFO] PluginManager:220 - loadIPPluginJar : add resmgrutility
2025-08-20 22:54:51,276 [INFO] IPUIPlugin:80 - create IPUIPlugin
2025-08-20 22:54:51,276 [INFO] PluginManager:220 - loadIPPluginJar : add sai
2025-08-20 22:54:51,281 [INFO] IPUIPlugin:80 - create IPUIPlugin
2025-08-20 22:54:51,282 [INFO] PluginManager:220 - loadIPPluginJar : add spi
2025-08-20 22:54:51,294 [INFO] IPUIPlugin:80 - create IPUIPlugin
2025-08-20 22:54:51,294 [INFO] PluginManager:220 - loadIPPluginJar : add stm32_wpan
2025-08-20 22:54:51,298 [INFO] IPUIPlugin:80 - create IPUIPlugin
2025-08-20 22:54:51,300 [INFO] PluginManager:220 - loadIPPluginJar : add tim
2025-08-20 22:54:51,308 [INFO] IPUIPlugin:80 - create IPUIPlugin
2025-08-20 22:54:51,308 [INFO] PluginManager:220 - loadIPPluginJar : add touchsensing
2025-08-20 22:54:51,314 [INFO] IPUIPlugin:80 - create IPUIPlugin
2025-08-20 22:54:51,314 [INFO] PluginManager:220 - loadIPPluginJar : add tracer_emb
2025-08-20 22:54:51,320 [INFO] IPUIPlugin:80 - create IPUIPlugin
2025-08-20 22:54:51,320 [INFO] PluginManager:220 - loadIPPluginJar : add ts
2025-08-20 22:54:51,324 [INFO] IPUIPlugin:80 - create IPUIPlugin
2025-08-20 22:54:51,326 [INFO] PluginManager:220 - loadIPPluginJar : add tsc
2025-08-20 22:54:51,329 [INFO] IPUIPlugin:80 - create IPUIPlugin
2025-08-20 22:54:51,331 [INFO] PluginManager:220 - loadIPPluginJar : add ucpd
2025-08-20 22:54:51,338 [INFO] IPUIPlugin:80 - create IPUIPlugin
2025-08-20 22:54:51,338 [INFO] PluginManager:220 - loadIPPluginJar : add usart
2025-08-20 22:54:51,348 [INFO] IPUIPlugin:80 - create IPUIPlugin
2025-08-20 22:54:51,348 [INFO] PluginManager:220 - loadIPPluginJar : add usbx
2025-08-20 22:54:51,621 [FATAL] Updater:351 - Updater called before beeing initialized
2025-08-20 22:54:51,695 [INFO] RulesReader:64 - Compatibility file has been processed (302 Rules)
2025-08-20 22:54:51,739 [INFO] RulesReader:64 - Compatibility file has been processed (302 Rules)
2025-08-20 22:54:51,760 [INFO] CADModel:165 - CPN selected for project level
2025-08-20 22:54:51,760 [INFO] CADModel:114 - Register for checkConnection events
2025-08-20 22:54:51,760 [FATAL] Updater:351 - Updater called before beeing initialized
2025-08-20 22:54:51,760 [ERROR] CADModel:125 - Updater not yet initialized, retry later 
2025-08-20 22:54:52,230 [FATAL] Updater:351 - Updater called before beeing initialized
2025-08-20 22:54:52,235 [INFO] CADModel:165 - CPN selected for project level
2025-08-20 22:54:52,235 [INFO] CADModel:114 - Register for checkConnection events
2025-08-20 22:54:52,235 [FATAL] Updater:351 - Updater called before beeing initialized
2025-08-20 22:54:52,235 [ERROR] CADModel:125 - Updater not yet initialized, retry later 
2025-08-20 22:54:52,246 [FATAL] Updater:351 - Updater called before beeing initialized
2025-08-20 22:54:52,553 [FATAL] Updater:351 - Updater called before beeing initialized
2025-08-20 22:54:52,567 [INFO] DbMcusAds:53 - JSON generation date=Tue Jul 08 15:14:23 ICT 2025 (1751962463593)
2025-08-20 22:54:52,567 [FATAL] Updater:351 - Updater called before beeing initialized
2025-08-20 22:54:52,659 [WARN] DetailPanel:346 - Failed to get advertising image, set to default
2025-08-20 22:54:52,694 [INFO] ThirdPartyUpdaterWithRetryManager:70 - Updater plugin not ready yet. [2/15]
2025-08-20 22:54:53,361 [FATAL] Updater:351 - Updater called before beeing initialized
2025-08-20 22:54:53,364 [FATAL] Updater:351 - Updater called before beeing initialized
2025-08-20 22:54:53,364 [FATAL] Updater:351 - Updater called before beeing initialized
2025-08-20 22:54:53,364 [WARN] DetailPanel:346 - Failed to get advertising image, set to default
2025-08-20 22:54:53,366 [FATAL] Updater:351 - Updater called before beeing initialized
2025-08-20 22:54:53,457 [ERROR] Updater:1198 - MainUpdater not yet initialized. External WinMGr cannot be set.
2025-08-20 22:54:53,462 [INFO] Updater:1134 - Updater Version found : 6.14.1
2025-08-20 22:54:53,488 [INFO] ApplicationProperties:184 - Using Application install path: C:\ST\STM32CubeIDE_1.13.2\STM32CubeIDE\plugins\com.st.stm32cube.common.mx_6.14.1.202504091515
2025-08-20 22:54:54,247 [INFO] MainUpdater:2872 - connection check result : 10
2025-08-20 22:54:54,249 [INFO] MainUpdater:289 - Updater Check For Update Now.
2025-08-20 22:54:54,249 [INFO] MicroXplorer:498 - Change Database Version : DB.6.0.141
2025-08-20 22:54:54,261 [INFO] McuFinderGlobals:63 - Set McuFinder mode to 2 (CubeIDE integrated)
2025-08-20 22:54:54,263 [INFO] UserAuth:484 - Internet connection configuration mode: 1
2025-08-20 22:54:54,311 [INFO] JxBrowserEngine:152 - Initiate JxBrowser Engine with user profile folder
2025-08-20 22:54:54,649 [INFO] CheckServerUpdateThread:120 - End of CheckServer Thread
2025-08-20 22:54:56,517 [INFO] WebApp:169 - Instantiating new browser for Auth
2025-08-20 22:54:56,528 [WARN] PackLoader:240 - Cannot read IP mode file for STMicroelectronics.FP-SNS-MOTENVWB1.1.4.0
2025-08-20 22:54:56,557 [WARN] PackLoader:240 - Cannot read IP mode file for STMicroelectronics.FP-ATR-ASTRA1.2.0.2
2025-08-20 22:54:56,580 [WARN] PackLoader:240 - Cannot read IP mode file for STMicroelectronics.FP-ATR-ASTRA1.2.0.1
2025-08-20 22:54:56,615 [WARN] PackLoader:240 - Cannot read IP mode file for STMicroelectronics.X-CUBE-SMBUS.2.1.0
2025-08-20 22:54:56,634 [WARN] PackLoader:240 - Cannot read IP mode file for STMicroelectronics.X-CUBE-WB05N.1.1.0
2025-08-20 22:54:56,645 [WARN] PackLoader:240 - Cannot read IP mode file for STMicroelectronics.X-CUBE-ST60.1.0.0
2025-08-20 22:54:56,657 [WARN] PackLoader:240 - Cannot read IP mode file for STMicroelectronics.X-CUBE-TOUCHGFX.4.23.1
2025-08-20 22:54:56,662 [WARN] PackLoader:240 - Cannot read IP mode file for STMicroelectronics.X-CUBE-TOUCHGFX.4.23.0
2025-08-20 22:54:56,667 [WARN] PackLoader:240 - Cannot read IP mode file for STMicroelectronics.X-CUBE-TOUCHGFX.4.23.2
2025-08-20 22:54:56,743 [WARN] PackLoader:240 - Cannot read IP mode file for STMicroelectronics.X-CUBE-AZRTOS-F7.1.1.0
2025-08-20 22:54:56,762 [WARN] PackLoader:240 - Cannot read IP mode file for STMicroelectronics.FP-SNS-MOTENV1.4.3.2
2025-08-20 22:54:56,903 [WARN] PackLoader:240 - Cannot read IP mode file for STMicroelectronics.X-CUBE-MEMS1.11.0.0
2025-08-20 22:54:57,342 [WARN] PackLoader:240 - Cannot read IP mode file for STMicroelectronics.FP-SNS-FLIGHT1.5.0.2
2025-08-20 22:54:57,408 [WARN] PackLoader:240 - Cannot read IP mode file for STMicroelectronics.X-CUBE-AZRTOS-H7.3.4.0
2025-08-20 22:54:57,433 [WARN] PackLoader:240 - Cannot read IP mode file for STMicroelectronics.X-CUBE-DISPLAY.3.0.0
2025-08-20 22:54:57,460 [WARN] PackLoader:240 - Cannot read IP mode file for STMicroelectronics.X-CUBE-BLE1.7.0.0
2025-08-20 22:54:57,478 [WARN] PackLoader:240 - Cannot read IP mode file for STMicroelectronics.X-CUBE-NFC10.1.0.0
2025-08-20 22:54:57,514 [WARN] PackLoader:240 - Cannot read IP mode file for STMicroelectronics.X-CUBE-BLEMGR.4.0.0
2025-08-20 22:54:57,542 [WARN] PackLoader:240 - Cannot read IP mode file for emotas.I-CUBE-CANOPEN.1.3.0
2025-08-20 22:54:57,550 [WARN] PackLoader:240 - Cannot read IP mode file for STMicroelectronics.X-CUBE-TOUCHGFX.4.22.1
2025-08-20 22:54:57,575 [WARN] PackLoader:240 - Cannot read IP mode file for STMicroelectronics.X-CUBE-BLEMGR.3.1.0
2025-08-20 22:54:57,591 [WARN] PackLoader:240 - Cannot read IP mode file for STMicroelectronics.X-CUBE-AI.10.0.0
2025-08-20 22:54:57,603 [ERROR] Engine:466 - C:\Users\Admin\.stm32cubemx\thirdparties\pdsc\STMicroelectronics.FP-SNS-STBOX1.2.1.0.pdsc: PDSC version is not supported
2025-08-20 22:54:57,615 [WARN] PackLoader:240 - Cannot read IP mode file for STMicroelectronics.FP-SNS-SMARTAG2.1.2.0
2025-08-20 22:54:57,623 [WARN] PackLoader:240 - Cannot read IP mode file for STMicroelectronics.FP-SNS-FLIGHT1.5.1.0
2025-08-20 22:54:57,774 [WARN] PackLoader:240 - Cannot read IP mode file for STMicroelectronics.X-CUBE-MEMS1.11.1.0
2025-08-20 22:54:58,085 [INFO] LogOutputStream:77 - [STDOUT_REDIRECT] 1 : Invalid condition id : UX_CORESTACK_Condition cause : null
2025-08-20 22:54:58,087 [INFO] LogOutputStream:77 - [STDOUT_REDIRECT] 1 : Invalid condition id : UX_CORESTACK_Condition cause : null
2025-08-20 22:54:58,089 [INFO] LogOutputStream:77 - [STDOUT_REDIRECT] 1 : Invalid condition id : UX_CORESTACK_Condition cause : null
2025-08-20 22:54:58,091 [INFO] LogOutputStream:77 - [STDOUT_REDIRECT] 1 : Invalid condition id : UX_CORESTACK_Condition cause : null
2025-08-20 22:54:58,094 [INFO] LogOutputStream:77 - [STDOUT_REDIRECT] 1 : Invalid condition id : UX_CORESTACK_Condition cause : null
2025-08-20 22:54:58,099 [WARN] PackLoader:240 - Cannot read IP mode file for STMicroelectronics.X-CUBE-AZRTOS-WL.2.0.0
2025-08-20 22:54:58,108 [WARN] PackLoader:240 - Cannot read IP mode file for STMicroelectronics.FP-SNS-MOTENV1.5.0.0
2025-08-20 22:54:58,119 [WARN] PackLoader:240 - Cannot read IP mode file for wolfSSL.I-CUBE-wolfMQTT.1.19.0
2025-08-20 22:54:58,141 [WARN] PackLoader:240 - Cannot read IP mode file for WES.I-CUBE-Cesium.1.3.0
2025-08-20 22:54:58,206 [WARN] PackLoader:240 - Cannot read IP mode file for STMicroelectronics.X-CUBE-BLE2.3.3.0
2025-08-20 22:54:58,231 [WARN] PackLoader:240 - Cannot read IP mode file for STMicroelectronics.X-CUBE-NFC9.1.0.0
2025-08-20 22:54:58,248 [WARN] PackLoader:240 - Cannot read IP mode file for STMicroelectronics.X-CUBE-BLE1.7.1.0
2025-08-20 22:54:58,265 [WARN] PackLoader:240 - Cannot read IP mode file for STMicroelectronics.X-CUBE-TCPP.4.1.0
2025-08-20 22:54:58,287 [WARN] PackLoader:240 - Cannot read IP mode file for STMicroelectronics.X-CUBE-EEPRMA1.5.2.0
2025-08-20 22:54:58,302 [WARN] PackLoader:240 - Cannot read IP mode file for STMicroelectronics.X-CUBE-AI.10.1.0
2025-08-20 22:54:58,338 [WARN] PackLoader:240 - Cannot read IP mode file for STMicroelectronics.X-CUBE-ALGOBUILD.1.3.0
2025-08-20 22:54:58,505 [WARN] PackLoader:240 - Cannot read IP mode file for STMicroelectronics.X-CUBE-MEMS1.11.2.0
2025-08-20 22:54:58,878 [WARN] PackLoader:240 - Cannot read IP mode file for STMicroelectronics.X-CUBE-AZRTOS-G0.1.1.0
2025-08-20 22:54:58,896 [WARN] PackLoader:240 - Cannot read IP mode file for STMicroelectronics.X-CUBE-SAFEA1.1.2.2
2025-08-20 22:54:58,908 [WARN] PackLoader:240 - Cannot read IP mode file for STMicroelectronics.X-CUBE-NFC4.3.0.0
2025-08-20 22:54:58,924 [WARN] PackLoader:240 - Cannot read IP mode file for EmbeddedOffice.I-CUBE-FS-RTOS.1.0.1
2025-08-20 22:54:58,932 [WARN] PackLoader:240 - Cannot read IP mode file for STMicroelectronics.X-CUBE-WB05N.2.0.0
2025-08-20 22:54:58,948 [WARN] PackLoader:240 - Cannot read IP mode file for STMicroelectronics.X-CUBE-BLEMGR.3.0.0
2025-08-20 22:54:58,960 [WARN] PackLoader:240 - Cannot read IP mode file for STMicroelectronics.X-CUBE-TCPP.4.2.0
2025-08-20 22:54:58,974 [WARN] PackLoader:240 - Cannot read IP mode file for RealThread.X-CUBE-RT-Thread_Nano.4.1.1
2025-08-20 22:54:58,981 [WARN] PackLoader:240 - Cannot read IP mode file for STMicroelectronics.FP-ATR-SIGFOX1.3.2.0
2025-08-20 22:54:58,988 [WARN] ConditionMgr:438 - getConditionDescription Invalid condition id : Cortex-A Device cause : null
2025-08-20 22:54:59,010 [WARN] ConditionMgr:1044 - genDependencies : Invalid condition id : Cortex-A Device cause : null
2025-08-20 22:54:59,010 [WARN] ConditionMgr:1044 - genDependencies : Invalid condition id : Cortex-A Device cause : null
2025-08-20 22:54:59,011 [WARN] ConditionMgr:1044 - genDependencies : Invalid condition id : Cortex-A Device cause : null
2025-08-20 22:54:59,020 [WARN] PackLoader:240 - Cannot read IP mode file for STMicroelectronics.X-CUBE-EEPRMA1.5.1.0
2025-08-20 22:54:59,033 [WARN] PackLoader:240 - Cannot read IP mode file for STMicroelectronics.X-CUBE-ST67W61.1.0.0
2025-08-20 22:54:59,041 [WARN] PackLoader:240 - Cannot read IP mode file for STMicroelectronics.X-CUBE-AI.10.2.0
2025-08-20 22:54:59,050 [INFO] WebApp:463 - Apply proxy settings
2025-08-20 22:54:59,051 [INFO] WebApp:548 - Chromium requires no authentication
2025-08-20 22:54:59,118 [INFO] WebApp:491 - Direct internet connection detected
2025-08-20 22:54:59,126 [WARN] PackLoader:240 - Cannot read IP mode file for SEGGER.I-CUBE-embOS.1.3.1
2025-08-20 22:54:59,252 [INFO] WebApp:894 - Register for checkConnection events
2025-08-20 22:54:59,254 [INFO] WebApp:463 - Apply proxy settings
2025-08-20 22:54:59,254 [INFO] WebApp:548 - Chromium requires no authentication
2025-08-20 22:54:59,254 [INFO] WebApp:491 - Direct internet connection detected
2025-08-20 22:54:59,267 [WARN] PackLoader:240 - Cannot read IP mode file for STMicroelectronics.X-CUBE-ALGOBUILD.1.4.0
2025-08-20 22:54:59,404 [WARN] PackLoader:240 - Cannot read IP mode file for STMicroelectronics.X-CUBE-MEMS1.11.3.0
2025-08-20 22:54:59,435 [INFO] WebApp:191 - Connection restablished
2025-08-20 22:54:59,681 [WARN] PackLoader:240 - Cannot read IP mode file for STMicroelectronics.X-CUBE-AI.9.1.0
2025-08-20 22:54:59,692 [WARN] PackLoader:240 - Cannot read IP mode file for STMicroelectronics.X-CUBE-PM33A1.1.0.0
2025-08-20 22:54:59,705 [WARN] PackLoader:240 - Cannot read IP mode file for STMicroelectronics.X-CUBE-GNSS1.6.0.0
2025-08-20 22:54:59,748 [WARN] PackLoader:240 - Cannot read IP mode file for STMicroelectronics.X-CUBE-AZRTOS-F4.1.1.0
2025-08-20 22:54:59,765 [WARN] PackLoader:240 - Cannot read IP mode file for wolfSSL.I-CUBE-wolfSSL.5.6.4
2025-08-20 22:54:59,775 [WARN] PackLoader:240 - Cannot read IP mode file for Avnet-IotConnect.X-CUBE-IoTC-DA16k-PMOD.1.0.0
2025-08-20 22:54:59,783 [WARN] PackLoader:240 - Cannot read IP mode file for STMicroelectronics.X-CUBE-ISPU.2.1.0
2025-08-20 22:54:59,812 [WARN] PackLoader:240 - Cannot read IP mode file for STMicroelectronics.X-CUBE-FREERTOS.1.2.0
2025-08-20 22:54:59,829 [WARN] PackLoader:240 - Cannot read IP mode file for STMicroelectronics.X-CUBE-NFC12.1.0.0
2025-08-20 22:54:59,878 [WARN] PackLoader:240 - Cannot read IP mode file for STMicroelectronics.X-CUBE-AZRTOS-L5.2.0.0
2025-08-20 22:54:59,888 [WARN] PackLoader:240 - Cannot read IP mode file for STMicroelectronics.X-CUBE-EEPRMA1.4.2.0
2025-08-20 22:54:59,902 [WARN] PackLoader:240 - Cannot read IP mode file for STMicroelectronics.X-CUBE-NFC6.3.1.0
2025-08-20 22:54:59,918 [WARN] PackLoader:240 - Cannot read IP mode file for ITTIA_DB.I-CUBE-ITTIADB.8.8.0
2025-08-20 22:54:59,927 [WARN] PackLoader:240 - Cannot read IP mode file for STMicroelectronics.X-CUBE-DPower.1.2.0
2025-08-20 22:54:59,934 [WARN] PackLoader:240 - Cannot read IP mode file for STMicroelectronics.X-CUBE-AI.9.0.0
2025-08-20 22:54:59,973 [WARN] ConditionMgr:438 - getConditionDescription Invalid condition id : UX DEVICE CLASS RTOS Condition cause : null
2025-08-20 22:54:59,975 [WARN] ConditionMgr:438 - getConditionDescription Invalid condition id : UX DEVICE CLASS RTOS Condition cause : null
2025-08-20 22:54:59,985 [WARN] PackLoader:240 - Cannot read IP mode file for STMicroelectronics.X-CUBE-AZRTOS-H7.3.1.0
2025-08-20 22:54:59,987 [WARN] ConditionMgr:1044 - genDependencies : Invalid condition id : UX DEVICE CLASS RTOS Condition cause : null
2025-08-20 22:54:59,989 [WARN] ConditionMgr:1044 - genDependencies : Invalid condition id : UX DEVICE CLASS RTOS Condition cause : null
2025-08-20 22:54:59,990 [WARN] ConditionMgr:1044 - genDependencies : Invalid condition id : UX DEVICE CLASS RTOS Condition cause : null
2025-08-20 22:54:59,990 [WARN] ConditionMgr:1044 - genDependencies : Invalid condition id : UX DEVICE CLASS RTOS Condition cause : null
2025-08-20 22:54:59,990 [WARN] ConditionMgr:1044 - genDependencies : Invalid condition id : UX DEVICE CLASS RTOS Condition cause : null
2025-08-20 22:55:00,006 [WARN] PackLoader:240 - Cannot read IP mode file for STMicroelectronics.X-CUBE-FREERTOS.1.3.1
2025-08-20 22:55:00,017 [WARN] PackLoader:240 - Cannot read IP mode file for STMicroelectronics.X-CUBE-FREERTOS.1.3.0
2025-08-20 22:55:00,034 [WARN] PackLoader:240 - Cannot read IP mode file for STMicroelectronics.X-CUBE-NFC7.1.0.1
2025-08-20 22:55:00,044 [WARN] PackLoader:240 - Cannot read IP mode file for wolfSSL.I-CUBE-wolfTPM.3.2.0
2025-08-20 22:55:00,057 [WARN] PackLoader:240 - Cannot read IP mode file for STMicroelectronics.X-CUBE-NFC6.3.0.0
2025-08-20 22:55:00,072 [WARN] PackLoader:240 - Cannot read IP mode file for STMicroelectronics.FP-SNS-STAIOTCFT.1.0.0
2025-08-20 22:55:00,080 [WARN] PackLoader:240 - Cannot read IP mode file for STMicroelectronics.X-CUBE-DPower.1.3.0
2025-08-20 22:55:00,087 [WARN] PackLoader:240 - Cannot read IP mode file for STMicroelectronics.X-CUBE-AI.8.1.0
2025-08-20 22:55:00,117 [WARN] ConditionMgr:438 - getConditionDescription Invalid condition id : LAN8742 Phy interface Condition cause : null
2025-08-20 22:55:00,118 [WARN] PackLoader:240 - Cannot read IP mode file for STMicroelectronics.X-CUBE-AZRTOS-L4.2.0.0
2025-08-20 22:55:00,119 [WARN] ConditionMgr:1044 - genDependencies : Invalid condition id : LAN8742 Phy interface Condition cause : null
2025-08-20 22:55:00,121 [WARN] ConditionMgr:1044 - genDependencies : Invalid condition id : LAN8742 Phy interface Condition cause : null
2025-08-20 22:55:00,121 [WARN] ConditionMgr:1044 - genDependencies : Invalid condition id : LAN8742 Phy interface Condition cause : null
2025-08-20 22:55:00,149 [WARN] PackLoader:240 - Cannot read IP mode file for STMicroelectronics.X-CUBE-SFXS2LP1.4.0.0
2025-08-20 22:55:00,155 [WARN] PackLoader:240 - Cannot read IP mode file for STMicroelectronics.X-CUBE-ISPU.1.1.0
2025-08-20 22:55:00,215 [WARN] PackLoader:240 - Cannot read IP mode file for STMicroelectronics.X-CUBE-AZRTOS-H7.3.3.0
2025-08-20 22:55:00,244 [INFO] WebApp:225 - Starting web application
2025-08-20 22:55:00,244 [INFO] WebApp:593 - Web application path used C:\ST\STM32CubeIDE_1.13.2\STM32CubeIDE\plugins\com.st.stm32cube.common.mx_6.14.1.202504091515\db\plugins\mcufinder\reactClient1\index.html
2025-08-20 22:55:00,249 [WARN] PackLoader:240 - Cannot read IP mode file for STMicroelectronics.X-CUBE-BLEMGR.4.1.0
2025-08-20 22:55:00,273 [WARN] PackLoader:240 - Cannot read IP mode file for STMicroelectronics.X-CUBE-IPS.3.0.0
2025-08-20 22:55:00,299 [WARN] ConditionMgr:438 - getConditionDescription Invalid condition id : UX DEVICE CLASS RTOS Condition cause : null
2025-08-20 22:55:00,299 [WARN] ConditionMgr:438 - getConditionDescription Invalid condition id : UX DEVICE CLASS RTOS Condition cause : null
2025-08-20 22:55:00,304 [WARN] PackLoader:240 - Cannot read IP mode file for STMicroelectronics.X-CUBE-AZRTOS-WB.2.0.0
2025-08-20 22:55:00,305 [WARN] ConditionMgr:1044 - genDependencies : Invalid condition id : UX DEVICE CLASS RTOS Condition cause : null
2025-08-20 22:55:00,305 [WARN] ConditionMgr:1044 - genDependencies : Invalid condition id : UX DEVICE CLASS RTOS Condition cause : null
2025-08-20 22:55:00,306 [WARN] ConditionMgr:1044 - genDependencies : Invalid condition id : UX DEVICE CLASS RTOS Condition cause : null
2025-08-20 22:55:00,306 [WARN] ConditionMgr:1044 - genDependencies : Invalid condition id : UX DEVICE CLASS RTOS Condition cause : null
2025-08-20 22:55:00,306 [WARN] ConditionMgr:1044 - genDependencies : Invalid condition id : UX DEVICE CLASS RTOS Condition cause : null
2025-08-20 22:55:00,315 [WARN] PackLoader:240 - Cannot read IP mode file for STMicroelectronics.X-CUBE-GNSS1.7.0.0
2025-08-20 22:55:00,325 [WARN] PackLoader:240 - Cannot read IP mode file for STMicroelectronics.X-CUBE-GNSS1.7.0.1
2025-08-20 22:55:00,333 [WARN] PackLoader:240 - Cannot read IP mode file for STMicroelectronics.X-CUBE-TOUCHGFX.4.25.0
2025-08-20 22:55:00,348 [WARN] PackLoader:240 - Cannot read IP mode file for STMicroelectronics.FP-SNS-STBOX1.2.0.0
2025-08-20 22:55:00,377 [WARN] PackLoader:240 - Cannot read IP mode file for STMicroelectronics.X-CUBE-SUBG2.5.0.0
2025-08-20 22:55:00,435 [WARN] PackLoader:240 - Cannot read IP mode file for STMicroelectronics.X-CUBE-AZRTOS-H7RS.1.1.0
2025-08-20 22:55:00,466 [WARN] PackLoader:240 - Cannot read IP mode file for STMicroelectronics.X-CUBE-TOF1.3.3.1
2025-08-20 22:55:00,516 [WARN] PackLoader:240 - Cannot read IP mode file for STMicroelectronics.X-CUBE-AZRTOS-G4.2.0.0
2025-08-20 22:55:00,538 [WARN] PackLoader:240 - Cannot read IP mode file for Infineon.AIROC-Wi-Fi-Bluetooth-STM32.1.5.1
2025-08-20 22:55:00,545 [WARN] PackLoader:240 - Cannot read IP mode file for STMicroelectronics.FP-SNS-MOTENVWB1.1.3.0
2025-08-20 22:55:00,553 [WARN] PackLoader:240 - Cannot read IP mode file for STMicroelectronics.X-CUBE-NFC7.2.0.0
2025-08-20 22:55:00,558 [WARN] PackLoader:240 - Cannot read IP mode file for STMicroelectronics.FP-SNS-MOTENVWB1.1.3.1
2025-08-20 22:55:00,566 [WARN] PackLoader:240 - Cannot read IP mode file for STMicroelectronics.X-CUBE-ISPU.2.0.0
2025-08-20 22:55:00,580 [WARN] PackLoader:240 - Cannot read IP mode file for STMicroelectronics.X-CUBE-IPS.3.1.0
2025-08-20 22:55:00,596 [WARN] PackLoader:240 - Cannot read IP mode file for STMicroelectronics.X-CUBE-ALS.1.0.2
2025-08-20 22:55:00,644 [INFO] UserAuth:484 - Internet connection configuration mode: 1
2025-08-20 22:55:00,644 [WARN] PackLoader:240 - Cannot read IP mode file for STMicroelectronics.X-CUBE-MEMS1.10.0.0
2025-08-20 22:55:00,869 [WARN] PackLoader:240 - Cannot read IP mode file for STMicroelectronics.X-CUBE-FREERTOS.1.1.0
2025-08-20 22:55:00,875 [WARN] PackLoader:240 - Cannot read IP mode file for STMicroelectronics.X-CUBE-TOUCHGFX.4.24.0
2025-08-20 22:55:00,880 [WARN] PackLoader:240 - Cannot read IP mode file for STMicroelectronics.X-CUBE-TOUCHGFX.4.24.2
2025-08-20 22:55:00,887 [WARN] PackLoader:240 - Cannot read IP mode file for STMicroelectronics.X-CUBE-TOUCHGFX.4.24.1
2025-08-20 22:55:00,899 [WARN] PackLoader:240 - Cannot read IP mode file for portGmbH.I-Cube-SoM-uGOAL.1.1.0
2025-08-20 22:55:00,907 [WARN] PackLoader:240 - Cannot read IP mode file for STMicroelectronics.X-CUBE-ALS.1.0.1
2025-08-20 22:55:00,938 [WARN] PackLoader:240 - Cannot read IP mode file for STMicroelectronics.X-CUBE-AZRTOS-H7RS.1.0.0
2025-08-20 22:55:00,947 [WARN] PackLoader:240 - Cannot read IP mode file for STMicroelectronics.FP-ATR-ASTRA1.2.0.0
2025-08-20 22:55:00,969 [WARN] PackLoader:240 - Cannot read IP mode file for STMicroelectronics.X-CUBE-TOF1.3.4.2
2025-08-20 22:55:01,008 [WARN] PackLoader:240 - Cannot read IP mode file for STMicroelectronics.X-CUBE-TOF1.3.4.3
2025-08-20 22:55:01,049 [WARN] PackLoader:240 - Cannot read IP mode file for STMicroelectronics.X-CUBE-TOF1.3.4.0
2025-08-20 22:55:01,089 [WARN] PackLoader:240 - Cannot read IP mode file for STMicroelectronics.X-CUBE-TOF1.3.4.1
2025-08-20 22:55:01,295 [WARN] PackLoader:240 - Cannot read IP mode file for STMicroelectronics.X-CUBE-AZRTOS-H7.3.2.0
2025-08-20 22:55:01,317 [WARN] PackLoader:240 - Cannot read IP mode file for wolfSSL.I-CUBE-wolfSSH.1.4.17
2025-08-20 22:55:01,319 [INFO] ThirdParty:978 - Integrity check success = true
2025-08-20 22:55:01,319 [INFO] IntegrityCheckThread:100 - exiting critical section [integrity check]
2025-08-20 22:55:01,319 [INFO] IntegrityCheckThread:103 - End integrity checks thread
