2025-08-04 00:00:36,048 [ERROR] LogOutputStream:75 - [STDERR_REDIRECT] 
2025-08-04 16:14:57,895 [INFO] Activator:176 - 


2025-08-04 16:14:57,896 [INFO] Activator:177 - !SESSION log4j initialized
2025-08-04 16:15:05,063 [INFO] LogOutputStream:77 - [STDOUT_REDIRECT] 
2025-08-04 16:15:07,314 [INFO] ApplicationProperties:184 - Using Application install path: C:\ST\STM32CubeIDE_1.13.2\STM32CubeIDE\plugins\com.st.stm32cube.common.mx_6.14.1.202504091515
2025-08-04 16:15:07,332 [INFO] DbMcusXml:78 - Set database path to: C:\ST\STM32CubeIDE_1.13.2\STM32CubeIDE\plugins\com.st.stm32cube.common.mx_6.14.1.202504091515\\db\/mcu/
2025-08-04 16:15:07,332 [INFO] ApiDb:274 - Set plugin database path to: C:\ST\STM32CubeIDE_1.13.2\STM32CubeIDE\plugins\com.st.stm32cube.common.mx_6.14.1.202504091515\\db\/plugins/boardmanager/
2025-08-04 16:15:07,336 [WARN] ApiDb:259 - Overriding images path with different value:  => C:\ST\STM32CubeIDE_1.13.2\STM32CubeIDE\plugins\com.st.stm32cube.common.mx_6.14.1.202504091515\\db\/plugins/mcufinder/images/
2025-08-04 16:15:07,344 [INFO] ApiDb:250 - Set database path to: C:\Users\Admin\.stmcufinder\plugins\mcufinder//mcu/
2025-08-04 16:15:07,344 [INFO] DbMcusAds:125 - Set database path to: C:\Users\Admin\.stmcufinder\plugins\mcufinder//mcu/
2025-08-04 16:15:07,945 [INFO] CrossReferenceDbSqlite:203 - Set database path to: C:\Users\Admin\.stmcufinder\plugins\mcufinder//mcu/cs/
2025-08-04 16:15:08,073 [INFO] RulesReader:64 - Compatibility file has been processed (302 Rules)
2025-08-04 16:15:08,164 [INFO] DbMcusXml:78 - Set database path to: C:\ST\STM32CubeIDE_1.13.2\STM32CubeIDE\plugins\com.st.stm32cube.common.mx_6.14.1.202504091515\\db\/mcu/
2025-08-04 16:15:08,164 [INFO] ApiDb:274 - Set plugin database path to: C:\ST\STM32CubeIDE_1.13.2\STM32CubeIDE\plugins\com.st.stm32cube.common.mx_6.14.1.202504091515\\db\/plugins/boardmanager/
2025-08-04 16:15:08,164 [INFO] ApiDb:261 - Set plugin images path to: C:\ST\STM32CubeIDE_1.13.2\STM32CubeIDE\plugins\com.st.stm32cube.common.mx_6.14.1.202504091515\\db\/plugins/mcufinder/images/
2025-08-04 16:15:08,164 [WARN] DbFile:41 - Overriding database path with different value: C:\Users\Admin\.stmcufinder\plugins\mcufinder/ => C:\Users\Admin\.stmcufinder\plugins\mcufinder
2025-08-04 16:15:08,164 [INFO] ApiDb:250 - Set database path to: C:\Users\Admin\.stmcufinder\plugins\mcufinder//mcu/
2025-08-04 16:15:08,164 [WARN] DbFile:41 - Overriding database path with different value: C:\Users\Admin\.stmcufinder\plugins\mcufinder/ => C:\Users\Admin\.stmcufinder\plugins\mcufinder
2025-08-04 16:15:08,164 [INFO] DbMcusAds:125 - Set database path to: C:\Users\Admin\.stmcufinder\plugins\mcufinder//mcu/
2025-08-04 16:15:08,164 [WARN] DbFile:41 - Overriding database path with different value: C:\Users\Admin\.stmcufinder\plugins\mcufinder/ => C:\Users\Admin\.stmcufinder\plugins\mcufinder
2025-08-04 16:15:08,164 [WARN] DbFile:41 - Overriding database path with different value: C:\Users\Admin\.stmcufinder\plugins\mcufinder/ => C:\Users\Admin\.stmcufinder\plugins\mcufinder
2025-08-04 16:15:08,940 [INFO] CrossReferenceDbSqlite:203 - Set database path to: C:\Users\Admin\.stmcufinder\plugins\mcufinder//mcu/cs/
2025-08-04 16:15:09,028 [INFO] MainPanel:272 - HeapMemory: 268435456
2025-08-04 16:15:09,158 [INFO] DbMcusXml:78 - Set database path to: C:\ST\STM32CubeIDE_1.13.2\STM32CubeIDE\plugins\com.st.stm32cube.common.mx_6.14.1.202504091515\\db\/mcu/
2025-08-04 16:15:09,158 [INFO] ApiDb:274 - Set plugin database path to: C:\ST\STM32CubeIDE_1.13.2\STM32CubeIDE\plugins\com.st.stm32cube.common.mx_6.14.1.202504091515\\db\/plugins/boardmanager/
2025-08-04 16:15:09,158 [INFO] ApiDb:261 - Set plugin images path to: C:\ST\STM32CubeIDE_1.13.2\STM32CubeIDE\plugins\com.st.stm32cube.common.mx_6.14.1.202504091515\\db\/plugins/mcufinder/images/
2025-08-04 16:15:09,158 [WARN] DbFile:41 - Overriding database path with different value: C:\Users\Admin\.stmcufinder\plugins\mcufinder/ => C:\Users\Admin\.stmcufinder\plugins\mcufinder
2025-08-04 16:15:09,159 [INFO] ApiDb:250 - Set database path to: C:\Users\Admin\.stmcufinder\plugins\mcufinder//mcu/
2025-08-04 16:15:09,159 [WARN] DbFile:41 - Overriding database path with different value: C:\Users\Admin\.stmcufinder\plugins\mcufinder/ => C:\Users\Admin\.stmcufinder\plugins\mcufinder
2025-08-04 16:15:09,159 [INFO] DbMcusAds:125 - Set database path to: C:\Users\Admin\.stmcufinder\plugins\mcufinder//mcu/
2025-08-04 16:15:09,159 [WARN] DbFile:41 - Overriding database path with different value: C:\Users\Admin\.stmcufinder\plugins\mcufinder/ => C:\Users\Admin\.stmcufinder\plugins\mcufinder
2025-08-04 16:15:09,159 [WARN] DbFile:41 - Overriding database path with different value: C:\Users\Admin\.stmcufinder\plugins\mcufinder/ => C:\Users\Admin\.stmcufinder\plugins\mcufinder
2025-08-04 16:15:09,946 [INFO] CrossReferenceDbSqlite:203 - Set database path to: C:\Users\Admin\.stmcufinder\plugins\mcufinder//mcu/cs/
2025-08-04 16:15:09,966 [INFO] ApplicationProperties:184 - Using Application install path: C:\ST\STM32CubeIDE_1.13.2\STM32CubeIDE\plugins\com.st.stm32cube.common.mx_6.14.1.202504091515
2025-08-04 16:15:09,967 [INFO] PluginManage:196 - Search for loadable plugins [exclusion list=, ]
2025-08-04 16:15:09,969 [INFO] PluginManage:310 - Check plugin analytics
2025-08-04 16:15:11,035 [INFO] AnalyticsPlugin:253 - Accepted Software Licenses: 
2025-08-04 16:15:11,035 [INFO] AnalyticsPlugin:255 - Accepted CMSIS Pack Licenses: 
2025-08-04 16:15:11,035 [INFO] AnalyticsPlugin:257 - Accepted Firmware Licenses: FW.F4.1.28.0
2025-08-04 16:15:11,038 [INFO] PluginManage:359 - Loaded plugin analytics (category:tool,tabindex:-1)
2025-08-04 16:15:11,038 [INFO] PluginManage:310 - Check plugin cadmodel
2025-08-04 16:15:11,046 [INFO] CADModel:105 - Init CAD model plugin
2025-08-04 16:15:11,046 [INFO] PluginManage:359 - Loaded plugin cadmodel (category:power,tabindex:5)
2025-08-04 16:15:11,046 [INFO] PluginManage:310 - Check plugin clock
2025-08-04 16:15:11,057 [INFO] PluginManage:359 - Loaded plugin clock (category:base,tabindex:2)
2025-08-04 16:15:11,057 [INFO] PluginManage:310 - Check plugin ddr
2025-08-04 16:15:11,061 [INFO] PluginManage:359 - Loaded plugin ddr (category:tool,tabindex:6)
2025-08-04 16:15:11,061 [INFO] PluginManage:310 - Check plugin filemanager
2025-08-04 16:15:11,240 [INFO] PluginManage:359 - Loaded plugin filemanager (category:base,tabindex:10)
2025-08-04 16:15:11,240 [INFO] PluginManage:310 - Check plugin ipmanager
2025-08-04 16:15:11,247 [INFO] PluginManage:359 - Loaded plugin ipmanager (category:base,tabindex:5)
2025-08-04 16:15:11,249 [INFO] PluginManage:310 - Check plugin lpbam
2025-08-04 16:15:11,257 [INFO] PluginManage:359 - Loaded plugin lpbam (category:base,tabindex:0)
2025-08-04 16:15:11,259 [INFO] PluginManage:310 - Check plugin memorymap
2025-08-04 16:15:11,275 [INFO] PluginManage:359 - Loaded plugin memorymap (category:base,tabindex:4)
2025-08-04 16:15:11,275 [INFO] PluginManage:310 - Check plugin pinoutandconfiguration
2025-08-04 16:15:11,287 [INFO] PluginManage:359 - Loaded plugin pinoutandconfiguration (category:base,tabindex:1)
2025-08-04 16:15:11,287 [INFO] PluginManage:310 - Check plugin pinoutconfig
2025-08-04 16:15:11,396 [WARN] SupportedApi:132 - Cannot load RTOS API schema: s4s-elt-must-match.1: The content of 'definitions' must match (annotation?, (simpleType | complexType)?, (unique | key | keyref)*)). A problem was found starting at: attribute.
2025-08-04 16:15:11,637 [INFO] PluginManage:359 - Loaded plugin pinoutconfig (category:base,tabindex:0)
2025-08-04 16:15:11,637 [INFO] PluginManage:310 - Check plugin power
2025-08-04 16:15:11,652 [INFO] PluginManage:359 - Loaded plugin power (category:power,tabindex:4)
2025-08-04 16:15:11,652 [INFO] PluginManage:310 - Check plugin projectmanager
2025-08-04 16:15:11,675 [INFO] PluginManage:359 - Loaded plugin projectmanager (category:projectmanager,tabindex:4)
2025-08-04 16:15:11,675 [INFO] PluginManage:310 - Check plugin rif
2025-08-04 16:15:11,688 [INFO] PluginManage:359 - Loaded plugin rif (category:base,tabindex:3)
2025-08-04 16:15:11,689 [INFO] PluginManage:310 - Check plugin thirdparty
2025-08-04 16:15:11,888 [INFO] PluginManage:359 - Loaded plugin thirdparty (category:base,tabindex:-1)
2025-08-04 16:15:11,888 [WARN] IntegrityCheckThread:84 - waiting for thirdparty lock release [integrity check]
2025-08-04 16:15:11,888 [INFO] PluginManage:310 - Check plugin tools
2025-08-04 16:15:11,888 [INFO] IntegrityCheckThread:86 - entering critical section [integrity check]
2025-08-04 16:15:11,888 [INFO] ThirdPartyUpdaterWithRetryManager:70 - Updater plugin not ready yet. [1/15]
2025-08-04 16:15:11,892 [INFO] PluginManage:359 - Loaded plugin tools (category:base,tabindex:7)
2025-08-04 16:15:11,892 [INFO] PluginManage:310 - Check plugin tutovideos
2025-08-04 16:15:12,068 [INFO] PluginManage:359 - Loaded plugin tutovideos (category:base,tabindex:-1)
2025-08-04 16:15:12,068 [INFO] PluginManage:310 - Check plugin updater
2025-08-04 16:15:12,096 [INFO] PluginManage:359 - Loaded plugin updater (category:base,tabindex:12)
2025-08-04 16:15:12,096 [INFO] PluginManage:310 - Check plugin userauth
2025-08-04 16:15:12,100 [INFO] UserAuth:118 - Init User Auth plugin
2025-08-04 16:15:12,101 [INFO] PluginManage:359 - Loaded plugin userauth (category:base,tabindex:14)
2025-08-04 16:15:12,101 [INFO] PluginManage:283 - PluginManage : Loaded plugins [18]
2025-08-04 16:15:12,345 [INFO] PinOutPanel:1589 - setPackage(No Configuration,No Configuration)
2025-08-04 16:15:12,435 [INFO] CADModel:165 - CPN selected for project level
2025-08-04 16:15:12,435 [INFO] CADModel:114 - Register for checkConnection events
2025-08-04 16:15:12,449 [INFO] IPUIPlugin:80 - create IPUIPlugin
2025-08-04 16:15:12,451 [INFO] PluginManager:220 - loadIPPluginJar : add adc
2025-08-04 16:15:12,453 [INFO] IPUIPlugin:80 - create IPUIPlugin
2025-08-04 16:15:12,453 [INFO] PluginManager:220 - loadIPPluginJar : add aes
2025-08-04 16:15:12,455 [INFO] IPUIPlugin:80 - create IPUIPlugin
2025-08-04 16:15:12,455 [INFO] PluginManager:220 - loadIPPluginJar : add can
2025-08-04 16:15:12,457 [INFO] IPUIPlugin:80 - create IPUIPlugin
2025-08-04 16:15:12,457 [INFO] PluginManager:220 - loadIPPluginJar : add comp
2025-08-04 16:15:12,461 [INFO] IPUIPlugin:80 - create IPUIPlugin
2025-08-04 16:15:12,461 [INFO] PluginManager:220 - loadIPPluginJar : add cryp
2025-08-04 16:15:12,465 [INFO] IPUIPlugin:80 - create IPUIPlugin
2025-08-04 16:15:12,465 [INFO] PluginManager:220 - loadIPPluginJar : add ddr_ctrl_phy
2025-08-04 16:15:12,467 [INFO] IPUIPlugin:80 - create IPUIPlugin
2025-08-04 16:15:12,467 [INFO] PluginManager:220 - loadIPPluginJar : add dfsdm
2025-08-04 16:15:12,475 [INFO] IPUIPlugin:80 - create IPUIPlugin
2025-08-04 16:15:12,475 [INFO] PluginManager:220 - loadIPPluginJar : add dma
2025-08-04 16:15:12,479 [INFO] IPUIPlugin:80 - create IPUIPlugin
2025-08-04 16:15:12,479 [INFO] PluginManager:220 - loadIPPluginJar : add dma3
2025-08-04 16:15:12,483 [INFO] IPUIPlugin:80 - create IPUIPlugin
2025-08-04 16:15:12,483 [INFO] PluginManager:220 - loadIPPluginJar : add extmemmanager
2025-08-04 16:15:12,485 [INFO] IPUIPlugin:80 - create IPUIPlugin
2025-08-04 16:15:12,485 [INFO] PluginManager:220 - loadIPPluginJar : add fatfs
2025-08-04 16:15:12,492 [INFO] IPUIPlugin:80 - create IPUIPlugin
2025-08-04 16:15:12,492 [INFO] PluginManager:220 - loadIPPluginJar : add fmc
2025-08-04 16:15:12,499 [INFO] IPUIPlugin:80 - create IPUIPlugin
2025-08-04 16:15:12,500 [INFO] PluginManager:220 - loadIPPluginJar : add freertos
2025-08-04 16:15:12,502 [INFO] IPUIPlugin:80 - create IPUIPlugin
2025-08-04 16:15:12,502 [INFO] PluginManager:220 - loadIPPluginJar : add genericplugin
2025-08-04 16:15:12,504 [INFO] IPUIPlugin:80 - create IPUIPlugin
2025-08-04 16:15:12,504 [INFO] PluginManager:220 - loadIPPluginJar : add gfxmmu
2025-08-04 16:15:12,510 [INFO] IPUIPlugin:80 - create IPUIPlugin
2025-08-04 16:15:12,510 [INFO] PluginManager:220 - loadIPPluginJar : add gic
2025-08-04 16:15:12,514 [INFO] IPUIPlugin:80 - create IPUIPlugin
2025-08-04 16:15:12,514 [INFO] PluginManager:220 - loadIPPluginJar : add gpio
2025-08-04 16:15:12,518 [INFO] IPUIPlugin:80 - create IPUIPlugin
2025-08-04 16:15:12,518 [INFO] PluginManager:220 - loadIPPluginJar : add gtzc
2025-08-04 16:15:12,520 [INFO] IPUIPlugin:80 - create IPUIPlugin
2025-08-04 16:15:12,521 [INFO] PluginManager:220 - loadIPPluginJar : add hash
2025-08-04 16:15:12,524 [INFO] IPUIPlugin:80 - create IPUIPlugin
2025-08-04 16:15:12,524 [INFO] PluginManager:220 - loadIPPluginJar : add i2c
2025-08-04 16:15:12,528 [INFO] IPUIPlugin:80 - create IPUIPlugin
2025-08-04 16:15:12,528 [INFO] PluginManager:220 - loadIPPluginJar : add i2s
2025-08-04 16:15:12,532 [INFO] IPUIPlugin:80 - create IPUIPlugin
2025-08-04 16:15:12,532 [INFO] PluginManager:220 - loadIPPluginJar : add i3c
2025-08-04 16:15:12,536 [INFO] IPUIPlugin:80 - create IPUIPlugin
2025-08-04 16:15:12,536 [INFO] PluginManager:220 - loadIPPluginJar : add ipddr
2025-08-04 16:15:12,544 [INFO] IPUIPlugin:80 - create IPUIPlugin
2025-08-04 16:15:12,544 [INFO] PluginManager:220 - loadIPPluginJar : add linkedlist
2025-08-04 16:15:12,546 [INFO] IPUIPlugin:80 - create IPUIPlugin
2025-08-04 16:15:12,546 [INFO] PluginManager:220 - loadIPPluginJar : add lorawan
2025-08-04 16:15:12,548 [INFO] IPUIPlugin:80 - create IPUIPlugin
2025-08-04 16:15:12,548 [INFO] PluginManager:220 - loadIPPluginJar : add ltdc
2025-08-04 16:15:12,554 [INFO] IPUIPlugin:80 - create IPUIPlugin
2025-08-04 16:15:12,554 [INFO] PluginManager:220 - loadIPPluginJar : add mdma
2025-08-04 16:15:12,560 [INFO] IPUIPlugin:80 - create IPUIPlugin
2025-08-04 16:15:12,560 [INFO] PluginManager:220 - loadIPPluginJar : add nvic
2025-08-04 16:15:12,562 [INFO] IPUIPlugin:80 - create IPUIPlugin
2025-08-04 16:15:12,562 [INFO] PluginManager:220 - loadIPPluginJar : add opamp
2025-08-04 16:15:12,566 [INFO] IPUIPlugin:80 - create IPUIPlugin
2025-08-04 16:15:12,566 [INFO] PluginManager:220 - loadIPPluginJar : add openamp
2025-08-04 16:15:12,568 [INFO] IPUIPlugin:80 - create IPUIPlugin
2025-08-04 16:15:12,568 [INFO] PluginManager:220 - loadIPPluginJar : add pdm2pcm
2025-08-04 16:15:12,576 [INFO] IPUIPlugin:80 - create IPUIPlugin
2025-08-04 16:15:12,578 [INFO] PluginManager:220 - loadIPPluginJar : add plateformsettings
2025-08-04 16:15:12,580 [INFO] IPUIPlugin:80 - create IPUIPlugin
2025-08-04 16:15:12,580 [INFO] PluginManager:220 - loadIPPluginJar : add quadspi
2025-08-04 16:15:12,582 [INFO] IPUIPlugin:80 - create IPUIPlugin
2025-08-04 16:15:12,582 [INFO] PluginManager:220 - loadIPPluginJar : add radio
2025-08-04 16:15:12,584 [INFO] IPUIPlugin:80 - create IPUIPlugin
2025-08-04 16:15:12,584 [INFO] PluginManager:220 - loadIPPluginJar : add resmgrutility
2025-08-04 16:15:12,588 [INFO] IPUIPlugin:80 - create IPUIPlugin
2025-08-04 16:15:12,588 [INFO] PluginManager:220 - loadIPPluginJar : add sai
2025-08-04 16:15:12,590 [INFO] IPUIPlugin:80 - create IPUIPlugin
2025-08-04 16:15:12,590 [INFO] PluginManager:220 - loadIPPluginJar : add spi
2025-08-04 16:15:12,594 [INFO] IPUIPlugin:80 - create IPUIPlugin
2025-08-04 16:15:12,596 [INFO] PluginManager:220 - loadIPPluginJar : add stm32_wpan
2025-08-04 16:15:12,596 [INFO] IPUIPlugin:80 - create IPUIPlugin
2025-08-04 16:15:12,596 [INFO] PluginManager:220 - loadIPPluginJar : add tim
2025-08-04 16:15:12,600 [INFO] IPUIPlugin:80 - create IPUIPlugin
2025-08-04 16:15:12,600 [INFO] PluginManager:220 - loadIPPluginJar : add touchsensing
2025-08-04 16:15:12,602 [INFO] IPUIPlugin:80 - create IPUIPlugin
2025-08-04 16:15:12,602 [INFO] PluginManager:220 - loadIPPluginJar : add tracer_emb
2025-08-04 16:15:12,604 [INFO] IPUIPlugin:80 - create IPUIPlugin
2025-08-04 16:15:12,604 [INFO] PluginManager:220 - loadIPPluginJar : add ts
2025-08-04 16:15:12,606 [INFO] IPUIPlugin:80 - create IPUIPlugin
2025-08-04 16:15:12,606 [INFO] PluginManager:220 - loadIPPluginJar : add tsc
2025-08-04 16:15:12,608 [INFO] IPUIPlugin:80 - create IPUIPlugin
2025-08-04 16:15:12,608 [INFO] PluginManager:220 - loadIPPluginJar : add ucpd
2025-08-04 16:15:12,610 [INFO] IPUIPlugin:80 - create IPUIPlugin
2025-08-04 16:15:12,610 [INFO] PluginManager:220 - loadIPPluginJar : add usart
2025-08-04 16:15:12,612 [INFO] IPUIPlugin:80 - create IPUIPlugin
2025-08-04 16:15:12,612 [INFO] PluginManager:220 - loadIPPluginJar : add usbx
2025-08-04 16:15:12,745 [FATAL] Updater:351 - Updater called before beeing initialized
2025-08-04 16:15:12,775 [INFO] RulesReader:64 - Compatibility file has been processed (302 Rules)
2025-08-04 16:15:12,788 [INFO] RulesReader:64 - Compatibility file has been processed (302 Rules)
2025-08-04 16:15:12,798 [INFO] CADModel:165 - CPN selected for project level
2025-08-04 16:15:12,798 [INFO] CADModel:114 - Register for checkConnection events
2025-08-04 16:15:12,798 [FATAL] Updater:351 - Updater called before beeing initialized
2025-08-04 16:15:12,798 [ERROR] CADModel:125 - Updater not yet initialized, retry later 
2025-08-04 16:15:13,015 [FATAL] Updater:351 - Updater called before beeing initialized
2025-08-04 16:15:13,017 [INFO] CADModel:165 - CPN selected for project level
2025-08-04 16:15:13,017 [INFO] CADModel:114 - Register for checkConnection events
2025-08-04 16:15:13,017 [FATAL] Updater:351 - Updater called before beeing initialized
2025-08-04 16:15:13,017 [ERROR] CADModel:125 - Updater not yet initialized, retry later 
2025-08-04 16:15:13,021 [FATAL] Updater:351 - Updater called before beeing initialized
2025-08-04 16:15:13,145 [FATAL] Updater:351 - Updater called before beeing initialized
2025-08-04 16:15:13,147 [INFO] DbMcusAds:53 - JSON generation date=Tue Jul 08 15:14:23 ICT 2025 (1751962463582)
2025-08-04 16:15:13,147 [FATAL] Updater:351 - Updater called before beeing initialized
2025-08-04 16:15:13,209 [WARN] DetailPanel:346 - Failed to get advertising image, set to default
2025-08-04 16:15:13,500 [FATAL] Updater:351 - Updater called before beeing initialized
2025-08-04 16:15:13,502 [FATAL] Updater:351 - Updater called before beeing initialized
2025-08-04 16:15:13,502 [FATAL] Updater:351 - Updater called before beeing initialized
2025-08-04 16:15:13,502 [WARN] DetailPanel:346 - Failed to get advertising image, set to default
2025-08-04 16:15:13,502 [FATAL] Updater:351 - Updater called before beeing initialized
2025-08-04 16:15:13,560 [ERROR] Updater:1198 - MainUpdater not yet initialized. External WinMGr cannot be set.
2025-08-04 16:15:13,564 [INFO] Updater:1134 - Updater Version found : 6.14.1
2025-08-04 16:15:13,581 [INFO] ApplicationProperties:184 - Using Application install path: C:\ST\STM32CubeIDE_1.13.2\STM32CubeIDE\plugins\com.st.stm32cube.common.mx_6.14.1.202504091515
2025-08-04 16:15:14,066 [INFO] MainUpdater:2872 - connection check result : 10
2025-08-04 16:15:14,066 [INFO] MainUpdater:289 - Updater Check For Update Now.
2025-08-04 16:15:14,066 [INFO] MicroXplorer:498 - Change Database Version : DB.6.0.141
2025-08-04 16:15:14,073 [INFO] McuFinderGlobals:63 - Set McuFinder mode to 2 (CubeIDE integrated)
2025-08-04 16:15:14,074 [INFO] UserAuth:484 - Internet connection configuration mode: 1
2025-08-04 16:15:14,104 [INFO] JxBrowserEngine:152 - Initiate JxBrowser Engine with user profile folder
2025-08-04 16:15:14,334 [INFO] CheckServerUpdateThread:120 - End of CheckServer Thread
2025-08-04 16:15:15,277 [WARN] PackLoader:240 - Cannot read IP mode file for STMicroelectronics.FP-SNS-MOTENVWB1.1.4.0
2025-08-04 16:15:15,292 [WARN] PackLoader:240 - Cannot read IP mode file for STMicroelectronics.FP-ATR-ASTRA1.2.0.2
2025-08-04 16:15:15,300 [WARN] PackLoader:240 - Cannot read IP mode file for STMicroelectronics.FP-ATR-ASTRA1.2.0.1
2025-08-04 16:15:15,319 [WARN] PackLoader:240 - Cannot read IP mode file for STMicroelectronics.X-CUBE-SMBUS.2.1.0
2025-08-04 16:15:15,333 [WARN] PackLoader:240 - Cannot read IP mode file for STMicroelectronics.X-CUBE-WB05N.1.1.0
2025-08-04 16:15:15,346 [WARN] PackLoader:240 - Cannot read IP mode file for STMicroelectronics.X-CUBE-ST60.1.0.0
2025-08-04 16:15:15,356 [WARN] PackLoader:240 - Cannot read IP mode file for STMicroelectronics.X-CUBE-TOUCHGFX.4.23.1
2025-08-04 16:15:15,362 [WARN] PackLoader:240 - Cannot read IP mode file for STMicroelectronics.X-CUBE-TOUCHGFX.4.23.0
2025-08-04 16:15:15,366 [WARN] PackLoader:240 - Cannot read IP mode file for STMicroelectronics.X-CUBE-TOUCHGFX.4.23.2
2025-08-04 16:15:15,453 [WARN] PackLoader:240 - Cannot read IP mode file for STMicroelectronics.X-CUBE-AZRTOS-F7.1.1.0
2025-08-04 16:15:15,471 [WARN] PackLoader:240 - Cannot read IP mode file for STMicroelectronics.FP-SNS-MOTENV1.4.3.2
2025-08-04 16:15:15,631 [WARN] PackLoader:240 - Cannot read IP mode file for STMicroelectronics.X-CUBE-MEMS1.11.0.0
2025-08-04 16:15:15,880 [WARN] PackLoader:240 - Cannot read IP mode file for STMicroelectronics.FP-SNS-FLIGHT1.5.0.2
2025-08-04 16:15:15,917 [WARN] PackLoader:240 - Cannot read IP mode file for STMicroelectronics.X-CUBE-AZRTOS-H7.3.4.0
2025-08-04 16:15:15,942 [WARN] PackLoader:240 - Cannot read IP mode file for STMicroelectronics.X-CUBE-DISPLAY.3.0.0
2025-08-04 16:15:15,957 [WARN] PackLoader:240 - Cannot read IP mode file for STMicroelectronics.X-CUBE-BLE1.7.0.0
2025-08-04 16:15:15,966 [WARN] PackLoader:240 - Cannot read IP mode file for STMicroelectronics.X-CUBE-NFC10.1.0.0
2025-08-04 16:15:15,984 [WARN] PackLoader:240 - Cannot read IP mode file for STMicroelectronics.X-CUBE-BLEMGR.4.0.0
2025-08-04 16:15:15,996 [WARN] PackLoader:240 - Cannot read IP mode file for emotas.I-CUBE-CANOPEN.1.3.0
2025-08-04 16:15:16,005 [WARN] PackLoader:240 - Cannot read IP mode file for STMicroelectronics.X-CUBE-TOUCHGFX.4.22.1
2025-08-04 16:15:16,023 [WARN] PackLoader:240 - Cannot read IP mode file for STMicroelectronics.X-CUBE-BLEMGR.3.1.0
2025-08-04 16:15:16,040 [WARN] PackLoader:240 - Cannot read IP mode file for STMicroelectronics.X-CUBE-AI.10.0.0
2025-08-04 16:15:16,049 [ERROR] Engine:466 - C:\Users\Admin\.stm32cubemx\thirdparties\pdsc\STMicroelectronics.FP-SNS-STBOX1.2.1.0.pdsc: PDSC version is not supported
2025-08-04 16:15:16,055 [WARN] PackLoader:240 - Cannot read IP mode file for STMicroelectronics.FP-SNS-SMARTAG2.1.2.0
2025-08-04 16:15:16,061 [WARN] PackLoader:240 - Cannot read IP mode file for STMicroelectronics.FP-SNS-FLIGHT1.5.1.0
2025-08-04 16:15:16,128 [WARN] PackLoader:240 - Cannot read IP mode file for STMicroelectronics.X-CUBE-MEMS1.11.1.0
2025-08-04 16:15:16,262 [INFO] WebApp:169 - Instantiating new browser for Auth
2025-08-04 16:15:16,426 [INFO] LogOutputStream:77 - [STDOUT_REDIRECT] 1 : Invalid condition id : UX_CORESTACK_Condition cause : null
2025-08-04 16:15:16,427 [INFO] LogOutputStream:77 - [STDOUT_REDIRECT] 1 : Invalid condition id : UX_CORESTACK_Condition cause : null
2025-08-04 16:15:16,429 [INFO] LogOutputStream:77 - [STDOUT_REDIRECT] 1 : Invalid condition id : UX_CORESTACK_Condition cause : null
2025-08-04 16:15:16,431 [INFO] LogOutputStream:77 - [STDOUT_REDIRECT] 1 : Invalid condition id : UX_CORESTACK_Condition cause : null
2025-08-04 16:15:16,433 [INFO] LogOutputStream:77 - [STDOUT_REDIRECT] 1 : Invalid condition id : UX_CORESTACK_Condition cause : null
2025-08-04 16:15:16,437 [WARN] PackLoader:240 - Cannot read IP mode file for STMicroelectronics.X-CUBE-AZRTOS-WL.2.0.0
2025-08-04 16:15:16,449 [WARN] PackLoader:240 - Cannot read IP mode file for STMicroelectronics.FP-SNS-MOTENV1.5.0.0
2025-08-04 16:15:16,470 [WARN] PackLoader:240 - Cannot read IP mode file for wolfSSL.I-CUBE-wolfMQTT.1.19.0
2025-08-04 16:15:16,488 [WARN] PackLoader:240 - Cannot read IP mode file for WES.I-CUBE-Cesium.1.3.0
2025-08-04 16:15:16,509 [WARN] PackLoader:240 - Cannot read IP mode file for STMicroelectronics.X-CUBE-BLE2.3.3.0
2025-08-04 16:15:16,521 [WARN] PackLoader:240 - Cannot read IP mode file for STMicroelectronics.X-CUBE-NFC9.1.0.0
2025-08-04 16:15:16,535 [WARN] PackLoader:240 - Cannot read IP mode file for STMicroelectronics.X-CUBE-BLE1.7.1.0
2025-08-04 16:15:16,566 [WARN] PackLoader:240 - Cannot read IP mode file for STMicroelectronics.X-CUBE-TCPP.4.1.0
2025-08-04 16:15:16,581 [WARN] PackLoader:240 - Cannot read IP mode file for STMicroelectronics.X-CUBE-EEPRMA1.5.2.0
2025-08-04 16:15:16,593 [WARN] PackLoader:240 - Cannot read IP mode file for STMicroelectronics.X-CUBE-AI.10.1.0
2025-08-04 16:15:16,608 [WARN] PackLoader:240 - Cannot read IP mode file for STMicroelectronics.X-CUBE-ALGOBUILD.1.3.0
2025-08-04 16:15:16,674 [WARN] PackLoader:240 - Cannot read IP mode file for STMicroelectronics.X-CUBE-MEMS1.11.2.0
2025-08-04 16:15:16,813 [WARN] PackLoader:240 - Cannot read IP mode file for STMicroelectronics.X-CUBE-AZRTOS-G0.1.1.0
2025-08-04 16:15:16,825 [WARN] PackLoader:240 - Cannot read IP mode file for STMicroelectronics.X-CUBE-SAFEA1.1.2.2
2025-08-04 16:15:16,833 [WARN] PackLoader:240 - Cannot read IP mode file for STMicroelectronics.X-CUBE-NFC4.3.0.0
2025-08-04 16:15:16,845 [WARN] PackLoader:240 - Cannot read IP mode file for EmbeddedOffice.I-CUBE-FS-RTOS.1.0.1
2025-08-04 16:15:16,851 [WARN] PackLoader:240 - Cannot read IP mode file for STMicroelectronics.X-CUBE-WB05N.2.0.0
2025-08-04 16:15:16,884 [WARN] PackLoader:240 - Cannot read IP mode file for STMicroelectronics.X-CUBE-BLEMGR.3.0.0
2025-08-04 16:15:16,893 [WARN] PackLoader:240 - Cannot read IP mode file for STMicroelectronics.X-CUBE-TCPP.4.2.0
2025-08-04 16:15:16,901 [WARN] PackLoader:240 - Cannot read IP mode file for RealThread.X-CUBE-RT-Thread_Nano.4.1.1
2025-08-04 16:15:16,904 [WARN] PackLoader:240 - Cannot read IP mode file for STMicroelectronics.FP-ATR-SIGFOX1.3.2.0
2025-08-04 16:15:16,912 [WARN] ConditionMgr:438 - getConditionDescription Invalid condition id : Cortex-A Device cause : null
2025-08-04 16:15:16,927 [WARN] ConditionMgr:1044 - genDependencies : Invalid condition id : Cortex-A Device cause : null
2025-08-04 16:15:16,927 [WARN] ConditionMgr:1044 - genDependencies : Invalid condition id : Cortex-A Device cause : null
2025-08-04 16:15:16,927 [WARN] ConditionMgr:1044 - genDependencies : Invalid condition id : Cortex-A Device cause : null
2025-08-04 16:15:16,933 [WARN] PackLoader:240 - Cannot read IP mode file for STMicroelectronics.X-CUBE-EEPRMA1.5.1.0
2025-08-04 16:15:16,943 [WARN] PackLoader:240 - Cannot read IP mode file for STMicroelectronics.X-CUBE-ST67W61.1.0.0
2025-08-04 16:15:16,947 [WARN] PackLoader:240 - Cannot read IP mode file for STMicroelectronics.X-CUBE-AI.10.2.0
2025-08-04 16:15:16,978 [WARN] PackLoader:240 - Cannot read IP mode file for SEGGER.I-CUBE-embOS.1.3.1
2025-08-04 16:15:17,024 [WARN] PackLoader:240 - Cannot read IP mode file for STMicroelectronics.X-CUBE-ALGOBUILD.1.4.0
2025-08-04 16:15:17,069 [WARN] PackLoader:240 - Cannot read IP mode file for STMicroelectronics.X-CUBE-MEMS1.11.3.0
2025-08-04 16:15:17,229 [WARN] PackLoader:240 - Cannot read IP mode file for STMicroelectronics.X-CUBE-AI.9.1.0
2025-08-04 16:15:17,237 [WARN] PackLoader:240 - Cannot read IP mode file for STMicroelectronics.X-CUBE-PM33A1.1.0.0
2025-08-04 16:15:17,247 [WARN] PackLoader:240 - Cannot read IP mode file for STMicroelectronics.X-CUBE-GNSS1.6.0.0
2025-08-04 16:15:17,293 [WARN] PackLoader:240 - Cannot read IP mode file for STMicroelectronics.X-CUBE-AZRTOS-F4.1.1.0
2025-08-04 16:15:17,306 [WARN] PackLoader:240 - Cannot read IP mode file for wolfSSL.I-CUBE-wolfSSL.5.6.4
2025-08-04 16:15:17,313 [WARN] PackLoader:240 - Cannot read IP mode file for Avnet-IotConnect.X-CUBE-IoTC-DA16k-PMOD.1.0.0
2025-08-04 16:15:17,320 [WARN] PackLoader:240 - Cannot read IP mode file for STMicroelectronics.X-CUBE-ISPU.2.1.0
2025-08-04 16:15:17,329 [WARN] PackLoader:240 - Cannot read IP mode file for STMicroelectronics.X-CUBE-FREERTOS.1.2.0
2025-08-04 16:15:17,342 [WARN] PackLoader:240 - Cannot read IP mode file for STMicroelectronics.X-CUBE-NFC12.1.0.0
2025-08-04 16:15:17,367 [WARN] PackLoader:240 - Cannot read IP mode file for STMicroelectronics.X-CUBE-AZRTOS-L5.2.0.0
2025-08-04 16:15:17,378 [WARN] PackLoader:240 - Cannot read IP mode file for STMicroelectronics.X-CUBE-EEPRMA1.4.2.0
2025-08-04 16:15:17,391 [WARN] PackLoader:240 - Cannot read IP mode file for STMicroelectronics.X-CUBE-NFC6.3.1.0
2025-08-04 16:15:17,403 [WARN] PackLoader:240 - Cannot read IP mode file for ITTIA_DB.I-CUBE-ITTIADB.8.8.0
2025-08-04 16:15:17,412 [WARN] PackLoader:240 - Cannot read IP mode file for STMicroelectronics.X-CUBE-DPower.1.2.0
2025-08-04 16:15:17,418 [WARN] PackLoader:240 - Cannot read IP mode file for STMicroelectronics.X-CUBE-AI.9.0.0
2025-08-04 16:15:17,438 [WARN] ConditionMgr:438 - getConditionDescription Invalid condition id : UX DEVICE CLASS RTOS Condition cause : null
2025-08-04 16:15:17,438 [WARN] ConditionMgr:438 - getConditionDescription Invalid condition id : UX DEVICE CLASS RTOS Condition cause : null
2025-08-04 16:15:17,444 [WARN] PackLoader:240 - Cannot read IP mode file for STMicroelectronics.X-CUBE-AZRTOS-H7.3.1.0
2025-08-04 16:15:17,446 [WARN] ConditionMgr:1044 - genDependencies : Invalid condition id : UX DEVICE CLASS RTOS Condition cause : null
2025-08-04 16:15:17,446 [WARN] ConditionMgr:1044 - genDependencies : Invalid condition id : UX DEVICE CLASS RTOS Condition cause : null
2025-08-04 16:15:17,447 [WARN] ConditionMgr:1044 - genDependencies : Invalid condition id : UX DEVICE CLASS RTOS Condition cause : null
2025-08-04 16:15:17,447 [WARN] ConditionMgr:1044 - genDependencies : Invalid condition id : UX DEVICE CLASS RTOS Condition cause : null
2025-08-04 16:15:17,447 [WARN] ConditionMgr:1044 - genDependencies : Invalid condition id : UX DEVICE CLASS RTOS Condition cause : null
2025-08-04 16:15:17,457 [WARN] PackLoader:240 - Cannot read IP mode file for STMicroelectronics.X-CUBE-FREERTOS.1.3.1
2025-08-04 16:15:17,462 [WARN] PackLoader:240 - Cannot read IP mode file for STMicroelectronics.X-CUBE-FREERTOS.1.3.0
2025-08-04 16:15:17,470 [WARN] PackLoader:240 - Cannot read IP mode file for STMicroelectronics.X-CUBE-NFC7.1.0.1
2025-08-04 16:15:17,477 [WARN] PackLoader:240 - Cannot read IP mode file for wolfSSL.I-CUBE-wolfTPM.3.2.0
2025-08-04 16:15:17,489 [WARN] PackLoader:240 - Cannot read IP mode file for STMicroelectronics.X-CUBE-NFC6.3.0.0
2025-08-04 16:15:17,497 [WARN] PackLoader:240 - Cannot read IP mode file for STMicroelectronics.FP-SNS-STAIOTCFT.1.0.0
2025-08-04 16:15:17,501 [WARN] PackLoader:240 - Cannot read IP mode file for STMicroelectronics.X-CUBE-DPower.1.3.0
2025-08-04 16:15:17,506 [WARN] PackLoader:240 - Cannot read IP mode file for STMicroelectronics.X-CUBE-AI.8.1.0
2025-08-04 16:15:17,525 [WARN] ConditionMgr:438 - getConditionDescription Invalid condition id : LAN8742 Phy interface Condition cause : null
2025-08-04 16:15:17,525 [WARN] PackLoader:240 - Cannot read IP mode file for STMicroelectronics.X-CUBE-AZRTOS-L4.2.0.0
2025-08-04 16:15:17,526 [WARN] ConditionMgr:1044 - genDependencies : Invalid condition id : LAN8742 Phy interface Condition cause : null
2025-08-04 16:15:17,526 [WARN] ConditionMgr:1044 - genDependencies : Invalid condition id : LAN8742 Phy interface Condition cause : null
2025-08-04 16:15:17,527 [WARN] ConditionMgr:1044 - genDependencies : Invalid condition id : LAN8742 Phy interface Condition cause : null
2025-08-04 16:15:17,534 [WARN] PackLoader:240 - Cannot read IP mode file for STMicroelectronics.X-CUBE-SFXS2LP1.4.0.0
2025-08-04 16:15:17,540 [WARN] PackLoader:240 - Cannot read IP mode file for STMicroelectronics.X-CUBE-ISPU.1.1.0
2025-08-04 16:15:17,558 [WARN] PackLoader:240 - Cannot read IP mode file for STMicroelectronics.X-CUBE-AZRTOS-H7.3.3.0
2025-08-04 16:15:17,571 [WARN] PackLoader:240 - Cannot read IP mode file for STMicroelectronics.X-CUBE-BLEMGR.4.1.0
2025-08-04 16:15:17,583 [WARN] PackLoader:240 - Cannot read IP mode file for STMicroelectronics.X-CUBE-IPS.3.0.0
2025-08-04 16:15:17,596 [WARN] ConditionMgr:438 - getConditionDescription Invalid condition id : UX DEVICE CLASS RTOS Condition cause : null
2025-08-04 16:15:17,598 [WARN] ConditionMgr:438 - getConditionDescription Invalid condition id : UX DEVICE CLASS RTOS Condition cause : null
2025-08-04 16:15:17,600 [WARN] PackLoader:240 - Cannot read IP mode file for STMicroelectronics.X-CUBE-AZRTOS-WB.2.0.0
2025-08-04 16:15:17,600 [WARN] ConditionMgr:1044 - genDependencies : Invalid condition id : UX DEVICE CLASS RTOS Condition cause : null
2025-08-04 16:15:17,600 [WARN] ConditionMgr:1044 - genDependencies : Invalid condition id : UX DEVICE CLASS RTOS Condition cause : null
2025-08-04 16:15:17,601 [WARN] ConditionMgr:1044 - genDependencies : Invalid condition id : UX DEVICE CLASS RTOS Condition cause : null
2025-08-04 16:15:17,602 [WARN] ConditionMgr:1044 - genDependencies : Invalid condition id : UX DEVICE CLASS RTOS Condition cause : null
2025-08-04 16:15:17,602 [WARN] ConditionMgr:1044 - genDependencies : Invalid condition id : UX DEVICE CLASS RTOS Condition cause : null
2025-08-04 16:15:17,607 [WARN] PackLoader:240 - Cannot read IP mode file for STMicroelectronics.X-CUBE-GNSS1.7.0.0
2025-08-04 16:15:17,613 [WARN] PackLoader:240 - Cannot read IP mode file for STMicroelectronics.X-CUBE-GNSS1.7.0.1
2025-08-04 16:15:17,616 [WARN] PackLoader:240 - Cannot read IP mode file for STMicroelectronics.X-CUBE-TOUCHGFX.4.25.0
2025-08-04 16:15:17,623 [WARN] PackLoader:240 - Cannot read IP mode file for STMicroelectronics.FP-SNS-STBOX1.2.0.0
2025-08-04 16:15:17,634 [WARN] PackLoader:240 - Cannot read IP mode file for STMicroelectronics.X-CUBE-SUBG2.5.0.0
2025-08-04 16:15:17,657 [WARN] PackLoader:240 - Cannot read IP mode file for STMicroelectronics.X-CUBE-AZRTOS-H7RS.1.1.0
2025-08-04 16:15:17,669 [WARN] PackLoader:240 - Cannot read IP mode file for STMicroelectronics.X-CUBE-TOF1.3.3.1
2025-08-04 16:15:17,692 [WARN] PackLoader:240 - Cannot read IP mode file for STMicroelectronics.X-CUBE-AZRTOS-G4.2.0.0
2025-08-04 16:15:17,709 [WARN] PackLoader:240 - Cannot read IP mode file for Infineon.AIROC-Wi-Fi-Bluetooth-STM32.1.5.1
2025-08-04 16:15:17,721 [WARN] PackLoader:240 - Cannot read IP mode file for STMicroelectronics.FP-SNS-MOTENVWB1.1.3.0
2025-08-04 16:15:17,732 [WARN] PackLoader:240 - Cannot read IP mode file for STMicroelectronics.X-CUBE-NFC7.2.0.0
2025-08-04 16:15:17,756 [WARN] PackLoader:240 - Cannot read IP mode file for STMicroelectronics.FP-SNS-MOTENVWB1.1.3.1
2025-08-04 16:15:17,766 [WARN] PackLoader:240 - Cannot read IP mode file for STMicroelectronics.X-CUBE-ISPU.2.0.0
2025-08-04 16:15:17,788 [WARN] PackLoader:240 - Cannot read IP mode file for STMicroelectronics.X-CUBE-IPS.3.1.0
2025-08-04 16:15:17,813 [WARN] PackLoader:240 - Cannot read IP mode file for STMicroelectronics.X-CUBE-ALS.1.0.2
2025-08-04 16:15:17,866 [WARN] PackLoader:240 - Cannot read IP mode file for STMicroelectronics.X-CUBE-MEMS1.10.0.0
2025-08-04 16:15:17,935 [INFO] WebApp:463 - Apply proxy settings
2025-08-04 16:15:17,936 [INFO] WebApp:548 - Chromium requires no authentication
2025-08-04 16:15:17,977 [INFO] WebApp:491 - Direct internet connection detected
2025-08-04 16:15:18,008 [WARN] PackLoader:240 - Cannot read IP mode file for STMicroelectronics.X-CUBE-FREERTOS.1.1.0
2025-08-04 16:15:18,021 [WARN] PackLoader:240 - Cannot read IP mode file for STMicroelectronics.X-CUBE-TOUCHGFX.4.24.0
2025-08-04 16:15:18,037 [WARN] PackLoader:240 - Cannot read IP mode file for STMicroelectronics.X-CUBE-TOUCHGFX.4.24.2
2025-08-04 16:15:18,050 [WARN] PackLoader:240 - Cannot read IP mode file for STMicroelectronics.X-CUBE-TOUCHGFX.4.24.1
2025-08-04 16:15:18,070 [WARN] PackLoader:240 - Cannot read IP mode file for portGmbH.I-Cube-SoM-uGOAL.1.1.0
2025-08-04 16:15:18,079 [WARN] PackLoader:240 - Cannot read IP mode file for STMicroelectronics.X-CUBE-ALS.1.0.1
2025-08-04 16:15:18,088 [INFO] WebApp:894 - Register for checkConnection events
2025-08-04 16:15:18,088 [INFO] WebApp:463 - Apply proxy settings
2025-08-04 16:15:18,088 [INFO] WebApp:548 - Chromium requires no authentication
2025-08-04 16:15:18,088 [INFO] WebApp:491 - Direct internet connection detected
2025-08-04 16:15:18,112 [WARN] PackLoader:240 - Cannot read IP mode file for STMicroelectronics.X-CUBE-AZRTOS-H7RS.1.0.0
2025-08-04 16:15:18,119 [WARN] PackLoader:240 - Cannot read IP mode file for STMicroelectronics.FP-ATR-ASTRA1.2.0.0
2025-08-04 16:15:18,134 [WARN] PackLoader:240 - Cannot read IP mode file for STMicroelectronics.X-CUBE-TOF1.3.4.2
2025-08-04 16:15:18,159 [WARN] PackLoader:240 - Cannot read IP mode file for STMicroelectronics.X-CUBE-TOF1.3.4.3
2025-08-04 16:15:18,183 [WARN] PackLoader:240 - Cannot read IP mode file for STMicroelectronics.X-CUBE-TOF1.3.4.0
2025-08-04 16:15:18,209 [WARN] PackLoader:240 - Cannot read IP mode file for STMicroelectronics.X-CUBE-TOF1.3.4.1
2025-08-04 16:15:18,244 [WARN] PackLoader:240 - Cannot read IP mode file for STMicroelectronics.X-CUBE-AZRTOS-H7.3.2.0
2025-08-04 16:15:18,256 [WARN] PackLoader:240 - Cannot read IP mode file for wolfSSL.I-CUBE-wolfSSH.1.4.17
2025-08-04 16:15:18,258 [INFO] ThirdParty:978 - Integrity check success = true
2025-08-04 16:15:18,258 [INFO] IntegrityCheckThread:100 - exiting critical section [integrity check]
2025-08-04 16:15:18,258 [INFO] IntegrityCheckThread:103 - End integrity checks thread
2025-08-04 16:15:18,398 [INFO] WebApp:191 - Connection restablished
2025-08-04 16:15:18,586 [INFO] WebApp:225 - Starting web application
2025-08-04 16:15:18,586 [INFO] WebApp:593 - Web application path used C:\ST\STM32CubeIDE_1.13.2\STM32CubeIDE\plugins\com.st.stm32cube.common.mx_6.14.1.202504091515\db\plugins\mcufinder\reactClient1\index.html
2025-08-04 16:15:18,838 [INFO] UserAuth:484 - Internet connection configuration mode: 1
2025-08-04 17:46:17,870 [INFO] WebApp:194 - Connection lost
2025-08-04 17:46:18,221 [INFO] WebApp:191 - Connection restablished
2025-08-04 17:46:51,300 [INFO] WebApp:194 - Connection lost
2025-08-04 17:46:51,438 [INFO] WebApp:191 - Connection restablished
2025-08-04 18:50:30,744 [INFO] WebApp:403 - JxBrowser engine has been closed 
2025-08-04 22:35:16,094 [INFO] Activator:176 - 


2025-08-04 22:35:16,100 [INFO] Activator:177 - !SESSION log4j initialized
2025-08-04 22:35:22,329 [INFO] LogOutputStream:77 - [STDOUT_REDIRECT] 
2025-08-04 22:35:23,582 [INFO] ApplicationProperties:184 - Using Application install path: C:\ST\STM32CubeIDE_1.13.2\STM32CubeIDE\plugins\com.st.stm32cube.common.mx_6.14.1.202504091515
2025-08-04 22:35:23,602 [INFO] DbMcusXml:78 - Set database path to: C:\ST\STM32CubeIDE_1.13.2\STM32CubeIDE\plugins\com.st.stm32cube.common.mx_6.14.1.202504091515\\db\/mcu/
2025-08-04 22:35:23,603 [INFO] ApiDb:274 - Set plugin database path to: C:\ST\STM32CubeIDE_1.13.2\STM32CubeIDE\plugins\com.st.stm32cube.common.mx_6.14.1.202504091515\\db\/plugins/boardmanager/
2025-08-04 22:35:23,604 [WARN] ApiDb:259 - Overriding images path with different value:  => C:\ST\STM32CubeIDE_1.13.2\STM32CubeIDE\plugins\com.st.stm32cube.common.mx_6.14.1.202504091515\\db\/plugins/mcufinder/images/
2025-08-04 22:35:23,612 [INFO] ApiDb:250 - Set database path to: C:\Users\Admin\.stmcufinder\plugins\mcufinder//mcu/
2025-08-04 22:35:23,613 [INFO] DbMcusAds:125 - Set database path to: C:\Users\Admin\.stmcufinder\plugins\mcufinder//mcu/
2025-08-04 22:35:23,615 [INFO] CrossReferenceDbSqlite:203 - Set database path to: C:\Users\Admin\.stmcufinder\plugins\mcufinder//mcu/cs/
2025-08-04 22:35:23,749 [INFO] RulesReader:64 - Compatibility file has been processed (302 Rules)
2025-08-04 22:35:23,839 [INFO] DbMcusXml:78 - Set database path to: C:\ST\STM32CubeIDE_1.13.2\STM32CubeIDE\plugins\com.st.stm32cube.common.mx_6.14.1.202504091515\\db\/mcu/
2025-08-04 22:35:23,839 [INFO] ApiDb:274 - Set plugin database path to: C:\ST\STM32CubeIDE_1.13.2\STM32CubeIDE\plugins\com.st.stm32cube.common.mx_6.14.1.202504091515\\db\/plugins/boardmanager/
2025-08-04 22:35:23,839 [INFO] ApiDb:261 - Set plugin images path to: C:\ST\STM32CubeIDE_1.13.2\STM32CubeIDE\plugins\com.st.stm32cube.common.mx_6.14.1.202504091515\\db\/plugins/mcufinder/images/
2025-08-04 22:35:23,840 [WARN] DbFile:41 - Overriding database path with different value: C:\Users\Admin\.stmcufinder\plugins\mcufinder/ => C:\Users\Admin\.stmcufinder\plugins\mcufinder
2025-08-04 22:35:23,840 [INFO] ApiDb:250 - Set database path to: C:\Users\Admin\.stmcufinder\plugins\mcufinder//mcu/
2025-08-04 22:35:23,840 [WARN] DbFile:41 - Overriding database path with different value: C:\Users\Admin\.stmcufinder\plugins\mcufinder/ => C:\Users\Admin\.stmcufinder\plugins\mcufinder
2025-08-04 22:35:23,840 [INFO] DbMcusAds:125 - Set database path to: C:\Users\Admin\.stmcufinder\plugins\mcufinder//mcu/
2025-08-04 22:35:23,840 [WARN] DbFile:41 - Overriding database path with different value: C:\Users\Admin\.stmcufinder\plugins\mcufinder/ => C:\Users\Admin\.stmcufinder\plugins\mcufinder
2025-08-04 22:35:23,840 [WARN] DbFile:41 - Overriding database path with different value: C:\Users\Admin\.stmcufinder\plugins\mcufinder/ => C:\Users\Admin\.stmcufinder\plugins\mcufinder
2025-08-04 22:35:23,841 [INFO] CrossReferenceDbSqlite:203 - Set database path to: C:\Users\Admin\.stmcufinder\plugins\mcufinder//mcu/cs/
2025-08-04 22:35:23,926 [INFO] MainPanel:272 - HeapMemory: 268435456
2025-08-04 22:35:24,035 [INFO] DbMcusXml:78 - Set database path to: C:\ST\STM32CubeIDE_1.13.2\STM32CubeIDE\plugins\com.st.stm32cube.common.mx_6.14.1.202504091515\\db\/mcu/
2025-08-04 22:35:24,035 [INFO] ApiDb:274 - Set plugin database path to: C:\ST\STM32CubeIDE_1.13.2\STM32CubeIDE\plugins\com.st.stm32cube.common.mx_6.14.1.202504091515\\db\/plugins/boardmanager/
2025-08-04 22:35:24,035 [INFO] ApiDb:261 - Set plugin images path to: C:\ST\STM32CubeIDE_1.13.2\STM32CubeIDE\plugins\com.st.stm32cube.common.mx_6.14.1.202504091515\\db\/plugins/mcufinder/images/
2025-08-04 22:35:24,035 [WARN] DbFile:41 - Overriding database path with different value: C:\Users\Admin\.stmcufinder\plugins\mcufinder/ => C:\Users\Admin\.stmcufinder\plugins\mcufinder
2025-08-04 22:35:24,035 [INFO] ApiDb:250 - Set database path to: C:\Users\Admin\.stmcufinder\plugins\mcufinder//mcu/
2025-08-04 22:35:24,035 [WARN] DbFile:41 - Overriding database path with different value: C:\Users\Admin\.stmcufinder\plugins\mcufinder/ => C:\Users\Admin\.stmcufinder\plugins\mcufinder
2025-08-04 22:35:24,035 [INFO] DbMcusAds:125 - Set database path to: C:\Users\Admin\.stmcufinder\plugins\mcufinder//mcu/
2025-08-04 22:35:24,035 [WARN] DbFile:41 - Overriding database path with different value: C:\Users\Admin\.stmcufinder\plugins\mcufinder/ => C:\Users\Admin\.stmcufinder\plugins\mcufinder
2025-08-04 22:35:24,037 [WARN] DbFile:41 - Overriding database path with different value: C:\Users\Admin\.stmcufinder\plugins\mcufinder/ => C:\Users\Admin\.stmcufinder\plugins\mcufinder
2025-08-04 22:35:24,037 [INFO] CrossReferenceDbSqlite:203 - Set database path to: C:\Users\Admin\.stmcufinder\plugins\mcufinder//mcu/cs/
2025-08-04 22:35:24,054 [INFO] ApplicationProperties:184 - Using Application install path: C:\ST\STM32CubeIDE_1.13.2\STM32CubeIDE\plugins\com.st.stm32cube.common.mx_6.14.1.202504091515
2025-08-04 22:35:24,056 [INFO] PluginManage:196 - Search for loadable plugins [exclusion list=, ]
2025-08-04 22:35:24,056 [INFO] PluginManage:310 - Check plugin analytics
2025-08-04 22:35:24,292 [INFO] AnalyticsPlugin:253 - Accepted Software Licenses: 
2025-08-04 22:35:24,292 [INFO] AnalyticsPlugin:255 - Accepted CMSIS Pack Licenses: 
2025-08-04 22:35:24,292 [INFO] AnalyticsPlugin:257 - Accepted Firmware Licenses: FW.F4.1.28.0
2025-08-04 22:35:24,296 [INFO] PluginManage:359 - Loaded plugin analytics (category:tool,tabindex:-1)
2025-08-04 22:35:24,296 [INFO] PluginManage:310 - Check plugin cadmodel
2025-08-04 22:35:24,304 [INFO] CADModel:105 - Init CAD model plugin
2025-08-04 22:35:24,304 [INFO] PluginManage:359 - Loaded plugin cadmodel (category:power,tabindex:5)
2025-08-04 22:35:24,304 [INFO] PluginManage:310 - Check plugin clock
2025-08-04 22:35:24,316 [INFO] PluginManage:359 - Loaded plugin clock (category:base,tabindex:2)
2025-08-04 22:35:24,316 [INFO] PluginManage:310 - Check plugin ddr
2025-08-04 22:35:24,320 [INFO] PluginManage:359 - Loaded plugin ddr (category:tool,tabindex:6)
2025-08-04 22:35:24,320 [INFO] PluginManage:310 - Check plugin filemanager
2025-08-04 22:35:24,498 [INFO] PluginManage:359 - Loaded plugin filemanager (category:base,tabindex:10)
2025-08-04 22:35:24,498 [INFO] PluginManage:310 - Check plugin ipmanager
2025-08-04 22:35:24,505 [INFO] PluginManage:359 - Loaded plugin ipmanager (category:base,tabindex:5)
2025-08-04 22:35:24,505 [INFO] PluginManage:310 - Check plugin lpbam
2025-08-04 22:35:24,513 [INFO] PluginManage:359 - Loaded plugin lpbam (category:base,tabindex:0)
2025-08-04 22:35:24,513 [INFO] PluginManage:310 - Check plugin memorymap
2025-08-04 22:35:24,527 [INFO] PluginManage:359 - Loaded plugin memorymap (category:base,tabindex:4)
2025-08-04 22:35:24,527 [INFO] PluginManage:310 - Check plugin pinoutandconfiguration
2025-08-04 22:35:24,539 [INFO] PluginManage:359 - Loaded plugin pinoutandconfiguration (category:base,tabindex:1)
2025-08-04 22:35:24,539 [INFO] PluginManage:310 - Check plugin pinoutconfig
2025-08-04 22:35:24,643 [WARN] SupportedApi:132 - Cannot load RTOS API schema: s4s-elt-must-match.1: The content of 'definitions' must match (annotation?, (simpleType | complexType)?, (unique | key | keyref)*)). A problem was found starting at: attribute.
2025-08-04 22:35:24,833 [INFO] PluginManage:359 - Loaded plugin pinoutconfig (category:base,tabindex:0)
2025-08-04 22:35:24,833 [INFO] PluginManage:310 - Check plugin power
2025-08-04 22:35:24,850 [INFO] PluginManage:359 - Loaded plugin power (category:power,tabindex:4)
2025-08-04 22:35:24,850 [INFO] PluginManage:310 - Check plugin projectmanager
2025-08-04 22:35:24,870 [INFO] PluginManage:359 - Loaded plugin projectmanager (category:projectmanager,tabindex:4)
2025-08-04 22:35:24,870 [INFO] PluginManage:310 - Check plugin rif
2025-08-04 22:35:24,880 [INFO] PluginManage:359 - Loaded plugin rif (category:base,tabindex:3)
2025-08-04 22:35:24,880 [INFO] PluginManage:310 - Check plugin thirdparty
2025-08-04 22:35:25,062 [WARN] IntegrityCheckThread:84 - waiting for thirdparty lock release [integrity check]
2025-08-04 22:35:25,062 [INFO] IntegrityCheckThread:86 - entering critical section [integrity check]
2025-08-04 22:35:25,062 [INFO] PluginManage:359 - Loaded plugin thirdparty (category:base,tabindex:-1)
2025-08-04 22:35:25,062 [INFO] PluginManage:310 - Check plugin tools
2025-08-04 22:35:25,062 [INFO] ThirdPartyUpdaterWithRetryManager:70 - Updater plugin not ready yet. [1/15]
2025-08-04 22:35:25,066 [INFO] PluginManage:359 - Loaded plugin tools (category:base,tabindex:7)
2025-08-04 22:35:25,066 [INFO] PluginManage:310 - Check plugin tutovideos
2025-08-04 22:35:25,279 [INFO] PluginManage:359 - Loaded plugin tutovideos (category:base,tabindex:-1)
2025-08-04 22:35:25,279 [INFO] PluginManage:310 - Check plugin updater
2025-08-04 22:35:25,307 [INFO] PluginManage:359 - Loaded plugin updater (category:base,tabindex:12)
2025-08-04 22:35:25,307 [INFO] PluginManage:310 - Check plugin userauth
2025-08-04 22:35:25,312 [INFO] UserAuth:118 - Init User Auth plugin
2025-08-04 22:35:25,314 [INFO] PluginManage:359 - Loaded plugin userauth (category:base,tabindex:14)
2025-08-04 22:35:25,314 [INFO] PluginManage:283 - PluginManage : Loaded plugins [18]
2025-08-04 22:35:25,536 [INFO] PinOutPanel:1589 - setPackage(No Configuration,No Configuration)
2025-08-04 22:35:25,632 [INFO] CADModel:165 - CPN selected for project level
2025-08-04 22:35:25,632 [INFO] CADModel:114 - Register for checkConnection events
2025-08-04 22:35:25,650 [INFO] IPUIPlugin:80 - create IPUIPlugin
2025-08-04 22:35:25,650 [INFO] PluginManager:220 - loadIPPluginJar : add adc
2025-08-04 22:35:25,654 [INFO] IPUIPlugin:80 - create IPUIPlugin
2025-08-04 22:35:25,654 [INFO] PluginManager:220 - loadIPPluginJar : add aes
2025-08-04 22:35:25,656 [INFO] IPUIPlugin:80 - create IPUIPlugin
2025-08-04 22:35:25,656 [INFO] PluginManager:220 - loadIPPluginJar : add can
2025-08-04 22:35:25,658 [INFO] IPUIPlugin:80 - create IPUIPlugin
2025-08-04 22:35:25,658 [INFO] PluginManager:220 - loadIPPluginJar : add comp
2025-08-04 22:35:25,662 [INFO] IPUIPlugin:80 - create IPUIPlugin
2025-08-04 22:35:25,662 [INFO] PluginManager:220 - loadIPPluginJar : add cryp
2025-08-04 22:35:25,666 [INFO] IPUIPlugin:80 - create IPUIPlugin
2025-08-04 22:35:25,666 [INFO] PluginManager:220 - loadIPPluginJar : add ddr_ctrl_phy
2025-08-04 22:35:25,668 [INFO] IPUIPlugin:80 - create IPUIPlugin
2025-08-04 22:35:25,670 [INFO] PluginManager:220 - loadIPPluginJar : add dfsdm
2025-08-04 22:35:25,674 [INFO] IPUIPlugin:80 - create IPUIPlugin
2025-08-04 22:35:25,674 [INFO] PluginManager:220 - loadIPPluginJar : add dma
2025-08-04 22:35:25,677 [INFO] IPUIPlugin:80 - create IPUIPlugin
2025-08-04 22:35:25,677 [INFO] PluginManager:220 - loadIPPluginJar : add dma3
2025-08-04 22:35:25,679 [INFO] IPUIPlugin:80 - create IPUIPlugin
2025-08-04 22:35:25,679 [INFO] PluginManager:220 - loadIPPluginJar : add extmemmanager
2025-08-04 22:35:25,681 [INFO] IPUIPlugin:80 - create IPUIPlugin
2025-08-04 22:35:25,681 [INFO] PluginManager:220 - loadIPPluginJar : add fatfs
2025-08-04 22:35:25,686 [INFO] IPUIPlugin:80 - create IPUIPlugin
2025-08-04 22:35:25,686 [INFO] PluginManager:220 - loadIPPluginJar : add fmc
2025-08-04 22:35:25,691 [INFO] IPUIPlugin:80 - create IPUIPlugin
2025-08-04 22:35:25,693 [INFO] PluginManager:220 - loadIPPluginJar : add freertos
2025-08-04 22:35:25,695 [INFO] IPUIPlugin:80 - create IPUIPlugin
2025-08-04 22:35:25,695 [INFO] PluginManager:220 - loadIPPluginJar : add genericplugin
2025-08-04 22:35:25,697 [INFO] IPUIPlugin:80 - create IPUIPlugin
2025-08-04 22:35:25,697 [INFO] PluginManager:220 - loadIPPluginJar : add gfxmmu
2025-08-04 22:35:25,701 [INFO] IPUIPlugin:80 - create IPUIPlugin
2025-08-04 22:35:25,701 [INFO] PluginManager:220 - loadIPPluginJar : add gic
2025-08-04 22:35:25,705 [INFO] IPUIPlugin:80 - create IPUIPlugin
2025-08-04 22:35:25,705 [INFO] PluginManager:220 - loadIPPluginJar : add gpio
2025-08-04 22:35:25,709 [INFO] IPUIPlugin:80 - create IPUIPlugin
2025-08-04 22:35:25,709 [INFO] PluginManager:220 - loadIPPluginJar : add gtzc
2025-08-04 22:35:25,711 [INFO] IPUIPlugin:80 - create IPUIPlugin
2025-08-04 22:35:25,711 [INFO] PluginManager:220 - loadIPPluginJar : add hash
2025-08-04 22:35:25,713 [INFO] IPUIPlugin:80 - create IPUIPlugin
2025-08-04 22:35:25,713 [INFO] PluginManager:220 - loadIPPluginJar : add i2c
2025-08-04 22:35:25,717 [INFO] IPUIPlugin:80 - create IPUIPlugin
2025-08-04 22:35:25,717 [INFO] PluginManager:220 - loadIPPluginJar : add i2s
2025-08-04 22:35:25,719 [INFO] IPUIPlugin:80 - create IPUIPlugin
2025-08-04 22:35:25,719 [INFO] PluginManager:220 - loadIPPluginJar : add i3c
2025-08-04 22:35:25,723 [INFO] IPUIPlugin:80 - create IPUIPlugin
2025-08-04 22:35:25,723 [INFO] PluginManager:220 - loadIPPluginJar : add ipddr
2025-08-04 22:35:25,729 [INFO] IPUIPlugin:80 - create IPUIPlugin
2025-08-04 22:35:25,731 [INFO] PluginManager:220 - loadIPPluginJar : add linkedlist
2025-08-04 22:35:25,733 [INFO] IPUIPlugin:80 - create IPUIPlugin
2025-08-04 22:35:25,733 [INFO] PluginManager:220 - loadIPPluginJar : add lorawan
2025-08-04 22:35:25,735 [INFO] IPUIPlugin:80 - create IPUIPlugin
2025-08-04 22:35:25,735 [INFO] PluginManager:220 - loadIPPluginJar : add ltdc
2025-08-04 22:35:25,741 [INFO] IPUIPlugin:80 - create IPUIPlugin
2025-08-04 22:35:25,741 [INFO] PluginManager:220 - loadIPPluginJar : add mdma
2025-08-04 22:35:25,745 [INFO] IPUIPlugin:80 - create IPUIPlugin
2025-08-04 22:35:25,745 [INFO] PluginManager:220 - loadIPPluginJar : add nvic
2025-08-04 22:35:25,749 [INFO] IPUIPlugin:80 - create IPUIPlugin
2025-08-04 22:35:25,749 [INFO] PluginManager:220 - loadIPPluginJar : add opamp
2025-08-04 22:35:25,753 [INFO] IPUIPlugin:80 - create IPUIPlugin
2025-08-04 22:35:25,753 [INFO] PluginManager:220 - loadIPPluginJar : add openamp
2025-08-04 22:35:25,757 [INFO] IPUIPlugin:80 - create IPUIPlugin
2025-08-04 22:35:25,757 [INFO] PluginManager:220 - loadIPPluginJar : add pdm2pcm
2025-08-04 22:35:25,765 [INFO] IPUIPlugin:80 - create IPUIPlugin
2025-08-04 22:35:25,769 [INFO] PluginManager:220 - loadIPPluginJar : add plateformsettings
2025-08-04 22:35:25,771 [INFO] IPUIPlugin:80 - create IPUIPlugin
2025-08-04 22:35:25,771 [INFO] PluginManager:220 - loadIPPluginJar : add quadspi
2025-08-04 22:35:25,773 [INFO] IPUIPlugin:80 - create IPUIPlugin
2025-08-04 22:35:25,773 [INFO] PluginManager:220 - loadIPPluginJar : add radio
2025-08-04 22:35:25,777 [INFO] IPUIPlugin:80 - create IPUIPlugin
2025-08-04 22:35:25,777 [INFO] PluginManager:220 - loadIPPluginJar : add resmgrutility
2025-08-04 22:35:25,779 [INFO] IPUIPlugin:80 - create IPUIPlugin
2025-08-04 22:35:25,781 [INFO] PluginManager:220 - loadIPPluginJar : add sai
2025-08-04 22:35:25,783 [INFO] IPUIPlugin:80 - create IPUIPlugin
2025-08-04 22:35:25,783 [INFO] PluginManager:220 - loadIPPluginJar : add spi
2025-08-04 22:35:25,788 [INFO] IPUIPlugin:80 - create IPUIPlugin
2025-08-04 22:35:25,788 [INFO] PluginManager:220 - loadIPPluginJar : add stm32_wpan
2025-08-04 22:35:25,790 [INFO] IPUIPlugin:80 - create IPUIPlugin
2025-08-04 22:35:25,790 [INFO] PluginManager:220 - loadIPPluginJar : add tim
2025-08-04 22:35:25,794 [INFO] IPUIPlugin:80 - create IPUIPlugin
2025-08-04 22:35:25,794 [INFO] PluginManager:220 - loadIPPluginJar : add touchsensing
2025-08-04 22:35:25,796 [INFO] IPUIPlugin:80 - create IPUIPlugin
2025-08-04 22:35:25,796 [INFO] PluginManager:220 - loadIPPluginJar : add tracer_emb
2025-08-04 22:35:25,798 [INFO] IPUIPlugin:80 - create IPUIPlugin
2025-08-04 22:35:25,798 [INFO] PluginManager:220 - loadIPPluginJar : add ts
2025-08-04 22:35:25,800 [INFO] IPUIPlugin:80 - create IPUIPlugin
2025-08-04 22:35:25,800 [INFO] PluginManager:220 - loadIPPluginJar : add tsc
2025-08-04 22:35:25,802 [INFO] IPUIPlugin:80 - create IPUIPlugin
2025-08-04 22:35:25,802 [INFO] PluginManager:220 - loadIPPluginJar : add ucpd
2025-08-04 22:35:25,804 [INFO] IPUIPlugin:80 - create IPUIPlugin
2025-08-04 22:35:25,804 [INFO] PluginManager:220 - loadIPPluginJar : add usart
2025-08-04 22:35:25,808 [INFO] IPUIPlugin:80 - create IPUIPlugin
2025-08-04 22:35:25,808 [INFO] PluginManager:220 - loadIPPluginJar : add usbx
2025-08-04 22:35:25,943 [FATAL] Updater:351 - Updater called before beeing initialized
2025-08-04 22:35:25,965 [INFO] RulesReader:64 - Compatibility file has been processed (302 Rules)
2025-08-04 22:35:25,973 [INFO] RulesReader:64 - Compatibility file has been processed (302 Rules)
2025-08-04 22:35:25,979 [INFO] CADModel:165 - CPN selected for project level
2025-08-04 22:35:25,981 [INFO] CADModel:114 - Register for checkConnection events
2025-08-04 22:35:25,981 [FATAL] Updater:351 - Updater called before beeing initialized
2025-08-04 22:35:25,981 [ERROR] CADModel:125 - Updater not yet initialized, retry later 
2025-08-04 22:35:26,151 [FATAL] Updater:351 - Updater called before beeing initialized
2025-08-04 22:35:26,155 [INFO] CADModel:165 - CPN selected for project level
2025-08-04 22:35:26,155 [INFO] CADModel:114 - Register for checkConnection events
2025-08-04 22:35:26,155 [FATAL] Updater:351 - Updater called before beeing initialized
2025-08-04 22:35:26,155 [ERROR] CADModel:125 - Updater not yet initialized, retry later 
2025-08-04 22:35:26,159 [FATAL] Updater:351 - Updater called before beeing initialized
2025-08-04 22:35:26,276 [FATAL] Updater:351 - Updater called before beeing initialized
2025-08-04 22:35:26,280 [INFO] DbMcusAds:53 - JSON generation date=Tue Jul 08 15:14:23 ICT 2025 (1751962463582)
2025-08-04 22:35:26,280 [FATAL] Updater:351 - Updater called before beeing initialized
2025-08-04 22:35:26,321 [WARN] DetailPanel:346 - Failed to get advertising image, set to default
2025-08-04 22:35:26,600 [FATAL] Updater:351 - Updater called before beeing initialized
2025-08-04 22:35:26,602 [FATAL] Updater:351 - Updater called before beeing initialized
2025-08-04 22:35:26,602 [FATAL] Updater:351 - Updater called before beeing initialized
2025-08-04 22:35:26,602 [WARN] DetailPanel:346 - Failed to get advertising image, set to default
2025-08-04 22:35:26,602 [FATAL] Updater:351 - Updater called before beeing initialized
2025-08-04 22:35:26,656 [ERROR] Updater:1198 - MainUpdater not yet initialized. External WinMGr cannot be set.
2025-08-04 22:35:26,658 [INFO] Updater:1134 - Updater Version found : 6.14.1
2025-08-04 22:35:26,677 [INFO] ApplicationProperties:184 - Using Application install path: C:\ST\STM32CubeIDE_1.13.2\STM32CubeIDE\plugins\com.st.stm32cube.common.mx_6.14.1.202504091515
2025-08-04 22:35:27,087 [INFO] MainUpdater:2872 - connection check result : 10
2025-08-04 22:35:27,087 [INFO] MainUpdater:289 - Updater Check For Update Now.
2025-08-04 22:35:27,087 [INFO] MicroXplorer:498 - Change Database Version : DB.6.0.141
2025-08-04 22:35:27,093 [INFO] McuFinderGlobals:63 - Set McuFinder mode to 2 (CubeIDE integrated)
2025-08-04 22:35:27,095 [INFO] UserAuth:484 - Internet connection configuration mode: 1
2025-08-04 22:35:27,123 [INFO] JxBrowserEngine:152 - Initiate JxBrowser Engine with user profile folder
2025-08-04 22:35:27,273 [INFO] CheckServerUpdateThread:120 - End of CheckServer Thread
2025-08-04 22:35:28,373 [INFO] WebApp:169 - Instantiating new browser for Auth
2025-08-04 22:35:28,734 [WARN] PackLoader:240 - Cannot read IP mode file for STMicroelectronics.FP-SNS-MOTENVWB1.1.4.0
2025-08-04 22:35:28,746 [WARN] PackLoader:240 - Cannot read IP mode file for STMicroelectronics.FP-ATR-ASTRA1.2.0.2
2025-08-04 22:35:28,750 [WARN] PackLoader:240 - Cannot read IP mode file for STMicroelectronics.FP-ATR-ASTRA1.2.0.1
2025-08-04 22:35:28,778 [WARN] PackLoader:240 - Cannot read IP mode file for STMicroelectronics.X-CUBE-SMBUS.2.1.0
2025-08-04 22:35:28,792 [WARN] PackLoader:240 - Cannot read IP mode file for STMicroelectronics.X-CUBE-WB05N.1.1.0
2025-08-04 22:35:28,806 [WARN] PackLoader:240 - Cannot read IP mode file for STMicroelectronics.X-CUBE-ST60.1.0.0
2025-08-04 22:35:28,817 [WARN] PackLoader:240 - Cannot read IP mode file for STMicroelectronics.X-CUBE-TOUCHGFX.4.23.1
2025-08-04 22:35:28,827 [WARN] PackLoader:240 - Cannot read IP mode file for STMicroelectronics.X-CUBE-TOUCHGFX.4.23.0
2025-08-04 22:35:28,849 [WARN] PackLoader:240 - Cannot read IP mode file for STMicroelectronics.X-CUBE-TOUCHGFX.4.23.2
2025-08-04 22:35:28,885 [WARN] PackLoader:240 - Cannot read IP mode file for STMicroelectronics.X-CUBE-AZRTOS-F7.1.1.0
2025-08-04 22:35:28,892 [WARN] PackLoader:240 - Cannot read IP mode file for STMicroelectronics.FP-SNS-MOTENV1.4.3.2
2025-08-04 22:35:28,961 [WARN] PackLoader:240 - Cannot read IP mode file for STMicroelectronics.X-CUBE-MEMS1.11.0.0
2025-08-04 22:35:29,142 [WARN] PackLoader:240 - Cannot read IP mode file for STMicroelectronics.FP-SNS-FLIGHT1.5.0.2
2025-08-04 22:35:29,157 [WARN] PackLoader:240 - Cannot read IP mode file for STMicroelectronics.X-CUBE-AZRTOS-H7.3.4.0
2025-08-04 22:35:29,167 [WARN] PackLoader:240 - Cannot read IP mode file for STMicroelectronics.X-CUBE-DISPLAY.3.0.0
2025-08-04 22:35:29,173 [WARN] PackLoader:240 - Cannot read IP mode file for STMicroelectronics.X-CUBE-BLE1.7.0.0
2025-08-04 22:35:29,179 [WARN] PackLoader:240 - Cannot read IP mode file for STMicroelectronics.X-CUBE-NFC10.1.0.0
2025-08-04 22:35:29,188 [WARN] PackLoader:240 - Cannot read IP mode file for STMicroelectronics.X-CUBE-BLEMGR.4.0.0
2025-08-04 22:35:29,195 [WARN] PackLoader:240 - Cannot read IP mode file for emotas.I-CUBE-CANOPEN.1.3.0
2025-08-04 22:35:29,197 [WARN] PackLoader:240 - Cannot read IP mode file for STMicroelectronics.X-CUBE-TOUCHGFX.4.22.1
2025-08-04 22:35:29,215 [WARN] PackLoader:240 - Cannot read IP mode file for STMicroelectronics.X-CUBE-BLEMGR.3.1.0
2025-08-04 22:35:29,221 [WARN] PackLoader:240 - Cannot read IP mode file for STMicroelectronics.X-CUBE-AI.10.0.0
2025-08-04 22:35:29,225 [ERROR] Engine:466 - C:\Users\Admin\.stm32cubemx\thirdparties\pdsc\STMicroelectronics.FP-SNS-STBOX1.2.1.0.pdsc: PDSC version is not supported
2025-08-04 22:35:29,229 [WARN] PackLoader:240 - Cannot read IP mode file for STMicroelectronics.FP-SNS-SMARTAG2.1.2.0
2025-08-04 22:35:29,233 [WARN] PackLoader:240 - Cannot read IP mode file for STMicroelectronics.FP-SNS-FLIGHT1.5.1.0
2025-08-04 22:35:29,267 [WARN] PackLoader:240 - Cannot read IP mode file for STMicroelectronics.X-CUBE-MEMS1.11.1.0
2025-08-04 22:35:29,395 [INFO] LogOutputStream:77 - [STDOUT_REDIRECT] 1 : Invalid condition id : UX_CORESTACK_Condition cause : null
2025-08-04 22:35:29,397 [INFO] LogOutputStream:77 - [STDOUT_REDIRECT] 1 : Invalid condition id : UX_CORESTACK_Condition cause : null
2025-08-04 22:35:29,397 [INFO] LogOutputStream:77 - [STDOUT_REDIRECT] 1 : Invalid condition id : UX_CORESTACK_Condition cause : null
2025-08-04 22:35:29,399 [INFO] LogOutputStream:77 - [STDOUT_REDIRECT] 1 : Invalid condition id : UX_CORESTACK_Condition cause : null
2025-08-04 22:35:29,401 [INFO] LogOutputStream:77 - [STDOUT_REDIRECT] 1 : Invalid condition id : UX_CORESTACK_Condition cause : null
2025-08-04 22:35:29,403 [WARN] PackLoader:240 - Cannot read IP mode file for STMicroelectronics.X-CUBE-AZRTOS-WL.2.0.0
2025-08-04 22:35:29,409 [WARN] PackLoader:240 - Cannot read IP mode file for STMicroelectronics.FP-SNS-MOTENV1.5.0.0
2025-08-04 22:35:29,422 [WARN] PackLoader:240 - Cannot read IP mode file for wolfSSL.I-CUBE-wolfMQTT.1.19.0
2025-08-04 22:35:29,431 [WARN] PackLoader:240 - Cannot read IP mode file for WES.I-CUBE-Cesium.1.3.0
2025-08-04 22:35:29,438 [WARN] PackLoader:240 - Cannot read IP mode file for STMicroelectronics.X-CUBE-BLE2.3.3.0
2025-08-04 22:35:29,443 [WARN] PackLoader:240 - Cannot read IP mode file for STMicroelectronics.X-CUBE-NFC9.1.0.0
2025-08-04 22:35:29,449 [WARN] PackLoader:240 - Cannot read IP mode file for STMicroelectronics.X-CUBE-BLE1.7.1.0
2025-08-04 22:35:29,457 [WARN] PackLoader:240 - Cannot read IP mode file for STMicroelectronics.X-CUBE-TCPP.4.1.0
2025-08-04 22:35:29,466 [WARN] PackLoader:240 - Cannot read IP mode file for STMicroelectronics.X-CUBE-EEPRMA1.5.2.0
2025-08-04 22:35:29,470 [WARN] PackLoader:240 - Cannot read IP mode file for STMicroelectronics.X-CUBE-AI.10.1.0
2025-08-04 22:35:29,475 [WARN] PackLoader:240 - Cannot read IP mode file for STMicroelectronics.X-CUBE-ALGOBUILD.1.3.0
2025-08-04 22:35:29,506 [WARN] PackLoader:240 - Cannot read IP mode file for STMicroelectronics.X-CUBE-MEMS1.11.2.0
2025-08-04 22:35:29,616 [WARN] PackLoader:240 - Cannot read IP mode file for STMicroelectronics.X-CUBE-AZRTOS-G0.1.1.0
2025-08-04 22:35:29,626 [WARN] PackLoader:240 - Cannot read IP mode file for STMicroelectronics.X-CUBE-SAFEA1.1.2.2
2025-08-04 22:35:29,632 [WARN] PackLoader:240 - Cannot read IP mode file for STMicroelectronics.X-CUBE-NFC4.3.0.0
2025-08-04 22:35:29,644 [WARN] PackLoader:240 - Cannot read IP mode file for EmbeddedOffice.I-CUBE-FS-RTOS.1.0.1
2025-08-04 22:35:29,650 [WARN] PackLoader:240 - Cannot read IP mode file for STMicroelectronics.X-CUBE-WB05N.2.0.0
2025-08-04 22:35:29,664 [WARN] PackLoader:240 - Cannot read IP mode file for STMicroelectronics.X-CUBE-BLEMGR.3.0.0
2025-08-04 22:35:29,702 [WARN] PackLoader:240 - Cannot read IP mode file for STMicroelectronics.X-CUBE-TCPP.4.2.0
2025-08-04 22:35:29,714 [WARN] PackLoader:240 - Cannot read IP mode file for RealThread.X-CUBE-RT-Thread_Nano.4.1.1
2025-08-04 22:35:29,719 [WARN] PackLoader:240 - Cannot read IP mode file for STMicroelectronics.FP-ATR-SIGFOX1.3.2.0
2025-08-04 22:35:29,725 [WARN] ConditionMgr:438 - getConditionDescription Invalid condition id : Cortex-A Device cause : null
2025-08-04 22:35:29,743 [WARN] ConditionMgr:1044 - genDependencies : Invalid condition id : Cortex-A Device cause : null
2025-08-04 22:35:29,743 [WARN] ConditionMgr:1044 - genDependencies : Invalid condition id : Cortex-A Device cause : null
2025-08-04 22:35:29,743 [WARN] ConditionMgr:1044 - genDependencies : Invalid condition id : Cortex-A Device cause : null
2025-08-04 22:35:29,747 [WARN] PackLoader:240 - Cannot read IP mode file for STMicroelectronics.X-CUBE-EEPRMA1.5.1.0
2025-08-04 22:35:29,755 [WARN] PackLoader:240 - Cannot read IP mode file for STMicroelectronics.X-CUBE-ST67W61.1.0.0
2025-08-04 22:35:29,759 [WARN] PackLoader:240 - Cannot read IP mode file for STMicroelectronics.X-CUBE-AI.10.2.0
2025-08-04 22:35:29,783 [WARN] PackLoader:240 - Cannot read IP mode file for SEGGER.I-CUBE-embOS.1.3.1
2025-08-04 22:35:29,835 [WARN] PackLoader:240 - Cannot read IP mode file for STMicroelectronics.X-CUBE-ALGOBUILD.1.4.0
2025-08-04 22:35:29,905 [WARN] PackLoader:240 - Cannot read IP mode file for STMicroelectronics.X-CUBE-MEMS1.11.3.0
2025-08-04 22:35:30,078 [INFO] WebApp:463 - Apply proxy settings
2025-08-04 22:35:30,080 [INFO] WebApp:548 - Chromium requires no authentication
2025-08-04 22:35:30,106 [WARN] PackLoader:240 - Cannot read IP mode file for STMicroelectronics.X-CUBE-AI.9.1.0
2025-08-04 22:35:30,115 [WARN] PackLoader:240 - Cannot read IP mode file for STMicroelectronics.X-CUBE-PM33A1.1.0.0
2025-08-04 22:35:30,124 [WARN] PackLoader:240 - Cannot read IP mode file for STMicroelectronics.X-CUBE-GNSS1.6.0.0
2025-08-04 22:35:30,137 [INFO] WebApp:491 - Direct internet connection detected
2025-08-04 22:35:30,151 [WARN] PackLoader:240 - Cannot read IP mode file for STMicroelectronics.X-CUBE-AZRTOS-F4.1.1.0
2025-08-04 22:35:30,161 [WARN] PackLoader:240 - Cannot read IP mode file for wolfSSL.I-CUBE-wolfSSL.5.6.4
2025-08-04 22:35:30,168 [WARN] PackLoader:240 - Cannot read IP mode file for Avnet-IotConnect.X-CUBE-IoTC-DA16k-PMOD.1.0.0
2025-08-04 22:35:30,177 [WARN] PackLoader:240 - Cannot read IP mode file for STMicroelectronics.X-CUBE-ISPU.2.1.0
2025-08-04 22:35:30,185 [WARN] PackLoader:240 - Cannot read IP mode file for STMicroelectronics.X-CUBE-FREERTOS.1.2.0
2025-08-04 22:35:30,203 [WARN] PackLoader:240 - Cannot read IP mode file for STMicroelectronics.X-CUBE-NFC12.1.0.0
2025-08-04 22:35:30,231 [WARN] PackLoader:240 - Cannot read IP mode file for STMicroelectronics.X-CUBE-AZRTOS-L5.2.0.0
2025-08-04 22:35:30,235 [INFO] WebApp:894 - Register for checkConnection events
2025-08-04 22:35:30,237 [INFO] WebApp:463 - Apply proxy settings
2025-08-04 22:35:30,237 [INFO] WebApp:548 - Chromium requires no authentication
2025-08-04 22:35:30,237 [INFO] WebApp:491 - Direct internet connection detected
2025-08-04 22:35:30,246 [WARN] PackLoader:240 - Cannot read IP mode file for STMicroelectronics.X-CUBE-EEPRMA1.4.2.0
2025-08-04 22:35:30,257 [WARN] PackLoader:240 - Cannot read IP mode file for STMicroelectronics.X-CUBE-NFC6.3.1.0
2025-08-04 22:35:30,272 [WARN] PackLoader:240 - Cannot read IP mode file for ITTIA_DB.I-CUBE-ITTIADB.8.8.0
2025-08-04 22:35:30,291 [WARN] PackLoader:240 - Cannot read IP mode file for STMicroelectronics.X-CUBE-DPower.1.2.0
2025-08-04 22:35:30,299 [WARN] PackLoader:240 - Cannot read IP mode file for STMicroelectronics.X-CUBE-AI.9.0.0
2025-08-04 22:35:30,335 [WARN] ConditionMgr:438 - getConditionDescription Invalid condition id : UX DEVICE CLASS RTOS Condition cause : null
2025-08-04 22:35:30,335 [WARN] ConditionMgr:438 - getConditionDescription Invalid condition id : UX DEVICE CLASS RTOS Condition cause : null
2025-08-04 22:35:30,339 [WARN] PackLoader:240 - Cannot read IP mode file for STMicroelectronics.X-CUBE-AZRTOS-H7.3.1.0
2025-08-04 22:35:30,339 [WARN] ConditionMgr:1044 - genDependencies : Invalid condition id : UX DEVICE CLASS RTOS Condition cause : null
2025-08-04 22:35:30,339 [WARN] ConditionMgr:1044 - genDependencies : Invalid condition id : UX DEVICE CLASS RTOS Condition cause : null
2025-08-04 22:35:30,339 [WARN] ConditionMgr:1044 - genDependencies : Invalid condition id : UX DEVICE CLASS RTOS Condition cause : null
2025-08-04 22:35:30,339 [WARN] ConditionMgr:1044 - genDependencies : Invalid condition id : UX DEVICE CLASS RTOS Condition cause : null
2025-08-04 22:35:30,339 [WARN] ConditionMgr:1044 - genDependencies : Invalid condition id : UX DEVICE CLASS RTOS Condition cause : null
2025-08-04 22:35:30,349 [WARN] PackLoader:240 - Cannot read IP mode file for STMicroelectronics.X-CUBE-FREERTOS.1.3.1
2025-08-04 22:35:30,363 [WARN] PackLoader:240 - Cannot read IP mode file for STMicroelectronics.X-CUBE-FREERTOS.1.3.0
2025-08-04 22:35:30,375 [WARN] PackLoader:240 - Cannot read IP mode file for STMicroelectronics.X-CUBE-NFC7.1.0.1
2025-08-04 22:35:30,381 [WARN] PackLoader:240 - Cannot read IP mode file for wolfSSL.I-CUBE-wolfTPM.3.2.0
2025-08-04 22:35:30,391 [WARN] PackLoader:240 - Cannot read IP mode file for STMicroelectronics.X-CUBE-NFC6.3.0.0
2025-08-04 22:35:30,403 [WARN] PackLoader:240 - Cannot read IP mode file for STMicroelectronics.FP-SNS-STAIOTCFT.1.0.0
2025-08-04 22:35:30,413 [WARN] PackLoader:240 - Cannot read IP mode file for STMicroelectronics.X-CUBE-DPower.1.3.0
2025-08-04 22:35:30,423 [WARN] PackLoader:240 - Cannot read IP mode file for STMicroelectronics.X-CUBE-AI.8.1.0
2025-08-04 22:35:30,446 [WARN] ConditionMgr:438 - getConditionDescription Invalid condition id : LAN8742 Phy interface Condition cause : null
2025-08-04 22:35:30,447 [WARN] PackLoader:240 - Cannot read IP mode file for STMicroelectronics.X-CUBE-AZRTOS-L4.2.0.0
2025-08-04 22:35:30,448 [WARN] ConditionMgr:1044 - genDependencies : Invalid condition id : LAN8742 Phy interface Condition cause : null
2025-08-04 22:35:30,448 [WARN] ConditionMgr:1044 - genDependencies : Invalid condition id : LAN8742 Phy interface Condition cause : null
2025-08-04 22:35:30,449 [WARN] ConditionMgr:1044 - genDependencies : Invalid condition id : LAN8742 Phy interface Condition cause : null
2025-08-04 22:35:30,455 [WARN] PackLoader:240 - Cannot read IP mode file for STMicroelectronics.X-CUBE-SFXS2LP1.4.0.0
2025-08-04 22:35:30,462 [WARN] PackLoader:240 - Cannot read IP mode file for STMicroelectronics.X-CUBE-ISPU.1.1.0
2025-08-04 22:35:30,463 [INFO] WebApp:191 - Connection restablished
2025-08-04 22:35:30,487 [WARN] PackLoader:240 - Cannot read IP mode file for STMicroelectronics.X-CUBE-AZRTOS-H7.3.3.0
2025-08-04 22:35:30,505 [WARN] PackLoader:240 - Cannot read IP mode file for STMicroelectronics.X-CUBE-BLEMGR.4.1.0
2025-08-04 22:35:30,526 [WARN] PackLoader:240 - Cannot read IP mode file for STMicroelectronics.X-CUBE-IPS.3.0.0
2025-08-04 22:35:30,539 [WARN] ConditionMgr:438 - getConditionDescription Invalid condition id : UX DEVICE CLASS RTOS Condition cause : null
2025-08-04 22:35:30,539 [WARN] ConditionMgr:438 - getConditionDescription Invalid condition id : UX DEVICE CLASS RTOS Condition cause : null
2025-08-04 22:35:30,541 [WARN] PackLoader:240 - Cannot read IP mode file for STMicroelectronics.X-CUBE-AZRTOS-WB.2.0.0
2025-08-04 22:35:30,542 [WARN] ConditionMgr:1044 - genDependencies : Invalid condition id : UX DEVICE CLASS RTOS Condition cause : null
2025-08-04 22:35:30,542 [WARN] ConditionMgr:1044 - genDependencies : Invalid condition id : UX DEVICE CLASS RTOS Condition cause : null
2025-08-04 22:35:30,542 [WARN] ConditionMgr:1044 - genDependencies : Invalid condition id : UX DEVICE CLASS RTOS Condition cause : null
2025-08-04 22:35:30,542 [WARN] ConditionMgr:1044 - genDependencies : Invalid condition id : UX DEVICE CLASS RTOS Condition cause : null
2025-08-04 22:35:30,542 [WARN] ConditionMgr:1044 - genDependencies : Invalid condition id : UX DEVICE CLASS RTOS Condition cause : null
2025-08-04 22:35:30,549 [WARN] PackLoader:240 - Cannot read IP mode file for STMicroelectronics.X-CUBE-GNSS1.7.0.0
2025-08-04 22:35:30,555 [WARN] PackLoader:240 - Cannot read IP mode file for STMicroelectronics.X-CUBE-GNSS1.7.0.1
2025-08-04 22:35:30,558 [WARN] PackLoader:240 - Cannot read IP mode file for STMicroelectronics.X-CUBE-TOUCHGFX.4.25.0
2025-08-04 22:35:30,565 [WARN] PackLoader:240 - Cannot read IP mode file for STMicroelectronics.FP-SNS-STBOX1.2.0.0
2025-08-04 22:35:30,575 [WARN] PackLoader:240 - Cannot read IP mode file for STMicroelectronics.X-CUBE-SUBG2.5.0.0
2025-08-04 22:35:30,602 [WARN] PackLoader:240 - Cannot read IP mode file for STMicroelectronics.X-CUBE-AZRTOS-H7RS.1.1.0
2025-08-04 22:35:30,616 [WARN] PackLoader:240 - Cannot read IP mode file for STMicroelectronics.X-CUBE-TOF1.3.3.1
2025-08-04 22:35:30,635 [WARN] PackLoader:240 - Cannot read IP mode file for STMicroelectronics.X-CUBE-AZRTOS-G4.2.0.0
2025-08-04 22:35:30,657 [WARN] PackLoader:240 - Cannot read IP mode file for Infineon.AIROC-Wi-Fi-Bluetooth-STM32.1.5.1
2025-08-04 22:35:30,674 [WARN] PackLoader:240 - Cannot read IP mode file for STMicroelectronics.FP-SNS-MOTENVWB1.1.3.0
2025-08-04 22:35:30,681 [WARN] PackLoader:240 - Cannot read IP mode file for STMicroelectronics.X-CUBE-NFC7.2.0.0
2025-08-04 22:35:30,688 [WARN] PackLoader:240 - Cannot read IP mode file for STMicroelectronics.FP-SNS-MOTENVWB1.1.3.1
2025-08-04 22:35:30,694 [WARN] PackLoader:240 - Cannot read IP mode file for STMicroelectronics.X-CUBE-ISPU.2.0.0
2025-08-04 22:35:30,716 [WARN] PackLoader:240 - Cannot read IP mode file for STMicroelectronics.X-CUBE-IPS.3.1.0
2025-08-04 22:35:30,741 [WARN] PackLoader:240 - Cannot read IP mode file for STMicroelectronics.X-CUBE-ALS.1.0.2
2025-08-04 22:35:30,815 [INFO] WebApp:225 - Starting web application
2025-08-04 22:35:30,816 [INFO] WebApp:593 - Web application path used C:\ST\STM32CubeIDE_1.13.2\STM32CubeIDE\plugins\com.st.stm32cube.common.mx_6.14.1.202504091515\db\plugins\mcufinder\reactClient1\index.html
2025-08-04 22:35:30,818 [WARN] PackLoader:240 - Cannot read IP mode file for STMicroelectronics.X-CUBE-MEMS1.10.0.0
2025-08-04 22:35:30,963 [WARN] PackLoader:240 - Cannot read IP mode file for STMicroelectronics.X-CUBE-FREERTOS.1.1.0
2025-08-04 22:35:30,968 [WARN] PackLoader:240 - Cannot read IP mode file for STMicroelectronics.X-CUBE-TOUCHGFX.4.24.0
2025-08-04 22:35:30,973 [WARN] PackLoader:240 - Cannot read IP mode file for STMicroelectronics.X-CUBE-TOUCHGFX.4.24.2
2025-08-04 22:35:30,978 [WARN] PackLoader:240 - Cannot read IP mode file for STMicroelectronics.X-CUBE-TOUCHGFX.4.24.1
2025-08-04 22:35:30,987 [WARN] PackLoader:240 - Cannot read IP mode file for portGmbH.I-Cube-SoM-uGOAL.1.1.0
2025-08-04 22:35:30,994 [WARN] PackLoader:240 - Cannot read IP mode file for STMicroelectronics.X-CUBE-ALS.1.0.1
2025-08-04 22:35:31,027 [WARN] PackLoader:240 - Cannot read IP mode file for STMicroelectronics.X-CUBE-AZRTOS-H7RS.1.0.0
2025-08-04 22:35:31,027 [INFO] UserAuth:484 - Internet connection configuration mode: 1
2025-08-04 22:35:31,036 [WARN] PackLoader:240 - Cannot read IP mode file for STMicroelectronics.FP-ATR-ASTRA1.2.0.0
2025-08-04 22:35:31,054 [WARN] PackLoader:240 - Cannot read IP mode file for STMicroelectronics.X-CUBE-TOF1.3.4.2
2025-08-04 22:35:31,077 [WARN] PackLoader:240 - Cannot read IP mode file for STMicroelectronics.X-CUBE-TOF1.3.4.3
2025-08-04 22:35:31,094 [WARN] PackLoader:240 - Cannot read IP mode file for STMicroelectronics.X-CUBE-TOF1.3.4.0
2025-08-04 22:35:31,115 [WARN] PackLoader:240 - Cannot read IP mode file for STMicroelectronics.X-CUBE-TOF1.3.4.1
2025-08-04 22:35:31,139 [WARN] PackLoader:240 - Cannot read IP mode file for STMicroelectronics.X-CUBE-AZRTOS-H7.3.2.0
2025-08-04 22:35:31,145 [WARN] PackLoader:240 - Cannot read IP mode file for wolfSSL.I-CUBE-wolfSSH.1.4.17
2025-08-04 22:35:31,146 [INFO] ThirdParty:978 - Integrity check success = true
2025-08-04 22:35:31,146 [INFO] IntegrityCheckThread:100 - exiting critical section [integrity check]
2025-08-04 22:35:31,146 [INFO] IntegrityCheckThread:103 - End integrity checks thread
2025-08-04 22:35:41,372 [ERROR] LogOutputStream:75 - [STDERR_REDIRECT] 
