2025-08-10 14:16:39,544 [INFO] Activator:176 - 


2025-08-10 14:16:39,552 [INFO] Activator:177 - !SESSION log4j initialized
2025-08-10 14:16:48,828 [INFO] LogOutputStream:77 - [STDOUT_REDIRECT] 
2025-08-10 14:16:54,969 [INFO] ApplicationProperties:184 - Using Application install path: C:\ST\STM32CubeIDE_1.13.2\STM32CubeIDE\plugins\com.st.stm32cube.common.mx_6.14.1.202504091515
2025-08-10 14:16:54,985 [INFO] DbMcusXml:78 - Set database path to: C:\ST\STM32CubeIDE_1.13.2\STM32CubeIDE\plugins\com.st.stm32cube.common.mx_6.14.1.202504091515\\db\/mcu/
2025-08-10 14:16:54,985 [INFO] ApiDb:274 - Set plugin database path to: C:\ST\STM32CubeIDE_1.13.2\STM32CubeIDE\plugins\com.st.stm32cube.common.mx_6.14.1.202504091515\\db\/plugins/boardmanager/
2025-08-10 14:16:54,988 [WARN] ApiDb:259 - Overriding images path with different value:  => C:\ST\STM32CubeIDE_1.13.2\STM32CubeIDE\plugins\com.st.stm32cube.common.mx_6.14.1.202504091515\\db\/plugins/mcufinder/images/
2025-08-10 14:16:54,995 [INFO] ApiDb:250 - Set database path to: C:\Users\Admin\.stmcufinder\plugins\mcufinder//mcu/
2025-08-10 14:16:54,996 [INFO] DbMcusAds:125 - Set database path to: C:\Users\Admin\.stmcufinder\plugins\mcufinder//mcu/
2025-08-10 14:16:54,998 [INFO] CrossReferenceDbSqlite:203 - Set database path to: C:\Users\Admin\.stmcufinder\plugins\mcufinder//mcu/cs/
2025-08-10 14:16:55,100 [INFO] RulesReader:64 - Compatibility file has been processed (302 Rules)
2025-08-10 14:16:55,183 [INFO] DbMcusXml:78 - Set database path to: C:\ST\STM32CubeIDE_1.13.2\STM32CubeIDE\plugins\com.st.stm32cube.common.mx_6.14.1.202504091515\\db\/mcu/
2025-08-10 14:16:55,183 [INFO] ApiDb:274 - Set plugin database path to: C:\ST\STM32CubeIDE_1.13.2\STM32CubeIDE\plugins\com.st.stm32cube.common.mx_6.14.1.202504091515\\db\/plugins/boardmanager/
2025-08-10 14:16:55,183 [INFO] ApiDb:261 - Set plugin images path to: C:\ST\STM32CubeIDE_1.13.2\STM32CubeIDE\plugins\com.st.stm32cube.common.mx_6.14.1.202504091515\\db\/plugins/mcufinder/images/
2025-08-10 14:16:55,183 [WARN] DbFile:41 - Overriding database path with different value: C:\Users\Admin\.stmcufinder\plugins\mcufinder/ => C:\Users\Admin\.stmcufinder\plugins\mcufinder
2025-08-10 14:16:55,183 [INFO] ApiDb:250 - Set database path to: C:\Users\Admin\.stmcufinder\plugins\mcufinder//mcu/
2025-08-10 14:16:55,183 [WARN] DbFile:41 - Overriding database path with different value: C:\Users\Admin\.stmcufinder\plugins\mcufinder/ => C:\Users\Admin\.stmcufinder\plugins\mcufinder
2025-08-10 14:16:55,183 [INFO] DbMcusAds:125 - Set database path to: C:\Users\Admin\.stmcufinder\plugins\mcufinder//mcu/
2025-08-10 14:16:55,183 [WARN] DbFile:41 - Overriding database path with different value: C:\Users\Admin\.stmcufinder\plugins\mcufinder/ => C:\Users\Admin\.stmcufinder\plugins\mcufinder
2025-08-10 14:16:55,184 [WARN] DbFile:41 - Overriding database path with different value: C:\Users\Admin\.stmcufinder\plugins\mcufinder/ => C:\Users\Admin\.stmcufinder\plugins\mcufinder
2025-08-10 14:16:55,184 [INFO] CrossReferenceDbSqlite:203 - Set database path to: C:\Users\Admin\.stmcufinder\plugins\mcufinder//mcu/cs/
2025-08-10 14:16:55,251 [INFO] MainPanel:272 - HeapMemory: 268435456
2025-08-10 14:16:55,347 [INFO] DbMcusXml:78 - Set database path to: C:\ST\STM32CubeIDE_1.13.2\STM32CubeIDE\plugins\com.st.stm32cube.common.mx_6.14.1.202504091515\\db\/mcu/
2025-08-10 14:16:55,347 [INFO] ApiDb:274 - Set plugin database path to: C:\ST\STM32CubeIDE_1.13.2\STM32CubeIDE\plugins\com.st.stm32cube.common.mx_6.14.1.202504091515\\db\/plugins/boardmanager/
2025-08-10 14:16:55,348 [INFO] ApiDb:261 - Set plugin images path to: C:\ST\STM32CubeIDE_1.13.2\STM32CubeIDE\plugins\com.st.stm32cube.common.mx_6.14.1.202504091515\\db\/plugins/mcufinder/images/
2025-08-10 14:16:55,348 [WARN] DbFile:41 - Overriding database path with different value: C:\Users\Admin\.stmcufinder\plugins\mcufinder/ => C:\Users\Admin\.stmcufinder\plugins\mcufinder
2025-08-10 14:16:55,348 [INFO] ApiDb:250 - Set database path to: C:\Users\Admin\.stmcufinder\plugins\mcufinder//mcu/
2025-08-10 14:16:55,348 [WARN] DbFile:41 - Overriding database path with different value: C:\Users\Admin\.stmcufinder\plugins\mcufinder/ => C:\Users\Admin\.stmcufinder\plugins\mcufinder
2025-08-10 14:16:55,348 [INFO] DbMcusAds:125 - Set database path to: C:\Users\Admin\.stmcufinder\plugins\mcufinder//mcu/
2025-08-10 14:16:55,348 [WARN] DbFile:41 - Overriding database path with different value: C:\Users\Admin\.stmcufinder\plugins\mcufinder/ => C:\Users\Admin\.stmcufinder\plugins\mcufinder
2025-08-10 14:16:55,348 [WARN] DbFile:41 - Overriding database path with different value: C:\Users\Admin\.stmcufinder\plugins\mcufinder/ => C:\Users\Admin\.stmcufinder\plugins\mcufinder
2025-08-10 14:16:55,349 [INFO] CrossReferenceDbSqlite:203 - Set database path to: C:\Users\Admin\.stmcufinder\plugins\mcufinder//mcu/cs/
2025-08-10 14:16:55,367 [INFO] ApplicationProperties:184 - Using Application install path: C:\ST\STM32CubeIDE_1.13.2\STM32CubeIDE\plugins\com.st.stm32cube.common.mx_6.14.1.202504091515
2025-08-10 14:16:55,368 [INFO] PluginManage:196 - Search for loadable plugins [exclusion list=, ]
2025-08-10 14:16:55,370 [INFO] PluginManage:310 - Check plugin analytics
2025-08-10 14:17:00,496 [INFO] AnalyticsPlugin:253 - Accepted Software Licenses: 
2025-08-10 14:17:00,496 [INFO] AnalyticsPlugin:255 - Accepted CMSIS Pack Licenses: 
2025-08-10 14:17:00,496 [INFO] AnalyticsPlugin:257 - Accepted Firmware Licenses: FW.F4.1.28.0
2025-08-10 14:17:00,499 [INFO] PluginManage:359 - Loaded plugin analytics (category:tool,tabindex:-1)
2025-08-10 14:17:00,500 [INFO] PluginManage:310 - Check plugin cadmodel
2025-08-10 14:17:00,504 [INFO] CADModel:105 - Init CAD model plugin
2025-08-10 14:17:00,504 [INFO] PluginManage:359 - Loaded plugin cadmodel (category:power,tabindex:5)
2025-08-10 14:17:00,504 [INFO] PluginManage:310 - Check plugin clock
2025-08-10 14:17:00,516 [INFO] PluginManage:359 - Loaded plugin clock (category:base,tabindex:2)
2025-08-10 14:17:00,516 [INFO] PluginManage:310 - Check plugin ddr
2025-08-10 14:17:00,519 [INFO] PluginManage:359 - Loaded plugin ddr (category:tool,tabindex:6)
2025-08-10 14:17:00,519 [INFO] PluginManage:310 - Check plugin filemanager
2025-08-10 14:17:00,672 [INFO] PluginManage:359 - Loaded plugin filemanager (category:base,tabindex:10)
2025-08-10 14:17:00,673 [INFO] PluginManage:310 - Check plugin ipmanager
2025-08-10 14:17:00,679 [INFO] PluginManage:359 - Loaded plugin ipmanager (category:base,tabindex:5)
2025-08-10 14:17:00,679 [INFO] PluginManage:310 - Check plugin lpbam
2025-08-10 14:17:00,685 [INFO] PluginManage:359 - Loaded plugin lpbam (category:base,tabindex:0)
2025-08-10 14:17:00,686 [INFO] PluginManage:310 - Check plugin memorymap
2025-08-10 14:17:00,699 [INFO] PluginManage:359 - Loaded plugin memorymap (category:base,tabindex:4)
2025-08-10 14:17:00,699 [INFO] PluginManage:310 - Check plugin pinoutandconfiguration
2025-08-10 14:17:00,706 [INFO] PluginManage:359 - Loaded plugin pinoutandconfiguration (category:base,tabindex:1)
2025-08-10 14:17:00,706 [INFO] PluginManage:310 - Check plugin pinoutconfig
2025-08-10 14:17:00,809 [WARN] SupportedApi:132 - Cannot load RTOS API schema: s4s-elt-must-match.1: The content of 'definitions' must match (annotation?, (simpleType | complexType)?, (unique | key | keyref)*)). A problem was found starting at: attribute.
2025-08-10 14:17:00,948 [INFO] PluginManage:359 - Loaded plugin pinoutconfig (category:base,tabindex:0)
2025-08-10 14:17:00,948 [INFO] PluginManage:310 - Check plugin power
2025-08-10 14:17:00,958 [INFO] PluginManage:359 - Loaded plugin power (category:power,tabindex:4)
2025-08-10 14:17:00,958 [INFO] PluginManage:310 - Check plugin projectmanager
2025-08-10 14:17:00,977 [INFO] PluginManage:359 - Loaded plugin projectmanager (category:projectmanager,tabindex:4)
2025-08-10 14:17:00,977 [INFO] PluginManage:310 - Check plugin rif
2025-08-10 14:17:00,986 [INFO] PluginManage:359 - Loaded plugin rif (category:base,tabindex:3)
2025-08-10 14:17:00,986 [INFO] PluginManage:310 - Check plugin thirdparty
2025-08-10 14:17:01,124 [WARN] IntegrityCheckThread:84 - waiting for thirdparty lock release [integrity check]
2025-08-10 14:17:01,125 [INFO] IntegrityCheckThread:86 - entering critical section [integrity check]
2025-08-10 14:17:01,125 [INFO] PluginManage:359 - Loaded plugin thirdparty (category:base,tabindex:-1)
2025-08-10 14:17:01,125 [INFO] PluginManage:310 - Check plugin tools
2025-08-10 14:17:01,126 [INFO] ThirdPartyUpdaterWithRetryManager:70 - Updater plugin not ready yet. [1/15]
2025-08-10 14:17:01,130 [INFO] PluginManage:359 - Loaded plugin tools (category:base,tabindex:7)
2025-08-10 14:17:01,130 [INFO] PluginManage:310 - Check plugin tutovideos
2025-08-10 14:17:01,305 [INFO] PluginManage:359 - Loaded plugin tutovideos (category:base,tabindex:-1)
2025-08-10 14:17:01,305 [INFO] PluginManage:310 - Check plugin updater
2025-08-10 14:17:01,325 [INFO] PluginManage:359 - Loaded plugin updater (category:base,tabindex:12)
2025-08-10 14:17:01,326 [INFO] PluginManage:310 - Check plugin userauth
2025-08-10 14:17:01,331 [INFO] UserAuth:118 - Init User Auth plugin
2025-08-10 14:17:01,332 [INFO] PluginManage:359 - Loaded plugin userauth (category:base,tabindex:14)
2025-08-10 14:17:01,332 [INFO] PluginManage:283 - PluginManage : Loaded plugins [18]
2025-08-10 14:17:01,550 [INFO] PinOutPanel:1589 - setPackage(No Configuration,No Configuration)
2025-08-10 14:17:01,648 [INFO] CADModel:165 - CPN selected for project level
2025-08-10 14:17:01,648 [INFO] CADModel:114 - Register for checkConnection events
2025-08-10 14:17:01,664 [INFO] IPUIPlugin:80 - create IPUIPlugin
2025-08-10 14:17:01,664 [INFO] PluginManager:220 - loadIPPluginJar : add adc
2025-08-10 14:17:01,667 [INFO] IPUIPlugin:80 - create IPUIPlugin
2025-08-10 14:17:01,667 [INFO] PluginManager:220 - loadIPPluginJar : add aes
2025-08-10 14:17:01,669 [INFO] IPUIPlugin:80 - create IPUIPlugin
2025-08-10 14:17:01,669 [INFO] PluginManager:220 - loadIPPluginJar : add can
2025-08-10 14:17:01,670 [INFO] IPUIPlugin:80 - create IPUIPlugin
2025-08-10 14:17:01,670 [INFO] PluginManager:220 - loadIPPluginJar : add comp
2025-08-10 14:17:01,672 [INFO] IPUIPlugin:80 - create IPUIPlugin
2025-08-10 14:17:01,672 [INFO] PluginManager:220 - loadIPPluginJar : add cryp
2025-08-10 14:17:01,675 [INFO] IPUIPlugin:80 - create IPUIPlugin
2025-08-10 14:17:01,675 [INFO] PluginManager:220 - loadIPPluginJar : add ddr_ctrl_phy
2025-08-10 14:17:01,678 [INFO] IPUIPlugin:80 - create IPUIPlugin
2025-08-10 14:17:01,678 [INFO] PluginManager:220 - loadIPPluginJar : add dfsdm
2025-08-10 14:17:01,682 [INFO] IPUIPlugin:80 - create IPUIPlugin
2025-08-10 14:17:01,692 [INFO] PluginManager:220 - loadIPPluginJar : add dma
2025-08-10 14:17:01,695 [INFO] IPUIPlugin:80 - create IPUIPlugin
2025-08-10 14:17:01,696 [INFO] PluginManager:220 - loadIPPluginJar : add dma3
2025-08-10 14:17:01,698 [INFO] IPUIPlugin:80 - create IPUIPlugin
2025-08-10 14:17:01,698 [INFO] PluginManager:220 - loadIPPluginJar : add extmemmanager
2025-08-10 14:17:01,700 [INFO] IPUIPlugin:80 - create IPUIPlugin
2025-08-10 14:17:01,700 [INFO] PluginManager:220 - loadIPPluginJar : add fatfs
2025-08-10 14:17:01,703 [INFO] IPUIPlugin:80 - create IPUIPlugin
2025-08-10 14:17:01,703 [INFO] PluginManager:220 - loadIPPluginJar : add fmc
2025-08-10 14:17:01,708 [INFO] IPUIPlugin:80 - create IPUIPlugin
2025-08-10 14:17:01,709 [INFO] PluginManager:220 - loadIPPluginJar : add freertos
2025-08-10 14:17:01,711 [INFO] IPUIPlugin:80 - create IPUIPlugin
2025-08-10 14:17:01,711 [INFO] PluginManager:220 - loadIPPluginJar : add genericplugin
2025-08-10 14:17:01,714 [INFO] IPUIPlugin:80 - create IPUIPlugin
2025-08-10 14:17:01,714 [INFO] PluginManager:220 - loadIPPluginJar : add gfxmmu
2025-08-10 14:17:01,718 [INFO] IPUIPlugin:80 - create IPUIPlugin
2025-08-10 14:17:01,718 [INFO] PluginManager:220 - loadIPPluginJar : add gic
2025-08-10 14:17:01,722 [INFO] IPUIPlugin:80 - create IPUIPlugin
2025-08-10 14:17:01,722 [INFO] PluginManager:220 - loadIPPluginJar : add gpio
2025-08-10 14:17:01,724 [INFO] IPUIPlugin:80 - create IPUIPlugin
2025-08-10 14:17:01,725 [INFO] PluginManager:220 - loadIPPluginJar : add gtzc
2025-08-10 14:17:01,728 [INFO] IPUIPlugin:80 - create IPUIPlugin
2025-08-10 14:17:01,728 [INFO] PluginManager:220 - loadIPPluginJar : add hash
2025-08-10 14:17:01,731 [INFO] IPUIPlugin:80 - create IPUIPlugin
2025-08-10 14:17:01,731 [INFO] PluginManager:220 - loadIPPluginJar : add i2c
2025-08-10 14:17:01,732 [INFO] IPUIPlugin:80 - create IPUIPlugin
2025-08-10 14:17:01,733 [INFO] PluginManager:220 - loadIPPluginJar : add i2s
2025-08-10 14:17:01,735 [INFO] IPUIPlugin:80 - create IPUIPlugin
2025-08-10 14:17:01,735 [INFO] PluginManager:220 - loadIPPluginJar : add i3c
2025-08-10 14:17:01,737 [INFO] IPUIPlugin:80 - create IPUIPlugin
2025-08-10 14:17:01,737 [INFO] PluginManager:220 - loadIPPluginJar : add ipddr
2025-08-10 14:17:01,744 [INFO] IPUIPlugin:80 - create IPUIPlugin
2025-08-10 14:17:01,745 [INFO] PluginManager:220 - loadIPPluginJar : add linkedlist
2025-08-10 14:17:01,747 [INFO] IPUIPlugin:80 - create IPUIPlugin
2025-08-10 14:17:01,747 [INFO] PluginManager:220 - loadIPPluginJar : add lorawan
2025-08-10 14:17:01,749 [INFO] IPUIPlugin:80 - create IPUIPlugin
2025-08-10 14:17:01,749 [INFO] PluginManager:220 - loadIPPluginJar : add ltdc
2025-08-10 14:17:01,753 [INFO] IPUIPlugin:80 - create IPUIPlugin
2025-08-10 14:17:01,753 [INFO] PluginManager:220 - loadIPPluginJar : add mdma
2025-08-10 14:17:01,755 [INFO] IPUIPlugin:80 - create IPUIPlugin
2025-08-10 14:17:01,755 [INFO] PluginManager:220 - loadIPPluginJar : add nvic
2025-08-10 14:17:01,757 [INFO] IPUIPlugin:80 - create IPUIPlugin
2025-08-10 14:17:01,757 [INFO] PluginManager:220 - loadIPPluginJar : add opamp
2025-08-10 14:17:01,762 [INFO] IPUIPlugin:80 - create IPUIPlugin
2025-08-10 14:17:01,762 [INFO] PluginManager:220 - loadIPPluginJar : add openamp
2025-08-10 14:17:01,765 [INFO] IPUIPlugin:80 - create IPUIPlugin
2025-08-10 14:17:01,765 [INFO] PluginManager:220 - loadIPPluginJar : add pdm2pcm
2025-08-10 14:17:01,770 [INFO] IPUIPlugin:80 - create IPUIPlugin
2025-08-10 14:17:01,772 [INFO] PluginManager:220 - loadIPPluginJar : add plateformsettings
2025-08-10 14:17:01,774 [INFO] IPUIPlugin:80 - create IPUIPlugin
2025-08-10 14:17:01,774 [INFO] PluginManager:220 - loadIPPluginJar : add quadspi
2025-08-10 14:17:01,776 [INFO] IPUIPlugin:80 - create IPUIPlugin
2025-08-10 14:17:01,778 [INFO] PluginManager:220 - loadIPPluginJar : add radio
2025-08-10 14:17:01,781 [INFO] IPUIPlugin:80 - create IPUIPlugin
2025-08-10 14:17:01,781 [INFO] PluginManager:220 - loadIPPluginJar : add resmgrutility
2025-08-10 14:17:01,784 [INFO] IPUIPlugin:80 - create IPUIPlugin
2025-08-10 14:17:01,784 [INFO] PluginManager:220 - loadIPPluginJar : add sai
2025-08-10 14:17:01,785 [INFO] IPUIPlugin:80 - create IPUIPlugin
2025-08-10 14:17:01,786 [INFO] PluginManager:220 - loadIPPluginJar : add spi
2025-08-10 14:17:01,791 [INFO] IPUIPlugin:80 - create IPUIPlugin
2025-08-10 14:17:01,791 [INFO] PluginManager:220 - loadIPPluginJar : add stm32_wpan
2025-08-10 14:17:01,793 [INFO] IPUIPlugin:80 - create IPUIPlugin
2025-08-10 14:17:01,793 [INFO] PluginManager:220 - loadIPPluginJar : add tim
2025-08-10 14:17:01,798 [INFO] IPUIPlugin:80 - create IPUIPlugin
2025-08-10 14:17:01,798 [INFO] PluginManager:220 - loadIPPluginJar : add touchsensing
2025-08-10 14:17:01,800 [INFO] IPUIPlugin:80 - create IPUIPlugin
2025-08-10 14:17:01,800 [INFO] PluginManager:220 - loadIPPluginJar : add tracer_emb
2025-08-10 14:17:01,802 [INFO] IPUIPlugin:80 - create IPUIPlugin
2025-08-10 14:17:01,802 [INFO] PluginManager:220 - loadIPPluginJar : add ts
2025-08-10 14:17:01,804 [INFO] IPUIPlugin:80 - create IPUIPlugin
2025-08-10 14:17:01,804 [INFO] PluginManager:220 - loadIPPluginJar : add tsc
2025-08-10 14:17:01,805 [INFO] IPUIPlugin:80 - create IPUIPlugin
2025-08-10 14:17:01,805 [INFO] PluginManager:220 - loadIPPluginJar : add ucpd
2025-08-10 14:17:01,808 [INFO] IPUIPlugin:80 - create IPUIPlugin
2025-08-10 14:17:01,808 [INFO] PluginManager:220 - loadIPPluginJar : add usart
2025-08-10 14:17:01,812 [INFO] IPUIPlugin:80 - create IPUIPlugin
2025-08-10 14:17:01,812 [INFO] PluginManager:220 - loadIPPluginJar : add usbx
2025-08-10 14:17:01,945 [FATAL] Updater:351 - Updater called before beeing initialized
2025-08-10 14:17:01,966 [INFO] RulesReader:64 - Compatibility file has been processed (302 Rules)
2025-08-10 14:17:01,978 [INFO] RulesReader:64 - Compatibility file has been processed (302 Rules)
2025-08-10 14:17:01,985 [INFO] CADModel:165 - CPN selected for project level
2025-08-10 14:17:01,985 [INFO] CADModel:114 - Register for checkConnection events
2025-08-10 14:17:01,985 [FATAL] Updater:351 - Updater called before beeing initialized
2025-08-10 14:17:01,986 [ERROR] CADModel:125 - Updater not yet initialized, retry later 
2025-08-10 14:17:02,185 [FATAL] Updater:351 - Updater called before beeing initialized
2025-08-10 14:17:02,188 [INFO] CADModel:165 - CPN selected for project level
2025-08-10 14:17:02,188 [INFO] CADModel:114 - Register for checkConnection events
2025-08-10 14:17:02,188 [FATAL] Updater:351 - Updater called before beeing initialized
2025-08-10 14:17:02,188 [ERROR] CADModel:125 - Updater not yet initialized, retry later 
2025-08-10 14:17:02,192 [FATAL] Updater:351 - Updater called before beeing initialized
2025-08-10 14:17:02,332 [FATAL] Updater:351 - Updater called before beeing initialized
2025-08-10 14:17:02,336 [INFO] DbMcusAds:53 - JSON generation date=Tue Jul 08 15:14:23 ICT 2025 (1751962463593)
2025-08-10 14:17:02,337 [FATAL] Updater:351 - Updater called before beeing initialized
2025-08-10 14:17:02,368 [WARN] DetailPanel:346 - Failed to get advertising image, set to default
2025-08-10 14:17:02,609 [FATAL] Updater:351 - Updater called before beeing initialized
2025-08-10 14:17:02,611 [FATAL] Updater:351 - Updater called before beeing initialized
2025-08-10 14:17:02,611 [FATAL] Updater:351 - Updater called before beeing initialized
2025-08-10 14:17:02,611 [WARN] DetailPanel:346 - Failed to get advertising image, set to default
2025-08-10 14:17:02,612 [FATAL] Updater:351 - Updater called before beeing initialized
2025-08-10 14:17:02,659 [ERROR] Updater:1198 - MainUpdater not yet initialized. External WinMGr cannot be set.
2025-08-10 14:17:02,662 [INFO] Updater:1134 - Updater Version found : 6.14.1
2025-08-10 14:17:02,677 [INFO] ApplicationProperties:184 - Using Application install path: C:\ST\STM32CubeIDE_1.13.2\STM32CubeIDE\plugins\com.st.stm32cube.common.mx_6.14.1.202504091515
2025-08-10 14:17:03,382 [INFO] MainUpdater:2872 - connection check result : 10
2025-08-10 14:17:03,383 [INFO] MainUpdater:289 - Updater Check For Update Now.
2025-08-10 14:17:03,383 [INFO] MicroXplorer:498 - Change Database Version : DB.6.0.141
2025-08-10 14:17:03,387 [INFO] McuFinderGlobals:63 - Set McuFinder mode to 2 (CubeIDE integrated)
2025-08-10 14:17:03,388 [INFO] UserAuth:484 - Internet connection configuration mode: 1
2025-08-10 14:17:03,415 [INFO] JxBrowserEngine:152 - Initiate JxBrowser Engine with user profile folder
2025-08-10 14:17:03,584 [INFO] CheckServerUpdateThread:120 - End of CheckServer Thread
2025-08-10 14:17:04,664 [INFO] WebApp:169 - Instantiating new browser for Auth
2025-08-10 14:17:04,922 [WARN] PackLoader:240 - Cannot read IP mode file for STMicroelectronics.FP-SNS-MOTENVWB1.1.4.0
2025-08-10 14:17:04,951 [WARN] PackLoader:240 - Cannot read IP mode file for STMicroelectronics.FP-ATR-ASTRA1.2.0.2
2025-08-10 14:17:04,961 [WARN] PackLoader:240 - Cannot read IP mode file for STMicroelectronics.FP-ATR-ASTRA1.2.0.1
2025-08-10 14:17:05,001 [WARN] PackLoader:240 - Cannot read IP mode file for STMicroelectronics.X-CUBE-SMBUS.2.1.0
2025-08-10 14:17:05,021 [WARN] PackLoader:240 - Cannot read IP mode file for STMicroelectronics.X-CUBE-WB05N.1.1.0
2025-08-10 14:17:05,037 [WARN] PackLoader:240 - Cannot read IP mode file for STMicroelectronics.X-CUBE-ST60.1.0.0
2025-08-10 14:17:05,051 [WARN] PackLoader:240 - Cannot read IP mode file for STMicroelectronics.X-CUBE-TOUCHGFX.4.23.1
2025-08-10 14:17:05,061 [WARN] PackLoader:240 - Cannot read IP mode file for STMicroelectronics.X-CUBE-TOUCHGFX.4.23.0
2025-08-10 14:17:05,071 [WARN] PackLoader:240 - Cannot read IP mode file for STMicroelectronics.X-CUBE-TOUCHGFX.4.23.2
2025-08-10 14:17:05,118 [WARN] PackLoader:240 - Cannot read IP mode file for STMicroelectronics.X-CUBE-AZRTOS-F7.1.1.0
2025-08-10 14:17:05,132 [WARN] PackLoader:240 - Cannot read IP mode file for STMicroelectronics.FP-SNS-MOTENV1.4.3.2
2025-08-10 14:17:05,200 [WARN] PackLoader:240 - Cannot read IP mode file for STMicroelectronics.X-CUBE-MEMS1.11.0.0
2025-08-10 14:17:05,398 [WARN] PackLoader:240 - Cannot read IP mode file for STMicroelectronics.FP-SNS-FLIGHT1.5.0.2
2025-08-10 14:17:05,417 [WARN] PackLoader:240 - Cannot read IP mode file for STMicroelectronics.X-CUBE-AZRTOS-H7.3.4.0
2025-08-10 14:17:05,426 [WARN] PackLoader:240 - Cannot read IP mode file for STMicroelectronics.X-CUBE-DISPLAY.3.0.0
2025-08-10 14:17:05,435 [WARN] PackLoader:240 - Cannot read IP mode file for STMicroelectronics.X-CUBE-BLE1.7.0.0
2025-08-10 14:17:05,441 [WARN] PackLoader:240 - Cannot read IP mode file for STMicroelectronics.X-CUBE-NFC10.1.0.0
2025-08-10 14:17:05,454 [WARN] PackLoader:240 - Cannot read IP mode file for STMicroelectronics.X-CUBE-BLEMGR.4.0.0
2025-08-10 14:17:05,465 [WARN] PackLoader:240 - Cannot read IP mode file for emotas.I-CUBE-CANOPEN.1.3.0
2025-08-10 14:17:05,467 [WARN] PackLoader:240 - Cannot read IP mode file for STMicroelectronics.X-CUBE-TOUCHGFX.4.22.1
2025-08-10 14:17:05,474 [WARN] PackLoader:240 - Cannot read IP mode file for STMicroelectronics.X-CUBE-BLEMGR.3.1.0
2025-08-10 14:17:05,481 [WARN] PackLoader:240 - Cannot read IP mode file for STMicroelectronics.X-CUBE-AI.10.0.0
2025-08-10 14:17:05,486 [ERROR] Engine:466 - C:\Users\Admin\.stm32cubemx\thirdparties\pdsc\STMicroelectronics.FP-SNS-STBOX1.2.1.0.pdsc: PDSC version is not supported
2025-08-10 14:17:05,490 [WARN] PackLoader:240 - Cannot read IP mode file for STMicroelectronics.FP-SNS-SMARTAG2.1.2.0
2025-08-10 14:17:05,495 [WARN] PackLoader:240 - Cannot read IP mode file for STMicroelectronics.FP-SNS-FLIGHT1.5.1.0
2025-08-10 14:17:05,560 [WARN] PackLoader:240 - Cannot read IP mode file for STMicroelectronics.X-CUBE-MEMS1.11.1.0
2025-08-10 14:17:05,857 [INFO] LogOutputStream:77 - [STDOUT_REDIRECT] 1 : Invalid condition id : UX_CORESTACK_Condition cause : null
2025-08-10 14:17:05,859 [INFO] LogOutputStream:77 - [STDOUT_REDIRECT] 1 : Invalid condition id : UX_CORESTACK_Condition cause : null
2025-08-10 14:17:05,861 [INFO] LogOutputStream:77 - [STDOUT_REDIRECT] 1 : Invalid condition id : UX_CORESTACK_Condition cause : null
2025-08-10 14:17:05,864 [INFO] LogOutputStream:77 - [STDOUT_REDIRECT] 1 : Invalid condition id : UX_CORESTACK_Condition cause : null
2025-08-10 14:17:05,866 [INFO] LogOutputStream:77 - [STDOUT_REDIRECT] 1 : Invalid condition id : UX_CORESTACK_Condition cause : null
2025-08-10 14:17:05,870 [WARN] PackLoader:240 - Cannot read IP mode file for STMicroelectronics.X-CUBE-AZRTOS-WL.2.0.0
2025-08-10 14:17:05,878 [WARN] PackLoader:240 - Cannot read IP mode file for STMicroelectronics.FP-SNS-MOTENV1.5.0.0
2025-08-10 14:17:05,888 [WARN] PackLoader:240 - Cannot read IP mode file for wolfSSL.I-CUBE-wolfMQTT.1.19.0
2025-08-10 14:17:05,899 [WARN] PackLoader:240 - Cannot read IP mode file for WES.I-CUBE-Cesium.1.3.0
2025-08-10 14:17:05,905 [WARN] PackLoader:240 - Cannot read IP mode file for STMicroelectronics.X-CUBE-BLE2.3.3.0
2025-08-10 14:17:05,913 [WARN] PackLoader:240 - Cannot read IP mode file for STMicroelectronics.X-CUBE-NFC9.1.0.0
2025-08-10 14:17:05,920 [WARN] PackLoader:240 - Cannot read IP mode file for STMicroelectronics.X-CUBE-BLE1.7.1.0
2025-08-10 14:17:05,927 [WARN] PackLoader:240 - Cannot read IP mode file for STMicroelectronics.X-CUBE-TCPP.4.1.0
2025-08-10 14:17:05,937 [WARN] PackLoader:240 - Cannot read IP mode file for STMicroelectronics.X-CUBE-EEPRMA1.5.2.0
2025-08-10 14:17:05,941 [WARN] PackLoader:240 - Cannot read IP mode file for STMicroelectronics.X-CUBE-AI.10.1.0
2025-08-10 14:17:05,948 [WARN] PackLoader:240 - Cannot read IP mode file for STMicroelectronics.X-CUBE-ALGOBUILD.1.3.0
2025-08-10 14:17:05,992 [WARN] PackLoader:240 - Cannot read IP mode file for STMicroelectronics.X-CUBE-MEMS1.11.2.0
2025-08-10 14:17:06,108 [WARN] PackLoader:240 - Cannot read IP mode file for STMicroelectronics.X-CUBE-AZRTOS-G0.1.1.0
2025-08-10 14:17:06,115 [WARN] PackLoader:240 - Cannot read IP mode file for STMicroelectronics.X-CUBE-SAFEA1.1.2.2
2025-08-10 14:17:06,121 [WARN] PackLoader:240 - Cannot read IP mode file for STMicroelectronics.X-CUBE-NFC4.3.0.0
2025-08-10 14:17:06,133 [WARN] PackLoader:240 - Cannot read IP mode file for EmbeddedOffice.I-CUBE-FS-RTOS.1.0.1
2025-08-10 14:17:06,138 [WARN] PackLoader:240 - Cannot read IP mode file for STMicroelectronics.X-CUBE-WB05N.2.0.0
2025-08-10 14:17:06,156 [WARN] PackLoader:240 - Cannot read IP mode file for STMicroelectronics.X-CUBE-BLEMGR.3.0.0
2025-08-10 14:17:06,170 [WARN] PackLoader:240 - Cannot read IP mode file for STMicroelectronics.X-CUBE-TCPP.4.2.0
2025-08-10 14:17:06,199 [WARN] PackLoader:240 - Cannot read IP mode file for RealThread.X-CUBE-RT-Thread_Nano.4.1.1
2025-08-10 14:17:06,205 [WARN] PackLoader:240 - Cannot read IP mode file for STMicroelectronics.FP-ATR-SIGFOX1.3.2.0
2025-08-10 14:17:06,229 [WARN] ConditionMgr:438 - getConditionDescription Invalid condition id : Cortex-A Device cause : null
2025-08-10 14:17:06,260 [WARN] ConditionMgr:1044 - genDependencies : Invalid condition id : Cortex-A Device cause : null
2025-08-10 14:17:06,260 [WARN] ConditionMgr:1044 - genDependencies : Invalid condition id : Cortex-A Device cause : null
2025-08-10 14:17:06,261 [WARN] ConditionMgr:1044 - genDependencies : Invalid condition id : Cortex-A Device cause : null
2025-08-10 14:17:06,272 [WARN] PackLoader:240 - Cannot read IP mode file for STMicroelectronics.X-CUBE-EEPRMA1.5.1.0
2025-08-10 14:17:06,294 [WARN] PackLoader:240 - Cannot read IP mode file for STMicroelectronics.X-CUBE-ST67W61.1.0.0
2025-08-10 14:17:06,339 [WARN] PackLoader:240 - Cannot read IP mode file for STMicroelectronics.X-CUBE-AI.10.2.0
2025-08-10 14:17:06,369 [INFO] WebApp:463 - Apply proxy settings
2025-08-10 14:17:06,370 [INFO] WebApp:548 - Chromium requires no authentication
2025-08-10 14:17:06,380 [WARN] PackLoader:240 - Cannot read IP mode file for SEGGER.I-CUBE-embOS.1.3.1
2025-08-10 14:17:06,415 [INFO] WebApp:491 - Direct internet connection detected
2025-08-10 14:17:06,422 [WARN] PackLoader:240 - Cannot read IP mode file for STMicroelectronics.X-CUBE-ALGOBUILD.1.4.0
2025-08-10 14:17:06,493 [WARN] PackLoader:240 - Cannot read IP mode file for STMicroelectronics.X-CUBE-MEMS1.11.3.0
2025-08-10 14:17:06,518 [INFO] WebApp:894 - Register for checkConnection events
2025-08-10 14:17:06,518 [INFO] WebApp:463 - Apply proxy settings
2025-08-10 14:17:06,518 [INFO] WebApp:548 - Chromium requires no authentication
2025-08-10 14:17:06,519 [INFO] WebApp:491 - Direct internet connection detected
2025-08-10 14:17:06,649 [WARN] PackLoader:240 - Cannot read IP mode file for STMicroelectronics.X-CUBE-AI.9.1.0
2025-08-10 14:17:06,660 [WARN] PackLoader:240 - Cannot read IP mode file for STMicroelectronics.X-CUBE-PM33A1.1.0.0
2025-08-10 14:17:06,669 [WARN] PackLoader:240 - Cannot read IP mode file for STMicroelectronics.X-CUBE-GNSS1.6.0.0
2025-08-10 14:17:06,690 [WARN] PackLoader:240 - Cannot read IP mode file for STMicroelectronics.X-CUBE-AZRTOS-F4.1.1.0
2025-08-10 14:17:06,701 [WARN] PackLoader:240 - Cannot read IP mode file for wolfSSL.I-CUBE-wolfSSL.5.6.4
2025-08-10 14:17:06,709 [WARN] PackLoader:240 - Cannot read IP mode file for Avnet-IotConnect.X-CUBE-IoTC-DA16k-PMOD.1.0.0
2025-08-10 14:17:06,722 [WARN] PackLoader:240 - Cannot read IP mode file for STMicroelectronics.X-CUBE-ISPU.2.1.0
2025-08-10 14:17:06,740 [WARN] PackLoader:240 - Cannot read IP mode file for STMicroelectronics.X-CUBE-FREERTOS.1.2.0
2025-08-10 14:17:06,757 [WARN] PackLoader:240 - Cannot read IP mode file for STMicroelectronics.X-CUBE-NFC12.1.0.0
2025-08-10 14:17:06,772 [INFO] WebApp:191 - Connection restablished
2025-08-10 14:17:06,786 [WARN] PackLoader:240 - Cannot read IP mode file for STMicroelectronics.X-CUBE-AZRTOS-L5.2.0.0
2025-08-10 14:17:06,797 [WARN] PackLoader:240 - Cannot read IP mode file for STMicroelectronics.X-CUBE-EEPRMA1.4.2.0
2025-08-10 14:17:06,810 [WARN] PackLoader:240 - Cannot read IP mode file for STMicroelectronics.X-CUBE-NFC6.3.1.0
2025-08-10 14:17:06,822 [WARN] PackLoader:240 - Cannot read IP mode file for ITTIA_DB.I-CUBE-ITTIADB.8.8.0
2025-08-10 14:17:06,831 [WARN] PackLoader:240 - Cannot read IP mode file for STMicroelectronics.X-CUBE-DPower.1.2.0
2025-08-10 14:17:06,838 [WARN] PackLoader:240 - Cannot read IP mode file for STMicroelectronics.X-CUBE-AI.9.0.0
2025-08-10 14:17:06,864 [WARN] ConditionMgr:438 - getConditionDescription Invalid condition id : UX DEVICE CLASS RTOS Condition cause : null
2025-08-10 14:17:06,864 [WARN] ConditionMgr:438 - getConditionDescription Invalid condition id : UX DEVICE CLASS RTOS Condition cause : null
2025-08-10 14:17:06,868 [WARN] PackLoader:240 - Cannot read IP mode file for STMicroelectronics.X-CUBE-AZRTOS-H7.3.1.0
2025-08-10 14:17:06,868 [WARN] ConditionMgr:1044 - genDependencies : Invalid condition id : UX DEVICE CLASS RTOS Condition cause : null
2025-08-10 14:17:06,868 [WARN] ConditionMgr:1044 - genDependencies : Invalid condition id : UX DEVICE CLASS RTOS Condition cause : null
2025-08-10 14:17:06,869 [WARN] ConditionMgr:1044 - genDependencies : Invalid condition id : UX DEVICE CLASS RTOS Condition cause : null
2025-08-10 14:17:06,869 [WARN] ConditionMgr:1044 - genDependencies : Invalid condition id : UX DEVICE CLASS RTOS Condition cause : null
2025-08-10 14:17:06,869 [WARN] ConditionMgr:1044 - genDependencies : Invalid condition id : UX DEVICE CLASS RTOS Condition cause : null
2025-08-10 14:17:06,877 [WARN] PackLoader:240 - Cannot read IP mode file for STMicroelectronics.X-CUBE-FREERTOS.1.3.1
2025-08-10 14:17:06,885 [WARN] PackLoader:240 - Cannot read IP mode file for STMicroelectronics.X-CUBE-FREERTOS.1.3.0
2025-08-10 14:17:06,892 [WARN] PackLoader:240 - Cannot read IP mode file for STMicroelectronics.X-CUBE-NFC7.1.0.1
2025-08-10 14:17:06,899 [WARN] PackLoader:240 - Cannot read IP mode file for wolfSSL.I-CUBE-wolfTPM.3.2.0
2025-08-10 14:17:06,907 [WARN] PackLoader:240 - Cannot read IP mode file for STMicroelectronics.X-CUBE-NFC6.3.0.0
2025-08-10 14:17:06,919 [WARN] PackLoader:240 - Cannot read IP mode file for STMicroelectronics.FP-SNS-STAIOTCFT.1.0.0
2025-08-10 14:17:06,927 [WARN] PackLoader:240 - Cannot read IP mode file for STMicroelectronics.X-CUBE-DPower.1.3.0
2025-08-10 14:17:06,933 [WARN] PackLoader:240 - Cannot read IP mode file for STMicroelectronics.X-CUBE-AI.8.1.0
2025-08-10 14:17:06,964 [WARN] ConditionMgr:438 - getConditionDescription Invalid condition id : LAN8742 Phy interface Condition cause : null
2025-08-10 14:17:06,965 [WARN] PackLoader:240 - Cannot read IP mode file for STMicroelectronics.X-CUBE-AZRTOS-L4.2.0.0
2025-08-10 14:17:06,967 [WARN] ConditionMgr:1044 - genDependencies : Invalid condition id : LAN8742 Phy interface Condition cause : null
2025-08-10 14:17:06,968 [WARN] ConditionMgr:1044 - genDependencies : Invalid condition id : LAN8742 Phy interface Condition cause : null
2025-08-10 14:17:06,968 [WARN] ConditionMgr:1044 - genDependencies : Invalid condition id : LAN8742 Phy interface Condition cause : null
2025-08-10 14:17:06,977 [WARN] PackLoader:240 - Cannot read IP mode file for STMicroelectronics.X-CUBE-SFXS2LP1.4.0.0
2025-08-10 14:17:06,984 [WARN] PackLoader:240 - Cannot read IP mode file for STMicroelectronics.X-CUBE-ISPU.1.1.0
2025-08-10 14:17:07,008 [WARN] PackLoader:240 - Cannot read IP mode file for STMicroelectronics.X-CUBE-AZRTOS-H7.3.3.0
2025-08-10 14:17:07,022 [WARN] PackLoader:240 - Cannot read IP mode file for STMicroelectronics.X-CUBE-BLEMGR.4.1.0
2025-08-10 14:17:07,038 [WARN] PackLoader:240 - Cannot read IP mode file for STMicroelectronics.X-CUBE-IPS.3.0.0
2025-08-10 14:17:07,055 [WARN] ConditionMgr:438 - getConditionDescription Invalid condition id : UX DEVICE CLASS RTOS Condition cause : null
2025-08-10 14:17:07,055 [WARN] ConditionMgr:438 - getConditionDescription Invalid condition id : UX DEVICE CLASS RTOS Condition cause : null
2025-08-10 14:17:07,058 [WARN] PackLoader:240 - Cannot read IP mode file for STMicroelectronics.X-CUBE-AZRTOS-WB.2.0.0
2025-08-10 14:17:07,059 [WARN] ConditionMgr:1044 - genDependencies : Invalid condition id : UX DEVICE CLASS RTOS Condition cause : null
2025-08-10 14:17:07,060 [WARN] ConditionMgr:1044 - genDependencies : Invalid condition id : UX DEVICE CLASS RTOS Condition cause : null
2025-08-10 14:17:07,060 [WARN] ConditionMgr:1044 - genDependencies : Invalid condition id : UX DEVICE CLASS RTOS Condition cause : null
2025-08-10 14:17:07,061 [WARN] ConditionMgr:1044 - genDependencies : Invalid condition id : UX DEVICE CLASS RTOS Condition cause : null
2025-08-10 14:17:07,061 [WARN] ConditionMgr:1044 - genDependencies : Invalid condition id : UX DEVICE CLASS RTOS Condition cause : null
2025-08-10 14:17:07,067 [WARN] PackLoader:240 - Cannot read IP mode file for STMicroelectronics.X-CUBE-GNSS1.7.0.0
2025-08-10 14:17:07,072 [WARN] PackLoader:240 - Cannot read IP mode file for STMicroelectronics.X-CUBE-GNSS1.7.0.1
2025-08-10 14:17:07,078 [WARN] PackLoader:240 - Cannot read IP mode file for STMicroelectronics.X-CUBE-TOUCHGFX.4.25.0
2025-08-10 14:17:07,084 [WARN] PackLoader:240 - Cannot read IP mode file for STMicroelectronics.FP-SNS-STBOX1.2.0.0
2025-08-10 14:17:07,099 [WARN] PackLoader:240 - Cannot read IP mode file for STMicroelectronics.X-CUBE-SUBG2.5.0.0
2025-08-10 14:17:07,125 [WARN] PackLoader:240 - Cannot read IP mode file for STMicroelectronics.X-CUBE-AZRTOS-H7RS.1.1.0
2025-08-10 14:17:07,145 [WARN] PackLoader:240 - Cannot read IP mode file for STMicroelectronics.X-CUBE-TOF1.3.3.1
2025-08-10 14:17:07,174 [WARN] PackLoader:240 - Cannot read IP mode file for STMicroelectronics.X-CUBE-AZRTOS-G4.2.0.0
2025-08-10 14:17:07,191 [WARN] PackLoader:240 - Cannot read IP mode file for Infineon.AIROC-Wi-Fi-Bluetooth-STM32.1.5.1
2025-08-10 14:17:07,198 [WARN] PackLoader:240 - Cannot read IP mode file for STMicroelectronics.FP-SNS-MOTENVWB1.1.3.0
2025-08-10 14:17:07,198 [INFO] WebApp:225 - Starting web application
2025-08-10 14:17:07,199 [INFO] WebApp:593 - Web application path used C:\ST\STM32CubeIDE_1.13.2\STM32CubeIDE\plugins\com.st.stm32cube.common.mx_6.14.1.202504091515\db\plugins\mcufinder\reactClient1\index.html
2025-08-10 14:17:07,205 [WARN] PackLoader:240 - Cannot read IP mode file for STMicroelectronics.X-CUBE-NFC7.2.0.0
2025-08-10 14:17:07,225 [WARN] PackLoader:240 - Cannot read IP mode file for STMicroelectronics.FP-SNS-MOTENVWB1.1.3.1
2025-08-10 14:17:07,238 [WARN] PackLoader:240 - Cannot read IP mode file for STMicroelectronics.X-CUBE-ISPU.2.0.0
2025-08-10 14:17:07,257 [WARN] PackLoader:240 - Cannot read IP mode file for STMicroelectronics.X-CUBE-IPS.3.1.0
2025-08-10 14:17:07,282 [WARN] PackLoader:240 - Cannot read IP mode file for STMicroelectronics.X-CUBE-ALS.1.0.2
2025-08-10 14:17:07,337 [WARN] PackLoader:240 - Cannot read IP mode file for STMicroelectronics.X-CUBE-MEMS1.10.0.0
2025-08-10 14:17:07,485 [WARN] PackLoader:240 - Cannot read IP mode file for STMicroelectronics.X-CUBE-FREERTOS.1.1.0
2025-08-10 14:17:07,488 [WARN] PackLoader:240 - Cannot read IP mode file for STMicroelectronics.X-CUBE-TOUCHGFX.4.24.0
2025-08-10 14:17:07,491 [WARN] PackLoader:240 - Cannot read IP mode file for STMicroelectronics.X-CUBE-TOUCHGFX.4.24.2
2025-08-10 14:17:07,495 [WARN] PackLoader:240 - Cannot read IP mode file for STMicroelectronics.X-CUBE-TOUCHGFX.4.24.1
2025-08-10 14:17:07,500 [WARN] PackLoader:240 - Cannot read IP mode file for portGmbH.I-Cube-SoM-uGOAL.1.1.0
2025-08-10 14:17:07,503 [WARN] PackLoader:240 - Cannot read IP mode file for STMicroelectronics.X-CUBE-ALS.1.0.1
2025-08-10 14:17:07,517 [WARN] PackLoader:240 - Cannot read IP mode file for STMicroelectronics.X-CUBE-AZRTOS-H7RS.1.0.0
2025-08-10 14:17:07,529 [WARN] PackLoader:240 - Cannot read IP mode file for STMicroelectronics.FP-ATR-ASTRA1.2.0.0
2025-08-10 14:17:07,543 [WARN] PackLoader:240 - Cannot read IP mode file for STMicroelectronics.X-CUBE-TOF1.3.4.2
2025-08-10 14:17:07,561 [WARN] PackLoader:240 - Cannot read IP mode file for STMicroelectronics.X-CUBE-TOF1.3.4.3
2025-08-10 14:17:07,568 [INFO] UserAuth:484 - Internet connection configuration mode: 1
2025-08-10 14:17:07,586 [WARN] PackLoader:240 - Cannot read IP mode file for STMicroelectronics.X-CUBE-TOF1.3.4.0
2025-08-10 14:17:07,619 [WARN] PackLoader:240 - Cannot read IP mode file for STMicroelectronics.X-CUBE-TOF1.3.4.1
2025-08-10 14:17:07,669 [WARN] PackLoader:240 - Cannot read IP mode file for STMicroelectronics.X-CUBE-AZRTOS-H7.3.2.0
2025-08-10 14:17:07,682 [WARN] PackLoader:240 - Cannot read IP mode file for wolfSSL.I-CUBE-wolfSSH.1.4.17
2025-08-10 14:17:07,683 [INFO] ThirdParty:978 - Integrity check success = true
2025-08-10 14:17:07,683 [INFO] IntegrityCheckThread:100 - exiting critical section [integrity check]
2025-08-10 14:17:07,683 [INFO] IntegrityCheckThread:103 - End integrity checks thread
2025-08-10 15:07:53,421 [ERROR] LogOutputStream:75 - [STDERR_REDIRECT] 
2025-08-10 16:21:15,027 [INFO] Activator:176 - 


2025-08-10 16:21:15,041 [INFO] Activator:177 - !SESSION log4j initialized
2025-08-10 16:21:29,088 [INFO] LogOutputStream:77 - [STDOUT_REDIRECT] 
2025-08-10 16:21:31,450 [INFO] ApplicationProperties:184 - Using Application install path: C:\ST\STM32CubeIDE_1.13.2\STM32CubeIDE\plugins\com.st.stm32cube.common.mx_6.14.1.202504091515
2025-08-10 16:21:31,483 [INFO] DbMcusXml:78 - Set database path to: C:\ST\STM32CubeIDE_1.13.2\STM32CubeIDE\plugins\com.st.stm32cube.common.mx_6.14.1.202504091515\\db\/mcu/
2025-08-10 16:21:31,484 [INFO] ApiDb:274 - Set plugin database path to: C:\ST\STM32CubeIDE_1.13.2\STM32CubeIDE\plugins\com.st.stm32cube.common.mx_6.14.1.202504091515\\db\/plugins/boardmanager/
2025-08-10 16:21:31,484 [WARN] ApiDb:259 - Overriding images path with different value:  => C:\ST\STM32CubeIDE_1.13.2\STM32CubeIDE\plugins\com.st.stm32cube.common.mx_6.14.1.202504091515\\db\/plugins/mcufinder/images/
2025-08-10 16:21:31,501 [INFO] ApiDb:250 - Set database path to: C:\Users\Admin\.stmcufinder\plugins\mcufinder//mcu/
2025-08-10 16:21:31,503 [INFO] DbMcusAds:125 - Set database path to: C:\Users\Admin\.stmcufinder\plugins\mcufinder//mcu/
2025-08-10 16:21:31,508 [INFO] CrossReferenceDbSqlite:203 - Set database path to: C:\Users\Admin\.stmcufinder\plugins\mcufinder//mcu/cs/
2025-08-10 16:21:31,729 [INFO] RulesReader:64 - Compatibility file has been processed (302 Rules)
2025-08-10 16:21:31,881 [INFO] DbMcusXml:78 - Set database path to: C:\ST\STM32CubeIDE_1.13.2\STM32CubeIDE\plugins\com.st.stm32cube.common.mx_6.14.1.202504091515\\db\/mcu/
2025-08-10 16:21:31,881 [INFO] ApiDb:274 - Set plugin database path to: C:\ST\STM32CubeIDE_1.13.2\STM32CubeIDE\plugins\com.st.stm32cube.common.mx_6.14.1.202504091515\\db\/plugins/boardmanager/
2025-08-10 16:21:31,881 [INFO] ApiDb:261 - Set plugin images path to: C:\ST\STM32CubeIDE_1.13.2\STM32CubeIDE\plugins\com.st.stm32cube.common.mx_6.14.1.202504091515\\db\/plugins/mcufinder/images/
2025-08-10 16:21:31,883 [WARN] DbFile:41 - Overriding database path with different value: C:\Users\Admin\.stmcufinder\plugins\mcufinder/ => C:\Users\Admin\.stmcufinder\plugins\mcufinder
2025-08-10 16:21:31,883 [INFO] ApiDb:250 - Set database path to: C:\Users\Admin\.stmcufinder\plugins\mcufinder//mcu/
2025-08-10 16:21:31,883 [WARN] DbFile:41 - Overriding database path with different value: C:\Users\Admin\.stmcufinder\plugins\mcufinder/ => C:\Users\Admin\.stmcufinder\plugins\mcufinder
2025-08-10 16:21:31,883 [INFO] DbMcusAds:125 - Set database path to: C:\Users\Admin\.stmcufinder\plugins\mcufinder//mcu/
2025-08-10 16:21:31,883 [WARN] DbFile:41 - Overriding database path with different value: C:\Users\Admin\.stmcufinder\plugins\mcufinder/ => C:\Users\Admin\.stmcufinder\plugins\mcufinder
2025-08-10 16:21:31,883 [WARN] DbFile:41 - Overriding database path with different value: C:\Users\Admin\.stmcufinder\plugins\mcufinder/ => C:\Users\Admin\.stmcufinder\plugins\mcufinder
2025-08-10 16:21:31,883 [INFO] CrossReferenceDbSqlite:203 - Set database path to: C:\Users\Admin\.stmcufinder\plugins\mcufinder//mcu/cs/
2025-08-10 16:21:32,018 [INFO] MainPanel:272 - HeapMemory: 268435456
2025-08-10 16:21:32,188 [INFO] DbMcusXml:78 - Set database path to: C:\ST\STM32CubeIDE_1.13.2\STM32CubeIDE\plugins\com.st.stm32cube.common.mx_6.14.1.202504091515\\db\/mcu/
2025-08-10 16:21:32,194 [INFO] ApiDb:274 - Set plugin database path to: C:\ST\STM32CubeIDE_1.13.2\STM32CubeIDE\plugins\com.st.stm32cube.common.mx_6.14.1.202504091515\\db\/plugins/boardmanager/
2025-08-10 16:21:32,194 [INFO] ApiDb:261 - Set plugin images path to: C:\ST\STM32CubeIDE_1.13.2\STM32CubeIDE\plugins\com.st.stm32cube.common.mx_6.14.1.202504091515\\db\/plugins/mcufinder/images/
2025-08-10 16:21:32,197 [WARN] DbFile:41 - Overriding database path with different value: C:\Users\Admin\.stmcufinder\plugins\mcufinder/ => C:\Users\Admin\.stmcufinder\plugins\mcufinder
2025-08-10 16:21:32,197 [INFO] ApiDb:250 - Set database path to: C:\Users\Admin\.stmcufinder\plugins\mcufinder//mcu/
2025-08-10 16:21:32,197 [WARN] DbFile:41 - Overriding database path with different value: C:\Users\Admin\.stmcufinder\plugins\mcufinder/ => C:\Users\Admin\.stmcufinder\plugins\mcufinder
2025-08-10 16:21:32,197 [INFO] DbMcusAds:125 - Set database path to: C:\Users\Admin\.stmcufinder\plugins\mcufinder//mcu/
2025-08-10 16:21:32,197 [WARN] DbFile:41 - Overriding database path with different value: C:\Users\Admin\.stmcufinder\plugins\mcufinder/ => C:\Users\Admin\.stmcufinder\plugins\mcufinder
2025-08-10 16:21:32,198 [WARN] DbFile:41 - Overriding database path with different value: C:\Users\Admin\.stmcufinder\plugins\mcufinder/ => C:\Users\Admin\.stmcufinder\plugins\mcufinder
2025-08-10 16:21:32,198 [INFO] CrossReferenceDbSqlite:203 - Set database path to: C:\Users\Admin\.stmcufinder\plugins\mcufinder//mcu/cs/
2025-08-10 16:21:32,233 [INFO] ApplicationProperties:184 - Using Application install path: C:\ST\STM32CubeIDE_1.13.2\STM32CubeIDE\plugins\com.st.stm32cube.common.mx_6.14.1.202504091515
2025-08-10 16:21:32,236 [INFO] PluginManage:196 - Search for loadable plugins [exclusion list=, ]
2025-08-10 16:21:32,238 [INFO] PluginManage:310 - Check plugin analytics
2025-08-10 16:21:32,601 [INFO] AnalyticsPlugin:253 - Accepted Software Licenses: 
2025-08-10 16:21:32,601 [INFO] AnalyticsPlugin:255 - Accepted CMSIS Pack Licenses: 
2025-08-10 16:21:32,603 [INFO] AnalyticsPlugin:257 - Accepted Firmware Licenses: FW.F4.1.28.0
2025-08-10 16:21:32,608 [INFO] PluginManage:359 - Loaded plugin analytics (category:tool,tabindex:-1)
2025-08-10 16:21:32,608 [INFO] PluginManage:310 - Check plugin cadmodel
2025-08-10 16:21:32,618 [INFO] CADModel:105 - Init CAD model plugin
2025-08-10 16:21:32,620 [INFO] PluginManage:359 - Loaded plugin cadmodel (category:power,tabindex:5)
2025-08-10 16:21:32,620 [INFO] PluginManage:310 - Check plugin clock
2025-08-10 16:21:32,639 [INFO] PluginManage:359 - Loaded plugin clock (category:base,tabindex:2)
2025-08-10 16:21:32,641 [INFO] PluginManage:310 - Check plugin ddr
2025-08-10 16:21:32,649 [INFO] PluginManage:359 - Loaded plugin ddr (category:tool,tabindex:6)
2025-08-10 16:21:32,649 [INFO] PluginManage:310 - Check plugin filemanager
2025-08-10 16:21:33,001 [INFO] PluginManage:359 - Loaded plugin filemanager (category:base,tabindex:10)
2025-08-10 16:21:33,002 [INFO] PluginManage:310 - Check plugin ipmanager
2025-08-10 16:21:33,014 [INFO] PluginManage:359 - Loaded plugin ipmanager (category:base,tabindex:5)
2025-08-10 16:21:33,015 [INFO] PluginManage:310 - Check plugin lpbam
2025-08-10 16:21:33,029 [INFO] PluginManage:359 - Loaded plugin lpbam (category:base,tabindex:0)
2025-08-10 16:21:33,029 [INFO] PluginManage:310 - Check plugin memorymap
2025-08-10 16:21:33,057 [INFO] PluginManage:359 - Loaded plugin memorymap (category:base,tabindex:4)
2025-08-10 16:21:33,057 [INFO] PluginManage:310 - Check plugin pinoutandconfiguration
2025-08-10 16:21:33,073 [INFO] PluginManage:359 - Loaded plugin pinoutandconfiguration (category:base,tabindex:1)
2025-08-10 16:21:33,073 [INFO] PluginManage:310 - Check plugin pinoutconfig
2025-08-10 16:21:33,268 [WARN] SupportedApi:132 - Cannot load RTOS API schema: s4s-elt-must-match.1: The content of 'definitions' must match (annotation?, (simpleType | complexType)?, (unique | key | keyref)*)). A problem was found starting at: attribute.
2025-08-10 16:21:33,525 [INFO] PluginManage:359 - Loaded plugin pinoutconfig (category:base,tabindex:0)
2025-08-10 16:21:33,525 [INFO] PluginManage:310 - Check plugin power
2025-08-10 16:21:33,541 [INFO] PluginManage:359 - Loaded plugin power (category:power,tabindex:4)
2025-08-10 16:21:33,541 [INFO] PluginManage:310 - Check plugin projectmanager
2025-08-10 16:21:33,569 [INFO] PluginManage:359 - Loaded plugin projectmanager (category:projectmanager,tabindex:4)
2025-08-10 16:21:33,569 [INFO] PluginManage:310 - Check plugin rif
2025-08-10 16:21:33,582 [INFO] PluginManage:359 - Loaded plugin rif (category:base,tabindex:3)
2025-08-10 16:21:33,582 [INFO] PluginManage:310 - Check plugin thirdparty
2025-08-10 16:21:33,846 [WARN] IntegrityCheckThread:84 - waiting for thirdparty lock release [integrity check]
2025-08-10 16:21:33,848 [INFO] IntegrityCheckThread:86 - entering critical section [integrity check]
2025-08-10 16:21:33,848 [INFO] PluginManage:359 - Loaded plugin thirdparty (category:base,tabindex:-1)
2025-08-10 16:21:33,848 [INFO] ThirdPartyUpdaterWithRetryManager:70 - Updater plugin not ready yet. [1/15]
2025-08-10 16:21:33,848 [INFO] PluginManage:310 - Check plugin tools
2025-08-10 16:21:33,857 [INFO] PluginManage:359 - Loaded plugin tools (category:base,tabindex:7)
2025-08-10 16:21:33,857 [INFO] PluginManage:310 - Check plugin tutovideos
2025-08-10 16:21:34,151 [INFO] PluginManage:359 - Loaded plugin tutovideos (category:base,tabindex:-1)
2025-08-10 16:21:34,152 [INFO] PluginManage:310 - Check plugin updater
2025-08-10 16:21:34,203 [INFO] PluginManage:359 - Loaded plugin updater (category:base,tabindex:12)
2025-08-10 16:21:34,203 [INFO] PluginManage:310 - Check plugin userauth
2025-08-10 16:21:34,212 [INFO] UserAuth:118 - Init User Auth plugin
2025-08-10 16:21:34,214 [INFO] PluginManage:359 - Loaded plugin userauth (category:base,tabindex:14)
2025-08-10 16:21:34,214 [INFO] PluginManage:283 - PluginManage : Loaded plugins [18]
2025-08-10 16:21:34,611 [INFO] PinOutPanel:1589 - setPackage(No Configuration,No Configuration)
2025-08-10 16:21:34,770 [INFO] CADModel:165 - CPN selected for project level
2025-08-10 16:21:34,770 [INFO] CADModel:114 - Register for checkConnection events
2025-08-10 16:21:34,796 [INFO] IPUIPlugin:80 - create IPUIPlugin
2025-08-10 16:21:34,796 [INFO] PluginManager:220 - loadIPPluginJar : add adc
2025-08-10 16:21:34,801 [INFO] IPUIPlugin:80 - create IPUIPlugin
2025-08-10 16:21:34,801 [INFO] PluginManager:220 - loadIPPluginJar : add aes
2025-08-10 16:21:34,804 [INFO] IPUIPlugin:80 - create IPUIPlugin
2025-08-10 16:21:34,804 [INFO] PluginManager:220 - loadIPPluginJar : add can
2025-08-10 16:21:34,807 [INFO] IPUIPlugin:80 - create IPUIPlugin
2025-08-10 16:21:34,807 [INFO] PluginManager:220 - loadIPPluginJar : add comp
2025-08-10 16:21:34,811 [INFO] IPUIPlugin:80 - create IPUIPlugin
2025-08-10 16:21:34,811 [INFO] PluginManager:220 - loadIPPluginJar : add cryp
2025-08-10 16:21:34,815 [INFO] IPUIPlugin:80 - create IPUIPlugin
2025-08-10 16:21:34,815 [INFO] PluginManager:220 - loadIPPluginJar : add ddr_ctrl_phy
2025-08-10 16:21:34,820 [INFO] IPUIPlugin:80 - create IPUIPlugin
2025-08-10 16:21:34,821 [INFO] PluginManager:220 - loadIPPluginJar : add dfsdm
2025-08-10 16:21:34,830 [INFO] IPUIPlugin:80 - create IPUIPlugin
2025-08-10 16:21:34,830 [INFO] PluginManager:220 - loadIPPluginJar : add dma
2025-08-10 16:21:34,836 [INFO] IPUIPlugin:80 - create IPUIPlugin
2025-08-10 16:21:34,836 [INFO] PluginManager:220 - loadIPPluginJar : add dma3
2025-08-10 16:21:34,841 [INFO] IPUIPlugin:80 - create IPUIPlugin
2025-08-10 16:21:34,841 [INFO] PluginManager:220 - loadIPPluginJar : add extmemmanager
2025-08-10 16:21:34,846 [INFO] IPUIPlugin:80 - create IPUIPlugin
2025-08-10 16:21:34,846 [INFO] PluginManager:220 - loadIPPluginJar : add fatfs
2025-08-10 16:21:34,853 [INFO] IPUIPlugin:80 - create IPUIPlugin
2025-08-10 16:21:34,854 [INFO] PluginManager:220 - loadIPPluginJar : add fmc
2025-08-10 16:21:34,865 [INFO] IPUIPlugin:80 - create IPUIPlugin
2025-08-10 16:21:34,866 [INFO] PluginManager:220 - loadIPPluginJar : add freertos
2025-08-10 16:21:34,868 [INFO] IPUIPlugin:80 - create IPUIPlugin
2025-08-10 16:21:34,868 [INFO] PluginManager:220 - loadIPPluginJar : add genericplugin
2025-08-10 16:21:34,872 [INFO] IPUIPlugin:80 - create IPUIPlugin
2025-08-10 16:21:34,872 [INFO] PluginManager:220 - loadIPPluginJar : add gfxmmu
2025-08-10 16:21:34,880 [INFO] IPUIPlugin:80 - create IPUIPlugin
2025-08-10 16:21:34,880 [INFO] PluginManager:220 - loadIPPluginJar : add gic
2025-08-10 16:21:34,886 [INFO] IPUIPlugin:80 - create IPUIPlugin
2025-08-10 16:21:34,886 [INFO] PluginManager:220 - loadIPPluginJar : add gpio
2025-08-10 16:21:34,892 [INFO] IPUIPlugin:80 - create IPUIPlugin
2025-08-10 16:21:34,892 [INFO] PluginManager:220 - loadIPPluginJar : add gtzc
2025-08-10 16:21:34,897 [INFO] IPUIPlugin:80 - create IPUIPlugin
2025-08-10 16:21:34,897 [INFO] PluginManager:220 - loadIPPluginJar : add hash
2025-08-10 16:21:34,903 [INFO] IPUIPlugin:80 - create IPUIPlugin
2025-08-10 16:21:34,903 [INFO] PluginManager:220 - loadIPPluginJar : add i2c
2025-08-10 16:21:34,908 [INFO] IPUIPlugin:80 - create IPUIPlugin
2025-08-10 16:21:34,908 [INFO] PluginManager:220 - loadIPPluginJar : add i2s
2025-08-10 16:21:34,915 [INFO] IPUIPlugin:80 - create IPUIPlugin
2025-08-10 16:21:34,917 [INFO] PluginManager:220 - loadIPPluginJar : add i3c
2025-08-10 16:21:34,925 [INFO] IPUIPlugin:80 - create IPUIPlugin
2025-08-10 16:21:34,929 [INFO] PluginManager:220 - loadIPPluginJar : add ipddr
2025-08-10 16:21:34,945 [INFO] IPUIPlugin:80 - create IPUIPlugin
2025-08-10 16:21:34,945 [INFO] PluginManager:220 - loadIPPluginJar : add linkedlist
2025-08-10 16:21:34,951 [INFO] IPUIPlugin:80 - create IPUIPlugin
2025-08-10 16:21:34,951 [INFO] PluginManager:220 - loadIPPluginJar : add lorawan
2025-08-10 16:21:34,954 [INFO] IPUIPlugin:80 - create IPUIPlugin
2025-08-10 16:21:34,954 [INFO] PluginManager:220 - loadIPPluginJar : add ltdc
2025-08-10 16:21:34,964 [INFO] IPUIPlugin:80 - create IPUIPlugin
2025-08-10 16:21:34,964 [INFO] PluginManager:220 - loadIPPluginJar : add mdma
2025-08-10 16:21:34,968 [INFO] IPUIPlugin:80 - create IPUIPlugin
2025-08-10 16:21:34,968 [INFO] PluginManager:220 - loadIPPluginJar : add nvic
2025-08-10 16:21:34,975 [INFO] IPUIPlugin:80 - create IPUIPlugin
2025-08-10 16:21:34,975 [INFO] PluginManager:220 - loadIPPluginJar : add opamp
2025-08-10 16:21:34,979 [INFO] IPUIPlugin:80 - create IPUIPlugin
2025-08-10 16:21:34,979 [INFO] PluginManager:220 - loadIPPluginJar : add openamp
2025-08-10 16:21:34,985 [INFO] IPUIPlugin:80 - create IPUIPlugin
2025-08-10 16:21:34,986 [INFO] PluginManager:220 - loadIPPluginJar : add pdm2pcm
2025-08-10 16:21:34,995 [INFO] IPUIPlugin:80 - create IPUIPlugin
2025-08-10 16:21:35,001 [INFO] PluginManager:220 - loadIPPluginJar : add plateformsettings
2025-08-10 16:21:35,004 [INFO] IPUIPlugin:80 - create IPUIPlugin
2025-08-10 16:21:35,004 [INFO] PluginManager:220 - loadIPPluginJar : add quadspi
2025-08-10 16:21:35,007 [INFO] IPUIPlugin:80 - create IPUIPlugin
2025-08-10 16:21:35,007 [INFO] PluginManager:220 - loadIPPluginJar : add radio
2025-08-10 16:21:35,015 [INFO] IPUIPlugin:80 - create IPUIPlugin
2025-08-10 16:21:35,015 [INFO] PluginManager:220 - loadIPPluginJar : add resmgrutility
2025-08-10 16:21:35,019 [INFO] IPUIPlugin:80 - create IPUIPlugin
2025-08-10 16:21:35,019 [INFO] PluginManager:220 - loadIPPluginJar : add sai
2025-08-10 16:21:35,024 [INFO] IPUIPlugin:80 - create IPUIPlugin
2025-08-10 16:21:35,024 [INFO] PluginManager:220 - loadIPPluginJar : add spi
2025-08-10 16:21:35,034 [INFO] IPUIPlugin:80 - create IPUIPlugin
2025-08-10 16:21:35,034 [INFO] PluginManager:220 - loadIPPluginJar : add stm32_wpan
2025-08-10 16:21:35,037 [INFO] IPUIPlugin:80 - create IPUIPlugin
2025-08-10 16:21:35,037 [INFO] PluginManager:220 - loadIPPluginJar : add tim
2025-08-10 16:21:35,046 [INFO] IPUIPlugin:80 - create IPUIPlugin
2025-08-10 16:21:35,046 [INFO] PluginManager:220 - loadIPPluginJar : add touchsensing
2025-08-10 16:21:35,051 [INFO] IPUIPlugin:80 - create IPUIPlugin
2025-08-10 16:21:35,051 [INFO] PluginManager:220 - loadIPPluginJar : add tracer_emb
2025-08-10 16:21:35,057 [INFO] IPUIPlugin:80 - create IPUIPlugin
2025-08-10 16:21:35,057 [INFO] PluginManager:220 - loadIPPluginJar : add ts
2025-08-10 16:21:35,062 [INFO] IPUIPlugin:80 - create IPUIPlugin
2025-08-10 16:21:35,062 [INFO] PluginManager:220 - loadIPPluginJar : add tsc
2025-08-10 16:21:35,067 [INFO] IPUIPlugin:80 - create IPUIPlugin
2025-08-10 16:21:35,067 [INFO] PluginManager:220 - loadIPPluginJar : add ucpd
2025-08-10 16:21:35,071 [INFO] IPUIPlugin:80 - create IPUIPlugin
2025-08-10 16:21:35,073 [INFO] PluginManager:220 - loadIPPluginJar : add usart
2025-08-10 16:21:35,081 [INFO] IPUIPlugin:80 - create IPUIPlugin
2025-08-10 16:21:35,081 [INFO] PluginManager:220 - loadIPPluginJar : add usbx
2025-08-10 16:21:35,274 [FATAL] Updater:351 - Updater called before beeing initialized
2025-08-10 16:21:35,341 [INFO] RulesReader:64 - Compatibility file has been processed (302 Rules)
2025-08-10 16:21:35,382 [INFO] RulesReader:64 - Compatibility file has been processed (302 Rules)
2025-08-10 16:21:35,403 [INFO] CADModel:165 - CPN selected for project level
2025-08-10 16:21:35,403 [INFO] CADModel:114 - Register for checkConnection events
2025-08-10 16:21:35,403 [FATAL] Updater:351 - Updater called before beeing initialized
2025-08-10 16:21:35,403 [ERROR] CADModel:125 - Updater not yet initialized, retry later 
2025-08-10 16:21:35,746 [FATAL] Updater:351 - Updater called before beeing initialized
2025-08-10 16:21:35,766 [INFO] CADModel:165 - CPN selected for project level
2025-08-10 16:21:35,766 [INFO] CADModel:114 - Register for checkConnection events
2025-08-10 16:21:35,766 [FATAL] Updater:351 - Updater called before beeing initialized
2025-08-10 16:21:35,766 [ERROR] CADModel:125 - Updater not yet initialized, retry later 
2025-08-10 16:21:35,774 [FATAL] Updater:351 - Updater called before beeing initialized
2025-08-10 16:21:36,002 [FATAL] Updater:351 - Updater called before beeing initialized
2025-08-10 16:21:36,009 [INFO] DbMcusAds:53 - JSON generation date=Tue Jul 08 15:14:23 ICT 2025 (1751962463593)
2025-08-10 16:21:36,011 [FATAL] Updater:351 - Updater called before beeing initialized
2025-08-10 16:21:36,080 [WARN] DetailPanel:346 - Failed to get advertising image, set to default
2025-08-10 16:21:36,563 [FATAL] Updater:351 - Updater called before beeing initialized
2025-08-10 16:21:36,567 [FATAL] Updater:351 - Updater called before beeing initialized
2025-08-10 16:21:36,567 [FATAL] Updater:351 - Updater called before beeing initialized
2025-08-10 16:21:36,567 [WARN] DetailPanel:346 - Failed to get advertising image, set to default
2025-08-10 16:21:36,569 [FATAL] Updater:351 - Updater called before beeing initialized
2025-08-10 16:21:36,668 [ERROR] Updater:1198 - MainUpdater not yet initialized. External WinMGr cannot be set.
2025-08-10 16:21:36,671 [INFO] Updater:1134 - Updater Version found : 6.14.1
2025-08-10 16:21:36,711 [INFO] ApplicationProperties:184 - Using Application install path: C:\ST\STM32CubeIDE_1.13.2\STM32CubeIDE\plugins\com.st.stm32cube.common.mx_6.14.1.202504091515
2025-08-10 16:21:36,850 [INFO] ThirdPartyUpdaterWithRetryManager:70 - Updater plugin not ready yet. [2/15]
2025-08-10 16:21:37,331 [INFO] MainUpdater:2872 - connection check result : 10
2025-08-10 16:21:37,331 [INFO] MainUpdater:289 - Updater Check For Update Now.
2025-08-10 16:21:37,331 [INFO] MicroXplorer:498 - Change Database Version : DB.6.0.141
2025-08-10 16:21:37,341 [INFO] McuFinderGlobals:63 - Set McuFinder mode to 2 (CubeIDE integrated)
2025-08-10 16:21:37,342 [INFO] UserAuth:484 - Internet connection configuration mode: 1
2025-08-10 16:21:37,375 [INFO] JxBrowserEngine:152 - Initiate JxBrowser Engine with user profile folder
2025-08-10 16:21:37,651 [INFO] CheckServerUpdateThread:120 - End of CheckServer Thread
2025-08-10 16:21:39,069 [INFO] WebApp:169 - Instantiating new browser for Auth
2025-08-10 16:21:40,515 [WARN] PackLoader:240 - Cannot read IP mode file for STMicroelectronics.FP-SNS-MOTENVWB1.1.4.0
2025-08-10 16:21:40,557 [WARN] PackLoader:240 - Cannot read IP mode file for STMicroelectronics.FP-ATR-ASTRA1.2.0.2
2025-08-10 16:21:40,565 [WARN] PackLoader:240 - Cannot read IP mode file for STMicroelectronics.FP-ATR-ASTRA1.2.0.1
2025-08-10 16:21:40,593 [WARN] PackLoader:240 - Cannot read IP mode file for STMicroelectronics.X-CUBE-SMBUS.2.1.0
2025-08-10 16:21:40,622 [WARN] PackLoader:240 - Cannot read IP mode file for STMicroelectronics.X-CUBE-WB05N.1.1.0
2025-08-10 16:21:40,639 [WARN] PackLoader:240 - Cannot read IP mode file for STMicroelectronics.X-CUBE-ST60.1.0.0
2025-08-10 16:21:40,653 [WARN] PackLoader:240 - Cannot read IP mode file for STMicroelectronics.X-CUBE-TOUCHGFX.4.23.1
2025-08-10 16:21:40,660 [WARN] PackLoader:240 - Cannot read IP mode file for STMicroelectronics.X-CUBE-TOUCHGFX.4.23.0
2025-08-10 16:21:40,664 [WARN] PackLoader:240 - Cannot read IP mode file for STMicroelectronics.X-CUBE-TOUCHGFX.4.23.2
2025-08-10 16:21:40,734 [WARN] PackLoader:240 - Cannot read IP mode file for STMicroelectronics.X-CUBE-AZRTOS-F7.1.1.0
2025-08-10 16:21:40,758 [WARN] PackLoader:240 - Cannot read IP mode file for STMicroelectronics.FP-SNS-MOTENV1.4.3.2
2025-08-10 16:21:40,789 [INFO] WebApp:463 - Apply proxy settings
2025-08-10 16:21:40,791 [INFO] WebApp:548 - Chromium requires no authentication
2025-08-10 16:21:40,815 [INFO] WebApp:491 - Direct internet connection detected
2025-08-10 16:21:40,869 [WARN] PackLoader:240 - Cannot read IP mode file for STMicroelectronics.X-CUBE-MEMS1.11.0.0
2025-08-10 16:21:40,892 [INFO] WebApp:894 - Register for checkConnection events
2025-08-10 16:21:40,892 [INFO] WebApp:463 - Apply proxy settings
2025-08-10 16:21:40,892 [INFO] WebApp:548 - Chromium requires no authentication
2025-08-10 16:21:40,892 [INFO] WebApp:491 - Direct internet connection detected
2025-08-10 16:21:41,138 [INFO] WebApp:191 - Connection restablished
2025-08-10 16:21:41,242 [WARN] PackLoader:240 - Cannot read IP mode file for STMicroelectronics.FP-SNS-FLIGHT1.5.0.2
2025-08-10 16:21:41,294 [WARN] PackLoader:240 - Cannot read IP mode file for STMicroelectronics.X-CUBE-AZRTOS-H7.3.4.0
2025-08-10 16:21:41,321 [WARN] PackLoader:240 - Cannot read IP mode file for STMicroelectronics.X-CUBE-DISPLAY.3.0.0
2025-08-10 16:21:41,341 [WARN] PackLoader:240 - Cannot read IP mode file for STMicroelectronics.X-CUBE-BLE1.7.0.0
2025-08-10 16:21:41,356 [WARN] PackLoader:240 - Cannot read IP mode file for STMicroelectronics.X-CUBE-NFC10.1.0.0
2025-08-10 16:21:41,404 [WARN] PackLoader:240 - Cannot read IP mode file for STMicroelectronics.X-CUBE-BLEMGR.4.0.0
2025-08-10 16:21:41,436 [WARN] PackLoader:240 - Cannot read IP mode file for emotas.I-CUBE-CANOPEN.1.3.0
2025-08-10 16:21:41,456 [WARN] PackLoader:240 - Cannot read IP mode file for STMicroelectronics.X-CUBE-TOUCHGFX.4.22.1
2025-08-10 16:21:41,511 [WARN] PackLoader:240 - Cannot read IP mode file for STMicroelectronics.X-CUBE-BLEMGR.3.1.0
2025-08-10 16:21:41,615 [WARN] PackLoader:240 - Cannot read IP mode file for STMicroelectronics.X-CUBE-AI.10.0.0
2025-08-10 16:21:41,663 [ERROR] Engine:466 - C:\Users\Admin\.stm32cubemx\thirdparties\pdsc\STMicroelectronics.FP-SNS-STBOX1.2.1.0.pdsc: PDSC version is not supported
2025-08-10 16:21:41,695 [WARN] PackLoader:240 - Cannot read IP mode file for STMicroelectronics.FP-SNS-SMARTAG2.1.2.0
2025-08-10 16:21:41,706 [WARN] PackLoader:240 - Cannot read IP mode file for STMicroelectronics.FP-SNS-FLIGHT1.5.1.0
2025-08-10 16:21:41,804 [WARN] PackLoader:240 - Cannot read IP mode file for STMicroelectronics.X-CUBE-MEMS1.11.1.0
2025-08-10 16:21:41,874 [INFO] WebApp:225 - Starting web application
2025-08-10 16:21:41,875 [INFO] WebApp:593 - Web application path used C:\ST\STM32CubeIDE_1.13.2\STM32CubeIDE\plugins\com.st.stm32cube.common.mx_6.14.1.202504091515\db\plugins\mcufinder\reactClient1\index.html
2025-08-10 16:21:42,108 [INFO] UserAuth:484 - Internet connection configuration mode: 1
2025-08-10 16:21:42,108 [INFO] LogOutputStream:77 - [STDOUT_REDIRECT] 1 : Invalid condition id : UX_CORESTACK_Condition cause : null
2025-08-10 16:21:42,112 [INFO] LogOutputStream:77 - [STDOUT_REDIRECT] 1 : Invalid condition id : UX_CORESTACK_Condition cause : null
2025-08-10 16:21:42,119 [INFO] LogOutputStream:77 - [STDOUT_REDIRECT] 1 : Invalid condition id : UX_CORESTACK_Condition cause : null
2025-08-10 16:21:42,134 [INFO] LogOutputStream:77 - [STDOUT_REDIRECT] 1 : Invalid condition id : UX_CORESTACK_Condition cause : null
2025-08-10 16:21:42,141 [INFO] LogOutputStream:77 - [STDOUT_REDIRECT] 1 : Invalid condition id : UX_CORESTACK_Condition cause : null
2025-08-10 16:21:42,149 [WARN] PackLoader:240 - Cannot read IP mode file for STMicroelectronics.X-CUBE-AZRTOS-WL.2.0.0
2025-08-10 16:21:42,159 [WARN] PackLoader:240 - Cannot read IP mode file for STMicroelectronics.FP-SNS-MOTENV1.5.0.0
2025-08-10 16:21:42,167 [WARN] PackLoader:240 - Cannot read IP mode file for wolfSSL.I-CUBE-wolfMQTT.1.19.0
2025-08-10 16:21:42,184 [WARN] PackLoader:240 - Cannot read IP mode file for WES.I-CUBE-Cesium.1.3.0
2025-08-10 16:21:42,195 [WARN] PackLoader:240 - Cannot read IP mode file for STMicroelectronics.X-CUBE-BLE2.3.3.0
2025-08-10 16:21:42,209 [WARN] PackLoader:240 - Cannot read IP mode file for STMicroelectronics.X-CUBE-NFC9.1.0.0
2025-08-10 16:21:42,220 [WARN] PackLoader:240 - Cannot read IP mode file for STMicroelectronics.X-CUBE-BLE1.7.1.0
2025-08-10 16:21:42,231 [WARN] PackLoader:240 - Cannot read IP mode file for STMicroelectronics.X-CUBE-TCPP.4.1.0
2025-08-10 16:21:42,245 [WARN] PackLoader:240 - Cannot read IP mode file for STMicroelectronics.X-CUBE-EEPRMA1.5.2.0
2025-08-10 16:21:42,254 [WARN] PackLoader:240 - Cannot read IP mode file for STMicroelectronics.X-CUBE-AI.10.1.0
2025-08-10 16:21:42,265 [WARN] PackLoader:240 - Cannot read IP mode file for STMicroelectronics.X-CUBE-ALGOBUILD.1.3.0
2025-08-10 16:21:42,373 [WARN] PackLoader:240 - Cannot read IP mode file for STMicroelectronics.X-CUBE-MEMS1.11.2.0
2025-08-10 16:21:42,592 [WARN] PackLoader:240 - Cannot read IP mode file for STMicroelectronics.X-CUBE-AZRTOS-G0.1.1.0
2025-08-10 16:21:42,602 [WARN] PackLoader:240 - Cannot read IP mode file for STMicroelectronics.X-CUBE-SAFEA1.1.2.2
2025-08-10 16:21:42,613 [WARN] PackLoader:240 - Cannot read IP mode file for STMicroelectronics.X-CUBE-NFC4.3.0.0
2025-08-10 16:21:42,634 [WARN] PackLoader:240 - Cannot read IP mode file for EmbeddedOffice.I-CUBE-FS-RTOS.1.0.1
2025-08-10 16:21:42,654 [WARN] PackLoader:240 - Cannot read IP mode file for STMicroelectronics.X-CUBE-WB05N.2.0.0
2025-08-10 16:21:42,677 [WARN] PackLoader:240 - Cannot read IP mode file for STMicroelectronics.X-CUBE-BLEMGR.3.0.0
2025-08-10 16:21:42,692 [WARN] PackLoader:240 - Cannot read IP mode file for STMicroelectronics.X-CUBE-TCPP.4.2.0
2025-08-10 16:21:42,703 [WARN] PackLoader:240 - Cannot read IP mode file for RealThread.X-CUBE-RT-Thread_Nano.4.1.1
2025-08-10 16:21:42,710 [WARN] PackLoader:240 - Cannot read IP mode file for STMicroelectronics.FP-ATR-SIGFOX1.3.2.0
2025-08-10 16:21:42,718 [WARN] ConditionMgr:438 - getConditionDescription Invalid condition id : Cortex-A Device cause : null
2025-08-10 16:21:42,739 [WARN] ConditionMgr:1044 - genDependencies : Invalid condition id : Cortex-A Device cause : null
2025-08-10 16:21:42,739 [WARN] ConditionMgr:1044 - genDependencies : Invalid condition id : Cortex-A Device cause : null
2025-08-10 16:21:42,739 [WARN] ConditionMgr:1044 - genDependencies : Invalid condition id : Cortex-A Device cause : null
2025-08-10 16:21:42,749 [WARN] PackLoader:240 - Cannot read IP mode file for STMicroelectronics.X-CUBE-EEPRMA1.5.1.0
2025-08-10 16:21:42,765 [WARN] PackLoader:240 - Cannot read IP mode file for STMicroelectronics.X-CUBE-ST67W61.1.0.0
2025-08-10 16:21:42,773 [WARN] PackLoader:240 - Cannot read IP mode file for STMicroelectronics.X-CUBE-AI.10.2.0
2025-08-10 16:21:42,902 [WARN] PackLoader:240 - Cannot read IP mode file for SEGGER.I-CUBE-embOS.1.3.1
2025-08-10 16:21:42,978 [WARN] PackLoader:240 - Cannot read IP mode file for STMicroelectronics.X-CUBE-ALGOBUILD.1.4.0
2025-08-10 16:21:43,062 [WARN] PackLoader:240 - Cannot read IP mode file for STMicroelectronics.X-CUBE-MEMS1.11.3.0
2025-08-10 16:21:43,267 [WARN] PackLoader:240 - Cannot read IP mode file for STMicroelectronics.X-CUBE-AI.9.1.0
2025-08-10 16:21:43,274 [WARN] PackLoader:240 - Cannot read IP mode file for STMicroelectronics.X-CUBE-PM33A1.1.0.0
2025-08-10 16:21:43,284 [WARN] PackLoader:240 - Cannot read IP mode file for STMicroelectronics.X-CUBE-GNSS1.6.0.0
2025-08-10 16:21:43,311 [WARN] PackLoader:240 - Cannot read IP mode file for STMicroelectronics.X-CUBE-AZRTOS-F4.1.1.0
2025-08-10 16:21:43,321 [WARN] PackLoader:240 - Cannot read IP mode file for wolfSSL.I-CUBE-wolfSSL.5.6.4
2025-08-10 16:21:43,326 [WARN] PackLoader:240 - Cannot read IP mode file for Avnet-IotConnect.X-CUBE-IoTC-DA16k-PMOD.1.0.0
2025-08-10 16:21:43,330 [WARN] PackLoader:240 - Cannot read IP mode file for STMicroelectronics.X-CUBE-ISPU.2.1.0
2025-08-10 16:21:43,337 [WARN] PackLoader:240 - Cannot read IP mode file for STMicroelectronics.X-CUBE-FREERTOS.1.2.0
2025-08-10 16:21:43,345 [WARN] PackLoader:240 - Cannot read IP mode file for STMicroelectronics.X-CUBE-NFC12.1.0.0
2025-08-10 16:21:43,371 [WARN] PackLoader:240 - Cannot read IP mode file for STMicroelectronics.X-CUBE-AZRTOS-L5.2.0.0
2025-08-10 16:21:43,381 [WARN] PackLoader:240 - Cannot read IP mode file for STMicroelectronics.X-CUBE-EEPRMA1.4.2.0
2025-08-10 16:21:43,394 [WARN] PackLoader:240 - Cannot read IP mode file for STMicroelectronics.X-CUBE-NFC6.3.1.0
2025-08-10 16:21:43,404 [WARN] PackLoader:240 - Cannot read IP mode file for ITTIA_DB.I-CUBE-ITTIADB.8.8.0
2025-08-10 16:21:43,413 [WARN] PackLoader:240 - Cannot read IP mode file for STMicroelectronics.X-CUBE-DPower.1.2.0
2025-08-10 16:21:43,417 [WARN] PackLoader:240 - Cannot read IP mode file for STMicroelectronics.X-CUBE-AI.9.0.0
2025-08-10 16:21:43,448 [WARN] ConditionMgr:438 - getConditionDescription Invalid condition id : UX DEVICE CLASS RTOS Condition cause : null
2025-08-10 16:21:43,448 [WARN] ConditionMgr:438 - getConditionDescription Invalid condition id : UX DEVICE CLASS RTOS Condition cause : null
2025-08-10 16:21:43,455 [WARN] PackLoader:240 - Cannot read IP mode file for STMicroelectronics.X-CUBE-AZRTOS-H7.3.1.0
2025-08-10 16:21:43,456 [WARN] ConditionMgr:1044 - genDependencies : Invalid condition id : UX DEVICE CLASS RTOS Condition cause : null
2025-08-10 16:21:43,456 [WARN] ConditionMgr:1044 - genDependencies : Invalid condition id : UX DEVICE CLASS RTOS Condition cause : null
2025-08-10 16:21:43,456 [WARN] ConditionMgr:1044 - genDependencies : Invalid condition id : UX DEVICE CLASS RTOS Condition cause : null
2025-08-10 16:21:43,458 [WARN] ConditionMgr:1044 - genDependencies : Invalid condition id : UX DEVICE CLASS RTOS Condition cause : null
2025-08-10 16:21:43,458 [WARN] ConditionMgr:1044 - genDependencies : Invalid condition id : UX DEVICE CLASS RTOS Condition cause : null
2025-08-10 16:21:43,464 [WARN] PackLoader:240 - Cannot read IP mode file for STMicroelectronics.X-CUBE-FREERTOS.1.3.1
2025-08-10 16:21:43,472 [WARN] PackLoader:240 - Cannot read IP mode file for STMicroelectronics.X-CUBE-FREERTOS.1.3.0
2025-08-10 16:21:43,486 [WARN] PackLoader:240 - Cannot read IP mode file for STMicroelectronics.X-CUBE-NFC7.1.0.1
2025-08-10 16:21:43,492 [WARN] PackLoader:240 - Cannot read IP mode file for wolfSSL.I-CUBE-wolfTPM.3.2.0
2025-08-10 16:21:43,503 [WARN] PackLoader:240 - Cannot read IP mode file for STMicroelectronics.X-CUBE-NFC6.3.0.0
2025-08-10 16:21:43,515 [WARN] PackLoader:240 - Cannot read IP mode file for STMicroelectronics.FP-SNS-STAIOTCFT.1.0.0
2025-08-10 16:21:43,520 [WARN] PackLoader:240 - Cannot read IP mode file for STMicroelectronics.X-CUBE-DPower.1.3.0
2025-08-10 16:21:43,524 [WARN] PackLoader:240 - Cannot read IP mode file for STMicroelectronics.X-CUBE-AI.8.1.0
2025-08-10 16:21:43,557 [WARN] ConditionMgr:438 - getConditionDescription Invalid condition id : LAN8742 Phy interface Condition cause : null
2025-08-10 16:21:43,557 [WARN] PackLoader:240 - Cannot read IP mode file for STMicroelectronics.X-CUBE-AZRTOS-L4.2.0.0
2025-08-10 16:21:43,559 [WARN] ConditionMgr:1044 - genDependencies : Invalid condition id : LAN8742 Phy interface Condition cause : null
2025-08-10 16:21:43,559 [WARN] ConditionMgr:1044 - genDependencies : Invalid condition id : LAN8742 Phy interface Condition cause : null
2025-08-10 16:21:43,561 [WARN] ConditionMgr:1044 - genDependencies : Invalid condition id : LAN8742 Phy interface Condition cause : null
2025-08-10 16:21:43,576 [WARN] PackLoader:240 - Cannot read IP mode file for STMicroelectronics.X-CUBE-SFXS2LP1.4.0.0
2025-08-10 16:21:43,585 [WARN] PackLoader:240 - Cannot read IP mode file for STMicroelectronics.X-CUBE-ISPU.1.1.0
2025-08-10 16:21:43,616 [WARN] PackLoader:240 - Cannot read IP mode file for STMicroelectronics.X-CUBE-AZRTOS-H7.3.3.0
2025-08-10 16:21:43,630 [WARN] PackLoader:240 - Cannot read IP mode file for STMicroelectronics.X-CUBE-BLEMGR.4.1.0
2025-08-10 16:21:43,648 [WARN] PackLoader:240 - Cannot read IP mode file for STMicroelectronics.X-CUBE-IPS.3.0.0
2025-08-10 16:21:43,672 [WARN] ConditionMgr:438 - getConditionDescription Invalid condition id : UX DEVICE CLASS RTOS Condition cause : null
2025-08-10 16:21:43,672 [WARN] ConditionMgr:438 - getConditionDescription Invalid condition id : UX DEVICE CLASS RTOS Condition cause : null
2025-08-10 16:21:43,675 [WARN] PackLoader:240 - Cannot read IP mode file for STMicroelectronics.X-CUBE-AZRTOS-WB.2.0.0
2025-08-10 16:21:43,677 [WARN] ConditionMgr:1044 - genDependencies : Invalid condition id : UX DEVICE CLASS RTOS Condition cause : null
2025-08-10 16:21:43,677 [WARN] ConditionMgr:1044 - genDependencies : Invalid condition id : UX DEVICE CLASS RTOS Condition cause : null
2025-08-10 16:21:43,677 [WARN] ConditionMgr:1044 - genDependencies : Invalid condition id : UX DEVICE CLASS RTOS Condition cause : null
2025-08-10 16:21:43,679 [WARN] ConditionMgr:1044 - genDependencies : Invalid condition id : UX DEVICE CLASS RTOS Condition cause : null
2025-08-10 16:21:43,679 [WARN] ConditionMgr:1044 - genDependencies : Invalid condition id : UX DEVICE CLASS RTOS Condition cause : null
2025-08-10 16:21:43,685 [WARN] PackLoader:240 - Cannot read IP mode file for STMicroelectronics.X-CUBE-GNSS1.7.0.0
2025-08-10 16:21:43,692 [WARN] PackLoader:240 - Cannot read IP mode file for STMicroelectronics.X-CUBE-GNSS1.7.0.1
2025-08-10 16:21:43,698 [WARN] PackLoader:240 - Cannot read IP mode file for STMicroelectronics.X-CUBE-TOUCHGFX.4.25.0
2025-08-10 16:21:43,706 [WARN] PackLoader:240 - Cannot read IP mode file for STMicroelectronics.FP-SNS-STBOX1.2.0.0
2025-08-10 16:21:43,720 [WARN] PackLoader:240 - Cannot read IP mode file for STMicroelectronics.X-CUBE-SUBG2.5.0.0
2025-08-10 16:21:43,772 [WARN] PackLoader:240 - Cannot read IP mode file for STMicroelectronics.X-CUBE-AZRTOS-H7RS.1.1.0
2025-08-10 16:21:43,793 [WARN] PackLoader:240 - Cannot read IP mode file for STMicroelectronics.X-CUBE-TOF1.3.3.1
2025-08-10 16:21:43,828 [WARN] PackLoader:240 - Cannot read IP mode file for STMicroelectronics.X-CUBE-AZRTOS-G4.2.0.0
2025-08-10 16:21:43,872 [WARN] PackLoader:240 - Cannot read IP mode file for Infineon.AIROC-Wi-Fi-Bluetooth-STM32.1.5.1
2025-08-10 16:21:43,884 [WARN] PackLoader:240 - Cannot read IP mode file for STMicroelectronics.FP-SNS-MOTENVWB1.1.3.0
2025-08-10 16:21:43,892 [WARN] PackLoader:240 - Cannot read IP mode file for STMicroelectronics.X-CUBE-NFC7.2.0.0
2025-08-10 16:21:43,898 [WARN] PackLoader:240 - Cannot read IP mode file for STMicroelectronics.FP-SNS-MOTENVWB1.1.3.1
2025-08-10 16:21:43,908 [WARN] PackLoader:240 - Cannot read IP mode file for STMicroelectronics.X-CUBE-ISPU.2.0.0
2025-08-10 16:21:43,929 [WARN] PackLoader:240 - Cannot read IP mode file for STMicroelectronics.X-CUBE-IPS.3.1.0
2025-08-10 16:21:43,958 [WARN] PackLoader:240 - Cannot read IP mode file for STMicroelectronics.X-CUBE-ALS.1.0.2
2025-08-10 16:21:44,090 [WARN] PackLoader:240 - Cannot read IP mode file for STMicroelectronics.X-CUBE-MEMS1.10.0.0
2025-08-10 16:21:44,246 [WARN] PackLoader:240 - Cannot read IP mode file for STMicroelectronics.X-CUBE-FREERTOS.1.1.0
2025-08-10 16:21:44,252 [WARN] PackLoader:240 - Cannot read IP mode file for STMicroelectronics.X-CUBE-TOUCHGFX.4.24.0
2025-08-10 16:21:44,256 [WARN] PackLoader:240 - Cannot read IP mode file for STMicroelectronics.X-CUBE-TOUCHGFX.4.24.2
2025-08-10 16:21:44,260 [WARN] PackLoader:240 - Cannot read IP mode file for STMicroelectronics.X-CUBE-TOUCHGFX.4.24.1
2025-08-10 16:21:44,271 [WARN] PackLoader:240 - Cannot read IP mode file for portGmbH.I-Cube-SoM-uGOAL.1.1.0
2025-08-10 16:21:44,277 [WARN] PackLoader:240 - Cannot read IP mode file for STMicroelectronics.X-CUBE-ALS.1.0.1
2025-08-10 16:21:44,311 [WARN] PackLoader:240 - Cannot read IP mode file for STMicroelectronics.X-CUBE-AZRTOS-H7RS.1.0.0
2025-08-10 16:21:44,320 [WARN] PackLoader:240 - Cannot read IP mode file for STMicroelectronics.FP-ATR-ASTRA1.2.0.0
2025-08-10 16:21:44,336 [WARN] PackLoader:240 - Cannot read IP mode file for STMicroelectronics.X-CUBE-TOF1.3.4.2
2025-08-10 16:21:44,363 [WARN] PackLoader:240 - Cannot read IP mode file for STMicroelectronics.X-CUBE-TOF1.3.4.3
2025-08-10 16:21:44,396 [WARN] PackLoader:240 - Cannot read IP mode file for STMicroelectronics.X-CUBE-TOF1.3.4.0
2025-08-10 16:21:44,425 [WARN] PackLoader:240 - Cannot read IP mode file for STMicroelectronics.X-CUBE-TOF1.3.4.1
2025-08-10 16:21:44,474 [WARN] PackLoader:240 - Cannot read IP mode file for STMicroelectronics.X-CUBE-AZRTOS-H7.3.2.0
2025-08-10 16:21:44,487 [WARN] PackLoader:240 - Cannot read IP mode file for wolfSSL.I-CUBE-wolfSSH.1.4.17
2025-08-10 16:21:44,489 [INFO] ThirdParty:978 - Integrity check success = true
2025-08-10 16:21:44,489 [INFO] IntegrityCheckThread:100 - exiting critical section [integrity check]
2025-08-10 16:21:44,489 [INFO] IntegrityCheckThread:103 - End integrity checks thread
2025-08-10 20:18:15,815 [INFO] WebApp:194 - Connection lost
2025-08-10 20:18:16,020 [INFO] WebApp:191 - Connection restablished
2025-08-10 22:24:52,787 [INFO] WebApp:194 - Connection lost
2025-08-10 22:24:52,968 [INFO] WebApp:191 - Connection restablished
2025-08-10 23:43:08,259 [INFO] WebApp:403 - JxBrowser engine has been closed 
