2025-08-15 00:29:03,248 [INFO] WebApp:403 - JxBrowser engine has been closed 
2025-08-15 10:20:30,217 [INFO] Activator:176 - 


2025-08-15 10:20:30,222 [INFO] Activator:177 - !SESSION log4j initialized
2025-08-15 10:20:40,889 [INFO] LogOutputStream:77 - [STDOUT_REDIRECT] 
2025-08-15 10:20:48,940 [INFO] ApplicationProperties:184 - Using Application install path: C:\ST\STM32CubeIDE_1.13.2\STM32CubeIDE\plugins\com.st.stm32cube.common.mx_6.14.1.202504091515
2025-08-15 10:20:48,980 [INFO] DbMcusXml:78 - Set database path to: C:\ST\STM32CubeIDE_1.13.2\STM32CubeIDE\plugins\com.st.stm32cube.common.mx_6.14.1.202504091515\\db\/mcu/
2025-08-15 10:20:48,980 [INFO] ApiDb:274 - Set plugin database path to: C:\ST\STM32CubeIDE_1.13.2\STM32CubeIDE\plugins\com.st.stm32cube.common.mx_6.14.1.202504091515\\db\/plugins/boardmanager/
2025-08-15 10:20:48,982 [WARN] ApiDb:259 - Overriding images path with different value:  => C:\ST\STM32CubeIDE_1.13.2\STM32CubeIDE\plugins\com.st.stm32cube.common.mx_6.14.1.202504091515\\db\/plugins/mcufinder/images/
2025-08-15 10:20:48,998 [INFO] ApiDb:250 - Set database path to: C:\Users\Admin\.stmcufinder\plugins\mcufinder//mcu/
2025-08-15 10:20:49,000 [INFO] DbMcusAds:125 - Set database path to: C:\Users\Admin\.stmcufinder\plugins\mcufinder//mcu/
2025-08-15 10:20:49,005 [INFO] CrossReferenceDbSqlite:203 - Set database path to: C:\Users\Admin\.stmcufinder\plugins\mcufinder//mcu/cs/
2025-08-15 10:20:49,329 [INFO] RulesReader:64 - Compatibility file has been processed (302 Rules)
2025-08-15 10:20:49,572 [INFO] DbMcusXml:78 - Set database path to: C:\ST\STM32CubeIDE_1.13.2\STM32CubeIDE\plugins\com.st.stm32cube.common.mx_6.14.1.202504091515\\db\/mcu/
2025-08-15 10:20:49,572 [INFO] ApiDb:274 - Set plugin database path to: C:\ST\STM32CubeIDE_1.13.2\STM32CubeIDE\plugins\com.st.stm32cube.common.mx_6.14.1.202504091515\\db\/plugins/boardmanager/
2025-08-15 10:20:49,572 [INFO] ApiDb:261 - Set plugin images path to: C:\ST\STM32CubeIDE_1.13.2\STM32CubeIDE\plugins\com.st.stm32cube.common.mx_6.14.1.202504091515\\db\/plugins/mcufinder/images/
2025-08-15 10:20:49,574 [WARN] DbFile:41 - Overriding database path with different value: C:\Users\Admin\.stmcufinder\plugins\mcufinder/ => C:\Users\Admin\.stmcufinder\plugins\mcufinder
2025-08-15 10:20:49,574 [INFO] ApiDb:250 - Set database path to: C:\Users\Admin\.stmcufinder\plugins\mcufinder//mcu/
2025-08-15 10:20:49,574 [WARN] DbFile:41 - Overriding database path with different value: C:\Users\Admin\.stmcufinder\plugins\mcufinder/ => C:\Users\Admin\.stmcufinder\plugins\mcufinder
2025-08-15 10:20:49,574 [INFO] DbMcusAds:125 - Set database path to: C:\Users\Admin\.stmcufinder\plugins\mcufinder//mcu/
2025-08-15 10:20:49,574 [WARN] DbFile:41 - Overriding database path with different value: C:\Users\Admin\.stmcufinder\plugins\mcufinder/ => C:\Users\Admin\.stmcufinder\plugins\mcufinder
2025-08-15 10:20:49,576 [WARN] DbFile:41 - Overriding database path with different value: C:\Users\Admin\.stmcufinder\plugins\mcufinder/ => C:\Users\Admin\.stmcufinder\plugins\mcufinder
2025-08-15 10:20:49,576 [INFO] CrossReferenceDbSqlite:203 - Set database path to: C:\Users\Admin\.stmcufinder\plugins\mcufinder//mcu/cs/
2025-08-15 10:20:49,781 [INFO] MainPanel:272 - HeapMemory: 268435456
2025-08-15 10:20:50,044 [INFO] DbMcusXml:78 - Set database path to: C:\ST\STM32CubeIDE_1.13.2\STM32CubeIDE\plugins\com.st.stm32cube.common.mx_6.14.1.202504091515\\db\/mcu/
2025-08-15 10:20:50,044 [INFO] ApiDb:274 - Set plugin database path to: C:\ST\STM32CubeIDE_1.13.2\STM32CubeIDE\plugins\com.st.stm32cube.common.mx_6.14.1.202504091515\\db\/plugins/boardmanager/
2025-08-15 10:20:50,044 [INFO] ApiDb:261 - Set plugin images path to: C:\ST\STM32CubeIDE_1.13.2\STM32CubeIDE\plugins\com.st.stm32cube.common.mx_6.14.1.202504091515\\db\/plugins/mcufinder/images/
2025-08-15 10:20:50,046 [WARN] DbFile:41 - Overriding database path with different value: C:\Users\Admin\.stmcufinder\plugins\mcufinder/ => C:\Users\Admin\.stmcufinder\plugins\mcufinder
2025-08-15 10:20:50,046 [INFO] ApiDb:250 - Set database path to: C:\Users\Admin\.stmcufinder\plugins\mcufinder//mcu/
2025-08-15 10:20:50,046 [WARN] DbFile:41 - Overriding database path with different value: C:\Users\Admin\.stmcufinder\plugins\mcufinder/ => C:\Users\Admin\.stmcufinder\plugins\mcufinder
2025-08-15 10:20:50,046 [INFO] DbMcusAds:125 - Set database path to: C:\Users\Admin\.stmcufinder\plugins\mcufinder//mcu/
2025-08-15 10:20:50,046 [WARN] DbFile:41 - Overriding database path with different value: C:\Users\Admin\.stmcufinder\plugins\mcufinder/ => C:\Users\Admin\.stmcufinder\plugins\mcufinder
2025-08-15 10:20:50,046 [WARN] DbFile:41 - Overriding database path with different value: C:\Users\Admin\.stmcufinder\plugins\mcufinder/ => C:\Users\Admin\.stmcufinder\plugins\mcufinder
2025-08-15 10:20:50,048 [INFO] CrossReferenceDbSqlite:203 - Set database path to: C:\Users\Admin\.stmcufinder\plugins\mcufinder//mcu/cs/
2025-08-15 10:20:50,099 [INFO] ApplicationProperties:184 - Using Application install path: C:\ST\STM32CubeIDE_1.13.2\STM32CubeIDE\plugins\com.st.stm32cube.common.mx_6.14.1.202504091515
2025-08-15 10:20:50,103 [INFO] PluginManage:196 - Search for loadable plugins [exclusion list=, ]
2025-08-15 10:20:50,105 [INFO] PluginManage:310 - Check plugin analytics
2025-08-15 10:20:55,485 [INFO] AnalyticsPlugin:253 - Accepted Software Licenses: 
2025-08-15 10:20:55,485 [INFO] AnalyticsPlugin:255 - Accepted CMSIS Pack Licenses: 
2025-08-15 10:20:55,487 [INFO] AnalyticsPlugin:257 - Accepted Firmware Licenses: FW.F4.1.28.0
2025-08-15 10:20:55,495 [INFO] PluginManage:359 - Loaded plugin analytics (category:tool,tabindex:-1)
2025-08-15 10:20:55,495 [INFO] PluginManage:310 - Check plugin cadmodel
2025-08-15 10:20:55,506 [INFO] CADModel:105 - Init CAD model plugin
2025-08-15 10:20:55,506 [INFO] PluginManage:359 - Loaded plugin cadmodel (category:power,tabindex:5)
2025-08-15 10:20:55,508 [INFO] PluginManage:310 - Check plugin clock
2025-08-15 10:20:55,533 [INFO] PluginManage:359 - Loaded plugin clock (category:base,tabindex:2)
2025-08-15 10:20:55,534 [INFO] PluginManage:310 - Check plugin ddr
2025-08-15 10:20:55,537 [INFO] PluginManage:359 - Loaded plugin ddr (category:tool,tabindex:6)
2025-08-15 10:20:55,537 [INFO] PluginManage:310 - Check plugin filemanager
2025-08-15 10:20:55,903 [INFO] PluginManage:359 - Loaded plugin filemanager (category:base,tabindex:10)
2025-08-15 10:20:55,903 [INFO] PluginManage:310 - Check plugin ipmanager
2025-08-15 10:20:55,924 [INFO] PluginManage:359 - Loaded plugin ipmanager (category:base,tabindex:5)
2025-08-15 10:20:55,924 [INFO] PluginManage:310 - Check plugin lpbam
2025-08-15 10:20:55,946 [INFO] PluginManage:359 - Loaded plugin lpbam (category:base,tabindex:0)
2025-08-15 10:20:55,946 [INFO] PluginManage:310 - Check plugin memorymap
2025-08-15 10:20:55,992 [INFO] PluginManage:359 - Loaded plugin memorymap (category:base,tabindex:4)
2025-08-15 10:20:55,994 [INFO] PluginManage:310 - Check plugin pinoutandconfiguration
2025-08-15 10:20:56,019 [INFO] PluginManage:359 - Loaded plugin pinoutandconfiguration (category:base,tabindex:1)
2025-08-15 10:20:56,019 [INFO] PluginManage:310 - Check plugin pinoutconfig
2025-08-15 10:20:56,282 [WARN] SupportedApi:132 - Cannot load RTOS API schema: s4s-elt-must-match.1: The content of 'definitions' must match (annotation?, (simpleType | complexType)?, (unique | key | keyref)*)). A problem was found starting at: attribute.
2025-08-15 10:20:56,641 [INFO] PluginManage:359 - Loaded plugin pinoutconfig (category:base,tabindex:0)
2025-08-15 10:20:56,641 [INFO] PluginManage:310 - Check plugin power
2025-08-15 10:20:56,669 [INFO] PluginManage:359 - Loaded plugin power (category:power,tabindex:4)
2025-08-15 10:20:56,672 [INFO] PluginManage:310 - Check plugin projectmanager
2025-08-15 10:20:56,721 [INFO] PluginManage:359 - Loaded plugin projectmanager (category:projectmanager,tabindex:4)
2025-08-15 10:20:56,721 [INFO] PluginManage:310 - Check plugin rif
2025-08-15 10:20:56,754 [INFO] PluginManage:359 - Loaded plugin rif (category:base,tabindex:3)
2025-08-15 10:20:56,754 [INFO] PluginManage:310 - Check plugin thirdparty
2025-08-15 10:20:57,125 [INFO] PluginManage:359 - Loaded plugin thirdparty (category:base,tabindex:-1)
2025-08-15 10:20:57,125 [INFO] PluginManage:310 - Check plugin tools
2025-08-15 10:20:57,125 [WARN] IntegrityCheckThread:84 - waiting for thirdparty lock release [integrity check]
2025-08-15 10:20:57,125 [INFO] IntegrityCheckThread:86 - entering critical section [integrity check]
2025-08-15 10:20:57,127 [INFO] ThirdPartyUpdaterWithRetryManager:70 - Updater plugin not ready yet. [1/15]
2025-08-15 10:20:57,134 [INFO] PluginManage:359 - Loaded plugin tools (category:base,tabindex:7)
2025-08-15 10:20:57,134 [INFO] PluginManage:310 - Check plugin tutovideos
2025-08-15 10:20:57,567 [INFO] PluginManage:359 - Loaded plugin tutovideos (category:base,tabindex:-1)
2025-08-15 10:20:57,567 [INFO] PluginManage:310 - Check plugin updater
2025-08-15 10:20:57,628 [INFO] PluginManage:359 - Loaded plugin updater (category:base,tabindex:12)
2025-08-15 10:20:57,628 [INFO] PluginManage:310 - Check plugin userauth
2025-08-15 10:20:57,642 [INFO] UserAuth:118 - Init User Auth plugin
2025-08-15 10:20:57,646 [INFO] PluginManage:359 - Loaded plugin userauth (category:base,tabindex:14)
2025-08-15 10:20:57,646 [INFO] PluginManage:283 - PluginManage : Loaded plugins [18]
2025-08-15 10:20:58,204 [INFO] PinOutPanel:1589 - setPackage(No Configuration,No Configuration)
2025-08-15 10:20:58,426 [INFO] CADModel:165 - CPN selected for project level
2025-08-15 10:20:58,426 [INFO] CADModel:114 - Register for checkConnection events
2025-08-15 10:20:58,473 [INFO] IPUIPlugin:80 - create IPUIPlugin
2025-08-15 10:20:58,473 [INFO] PluginManager:220 - loadIPPluginJar : add adc
2025-08-15 10:20:58,481 [INFO] IPUIPlugin:80 - create IPUIPlugin
2025-08-15 10:20:58,482 [INFO] PluginManager:220 - loadIPPluginJar : add aes
2025-08-15 10:20:58,488 [INFO] IPUIPlugin:80 - create IPUIPlugin
2025-08-15 10:20:58,489 [INFO] PluginManager:220 - loadIPPluginJar : add can
2025-08-15 10:20:58,491 [INFO] IPUIPlugin:80 - create IPUIPlugin
2025-08-15 10:20:58,494 [INFO] PluginManager:220 - loadIPPluginJar : add comp
2025-08-15 10:20:58,499 [INFO] IPUIPlugin:80 - create IPUIPlugin
2025-08-15 10:20:58,499 [INFO] PluginManager:220 - loadIPPluginJar : add cryp
2025-08-15 10:20:58,509 [INFO] IPUIPlugin:80 - create IPUIPlugin
2025-08-15 10:20:58,509 [INFO] PluginManager:220 - loadIPPluginJar : add ddr_ctrl_phy
2025-08-15 10:20:58,517 [INFO] IPUIPlugin:80 - create IPUIPlugin
2025-08-15 10:20:58,517 [INFO] PluginManager:220 - loadIPPluginJar : add dfsdm
2025-08-15 10:20:58,530 [INFO] IPUIPlugin:80 - create IPUIPlugin
2025-08-15 10:20:58,530 [INFO] PluginManager:220 - loadIPPluginJar : add dma
2025-08-15 10:20:58,536 [INFO] IPUIPlugin:80 - create IPUIPlugin
2025-08-15 10:20:58,538 [INFO] PluginManager:220 - loadIPPluginJar : add dma3
2025-08-15 10:20:58,544 [INFO] IPUIPlugin:80 - create IPUIPlugin
2025-08-15 10:20:58,546 [INFO] PluginManager:220 - loadIPPluginJar : add extmemmanager
2025-08-15 10:20:58,551 [INFO] IPUIPlugin:80 - create IPUIPlugin
2025-08-15 10:20:58,552 [INFO] PluginManager:220 - loadIPPluginJar : add fatfs
2025-08-15 10:20:58,564 [INFO] IPUIPlugin:80 - create IPUIPlugin
2025-08-15 10:20:58,565 [INFO] PluginManager:220 - loadIPPluginJar : add fmc
2025-08-15 10:20:58,578 [INFO] IPUIPlugin:80 - create IPUIPlugin
2025-08-15 10:20:58,580 [INFO] PluginManager:220 - loadIPPluginJar : add freertos
2025-08-15 10:20:58,585 [INFO] IPUIPlugin:80 - create IPUIPlugin
2025-08-15 10:20:58,585 [INFO] PluginManager:220 - loadIPPluginJar : add genericplugin
2025-08-15 10:20:58,594 [INFO] IPUIPlugin:80 - create IPUIPlugin
2025-08-15 10:20:58,594 [INFO] PluginManager:220 - loadIPPluginJar : add gfxmmu
2025-08-15 10:20:58,606 [INFO] IPUIPlugin:80 - create IPUIPlugin
2025-08-15 10:20:58,606 [INFO] PluginManager:220 - loadIPPluginJar : add gic
2025-08-15 10:20:58,618 [INFO] IPUIPlugin:80 - create IPUIPlugin
2025-08-15 10:20:58,618 [INFO] PluginManager:220 - loadIPPluginJar : add gpio
2025-08-15 10:20:58,623 [INFO] IPUIPlugin:80 - create IPUIPlugin
2025-08-15 10:20:58,623 [INFO] PluginManager:220 - loadIPPluginJar : add gtzc
2025-08-15 10:20:58,629 [INFO] IPUIPlugin:80 - create IPUIPlugin
2025-08-15 10:20:58,629 [INFO] PluginManager:220 - loadIPPluginJar : add hash
2025-08-15 10:20:58,636 [INFO] IPUIPlugin:80 - create IPUIPlugin
2025-08-15 10:20:58,636 [INFO] PluginManager:220 - loadIPPluginJar : add i2c
2025-08-15 10:20:58,641 [INFO] IPUIPlugin:80 - create IPUIPlugin
2025-08-15 10:20:58,643 [INFO] PluginManager:220 - loadIPPluginJar : add i2s
2025-08-15 10:20:58,657 [INFO] IPUIPlugin:80 - create IPUIPlugin
2025-08-15 10:20:58,658 [INFO] PluginManager:220 - loadIPPluginJar : add i3c
2025-08-15 10:20:58,666 [INFO] IPUIPlugin:80 - create IPUIPlugin
2025-08-15 10:20:58,666 [INFO] PluginManager:220 - loadIPPluginJar : add ipddr
2025-08-15 10:20:58,679 [INFO] IPUIPlugin:80 - create IPUIPlugin
2025-08-15 10:20:58,680 [INFO] PluginManager:220 - loadIPPluginJar : add linkedlist
2025-08-15 10:20:58,685 [INFO] IPUIPlugin:80 - create IPUIPlugin
2025-08-15 10:20:58,687 [INFO] PluginManager:220 - loadIPPluginJar : add lorawan
2025-08-15 10:20:58,690 [INFO] IPUIPlugin:80 - create IPUIPlugin
2025-08-15 10:20:58,690 [INFO] PluginManager:220 - loadIPPluginJar : add ltdc
2025-08-15 10:20:58,701 [INFO] IPUIPlugin:80 - create IPUIPlugin
2025-08-15 10:20:58,703 [INFO] PluginManager:220 - loadIPPluginJar : add mdma
2025-08-15 10:20:58,711 [INFO] IPUIPlugin:80 - create IPUIPlugin
2025-08-15 10:20:58,713 [INFO] PluginManager:220 - loadIPPluginJar : add nvic
2025-08-15 10:20:58,719 [INFO] IPUIPlugin:80 - create IPUIPlugin
2025-08-15 10:20:58,719 [INFO] PluginManager:220 - loadIPPluginJar : add opamp
2025-08-15 10:20:58,725 [INFO] IPUIPlugin:80 - create IPUIPlugin
2025-08-15 10:20:58,726 [INFO] PluginManager:220 - loadIPPluginJar : add openamp
2025-08-15 10:20:58,738 [INFO] IPUIPlugin:80 - create IPUIPlugin
2025-08-15 10:20:58,738 [INFO] PluginManager:220 - loadIPPluginJar : add pdm2pcm
2025-08-15 10:20:58,754 [INFO] IPUIPlugin:80 - create IPUIPlugin
2025-08-15 10:20:58,763 [INFO] PluginManager:220 - loadIPPluginJar : add plateformsettings
2025-08-15 10:20:58,767 [INFO] IPUIPlugin:80 - create IPUIPlugin
2025-08-15 10:20:58,767 [INFO] PluginManager:220 - loadIPPluginJar : add quadspi
2025-08-15 10:20:58,772 [INFO] IPUIPlugin:80 - create IPUIPlugin
2025-08-15 10:20:58,774 [INFO] PluginManager:220 - loadIPPluginJar : add radio
2025-08-15 10:20:58,784 [INFO] IPUIPlugin:80 - create IPUIPlugin
2025-08-15 10:20:58,784 [INFO] PluginManager:220 - loadIPPluginJar : add resmgrutility
2025-08-15 10:20:58,796 [INFO] IPUIPlugin:80 - create IPUIPlugin
2025-08-15 10:20:58,796 [INFO] PluginManager:220 - loadIPPluginJar : add sai
2025-08-15 10:20:58,807 [INFO] IPUIPlugin:80 - create IPUIPlugin
2025-08-15 10:20:58,807 [INFO] PluginManager:220 - loadIPPluginJar : add spi
2025-08-15 10:20:58,824 [INFO] IPUIPlugin:80 - create IPUIPlugin
2025-08-15 10:20:58,824 [INFO] PluginManager:220 - loadIPPluginJar : add stm32_wpan
2025-08-15 10:20:58,830 [INFO] IPUIPlugin:80 - create IPUIPlugin
2025-08-15 10:20:58,837 [INFO] PluginManager:220 - loadIPPluginJar : add tim
2025-08-15 10:20:58,849 [INFO] IPUIPlugin:80 - create IPUIPlugin
2025-08-15 10:20:58,849 [INFO] PluginManager:220 - loadIPPluginJar : add touchsensing
2025-08-15 10:20:58,853 [INFO] IPUIPlugin:80 - create IPUIPlugin
2025-08-15 10:20:58,855 [INFO] PluginManager:220 - loadIPPluginJar : add tracer_emb
2025-08-15 10:20:58,861 [INFO] IPUIPlugin:80 - create IPUIPlugin
2025-08-15 10:20:58,861 [INFO] PluginManager:220 - loadIPPluginJar : add ts
2025-08-15 10:20:58,865 [INFO] IPUIPlugin:80 - create IPUIPlugin
2025-08-15 10:20:58,865 [INFO] PluginManager:220 - loadIPPluginJar : add tsc
2025-08-15 10:20:58,872 [INFO] IPUIPlugin:80 - create IPUIPlugin
2025-08-15 10:20:58,872 [INFO] PluginManager:220 - loadIPPluginJar : add ucpd
2025-08-15 10:20:58,879 [INFO] IPUIPlugin:80 - create IPUIPlugin
2025-08-15 10:20:58,879 [INFO] PluginManager:220 - loadIPPluginJar : add usart
2025-08-15 10:20:58,888 [INFO] IPUIPlugin:80 - create IPUIPlugin
2025-08-15 10:20:58,888 [INFO] PluginManager:220 - loadIPPluginJar : add usbx
2025-08-15 10:20:59,154 [FATAL] Updater:351 - Updater called before beeing initialized
2025-08-15 10:20:59,239 [INFO] RulesReader:64 - Compatibility file has been processed (302 Rules)
2025-08-15 10:20:59,279 [INFO] RulesReader:64 - Compatibility file has been processed (302 Rules)
2025-08-15 10:20:59,308 [INFO] CADModel:165 - CPN selected for project level
2025-08-15 10:20:59,308 [INFO] CADModel:114 - Register for checkConnection events
2025-08-15 10:20:59,308 [FATAL] Updater:351 - Updater called before beeing initialized
2025-08-15 10:20:59,308 [ERROR] CADModel:125 - Updater not yet initialized, retry later 
2025-08-15 10:20:59,799 [FATAL] Updater:351 - Updater called before beeing initialized
2025-08-15 10:20:59,803 [INFO] CADModel:165 - CPN selected for project level
2025-08-15 10:20:59,803 [INFO] CADModel:114 - Register for checkConnection events
2025-08-15 10:20:59,805 [FATAL] Updater:351 - Updater called before beeing initialized
2025-08-15 10:20:59,805 [ERROR] CADModel:125 - Updater not yet initialized, retry later 
2025-08-15 10:20:59,816 [FATAL] Updater:351 - Updater called before beeing initialized
2025-08-15 10:21:00,132 [INFO] ThirdPartyUpdaterWithRetryManager:70 - Updater plugin not ready yet. [2/15]
2025-08-15 10:21:00,135 [FATAL] Updater:351 - Updater called before beeing initialized
2025-08-15 10:21:00,151 [INFO] DbMcusAds:53 - JSON generation date=Tue Jul 08 15:14:23 ICT 2025 (1751962463593)
2025-08-15 10:21:00,151 [FATAL] Updater:351 - Updater called before beeing initialized
2025-08-15 10:21:00,276 [WARN] DetailPanel:346 - Failed to get advertising image, set to default
2025-08-15 10:21:00,999 [FATAL] Updater:351 - Updater called before beeing initialized
2025-08-15 10:21:01,004 [FATAL] Updater:351 - Updater called before beeing initialized
2025-08-15 10:21:01,004 [FATAL] Updater:351 - Updater called before beeing initialized
2025-08-15 10:21:01,004 [WARN] DetailPanel:346 - Failed to get advertising image, set to default
2025-08-15 10:21:01,006 [FATAL] Updater:351 - Updater called before beeing initialized
2025-08-15 10:21:01,143 [ERROR] Updater:1198 - MainUpdater not yet initialized. External WinMGr cannot be set.
2025-08-15 10:21:01,147 [INFO] Updater:1134 - Updater Version found : 6.14.1
2025-08-15 10:21:01,203 [INFO] ApplicationProperties:184 - Using Application install path: C:\ST\STM32CubeIDE_1.13.2\STM32CubeIDE\plugins\com.st.stm32cube.common.mx_6.14.1.202504091515
2025-08-15 10:21:02,132 [INFO] MainUpdater:2872 - connection check result : 10
2025-08-15 10:21:02,132 [INFO] MainUpdater:289 - Updater Check For Update Now.
2025-08-15 10:21:02,132 [INFO] MicroXplorer:498 - Change Database Version : DB.6.0.141
2025-08-15 10:21:02,149 [INFO] McuFinderGlobals:63 - Set McuFinder mode to 2 (CubeIDE integrated)
2025-08-15 10:21:02,152 [INFO] UserAuth:484 - Internet connection configuration mode: 1
2025-08-15 10:21:02,201 [INFO] JxBrowserEngine:152 - Initiate JxBrowser Engine with user profile folder
2025-08-15 10:21:02,555 [INFO] CheckServerUpdateThread:120 - End of CheckServer Thread
2025-08-15 10:21:03,994 [WARN] PackLoader:240 - Cannot read IP mode file for STMicroelectronics.FP-SNS-MOTENVWB1.1.4.0
2025-08-15 10:21:04,017 [WARN] PackLoader:240 - Cannot read IP mode file for STMicroelectronics.FP-ATR-ASTRA1.2.0.2
2025-08-15 10:21:04,026 [WARN] PackLoader:240 - Cannot read IP mode file for STMicroelectronics.FP-ATR-ASTRA1.2.0.1
2025-08-15 10:21:04,051 [WARN] PackLoader:240 - Cannot read IP mode file for STMicroelectronics.X-CUBE-SMBUS.2.1.0
2025-08-15 10:21:04,065 [WARN] PackLoader:240 - Cannot read IP mode file for STMicroelectronics.X-CUBE-WB05N.1.1.0
2025-08-15 10:21:04,077 [WARN] PackLoader:240 - Cannot read IP mode file for STMicroelectronics.X-CUBE-ST60.1.0.0
2025-08-15 10:21:04,088 [WARN] PackLoader:240 - Cannot read IP mode file for STMicroelectronics.X-CUBE-TOUCHGFX.4.23.1
2025-08-15 10:21:04,092 [WARN] PackLoader:240 - Cannot read IP mode file for STMicroelectronics.X-CUBE-TOUCHGFX.4.23.0
2025-08-15 10:21:04,096 [WARN] PackLoader:240 - Cannot read IP mode file for STMicroelectronics.X-CUBE-TOUCHGFX.4.23.2
2025-08-15 10:21:04,166 [WARN] PackLoader:240 - Cannot read IP mode file for STMicroelectronics.X-CUBE-AZRTOS-F7.1.1.0
2025-08-15 10:21:04,186 [WARN] PackLoader:240 - Cannot read IP mode file for STMicroelectronics.FP-SNS-MOTENV1.4.3.2
2025-08-15 10:21:04,374 [WARN] PackLoader:240 - Cannot read IP mode file for STMicroelectronics.X-CUBE-MEMS1.11.0.0
2025-08-15 10:21:04,689 [INFO] WebApp:169 - Instantiating new browser for Auth
2025-08-15 10:21:04,861 [WARN] PackLoader:240 - Cannot read IP mode file for STMicroelectronics.FP-SNS-FLIGHT1.5.0.2
2025-08-15 10:21:04,908 [WARN] PackLoader:240 - Cannot read IP mode file for STMicroelectronics.X-CUBE-AZRTOS-H7.3.4.0
2025-08-15 10:21:04,926 [WARN] PackLoader:240 - Cannot read IP mode file for STMicroelectronics.X-CUBE-DISPLAY.3.0.0
2025-08-15 10:21:04,943 [WARN] PackLoader:240 - Cannot read IP mode file for STMicroelectronics.X-CUBE-BLE1.7.0.0
2025-08-15 10:21:04,962 [WARN] PackLoader:240 - Cannot read IP mode file for STMicroelectronics.X-CUBE-NFC10.1.0.0
2025-08-15 10:21:04,994 [WARN] PackLoader:240 - Cannot read IP mode file for STMicroelectronics.X-CUBE-BLEMGR.4.0.0
2025-08-15 10:21:05,018 [WARN] PackLoader:240 - Cannot read IP mode file for emotas.I-CUBE-CANOPEN.1.3.0
2025-08-15 10:21:05,023 [WARN] PackLoader:240 - Cannot read IP mode file for STMicroelectronics.X-CUBE-TOUCHGFX.4.22.1
2025-08-15 10:21:05,038 [WARN] PackLoader:240 - Cannot read IP mode file for STMicroelectronics.X-CUBE-BLEMGR.3.1.0
2025-08-15 10:21:05,056 [WARN] PackLoader:240 - Cannot read IP mode file for STMicroelectronics.X-CUBE-AI.10.0.0
2025-08-15 10:21:05,072 [ERROR] Engine:466 - C:\Users\Admin\.stm32cubemx\thirdparties\pdsc\STMicroelectronics.FP-SNS-STBOX1.2.1.0.pdsc: PDSC version is not supported
2025-08-15 10:21:05,086 [WARN] PackLoader:240 - Cannot read IP mode file for STMicroelectronics.FP-SNS-SMARTAG2.1.2.0
2025-08-15 10:21:05,095 [WARN] PackLoader:240 - Cannot read IP mode file for STMicroelectronics.FP-SNS-FLIGHT1.5.1.0
2025-08-15 10:21:05,197 [WARN] PackLoader:240 - Cannot read IP mode file for STMicroelectronics.X-CUBE-MEMS1.11.1.0
2025-08-15 10:21:05,516 [INFO] LogOutputStream:77 - [STDOUT_REDIRECT] 1 : Invalid condition id : UX_CORESTACK_Condition cause : null
2025-08-15 10:21:05,518 [INFO] LogOutputStream:77 - [STDOUT_REDIRECT] 1 : Invalid condition id : UX_CORESTACK_Condition cause : null
2025-08-15 10:21:05,523 [INFO] LogOutputStream:77 - [STDOUT_REDIRECT] 1 : Invalid condition id : UX_CORESTACK_Condition cause : null
2025-08-15 10:21:05,528 [INFO] LogOutputStream:77 - [STDOUT_REDIRECT] 1 : Invalid condition id : UX_CORESTACK_Condition cause : null
2025-08-15 10:21:05,534 [INFO] LogOutputStream:77 - [STDOUT_REDIRECT] 1 : Invalid condition id : UX_CORESTACK_Condition cause : null
2025-08-15 10:21:05,544 [WARN] PackLoader:240 - Cannot read IP mode file for STMicroelectronics.X-CUBE-AZRTOS-WL.2.0.0
2025-08-15 10:21:05,559 [WARN] PackLoader:240 - Cannot read IP mode file for STMicroelectronics.FP-SNS-MOTENV1.5.0.0
2025-08-15 10:21:05,573 [WARN] PackLoader:240 - Cannot read IP mode file for wolfSSL.I-CUBE-wolfMQTT.1.19.0
2025-08-15 10:21:05,597 [WARN] PackLoader:240 - Cannot read IP mode file for WES.I-CUBE-Cesium.1.3.0
2025-08-15 10:21:05,612 [WARN] PackLoader:240 - Cannot read IP mode file for STMicroelectronics.X-CUBE-BLE2.3.3.0
2025-08-15 10:21:05,634 [WARN] PackLoader:240 - Cannot read IP mode file for STMicroelectronics.X-CUBE-NFC9.1.0.0
2025-08-15 10:21:05,650 [WARN] PackLoader:240 - Cannot read IP mode file for STMicroelectronics.X-CUBE-BLE1.7.1.0
2025-08-15 10:21:05,666 [WARN] PackLoader:240 - Cannot read IP mode file for STMicroelectronics.X-CUBE-TCPP.4.1.0
2025-08-15 10:21:05,689 [WARN] PackLoader:240 - Cannot read IP mode file for STMicroelectronics.X-CUBE-EEPRMA1.5.2.0
2025-08-15 10:21:05,702 [WARN] PackLoader:240 - Cannot read IP mode file for STMicroelectronics.X-CUBE-AI.10.1.0
2025-08-15 10:21:05,718 [WARN] PackLoader:240 - Cannot read IP mode file for STMicroelectronics.X-CUBE-ALGOBUILD.1.3.0
2025-08-15 10:21:05,873 [WARN] PackLoader:240 - Cannot read IP mode file for STMicroelectronics.X-CUBE-MEMS1.11.2.0
2025-08-15 10:21:06,255 [WARN] PackLoader:240 - Cannot read IP mode file for STMicroelectronics.X-CUBE-AZRTOS-G0.1.1.0
2025-08-15 10:21:06,277 [WARN] PackLoader:240 - Cannot read IP mode file for STMicroelectronics.X-CUBE-SAFEA1.1.2.2
2025-08-15 10:21:06,295 [WARN] PackLoader:240 - Cannot read IP mode file for STMicroelectronics.X-CUBE-NFC4.3.0.0
2025-08-15 10:21:06,319 [WARN] PackLoader:240 - Cannot read IP mode file for EmbeddedOffice.I-CUBE-FS-RTOS.1.0.1
2025-08-15 10:21:06,332 [WARN] PackLoader:240 - Cannot read IP mode file for STMicroelectronics.X-CUBE-WB05N.2.0.0
2025-08-15 10:21:06,353 [WARN] PackLoader:240 - Cannot read IP mode file for STMicroelectronics.X-CUBE-BLEMGR.3.0.0
2025-08-15 10:21:06,368 [WARN] PackLoader:240 - Cannot read IP mode file for STMicroelectronics.X-CUBE-TCPP.4.2.0
2025-08-15 10:21:06,381 [WARN] PackLoader:240 - Cannot read IP mode file for RealThread.X-CUBE-RT-Thread_Nano.4.1.1
2025-08-15 10:21:06,389 [WARN] PackLoader:240 - Cannot read IP mode file for STMicroelectronics.FP-ATR-SIGFOX1.3.2.0
2025-08-15 10:21:06,396 [WARN] ConditionMgr:438 - getConditionDescription Invalid condition id : Cortex-A Device cause : null
2025-08-15 10:21:06,420 [WARN] ConditionMgr:1044 - genDependencies : Invalid condition id : Cortex-A Device cause : null
2025-08-15 10:21:06,422 [WARN] ConditionMgr:1044 - genDependencies : Invalid condition id : Cortex-A Device cause : null
2025-08-15 10:21:06,422 [WARN] ConditionMgr:1044 - genDependencies : Invalid condition id : Cortex-A Device cause : null
2025-08-15 10:21:06,430 [WARN] PackLoader:240 - Cannot read IP mode file for STMicroelectronics.X-CUBE-EEPRMA1.5.1.0
2025-08-15 10:21:06,464 [WARN] PackLoader:240 - Cannot read IP mode file for STMicroelectronics.X-CUBE-ST67W61.1.0.0
2025-08-15 10:21:06,474 [WARN] PackLoader:240 - Cannot read IP mode file for STMicroelectronics.X-CUBE-AI.10.2.0
2025-08-15 10:21:06,543 [WARN] PackLoader:240 - Cannot read IP mode file for SEGGER.I-CUBE-embOS.1.3.1
2025-08-15 10:21:06,701 [WARN] PackLoader:240 - Cannot read IP mode file for STMicroelectronics.X-CUBE-ALGOBUILD.1.4.0
2025-08-15 10:21:06,835 [WARN] PackLoader:240 - Cannot read IP mode file for STMicroelectronics.X-CUBE-MEMS1.11.3.0
2025-08-15 10:21:07,182 [WARN] PackLoader:240 - Cannot read IP mode file for STMicroelectronics.X-CUBE-AI.9.1.0
2025-08-15 10:21:07,191 [WARN] PackLoader:240 - Cannot read IP mode file for STMicroelectronics.X-CUBE-PM33A1.1.0.0
2025-08-15 10:21:07,204 [WARN] PackLoader:240 - Cannot read IP mode file for STMicroelectronics.X-CUBE-GNSS1.6.0.0
2025-08-15 10:21:07,267 [WARN] PackLoader:240 - Cannot read IP mode file for STMicroelectronics.X-CUBE-AZRTOS-F4.1.1.0
2025-08-15 10:21:07,296 [WARN] PackLoader:240 - Cannot read IP mode file for wolfSSL.I-CUBE-wolfSSL.5.6.4
2025-08-15 10:21:07,306 [WARN] PackLoader:240 - Cannot read IP mode file for Avnet-IotConnect.X-CUBE-IoTC-DA16k-PMOD.1.0.0
2025-08-15 10:21:07,316 [WARN] PackLoader:240 - Cannot read IP mode file for STMicroelectronics.X-CUBE-ISPU.2.1.0
2025-08-15 10:21:07,329 [WARN] PackLoader:240 - Cannot read IP mode file for STMicroelectronics.X-CUBE-FREERTOS.1.2.0
2025-08-15 10:21:07,345 [WARN] PackLoader:240 - Cannot read IP mode file for STMicroelectronics.X-CUBE-NFC12.1.0.0
2025-08-15 10:21:07,385 [WARN] PackLoader:240 - Cannot read IP mode file for STMicroelectronics.X-CUBE-AZRTOS-L5.2.0.0
2025-08-15 10:21:07,393 [WARN] PackLoader:240 - Cannot read IP mode file for STMicroelectronics.X-CUBE-EEPRMA1.4.2.0
2025-08-15 10:21:07,407 [WARN] PackLoader:240 - Cannot read IP mode file for STMicroelectronics.X-CUBE-NFC6.3.1.0
2025-08-15 10:21:07,421 [WARN] PackLoader:240 - Cannot read IP mode file for ITTIA_DB.I-CUBE-ITTIADB.8.8.0
2025-08-15 10:21:07,435 [WARN] PackLoader:240 - Cannot read IP mode file for STMicroelectronics.X-CUBE-DPower.1.2.0
2025-08-15 10:21:07,442 [WARN] PackLoader:240 - Cannot read IP mode file for STMicroelectronics.X-CUBE-AI.9.0.0
2025-08-15 10:21:07,464 [WARN] ConditionMgr:438 - getConditionDescription Invalid condition id : UX DEVICE CLASS RTOS Condition cause : null
2025-08-15 10:21:07,464 [WARN] ConditionMgr:438 - getConditionDescription Invalid condition id : UX DEVICE CLASS RTOS Condition cause : null
2025-08-15 10:21:07,472 [WARN] PackLoader:240 - Cannot read IP mode file for STMicroelectronics.X-CUBE-AZRTOS-H7.3.1.0
2025-08-15 10:21:07,474 [WARN] ConditionMgr:1044 - genDependencies : Invalid condition id : UX DEVICE CLASS RTOS Condition cause : null
2025-08-15 10:21:07,475 [WARN] ConditionMgr:1044 - genDependencies : Invalid condition id : UX DEVICE CLASS RTOS Condition cause : null
2025-08-15 10:21:07,475 [WARN] ConditionMgr:1044 - genDependencies : Invalid condition id : UX DEVICE CLASS RTOS Condition cause : null
2025-08-15 10:21:07,475 [WARN] ConditionMgr:1044 - genDependencies : Invalid condition id : UX DEVICE CLASS RTOS Condition cause : null
2025-08-15 10:21:07,475 [WARN] ConditionMgr:1044 - genDependencies : Invalid condition id : UX DEVICE CLASS RTOS Condition cause : null
2025-08-15 10:21:07,490 [WARN] PackLoader:240 - Cannot read IP mode file for STMicroelectronics.X-CUBE-FREERTOS.1.3.1
2025-08-15 10:21:07,497 [WARN] PackLoader:240 - Cannot read IP mode file for STMicroelectronics.X-CUBE-FREERTOS.1.3.0
2025-08-15 10:21:07,509 [WARN] PackLoader:240 - Cannot read IP mode file for STMicroelectronics.X-CUBE-NFC7.1.0.1
2025-08-15 10:21:07,517 [WARN] PackLoader:240 - Cannot read IP mode file for wolfSSL.I-CUBE-wolfTPM.3.2.0
2025-08-15 10:21:07,527 [WARN] PackLoader:240 - Cannot read IP mode file for STMicroelectronics.X-CUBE-NFC6.3.0.0
2025-08-15 10:21:07,534 [INFO] WebApp:463 - Apply proxy settings
2025-08-15 10:21:07,536 [INFO] WebApp:548 - Chromium requires no authentication
2025-08-15 10:21:07,542 [WARN] PackLoader:240 - Cannot read IP mode file for STMicroelectronics.FP-SNS-STAIOTCFT.1.0.0
2025-08-15 10:21:07,555 [WARN] PackLoader:240 - Cannot read IP mode file for STMicroelectronics.X-CUBE-DPower.1.3.0
2025-08-15 10:21:07,564 [WARN] PackLoader:240 - Cannot read IP mode file for STMicroelectronics.X-CUBE-AI.8.1.0
2025-08-15 10:21:07,578 [INFO] WebApp:491 - Direct internet connection detected
2025-08-15 10:21:07,599 [WARN] ConditionMgr:438 - getConditionDescription Invalid condition id : LAN8742 Phy interface Condition cause : null
2025-08-15 10:21:07,599 [WARN] PackLoader:240 - Cannot read IP mode file for STMicroelectronics.X-CUBE-AZRTOS-L4.2.0.0
2025-08-15 10:21:07,603 [WARN] ConditionMgr:1044 - genDependencies : Invalid condition id : LAN8742 Phy interface Condition cause : null
2025-08-15 10:21:07,603 [WARN] ConditionMgr:1044 - genDependencies : Invalid condition id : LAN8742 Phy interface Condition cause : null
2025-08-15 10:21:07,603 [WARN] ConditionMgr:1044 - genDependencies : Invalid condition id : LAN8742 Phy interface Condition cause : null
2025-08-15 10:21:07,617 [WARN] PackLoader:240 - Cannot read IP mode file for STMicroelectronics.X-CUBE-SFXS2LP1.4.0.0
2025-08-15 10:21:07,643 [WARN] PackLoader:240 - Cannot read IP mode file for STMicroelectronics.X-CUBE-ISPU.1.1.0
2025-08-15 10:21:07,665 [INFO] WebApp:894 - Register for checkConnection events
2025-08-15 10:21:07,665 [INFO] WebApp:463 - Apply proxy settings
2025-08-15 10:21:07,665 [INFO] WebApp:548 - Chromium requires no authentication
2025-08-15 10:21:07,667 [INFO] WebApp:491 - Direct internet connection detected
2025-08-15 10:21:07,678 [WARN] PackLoader:240 - Cannot read IP mode file for STMicroelectronics.X-CUBE-AZRTOS-H7.3.3.0
2025-08-15 10:21:07,704 [WARN] PackLoader:240 - Cannot read IP mode file for STMicroelectronics.X-CUBE-BLEMGR.4.1.0
2025-08-15 10:21:07,738 [WARN] PackLoader:240 - Cannot read IP mode file for STMicroelectronics.X-CUBE-IPS.3.0.0
2025-08-15 10:21:07,778 [WARN] ConditionMgr:438 - getConditionDescription Invalid condition id : UX DEVICE CLASS RTOS Condition cause : null
2025-08-15 10:21:07,778 [WARN] ConditionMgr:438 - getConditionDescription Invalid condition id : UX DEVICE CLASS RTOS Condition cause : null
2025-08-15 10:21:07,784 [WARN] PackLoader:240 - Cannot read IP mode file for STMicroelectronics.X-CUBE-AZRTOS-WB.2.0.0
2025-08-15 10:21:07,786 [WARN] ConditionMgr:1044 - genDependencies : Invalid condition id : UX DEVICE CLASS RTOS Condition cause : null
2025-08-15 10:21:07,786 [WARN] ConditionMgr:1044 - genDependencies : Invalid condition id : UX DEVICE CLASS RTOS Condition cause : null
2025-08-15 10:21:07,786 [WARN] ConditionMgr:1044 - genDependencies : Invalid condition id : UX DEVICE CLASS RTOS Condition cause : null
2025-08-15 10:21:07,788 [WARN] ConditionMgr:1044 - genDependencies : Invalid condition id : UX DEVICE CLASS RTOS Condition cause : null
2025-08-15 10:21:07,788 [WARN] ConditionMgr:1044 - genDependencies : Invalid condition id : UX DEVICE CLASS RTOS Condition cause : null
2025-08-15 10:21:07,800 [WARN] PackLoader:240 - Cannot read IP mode file for STMicroelectronics.X-CUBE-GNSS1.7.0.0
2025-08-15 10:21:07,816 [WARN] PackLoader:240 - Cannot read IP mode file for STMicroelectronics.X-CUBE-GNSS1.7.0.1
2025-08-15 10:21:07,824 [WARN] PackLoader:240 - Cannot read IP mode file for STMicroelectronics.X-CUBE-TOUCHGFX.4.25.0
2025-08-15 10:21:07,841 [WARN] PackLoader:240 - Cannot read IP mode file for STMicroelectronics.FP-SNS-STBOX1.2.0.0
2025-08-15 10:21:07,864 [WARN] PackLoader:240 - Cannot read IP mode file for STMicroelectronics.X-CUBE-SUBG2.5.0.0
2025-08-15 10:21:07,894 [INFO] WebApp:191 - Connection restablished
2025-08-15 10:21:07,907 [WARN] PackLoader:240 - Cannot read IP mode file for STMicroelectronics.X-CUBE-AZRTOS-H7RS.1.1.0
2025-08-15 10:21:07,932 [WARN] PackLoader:240 - Cannot read IP mode file for STMicroelectronics.X-CUBE-TOF1.3.3.1
2025-08-15 10:21:07,982 [WARN] PackLoader:240 - Cannot read IP mode file for STMicroelectronics.X-CUBE-AZRTOS-G4.2.0.0
2025-08-15 10:21:08,018 [WARN] PackLoader:240 - Cannot read IP mode file for Infineon.AIROC-Wi-Fi-Bluetooth-STM32.1.5.1
2025-08-15 10:21:08,032 [WARN] PackLoader:240 - Cannot read IP mode file for STMicroelectronics.FP-SNS-MOTENVWB1.1.3.0
2025-08-15 10:21:08,044 [WARN] PackLoader:240 - Cannot read IP mode file for STMicroelectronics.X-CUBE-NFC7.2.0.0
2025-08-15 10:21:08,052 [WARN] PackLoader:240 - Cannot read IP mode file for STMicroelectronics.FP-SNS-MOTENVWB1.1.3.1
2025-08-15 10:21:08,058 [WARN] PackLoader:240 - Cannot read IP mode file for STMicroelectronics.X-CUBE-ISPU.2.0.0
2025-08-15 10:21:08,077 [WARN] PackLoader:240 - Cannot read IP mode file for STMicroelectronics.X-CUBE-IPS.3.1.0
2025-08-15 10:21:08,097 [WARN] PackLoader:240 - Cannot read IP mode file for STMicroelectronics.X-CUBE-ALS.1.0.2
2025-08-15 10:21:08,188 [WARN] PackLoader:240 - Cannot read IP mode file for STMicroelectronics.X-CUBE-MEMS1.10.0.0
2025-08-15 10:21:08,495 [WARN] PackLoader:240 - Cannot read IP mode file for STMicroelectronics.X-CUBE-FREERTOS.1.1.0
2025-08-15 10:21:08,505 [WARN] PackLoader:240 - Cannot read IP mode file for STMicroelectronics.X-CUBE-TOUCHGFX.4.24.0
2025-08-15 10:21:08,513 [WARN] PackLoader:240 - Cannot read IP mode file for STMicroelectronics.X-CUBE-TOUCHGFX.4.24.2
2025-08-15 10:21:08,522 [WARN] PackLoader:240 - Cannot read IP mode file for STMicroelectronics.X-CUBE-TOUCHGFX.4.24.1
2025-08-15 10:21:08,533 [WARN] PackLoader:240 - Cannot read IP mode file for portGmbH.I-Cube-SoM-uGOAL.1.1.0
2025-08-15 10:21:08,540 [WARN] PackLoader:240 - Cannot read IP mode file for STMicroelectronics.X-CUBE-ALS.1.0.1
2025-08-15 10:21:08,574 [WARN] PackLoader:240 - Cannot read IP mode file for STMicroelectronics.X-CUBE-AZRTOS-H7RS.1.0.0
2025-08-15 10:21:08,588 [WARN] PackLoader:240 - Cannot read IP mode file for STMicroelectronics.FP-ATR-ASTRA1.2.0.0
2025-08-15 10:21:08,608 [WARN] PackLoader:240 - Cannot read IP mode file for STMicroelectronics.X-CUBE-TOF1.3.4.2
2025-08-15 10:21:08,643 [WARN] PackLoader:240 - Cannot read IP mode file for STMicroelectronics.X-CUBE-TOF1.3.4.3
2025-08-15 10:21:08,657 [INFO] WebApp:225 - Starting web application
2025-08-15 10:21:08,657 [INFO] WebApp:593 - Web application path used C:\ST\STM32CubeIDE_1.13.2\STM32CubeIDE\plugins\com.st.stm32cube.common.mx_6.14.1.202504091515\db\plugins\mcufinder\reactClient1\index.html
2025-08-15 10:21:08,710 [WARN] PackLoader:240 - Cannot read IP mode file for STMicroelectronics.X-CUBE-TOF1.3.4.0
2025-08-15 10:21:08,744 [WARN] PackLoader:240 - Cannot read IP mode file for STMicroelectronics.X-CUBE-TOF1.3.4.1
2025-08-15 10:21:08,796 [WARN] PackLoader:240 - Cannot read IP mode file for STMicroelectronics.X-CUBE-AZRTOS-H7.3.2.0
2025-08-15 10:21:08,810 [WARN] PackLoader:240 - Cannot read IP mode file for wolfSSL.I-CUBE-wolfSSH.1.4.17
2025-08-15 10:21:08,812 [INFO] ThirdParty:978 - Integrity check success = true
2025-08-15 10:21:08,812 [INFO] IntegrityCheckThread:100 - exiting critical section [integrity check]
2025-08-15 10:21:08,812 [INFO] IntegrityCheckThread:103 - End integrity checks thread
2025-08-15 10:21:09,027 [INFO] UserAuth:484 - Internet connection configuration mode: 1
2025-08-15 11:32:38,504 [INFO] WebApp:194 - Connection lost
2025-08-15 11:32:38,780 [INFO] WebApp:191 - Connection restablished
2025-08-15 11:32:45,525 [INFO] WebApp:194 - Connection lost
2025-08-15 11:32:45,758 [INFO] WebApp:191 - Connection restablished
2025-08-15 17:43:50,150 [ERROR] LogOutputStream:75 - [STDERR_REDIRECT] 
2025-08-15 20:19:20,395 [INFO] Activator:176 - 


2025-08-15 20:19:20,398 [INFO] Activator:177 - !SESSION log4j initialized
2025-08-15 20:19:29,566 [INFO] LogOutputStream:77 - [STDOUT_REDIRECT] 
2025-08-15 20:19:36,654 [INFO] ApplicationProperties:184 - Using Application install path: C:\ST\STM32CubeIDE_1.13.2\STM32CubeIDE\plugins\com.st.stm32cube.common.mx_6.14.1.202504091515
2025-08-15 20:19:36,679 [INFO] DbMcusXml:78 - Set database path to: C:\ST\STM32CubeIDE_1.13.2\STM32CubeIDE\plugins\com.st.stm32cube.common.mx_6.14.1.202504091515\\db\/mcu/
2025-08-15 20:19:36,679 [INFO] ApiDb:274 - Set plugin database path to: C:\ST\STM32CubeIDE_1.13.2\STM32CubeIDE\plugins\com.st.stm32cube.common.mx_6.14.1.202504091515\\db\/plugins/boardmanager/
2025-08-15 20:19:36,679 [WARN] ApiDb:259 - Overriding images path with different value:  => C:\ST\STM32CubeIDE_1.13.2\STM32CubeIDE\plugins\com.st.stm32cube.common.mx_6.14.1.202504091515\\db\/plugins/mcufinder/images/
2025-08-15 20:19:36,691 [INFO] ApiDb:250 - Set database path to: C:\Users\Admin\.stmcufinder\plugins\mcufinder//mcu/
2025-08-15 20:19:36,693 [INFO] DbMcusAds:125 - Set database path to: C:\Users\Admin\.stmcufinder\plugins\mcufinder//mcu/
2025-08-15 20:19:36,697 [INFO] CrossReferenceDbSqlite:203 - Set database path to: C:\Users\Admin\.stmcufinder\plugins\mcufinder//mcu/cs/
2025-08-15 20:19:36,866 [INFO] RulesReader:64 - Compatibility file has been processed (302 Rules)
2025-08-15 20:19:37,002 [INFO] DbMcusXml:78 - Set database path to: C:\ST\STM32CubeIDE_1.13.2\STM32CubeIDE\plugins\com.st.stm32cube.common.mx_6.14.1.202504091515\\db\/mcu/
2025-08-15 20:19:37,002 [INFO] ApiDb:274 - Set plugin database path to: C:\ST\STM32CubeIDE_1.13.2\STM32CubeIDE\plugins\com.st.stm32cube.common.mx_6.14.1.202504091515\\db\/plugins/boardmanager/
2025-08-15 20:19:37,003 [INFO] ApiDb:261 - Set plugin images path to: C:\ST\STM32CubeIDE_1.13.2\STM32CubeIDE\plugins\com.st.stm32cube.common.mx_6.14.1.202504091515\\db\/plugins/mcufinder/images/
2025-08-15 20:19:37,003 [WARN] DbFile:41 - Overriding database path with different value: C:\Users\Admin\.stmcufinder\plugins\mcufinder/ => C:\Users\Admin\.stmcufinder\plugins\mcufinder
2025-08-15 20:19:37,003 [INFO] ApiDb:250 - Set database path to: C:\Users\Admin\.stmcufinder\plugins\mcufinder//mcu/
2025-08-15 20:19:37,003 [WARN] DbFile:41 - Overriding database path with different value: C:\Users\Admin\.stmcufinder\plugins\mcufinder/ => C:\Users\Admin\.stmcufinder\plugins\mcufinder
2025-08-15 20:19:37,003 [INFO] DbMcusAds:125 - Set database path to: C:\Users\Admin\.stmcufinder\plugins\mcufinder//mcu/
2025-08-15 20:19:37,003 [WARN] DbFile:41 - Overriding database path with different value: C:\Users\Admin\.stmcufinder\plugins\mcufinder/ => C:\Users\Admin\.stmcufinder\plugins\mcufinder
2025-08-15 20:19:37,003 [WARN] DbFile:41 - Overriding database path with different value: C:\Users\Admin\.stmcufinder\plugins\mcufinder/ => C:\Users\Admin\.stmcufinder\plugins\mcufinder
2025-08-15 20:19:37,003 [INFO] CrossReferenceDbSqlite:203 - Set database path to: C:\Users\Admin\.stmcufinder\plugins\mcufinder//mcu/cs/
2025-08-15 20:19:37,112 [INFO] MainPanel:272 - HeapMemory: 268435456
2025-08-15 20:19:37,264 [INFO] DbMcusXml:78 - Set database path to: C:\ST\STM32CubeIDE_1.13.2\STM32CubeIDE\plugins\com.st.stm32cube.common.mx_6.14.1.202504091515\\db\/mcu/
2025-08-15 20:19:37,264 [INFO] ApiDb:274 - Set plugin database path to: C:\ST\STM32CubeIDE_1.13.2\STM32CubeIDE\plugins\com.st.stm32cube.common.mx_6.14.1.202504091515\\db\/plugins/boardmanager/
2025-08-15 20:19:37,264 [INFO] ApiDb:261 - Set plugin images path to: C:\ST\STM32CubeIDE_1.13.2\STM32CubeIDE\plugins\com.st.stm32cube.common.mx_6.14.1.202504091515\\db\/plugins/mcufinder/images/
2025-08-15 20:19:37,264 [WARN] DbFile:41 - Overriding database path with different value: C:\Users\Admin\.stmcufinder\plugins\mcufinder/ => C:\Users\Admin\.stmcufinder\plugins\mcufinder
2025-08-15 20:19:37,265 [INFO] ApiDb:250 - Set database path to: C:\Users\Admin\.stmcufinder\plugins\mcufinder//mcu/
2025-08-15 20:19:37,265 [WARN] DbFile:41 - Overriding database path with different value: C:\Users\Admin\.stmcufinder\plugins\mcufinder/ => C:\Users\Admin\.stmcufinder\plugins\mcufinder
2025-08-15 20:19:37,265 [INFO] DbMcusAds:125 - Set database path to: C:\Users\Admin\.stmcufinder\plugins\mcufinder//mcu/
2025-08-15 20:19:37,265 [WARN] DbFile:41 - Overriding database path with different value: C:\Users\Admin\.stmcufinder\plugins\mcufinder/ => C:\Users\Admin\.stmcufinder\plugins\mcufinder
2025-08-15 20:19:37,265 [WARN] DbFile:41 - Overriding database path with different value: C:\Users\Admin\.stmcufinder\plugins\mcufinder/ => C:\Users\Admin\.stmcufinder\plugins\mcufinder
2025-08-15 20:19:37,265 [INFO] CrossReferenceDbSqlite:203 - Set database path to: C:\Users\Admin\.stmcufinder\plugins\mcufinder//mcu/cs/
2025-08-15 20:19:37,292 [INFO] ApplicationProperties:184 - Using Application install path: C:\ST\STM32CubeIDE_1.13.2\STM32CubeIDE\plugins\com.st.stm32cube.common.mx_6.14.1.202504091515
2025-08-15 20:19:37,295 [INFO] PluginManage:196 - Search for loadable plugins [exclusion list=, ]
2025-08-15 20:19:37,297 [INFO] PluginManage:310 - Check plugin analytics
2025-08-15 20:19:42,506 [INFO] AnalyticsPlugin:253 - Accepted Software Licenses: 
2025-08-15 20:19:42,506 [INFO] AnalyticsPlugin:255 - Accepted CMSIS Pack Licenses: 
2025-08-15 20:19:42,506 [INFO] AnalyticsPlugin:257 - Accepted Firmware Licenses: FW.F4.1.28.0
2025-08-15 20:19:42,512 [INFO] PluginManage:359 - Loaded plugin analytics (category:tool,tabindex:-1)
2025-08-15 20:19:42,513 [INFO] PluginManage:310 - Check plugin cadmodel
2025-08-15 20:19:42,521 [INFO] CADModel:105 - Init CAD model plugin
2025-08-15 20:19:42,521 [INFO] PluginManage:359 - Loaded plugin cadmodel (category:power,tabindex:5)
2025-08-15 20:19:42,521 [INFO] PluginManage:310 - Check plugin clock
2025-08-15 20:19:42,538 [INFO] PluginManage:359 - Loaded plugin clock (category:base,tabindex:2)
2025-08-15 20:19:42,538 [INFO] PluginManage:310 - Check plugin ddr
2025-08-15 20:19:42,542 [INFO] PluginManage:359 - Loaded plugin ddr (category:tool,tabindex:6)
2025-08-15 20:19:42,542 [INFO] PluginManage:310 - Check plugin filemanager
2025-08-15 20:19:42,747 [INFO] PluginManage:359 - Loaded plugin filemanager (category:base,tabindex:10)
2025-08-15 20:19:42,747 [INFO] PluginManage:310 - Check plugin ipmanager
2025-08-15 20:19:42,756 [INFO] PluginManage:359 - Loaded plugin ipmanager (category:base,tabindex:5)
2025-08-15 20:19:42,756 [INFO] PluginManage:310 - Check plugin lpbam
2025-08-15 20:19:42,767 [INFO] PluginManage:359 - Loaded plugin lpbam (category:base,tabindex:0)
2025-08-15 20:19:42,767 [INFO] PluginManage:310 - Check plugin memorymap
2025-08-15 20:19:42,787 [INFO] PluginManage:359 - Loaded plugin memorymap (category:base,tabindex:4)
2025-08-15 20:19:42,787 [INFO] PluginManage:310 - Check plugin pinoutandconfiguration
2025-08-15 20:19:42,801 [INFO] PluginManage:359 - Loaded plugin pinoutandconfiguration (category:base,tabindex:1)
2025-08-15 20:19:42,801 [INFO] PluginManage:310 - Check plugin pinoutconfig
2025-08-15 20:19:42,928 [WARN] SupportedApi:132 - Cannot load RTOS API schema: s4s-elt-must-match.1: The content of 'definitions' must match (annotation?, (simpleType | complexType)?, (unique | key | keyref)*)). A problem was found starting at: attribute.
2025-08-15 20:19:43,131 [INFO] PluginManage:359 - Loaded plugin pinoutconfig (category:base,tabindex:0)
2025-08-15 20:19:43,131 [INFO] PluginManage:310 - Check plugin power
2025-08-15 20:19:43,145 [INFO] PluginManage:359 - Loaded plugin power (category:power,tabindex:4)
2025-08-15 20:19:43,145 [INFO] PluginManage:310 - Check plugin projectmanager
2025-08-15 20:19:43,166 [INFO] PluginManage:359 - Loaded plugin projectmanager (category:projectmanager,tabindex:4)
2025-08-15 20:19:43,166 [INFO] PluginManage:310 - Check plugin rif
2025-08-15 20:19:43,182 [INFO] PluginManage:359 - Loaded plugin rif (category:base,tabindex:3)
2025-08-15 20:19:43,183 [INFO] PluginManage:310 - Check plugin thirdparty
2025-08-15 20:19:43,405 [WARN] IntegrityCheckThread:84 - waiting for thirdparty lock release [integrity check]
2025-08-15 20:19:43,405 [INFO] IntegrityCheckThread:86 - entering critical section [integrity check]
2025-08-15 20:19:43,405 [INFO] PluginManage:359 - Loaded plugin thirdparty (category:base,tabindex:-1)
2025-08-15 20:19:43,405 [INFO] PluginManage:310 - Check plugin tools
2025-08-15 20:19:43,405 [INFO] ThirdPartyUpdaterWithRetryManager:70 - Updater plugin not ready yet. [1/15]
2025-08-15 20:19:43,411 [INFO] PluginManage:359 - Loaded plugin tools (category:base,tabindex:7)
2025-08-15 20:19:43,412 [INFO] PluginManage:310 - Check plugin tutovideos
2025-08-15 20:19:43,685 [INFO] PluginManage:359 - Loaded plugin tutovideos (category:base,tabindex:-1)
2025-08-15 20:19:43,685 [INFO] PluginManage:310 - Check plugin updater
2025-08-15 20:19:43,712 [INFO] PluginManage:359 - Loaded plugin updater (category:base,tabindex:12)
2025-08-15 20:19:43,713 [INFO] PluginManage:310 - Check plugin userauth
2025-08-15 20:19:43,718 [INFO] UserAuth:118 - Init User Auth plugin
2025-08-15 20:19:43,719 [INFO] PluginManage:359 - Loaded plugin userauth (category:base,tabindex:14)
2025-08-15 20:19:43,719 [INFO] PluginManage:283 - PluginManage : Loaded plugins [18]
2025-08-15 20:19:44,006 [INFO] PinOutPanel:1589 - setPackage(No Configuration,No Configuration)
2025-08-15 20:19:44,114 [INFO] CADModel:165 - CPN selected for project level
2025-08-15 20:19:44,114 [INFO] CADModel:114 - Register for checkConnection events
2025-08-15 20:19:44,135 [INFO] IPUIPlugin:80 - create IPUIPlugin
2025-08-15 20:19:44,135 [INFO] PluginManager:220 - loadIPPluginJar : add adc
2025-08-15 20:19:44,139 [INFO] IPUIPlugin:80 - create IPUIPlugin
2025-08-15 20:19:44,139 [INFO] PluginManager:220 - loadIPPluginJar : add aes
2025-08-15 20:19:44,142 [INFO] IPUIPlugin:80 - create IPUIPlugin
2025-08-15 20:19:44,143 [INFO] PluginManager:220 - loadIPPluginJar : add can
2025-08-15 20:19:44,145 [INFO] IPUIPlugin:80 - create IPUIPlugin
2025-08-15 20:19:44,145 [INFO] PluginManager:220 - loadIPPluginJar : add comp
2025-08-15 20:19:44,149 [INFO] IPUIPlugin:80 - create IPUIPlugin
2025-08-15 20:19:44,149 [INFO] PluginManager:220 - loadIPPluginJar : add cryp
2025-08-15 20:19:44,154 [INFO] IPUIPlugin:80 - create IPUIPlugin
2025-08-15 20:19:44,154 [INFO] PluginManager:220 - loadIPPluginJar : add ddr_ctrl_phy
2025-08-15 20:19:44,158 [INFO] IPUIPlugin:80 - create IPUIPlugin
2025-08-15 20:19:44,158 [INFO] PluginManager:220 - loadIPPluginJar : add dfsdm
2025-08-15 20:19:44,164 [INFO] IPUIPlugin:80 - create IPUIPlugin
2025-08-15 20:19:44,165 [INFO] PluginManager:220 - loadIPPluginJar : add dma
2025-08-15 20:19:44,168 [INFO] IPUIPlugin:80 - create IPUIPlugin
2025-08-15 20:19:44,168 [INFO] PluginManager:220 - loadIPPluginJar : add dma3
2025-08-15 20:19:44,172 [INFO] IPUIPlugin:80 - create IPUIPlugin
2025-08-15 20:19:44,172 [INFO] PluginManager:220 - loadIPPluginJar : add extmemmanager
2025-08-15 20:19:44,175 [INFO] IPUIPlugin:80 - create IPUIPlugin
2025-08-15 20:19:44,175 [INFO] PluginManager:220 - loadIPPluginJar : add fatfs
2025-08-15 20:19:44,182 [INFO] IPUIPlugin:80 - create IPUIPlugin
2025-08-15 20:19:44,182 [INFO] PluginManager:220 - loadIPPluginJar : add fmc
2025-08-15 20:19:44,192 [INFO] IPUIPlugin:80 - create IPUIPlugin
2025-08-15 20:19:44,193 [INFO] PluginManager:220 - loadIPPluginJar : add freertos
2025-08-15 20:19:44,195 [INFO] IPUIPlugin:80 - create IPUIPlugin
2025-08-15 20:19:44,195 [INFO] PluginManager:220 - loadIPPluginJar : add genericplugin
2025-08-15 20:19:44,199 [INFO] IPUIPlugin:80 - create IPUIPlugin
2025-08-15 20:19:44,199 [INFO] PluginManager:220 - loadIPPluginJar : add gfxmmu
2025-08-15 20:19:44,204 [INFO] IPUIPlugin:80 - create IPUIPlugin
2025-08-15 20:19:44,204 [INFO] PluginManager:220 - loadIPPluginJar : add gic
2025-08-15 20:19:44,210 [INFO] IPUIPlugin:80 - create IPUIPlugin
2025-08-15 20:19:44,210 [INFO] PluginManager:220 - loadIPPluginJar : add gpio
2025-08-15 20:19:44,214 [INFO] IPUIPlugin:80 - create IPUIPlugin
2025-08-15 20:19:44,214 [INFO] PluginManager:220 - loadIPPluginJar : add gtzc
2025-08-15 20:19:44,218 [INFO] IPUIPlugin:80 - create IPUIPlugin
2025-08-15 20:19:44,218 [INFO] PluginManager:220 - loadIPPluginJar : add hash
2025-08-15 20:19:44,221 [INFO] IPUIPlugin:80 - create IPUIPlugin
2025-08-15 20:19:44,221 [INFO] PluginManager:220 - loadIPPluginJar : add i2c
2025-08-15 20:19:44,224 [INFO] IPUIPlugin:80 - create IPUIPlugin
2025-08-15 20:19:44,225 [INFO] PluginManager:220 - loadIPPluginJar : add i2s
2025-08-15 20:19:44,230 [INFO] IPUIPlugin:80 - create IPUIPlugin
2025-08-15 20:19:44,230 [INFO] PluginManager:220 - loadIPPluginJar : add i3c
2025-08-15 20:19:44,234 [INFO] IPUIPlugin:80 - create IPUIPlugin
2025-08-15 20:19:44,234 [INFO] PluginManager:220 - loadIPPluginJar : add ipddr
2025-08-15 20:19:44,243 [INFO] IPUIPlugin:80 - create IPUIPlugin
2025-08-15 20:19:44,243 [INFO] PluginManager:220 - loadIPPluginJar : add linkedlist
2025-08-15 20:19:44,247 [INFO] IPUIPlugin:80 - create IPUIPlugin
2025-08-15 20:19:44,247 [INFO] PluginManager:220 - loadIPPluginJar : add lorawan
2025-08-15 20:19:44,250 [INFO] IPUIPlugin:80 - create IPUIPlugin
2025-08-15 20:19:44,250 [INFO] PluginManager:220 - loadIPPluginJar : add ltdc
2025-08-15 20:19:44,258 [INFO] IPUIPlugin:80 - create IPUIPlugin
2025-08-15 20:19:44,258 [INFO] PluginManager:220 - loadIPPluginJar : add mdma
2025-08-15 20:19:44,263 [INFO] IPUIPlugin:80 - create IPUIPlugin
2025-08-15 20:19:44,263 [INFO] PluginManager:220 - loadIPPluginJar : add nvic
2025-08-15 20:19:44,267 [INFO] IPUIPlugin:80 - create IPUIPlugin
2025-08-15 20:19:44,267 [INFO] PluginManager:220 - loadIPPluginJar : add opamp
2025-08-15 20:19:44,273 [INFO] IPUIPlugin:80 - create IPUIPlugin
2025-08-15 20:19:44,273 [INFO] PluginManager:220 - loadIPPluginJar : add openamp
2025-08-15 20:19:44,277 [INFO] IPUIPlugin:80 - create IPUIPlugin
2025-08-15 20:19:44,277 [INFO] PluginManager:220 - loadIPPluginJar : add pdm2pcm
2025-08-15 20:19:44,284 [INFO] IPUIPlugin:80 - create IPUIPlugin
2025-08-15 20:19:44,287 [INFO] PluginManager:220 - loadIPPluginJar : add plateformsettings
2025-08-15 20:19:44,289 [INFO] IPUIPlugin:80 - create IPUIPlugin
2025-08-15 20:19:44,289 [INFO] PluginManager:220 - loadIPPluginJar : add quadspi
2025-08-15 20:19:44,292 [INFO] IPUIPlugin:80 - create IPUIPlugin
2025-08-15 20:19:44,292 [INFO] PluginManager:220 - loadIPPluginJar : add radio
2025-08-15 20:19:44,298 [INFO] IPUIPlugin:80 - create IPUIPlugin
2025-08-15 20:19:44,298 [INFO] PluginManager:220 - loadIPPluginJar : add resmgrutility
2025-08-15 20:19:44,302 [INFO] IPUIPlugin:80 - create IPUIPlugin
2025-08-15 20:19:44,302 [INFO] PluginManager:220 - loadIPPluginJar : add sai
2025-08-15 20:19:44,305 [INFO] IPUIPlugin:80 - create IPUIPlugin
2025-08-15 20:19:44,305 [INFO] PluginManager:220 - loadIPPluginJar : add spi
2025-08-15 20:19:44,313 [INFO] IPUIPlugin:80 - create IPUIPlugin
2025-08-15 20:19:44,313 [INFO] PluginManager:220 - loadIPPluginJar : add stm32_wpan
2025-08-15 20:19:44,315 [INFO] IPUIPlugin:80 - create IPUIPlugin
2025-08-15 20:19:44,316 [INFO] PluginManager:220 - loadIPPluginJar : add tim
2025-08-15 20:19:44,319 [INFO] IPUIPlugin:80 - create IPUIPlugin
2025-08-15 20:19:44,320 [INFO] PluginManager:220 - loadIPPluginJar : add touchsensing
2025-08-15 20:19:44,322 [INFO] IPUIPlugin:80 - create IPUIPlugin
2025-08-15 20:19:44,322 [INFO] PluginManager:220 - loadIPPluginJar : add tracer_emb
2025-08-15 20:19:44,326 [INFO] IPUIPlugin:80 - create IPUIPlugin
2025-08-15 20:19:44,326 [INFO] PluginManager:220 - loadIPPluginJar : add ts
2025-08-15 20:19:44,328 [INFO] IPUIPlugin:80 - create IPUIPlugin
2025-08-15 20:19:44,329 [INFO] PluginManager:220 - loadIPPluginJar : add tsc
2025-08-15 20:19:44,331 [INFO] IPUIPlugin:80 - create IPUIPlugin
2025-08-15 20:19:44,331 [INFO] PluginManager:220 - loadIPPluginJar : add ucpd
2025-08-15 20:19:44,334 [INFO] IPUIPlugin:80 - create IPUIPlugin
2025-08-15 20:19:44,334 [INFO] PluginManager:220 - loadIPPluginJar : add usart
2025-08-15 20:19:44,338 [INFO] IPUIPlugin:80 - create IPUIPlugin
2025-08-15 20:19:44,338 [INFO] PluginManager:220 - loadIPPluginJar : add usbx
2025-08-15 20:19:44,489 [FATAL] Updater:351 - Updater called before beeing initialized
2025-08-15 20:19:44,549 [INFO] RulesReader:64 - Compatibility file has been processed (302 Rules)
2025-08-15 20:19:44,561 [INFO] RulesReader:64 - Compatibility file has been processed (302 Rules)
2025-08-15 20:19:44,571 [INFO] CADModel:165 - CPN selected for project level
2025-08-15 20:19:44,571 [INFO] CADModel:114 - Register for checkConnection events
2025-08-15 20:19:44,571 [FATAL] Updater:351 - Updater called before beeing initialized
2025-08-15 20:19:44,571 [ERROR] CADModel:125 - Updater not yet initialized, retry later 
2025-08-15 20:19:44,823 [FATAL] Updater:351 - Updater called before beeing initialized
2025-08-15 20:19:44,828 [INFO] CADModel:165 - CPN selected for project level
2025-08-15 20:19:44,828 [INFO] CADModel:114 - Register for checkConnection events
2025-08-15 20:19:44,828 [FATAL] Updater:351 - Updater called before beeing initialized
2025-08-15 20:19:44,828 [ERROR] CADModel:125 - Updater not yet initialized, retry later 
2025-08-15 20:19:44,834 [FATAL] Updater:351 - Updater called before beeing initialized
2025-08-15 20:19:45,005 [FATAL] Updater:351 - Updater called before beeing initialized
2025-08-15 20:19:45,011 [INFO] DbMcusAds:53 - JSON generation date=Tue Jul 08 15:14:23 ICT 2025 (1751962463593)
2025-08-15 20:19:45,011 [FATAL] Updater:351 - Updater called before beeing initialized
2025-08-15 20:19:45,066 [WARN] DetailPanel:346 - Failed to get advertising image, set to default
2025-08-15 20:19:45,449 [FATAL] Updater:351 - Updater called before beeing initialized
2025-08-15 20:19:45,452 [FATAL] Updater:351 - Updater called before beeing initialized
2025-08-15 20:19:45,452 [FATAL] Updater:351 - Updater called before beeing initialized
2025-08-15 20:19:45,452 [WARN] DetailPanel:346 - Failed to get advertising image, set to default
2025-08-15 20:19:45,453 [FATAL] Updater:351 - Updater called before beeing initialized
2025-08-15 20:19:45,517 [ERROR] Updater:1198 - MainUpdater not yet initialized. External WinMGr cannot be set.
2025-08-15 20:19:45,521 [INFO] Updater:1134 - Updater Version found : 6.14.1
2025-08-15 20:19:45,546 [INFO] ApplicationProperties:184 - Using Application install path: C:\ST\STM32CubeIDE_1.13.2\STM32CubeIDE\plugins\com.st.stm32cube.common.mx_6.14.1.202504091515
2025-08-15 20:19:46,406 [INFO] ThirdPartyUpdaterWithRetryManager:70 - Updater plugin not ready yet. [2/15]
2025-08-15 20:19:47,176 [INFO] MainUpdater:2872 - connection check result : 10
2025-08-15 20:19:47,177 [INFO] MainUpdater:289 - Updater Check For Update Now.
2025-08-15 20:19:47,177 [INFO] MicroXplorer:498 - Change Database Version : DB.6.0.141
2025-08-15 20:19:47,190 [INFO] McuFinderGlobals:63 - Set McuFinder mode to 2 (CubeIDE integrated)
2025-08-15 20:19:47,191 [INFO] UserAuth:484 - Internet connection configuration mode: 1
2025-08-15 20:19:47,228 [INFO] JxBrowserEngine:152 - Initiate JxBrowser Engine with user profile folder
2025-08-15 20:19:47,399 [INFO] CheckServerUpdateThread:120 - End of CheckServer Thread
2025-08-15 20:19:48,937 [INFO] WebApp:169 - Instantiating new browser for Auth
2025-08-15 20:19:49,822 [WARN] PackLoader:240 - Cannot read IP mode file for STMicroelectronics.FP-SNS-MOTENVWB1.1.4.0
2025-08-15 20:19:49,838 [WARN] PackLoader:240 - Cannot read IP mode file for STMicroelectronics.FP-ATR-ASTRA1.2.0.2
2025-08-15 20:19:49,842 [WARN] PackLoader:240 - Cannot read IP mode file for STMicroelectronics.FP-ATR-ASTRA1.2.0.1
2025-08-15 20:19:49,864 [WARN] PackLoader:240 - Cannot read IP mode file for STMicroelectronics.X-CUBE-SMBUS.2.1.0
2025-08-15 20:19:49,884 [WARN] PackLoader:240 - Cannot read IP mode file for STMicroelectronics.X-CUBE-WB05N.1.1.0
2025-08-15 20:19:49,892 [WARN] PackLoader:240 - Cannot read IP mode file for STMicroelectronics.X-CUBE-ST60.1.0.0
2025-08-15 20:19:49,900 [WARN] PackLoader:240 - Cannot read IP mode file for STMicroelectronics.X-CUBE-TOUCHGFX.4.23.1
2025-08-15 20:19:49,904 [WARN] PackLoader:240 - Cannot read IP mode file for STMicroelectronics.X-CUBE-TOUCHGFX.4.23.0
2025-08-15 20:19:49,909 [WARN] PackLoader:240 - Cannot read IP mode file for STMicroelectronics.X-CUBE-TOUCHGFX.4.23.2
2025-08-15 20:19:49,953 [WARN] PackLoader:240 - Cannot read IP mode file for STMicroelectronics.X-CUBE-AZRTOS-F7.1.1.0
2025-08-15 20:19:49,965 [WARN] PackLoader:240 - Cannot read IP mode file for STMicroelectronics.FP-SNS-MOTENV1.4.3.2
2025-08-15 20:19:50,051 [WARN] PackLoader:240 - Cannot read IP mode file for STMicroelectronics.X-CUBE-MEMS1.11.0.0
2025-08-15 20:19:50,242 [WARN] PackLoader:240 - Cannot read IP mode file for STMicroelectronics.FP-SNS-FLIGHT1.5.0.2
2025-08-15 20:19:50,265 [WARN] PackLoader:240 - Cannot read IP mode file for STMicroelectronics.X-CUBE-AZRTOS-H7.3.4.0
2025-08-15 20:19:50,276 [WARN] PackLoader:240 - Cannot read IP mode file for STMicroelectronics.X-CUBE-DISPLAY.3.0.0
2025-08-15 20:19:50,284 [WARN] PackLoader:240 - Cannot read IP mode file for STMicroelectronics.X-CUBE-BLE1.7.0.0
2025-08-15 20:19:50,291 [WARN] PackLoader:240 - Cannot read IP mode file for STMicroelectronics.X-CUBE-NFC10.1.0.0
2025-08-15 20:19:50,303 [WARN] PackLoader:240 - Cannot read IP mode file for STMicroelectronics.X-CUBE-BLEMGR.4.0.0
2025-08-15 20:19:50,312 [WARN] PackLoader:240 - Cannot read IP mode file for emotas.I-CUBE-CANOPEN.1.3.0
2025-08-15 20:19:50,315 [WARN] PackLoader:240 - Cannot read IP mode file for STMicroelectronics.X-CUBE-TOUCHGFX.4.22.1
2025-08-15 20:19:50,323 [WARN] PackLoader:240 - Cannot read IP mode file for STMicroelectronics.X-CUBE-BLEMGR.3.1.0
2025-08-15 20:19:50,342 [WARN] PackLoader:240 - Cannot read IP mode file for STMicroelectronics.X-CUBE-AI.10.0.0
2025-08-15 20:19:50,350 [ERROR] Engine:466 - C:\Users\Admin\.stm32cubemx\thirdparties\pdsc\STMicroelectronics.FP-SNS-STBOX1.2.1.0.pdsc: PDSC version is not supported
2025-08-15 20:19:50,357 [WARN] PackLoader:240 - Cannot read IP mode file for STMicroelectronics.FP-SNS-SMARTAG2.1.2.0
2025-08-15 20:19:50,363 [WARN] PackLoader:240 - Cannot read IP mode file for STMicroelectronics.FP-SNS-FLIGHT1.5.1.0
2025-08-15 20:19:50,486 [WARN] PackLoader:240 - Cannot read IP mode file for STMicroelectronics.X-CUBE-MEMS1.11.1.0
2025-08-15 20:19:50,750 [INFO] WebApp:463 - Apply proxy settings
2025-08-15 20:19:50,751 [INFO] WebApp:548 - Chromium requires no authentication
2025-08-15 20:19:50,760 [INFO] LogOutputStream:77 - [STDOUT_REDIRECT] 1 : Invalid condition id : UX_CORESTACK_Condition cause : null
2025-08-15 20:19:50,761 [INFO] LogOutputStream:77 - [STDOUT_REDIRECT] 1 : Invalid condition id : UX_CORESTACK_Condition cause : null
2025-08-15 20:19:50,763 [INFO] LogOutputStream:77 - [STDOUT_REDIRECT] 1 : Invalid condition id : UX_CORESTACK_Condition cause : null
2025-08-15 20:19:50,765 [INFO] LogOutputStream:77 - [STDOUT_REDIRECT] 1 : Invalid condition id : UX_CORESTACK_Condition cause : null
2025-08-15 20:19:50,768 [INFO] LogOutputStream:77 - [STDOUT_REDIRECT] 1 : Invalid condition id : UX_CORESTACK_Condition cause : null
2025-08-15 20:19:50,770 [WARN] PackLoader:240 - Cannot read IP mode file for STMicroelectronics.X-CUBE-AZRTOS-WL.2.0.0
2025-08-15 20:19:50,778 [WARN] PackLoader:240 - Cannot read IP mode file for STMicroelectronics.FP-SNS-MOTENV1.5.0.0
2025-08-15 20:19:50,782 [INFO] WebApp:491 - Direct internet connection detected
2025-08-15 20:19:50,787 [WARN] PackLoader:240 - Cannot read IP mode file for wolfSSL.I-CUBE-wolfMQTT.1.19.0
2025-08-15 20:19:50,805 [WARN] PackLoader:240 - Cannot read IP mode file for WES.I-CUBE-Cesium.1.3.0
2025-08-15 20:19:50,816 [WARN] PackLoader:240 - Cannot read IP mode file for STMicroelectronics.X-CUBE-BLE2.3.3.0
2025-08-15 20:19:50,827 [WARN] PackLoader:240 - Cannot read IP mode file for STMicroelectronics.X-CUBE-NFC9.1.0.0
2025-08-15 20:19:50,834 [WARN] PackLoader:240 - Cannot read IP mode file for STMicroelectronics.X-CUBE-BLE1.7.1.0
2025-08-15 20:19:50,845 [WARN] PackLoader:240 - Cannot read IP mode file for STMicroelectronics.X-CUBE-TCPP.4.1.0
2025-08-15 20:19:50,856 [WARN] PackLoader:240 - Cannot read IP mode file for STMicroelectronics.X-CUBE-EEPRMA1.5.2.0
2025-08-15 20:19:50,868 [WARN] PackLoader:240 - Cannot read IP mode file for STMicroelectronics.X-CUBE-AI.10.1.0
2025-08-15 20:19:50,876 [WARN] PackLoader:240 - Cannot read IP mode file for STMicroelectronics.X-CUBE-ALGOBUILD.1.3.0
2025-08-15 20:19:50,904 [INFO] WebApp:894 - Register for checkConnection events
2025-08-15 20:19:50,904 [INFO] WebApp:463 - Apply proxy settings
2025-08-15 20:19:50,904 [INFO] WebApp:548 - Chromium requires no authentication
2025-08-15 20:19:50,905 [INFO] WebApp:491 - Direct internet connection detected
2025-08-15 20:19:50,929 [WARN] PackLoader:240 - Cannot read IP mode file for STMicroelectronics.X-CUBE-MEMS1.11.2.0
2025-08-15 20:19:51,061 [WARN] PackLoader:240 - Cannot read IP mode file for STMicroelectronics.X-CUBE-AZRTOS-G0.1.1.0
2025-08-15 20:19:51,069 [WARN] PackLoader:240 - Cannot read IP mode file for STMicroelectronics.X-CUBE-SAFEA1.1.2.2
2025-08-15 20:19:51,075 [WARN] PackLoader:240 - Cannot read IP mode file for STMicroelectronics.X-CUBE-NFC4.3.0.0
2025-08-15 20:19:51,085 [WARN] PackLoader:240 - Cannot read IP mode file for EmbeddedOffice.I-CUBE-FS-RTOS.1.0.1
2025-08-15 20:19:51,090 [WARN] PackLoader:240 - Cannot read IP mode file for STMicroelectronics.X-CUBE-WB05N.2.0.0
2025-08-15 20:19:51,099 [WARN] PackLoader:240 - Cannot read IP mode file for STMicroelectronics.X-CUBE-BLEMGR.3.0.0
2025-08-15 20:19:51,105 [WARN] PackLoader:240 - Cannot read IP mode file for STMicroelectronics.X-CUBE-TCPP.4.2.0
2025-08-15 20:19:51,111 [WARN] PackLoader:240 - Cannot read IP mode file for RealThread.X-CUBE-RT-Thread_Nano.4.1.1
2025-08-15 20:19:51,117 [WARN] PackLoader:240 - Cannot read IP mode file for STMicroelectronics.FP-ATR-SIGFOX1.3.2.0
2025-08-15 20:19:51,121 [WARN] ConditionMgr:438 - getConditionDescription Invalid condition id : Cortex-A Device cause : null
2025-08-15 20:19:51,137 [WARN] ConditionMgr:1044 - genDependencies : Invalid condition id : Cortex-A Device cause : null
2025-08-15 20:19:51,137 [WARN] ConditionMgr:1044 - genDependencies : Invalid condition id : Cortex-A Device cause : null
2025-08-15 20:19:51,137 [WARN] ConditionMgr:1044 - genDependencies : Invalid condition id : Cortex-A Device cause : null
2025-08-15 20:19:51,142 [WARN] PackLoader:240 - Cannot read IP mode file for STMicroelectronics.X-CUBE-EEPRMA1.5.1.0
2025-08-15 20:19:51,154 [WARN] PackLoader:240 - Cannot read IP mode file for STMicroelectronics.X-CUBE-ST67W61.1.0.0
2025-08-15 20:19:51,161 [WARN] PackLoader:240 - Cannot read IP mode file for STMicroelectronics.X-CUBE-AI.10.2.0
2025-08-15 20:19:51,217 [WARN] PackLoader:240 - Cannot read IP mode file for SEGGER.I-CUBE-embOS.1.3.1
2025-08-15 20:19:51,232 [INFO] WebApp:191 - Connection restablished
2025-08-15 20:19:51,297 [WARN] PackLoader:240 - Cannot read IP mode file for STMicroelectronics.X-CUBE-ALGOBUILD.1.4.0
2025-08-15 20:19:51,390 [WARN] PackLoader:240 - Cannot read IP mode file for STMicroelectronics.X-CUBE-MEMS1.11.3.0
2025-08-15 20:19:51,649 [WARN] PackLoader:240 - Cannot read IP mode file for STMicroelectronics.X-CUBE-AI.9.1.0
2025-08-15 20:19:51,655 [WARN] PackLoader:240 - Cannot read IP mode file for STMicroelectronics.X-CUBE-PM33A1.1.0.0
2025-08-15 20:19:51,661 [WARN] PackLoader:240 - Cannot read IP mode file for STMicroelectronics.X-CUBE-GNSS1.6.0.0
2025-08-15 20:19:51,678 [WARN] PackLoader:240 - Cannot read IP mode file for STMicroelectronics.X-CUBE-AZRTOS-F4.1.1.0
2025-08-15 20:19:51,692 [WARN] PackLoader:240 - Cannot read IP mode file for wolfSSL.I-CUBE-wolfSSL.5.6.4
2025-08-15 20:19:51,701 [WARN] PackLoader:240 - Cannot read IP mode file for Avnet-IotConnect.X-CUBE-IoTC-DA16k-PMOD.1.0.0
2025-08-15 20:19:51,706 [WARN] PackLoader:240 - Cannot read IP mode file for STMicroelectronics.X-CUBE-ISPU.2.1.0
2025-08-15 20:19:51,708 [INFO] WebApp:225 - Starting web application
2025-08-15 20:19:51,709 [INFO] WebApp:593 - Web application path used C:\ST\STM32CubeIDE_1.13.2\STM32CubeIDE\plugins\com.st.stm32cube.common.mx_6.14.1.202504091515\db\plugins\mcufinder\reactClient1\index.html
2025-08-15 20:19:51,713 [WARN] PackLoader:240 - Cannot read IP mode file for STMicroelectronics.X-CUBE-FREERTOS.1.2.0
2025-08-15 20:19:51,727 [WARN] PackLoader:240 - Cannot read IP mode file for STMicroelectronics.X-CUBE-NFC12.1.0.0
2025-08-15 20:19:51,751 [WARN] PackLoader:240 - Cannot read IP mode file for STMicroelectronics.X-CUBE-AZRTOS-L5.2.0.0
2025-08-15 20:19:51,775 [WARN] PackLoader:240 - Cannot read IP mode file for STMicroelectronics.X-CUBE-EEPRMA1.4.2.0
2025-08-15 20:19:51,788 [WARN] PackLoader:240 - Cannot read IP mode file for STMicroelectronics.X-CUBE-NFC6.3.1.0
2025-08-15 20:19:51,802 [WARN] PackLoader:240 - Cannot read IP mode file for ITTIA_DB.I-CUBE-ITTIADB.8.8.0
2025-08-15 20:19:51,810 [WARN] PackLoader:240 - Cannot read IP mode file for STMicroelectronics.X-CUBE-DPower.1.2.0
2025-08-15 20:19:51,817 [WARN] PackLoader:240 - Cannot read IP mode file for STMicroelectronics.X-CUBE-AI.9.0.0
2025-08-15 20:19:51,844 [WARN] ConditionMgr:438 - getConditionDescription Invalid condition id : UX DEVICE CLASS RTOS Condition cause : null
2025-08-15 20:19:51,844 [WARN] ConditionMgr:438 - getConditionDescription Invalid condition id : UX DEVICE CLASS RTOS Condition cause : null
2025-08-15 20:19:51,850 [WARN] PackLoader:240 - Cannot read IP mode file for STMicroelectronics.X-CUBE-AZRTOS-H7.3.1.0
2025-08-15 20:19:51,851 [WARN] ConditionMgr:1044 - genDependencies : Invalid condition id : UX DEVICE CLASS RTOS Condition cause : null
2025-08-15 20:19:51,851 [WARN] ConditionMgr:1044 - genDependencies : Invalid condition id : UX DEVICE CLASS RTOS Condition cause : null
2025-08-15 20:19:51,854 [WARN] ConditionMgr:1044 - genDependencies : Invalid condition id : UX DEVICE CLASS RTOS Condition cause : null
2025-08-15 20:19:51,854 [WARN] ConditionMgr:1044 - genDependencies : Invalid condition id : UX DEVICE CLASS RTOS Condition cause : null
2025-08-15 20:19:51,854 [WARN] ConditionMgr:1044 - genDependencies : Invalid condition id : UX DEVICE CLASS RTOS Condition cause : null
2025-08-15 20:19:51,865 [WARN] PackLoader:240 - Cannot read IP mode file for STMicroelectronics.X-CUBE-FREERTOS.1.3.1
2025-08-15 20:19:51,873 [WARN] PackLoader:240 - Cannot read IP mode file for STMicroelectronics.X-CUBE-FREERTOS.1.3.0
2025-08-15 20:19:51,882 [WARN] PackLoader:240 - Cannot read IP mode file for STMicroelectronics.X-CUBE-NFC7.1.0.1
2025-08-15 20:19:51,888 [WARN] PackLoader:240 - Cannot read IP mode file for wolfSSL.I-CUBE-wolfTPM.3.2.0
2025-08-15 20:19:51,895 [WARN] PackLoader:240 - Cannot read IP mode file for STMicroelectronics.X-CUBE-NFC6.3.0.0
2025-08-15 20:19:51,906 [WARN] PackLoader:240 - Cannot read IP mode file for STMicroelectronics.FP-SNS-STAIOTCFT.1.0.0
2025-08-15 20:19:51,914 [WARN] PackLoader:240 - Cannot read IP mode file for STMicroelectronics.X-CUBE-DPower.1.3.0
2025-08-15 20:19:51,922 [WARN] PackLoader:240 - Cannot read IP mode file for STMicroelectronics.X-CUBE-AI.8.1.0
2025-08-15 20:19:51,945 [WARN] ConditionMgr:438 - getConditionDescription Invalid condition id : LAN8742 Phy interface Condition cause : null
2025-08-15 20:19:51,946 [WARN] PackLoader:240 - Cannot read IP mode file for STMicroelectronics.X-CUBE-AZRTOS-L4.2.0.0
2025-08-15 20:19:51,947 [WARN] ConditionMgr:1044 - genDependencies : Invalid condition id : LAN8742 Phy interface Condition cause : null
2025-08-15 20:19:51,947 [WARN] ConditionMgr:1044 - genDependencies : Invalid condition id : LAN8742 Phy interface Condition cause : null
2025-08-15 20:19:51,948 [WARN] ConditionMgr:1044 - genDependencies : Invalid condition id : LAN8742 Phy interface Condition cause : null
2025-08-15 20:19:51,958 [WARN] PackLoader:240 - Cannot read IP mode file for STMicroelectronics.X-CUBE-SFXS2LP1.4.0.0
2025-08-15 20:19:51,962 [WARN] PackLoader:240 - Cannot read IP mode file for STMicroelectronics.X-CUBE-ISPU.1.1.0
2025-08-15 20:19:51,986 [WARN] PackLoader:240 - Cannot read IP mode file for STMicroelectronics.X-CUBE-AZRTOS-H7.3.3.0
2025-08-15 20:19:52,002 [WARN] PackLoader:240 - Cannot read IP mode file for STMicroelectronics.X-CUBE-BLEMGR.4.1.0
2025-08-15 20:19:52,021 [WARN] PackLoader:240 - Cannot read IP mode file for STMicroelectronics.X-CUBE-IPS.3.0.0
2025-08-15 20:19:52,043 [WARN] ConditionMgr:438 - getConditionDescription Invalid condition id : UX DEVICE CLASS RTOS Condition cause : null
2025-08-15 20:19:52,044 [WARN] ConditionMgr:438 - getConditionDescription Invalid condition id : UX DEVICE CLASS RTOS Condition cause : null
2025-08-15 20:19:52,047 [WARN] PackLoader:240 - Cannot read IP mode file for STMicroelectronics.X-CUBE-AZRTOS-WB.2.0.0
2025-08-15 20:19:52,049 [WARN] ConditionMgr:1044 - genDependencies : Invalid condition id : UX DEVICE CLASS RTOS Condition cause : null
2025-08-15 20:19:52,049 [WARN] ConditionMgr:1044 - genDependencies : Invalid condition id : UX DEVICE CLASS RTOS Condition cause : null
2025-08-15 20:19:52,050 [WARN] ConditionMgr:1044 - genDependencies : Invalid condition id : UX DEVICE CLASS RTOS Condition cause : null
2025-08-15 20:19:52,050 [WARN] ConditionMgr:1044 - genDependencies : Invalid condition id : UX DEVICE CLASS RTOS Condition cause : null
2025-08-15 20:19:52,050 [WARN] ConditionMgr:1044 - genDependencies : Invalid condition id : UX DEVICE CLASS RTOS Condition cause : null
2025-08-15 20:19:52,056 [WARN] PackLoader:240 - Cannot read IP mode file for STMicroelectronics.X-CUBE-GNSS1.7.0.0
2025-08-15 20:19:52,061 [WARN] PackLoader:240 - Cannot read IP mode file for STMicroelectronics.X-CUBE-GNSS1.7.0.1
2025-08-15 20:19:52,066 [WARN] PackLoader:240 - Cannot read IP mode file for STMicroelectronics.X-CUBE-TOUCHGFX.4.25.0
2025-08-15 20:19:52,072 [INFO] UserAuth:484 - Internet connection configuration mode: 1
2025-08-15 20:19:52,079 [WARN] PackLoader:240 - Cannot read IP mode file for STMicroelectronics.FP-SNS-STBOX1.2.0.0
2025-08-15 20:19:52,098 [WARN] PackLoader:240 - Cannot read IP mode file for STMicroelectronics.X-CUBE-SUBG2.5.0.0
2025-08-15 20:19:52,135 [WARN] PackLoader:240 - Cannot read IP mode file for STMicroelectronics.X-CUBE-AZRTOS-H7RS.1.1.0
2025-08-15 20:19:52,150 [WARN] PackLoader:240 - Cannot read IP mode file for STMicroelectronics.X-CUBE-TOF1.3.3.1
2025-08-15 20:19:52,181 [WARN] PackLoader:240 - Cannot read IP mode file for STMicroelectronics.X-CUBE-AZRTOS-G4.2.0.0
2025-08-15 20:19:52,197 [WARN] PackLoader:240 - Cannot read IP mode file for Infineon.AIROC-Wi-Fi-Bluetooth-STM32.1.5.1
2025-08-15 20:19:52,207 [WARN] PackLoader:240 - Cannot read IP mode file for STMicroelectronics.FP-SNS-MOTENVWB1.1.3.0
2025-08-15 20:19:52,212 [WARN] PackLoader:240 - Cannot read IP mode file for STMicroelectronics.X-CUBE-NFC7.2.0.0
2025-08-15 20:19:52,216 [WARN] PackLoader:240 - Cannot read IP mode file for STMicroelectronics.FP-SNS-MOTENVWB1.1.3.1
2025-08-15 20:19:52,222 [WARN] PackLoader:240 - Cannot read IP mode file for STMicroelectronics.X-CUBE-ISPU.2.0.0
2025-08-15 20:19:52,235 [WARN] PackLoader:240 - Cannot read IP mode file for STMicroelectronics.X-CUBE-IPS.3.1.0
2025-08-15 20:19:52,245 [WARN] PackLoader:240 - Cannot read IP mode file for STMicroelectronics.X-CUBE-ALS.1.0.2
2025-08-15 20:19:52,294 [WARN] PackLoader:240 - Cannot read IP mode file for STMicroelectronics.X-CUBE-MEMS1.10.0.0
2025-08-15 20:19:52,400 [WARN] PackLoader:240 - Cannot read IP mode file for STMicroelectronics.X-CUBE-FREERTOS.1.1.0
2025-08-15 20:19:52,404 [WARN] PackLoader:240 - Cannot read IP mode file for STMicroelectronics.X-CUBE-TOUCHGFX.4.24.0
2025-08-15 20:19:52,407 [WARN] PackLoader:240 - Cannot read IP mode file for STMicroelectronics.X-CUBE-TOUCHGFX.4.24.2
2025-08-15 20:19:52,410 [WARN] PackLoader:240 - Cannot read IP mode file for STMicroelectronics.X-CUBE-TOUCHGFX.4.24.1
2025-08-15 20:19:52,419 [WARN] PackLoader:240 - Cannot read IP mode file for portGmbH.I-Cube-SoM-uGOAL.1.1.0
2025-08-15 20:19:52,423 [WARN] PackLoader:240 - Cannot read IP mode file for STMicroelectronics.X-CUBE-ALS.1.0.1
2025-08-15 20:19:52,469 [WARN] PackLoader:240 - Cannot read IP mode file for STMicroelectronics.X-CUBE-AZRTOS-H7RS.1.0.0
2025-08-15 20:19:52,480 [WARN] PackLoader:240 - Cannot read IP mode file for STMicroelectronics.FP-ATR-ASTRA1.2.0.0
2025-08-15 20:19:52,494 [WARN] PackLoader:240 - Cannot read IP mode file for STMicroelectronics.X-CUBE-TOF1.3.4.2
2025-08-15 20:19:52,523 [WARN] PackLoader:240 - Cannot read IP mode file for STMicroelectronics.X-CUBE-TOF1.3.4.3
2025-08-15 20:19:52,551 [WARN] PackLoader:240 - Cannot read IP mode file for STMicroelectronics.X-CUBE-TOF1.3.4.0
2025-08-15 20:19:52,591 [WARN] PackLoader:240 - Cannot read IP mode file for STMicroelectronics.X-CUBE-TOF1.3.4.1
2025-08-15 20:19:52,635 [WARN] PackLoader:240 - Cannot read IP mode file for STMicroelectronics.X-CUBE-AZRTOS-H7.3.2.0
2025-08-15 20:19:52,645 [WARN] PackLoader:240 - Cannot read IP mode file for wolfSSL.I-CUBE-wolfSSH.1.4.17
2025-08-15 20:19:52,646 [INFO] ThirdParty:978 - Integrity check success = true
2025-08-15 20:19:52,646 [INFO] IntegrityCheckThread:100 - exiting critical section [integrity check]
2025-08-15 20:19:52,646 [INFO] IntegrityCheckThread:103 - End integrity checks thread
2025-08-15 21:07:40,448 [INFO] WebApp:194 - Connection lost
2025-08-15 21:07:40,910 [INFO] WebApp:191 - Connection restablished
2025-08-15 21:07:46,847 [INFO] WebApp:194 - Connection lost
2025-08-15 21:07:46,996 [INFO] WebApp:191 - Connection restablished
2025-08-15 22:59:43,624 [INFO] WebApp:194 - Connection lost
2025-08-15 22:59:43,882 [INFO] WebApp:191 - Connection restablished
2025-08-15 23:38:50,590 [ERROR] LogOutputStream:75 - [STDERR_REDIRECT] 
