2026-01-20 15:01:36,866 [INFO] Activator:176 - 


2026-01-20 15:01:36,870 [INFO] Activator:177 - !SESSION log4j initialized
2026-01-20 15:01:45,514 [INFO] LogOutputStream:77 - [STDOUT_REDIRECT] 
2026-01-20 15:01:57,026 [INFO] ApplicationProperties:184 - Using Application install path: C:\ST\STM32CubeIDE_1.13.2\STM32CubeIDE\plugins\com.st.stm32cube.common.mx_6.14.1.202504091515
2026-01-20 15:01:57,042 [INFO] DbMcusXml:78 - Set database path to: C:\ST\STM32CubeIDE_1.13.2\STM32CubeIDE\plugins\com.st.stm32cube.common.mx_6.14.1.202504091515\\db\/mcu/
2026-01-20 15:01:57,042 [INFO] ApiDb:274 - Set plugin database path to: C:\ST\STM32CubeIDE_1.13.2\STM32CubeIDE\plugins\com.st.stm32cube.common.mx_6.14.1.202504091515\\db\/plugins/boardmanager/
2026-01-20 15:01:57,053 [WARN] ApiDb:259 - Overriding images path with different value:  => C:\ST\STM32CubeIDE_1.13.2\STM32CubeIDE\plugins\com.st.stm32cube.common.mx_6.14.1.202504091515\\db\/plugins/mcufinder/images/
2026-01-20 15:01:57,061 [INFO] ApiDb:250 - Set database path to: C:\Users\Admin\.stmcufinder\plugins\mcufinder//mcu/
2026-01-20 15:01:57,062 [INFO] DbMcusAds:125 - Set database path to: C:\Users\Admin\.stmcufinder\plugins\mcufinder//mcu/
2026-01-20 15:01:57,078 [INFO] CrossReferenceDbSqlite:203 - Set database path to: C:\Users\Admin\.stmcufinder\plugins\mcufinder//mcu/cs/
2026-01-20 15:01:57,182 [INFO] RulesReader:64 - Compatibility file has been processed (302 Rules)
2026-01-20 15:01:57,258 [INFO] DbMcusXml:78 - Set database path to: C:\ST\STM32CubeIDE_1.13.2\STM32CubeIDE\plugins\com.st.stm32cube.common.mx_6.14.1.202504091515\\db\/mcu/
2026-01-20 15:01:57,258 [INFO] ApiDb:274 - Set plugin database path to: C:\ST\STM32CubeIDE_1.13.2\STM32CubeIDE\plugins\com.st.stm32cube.common.mx_6.14.1.202504091515\\db\/plugins/boardmanager/
2026-01-20 15:01:57,258 [INFO] ApiDb:261 - Set plugin images path to: C:\ST\STM32CubeIDE_1.13.2\STM32CubeIDE\plugins\com.st.stm32cube.common.mx_6.14.1.202504091515\\db\/plugins/mcufinder/images/
2026-01-20 15:01:57,258 [WARN] DbFile:41 - Overriding database path with different value: C:\Users\Admin\.stmcufinder\plugins\mcufinder/ => C:\Users\Admin\.stmcufinder\plugins\mcufinder
2026-01-20 15:01:57,258 [INFO] ApiDb:250 - Set database path to: C:\Users\Admin\.stmcufinder\plugins\mcufinder//mcu/
2026-01-20 15:01:57,258 [WARN] DbFile:41 - Overriding database path with different value: C:\Users\Admin\.stmcufinder\plugins\mcufinder/ => C:\Users\Admin\.stmcufinder\plugins\mcufinder
2026-01-20 15:01:57,259 [INFO] DbMcusAds:125 - Set database path to: C:\Users\Admin\.stmcufinder\plugins\mcufinder//mcu/
2026-01-20 15:01:57,259 [WARN] DbFile:41 - Overriding database path with different value: C:\Users\Admin\.stmcufinder\plugins\mcufinder/ => C:\Users\Admin\.stmcufinder\plugins\mcufinder
2026-01-20 15:01:57,259 [WARN] DbFile:41 - Overriding database path with different value: C:\Users\Admin\.stmcufinder\plugins\mcufinder/ => C:\Users\Admin\.stmcufinder\plugins\mcufinder
2026-01-20 15:01:57,259 [INFO] CrossReferenceDbSqlite:203 - Set database path to: C:\Users\Admin\.stmcufinder\plugins\mcufinder//mcu/cs/
2026-01-20 15:01:57,327 [INFO] MainPanel:272 - HeapMemory: 271581184
2026-01-20 15:01:57,424 [INFO] DbMcusXml:78 - Set database path to: C:\ST\STM32CubeIDE_1.13.2\STM32CubeIDE\plugins\com.st.stm32cube.common.mx_6.14.1.202504091515\\db\/mcu/
2026-01-20 15:01:57,424 [INFO] ApiDb:274 - Set plugin database path to: C:\ST\STM32CubeIDE_1.13.2\STM32CubeIDE\plugins\com.st.stm32cube.common.mx_6.14.1.202504091515\\db\/plugins/boardmanager/
2026-01-20 15:01:57,424 [INFO] ApiDb:261 - Set plugin images path to: C:\ST\STM32CubeIDE_1.13.2\STM32CubeIDE\plugins\com.st.stm32cube.common.mx_6.14.1.202504091515\\db\/plugins/mcufinder/images/
2026-01-20 15:01:57,425 [WARN] DbFile:41 - Overriding database path with different value: C:\Users\Admin\.stmcufinder\plugins\mcufinder/ => C:\Users\Admin\.stmcufinder\plugins\mcufinder
2026-01-20 15:01:57,425 [INFO] ApiDb:250 - Set database path to: C:\Users\Admin\.stmcufinder\plugins\mcufinder//mcu/
2026-01-20 15:01:57,425 [WARN] DbFile:41 - Overriding database path with different value: C:\Users\Admin\.stmcufinder\plugins\mcufinder/ => C:\Users\Admin\.stmcufinder\plugins\mcufinder
2026-01-20 15:01:57,425 [INFO] DbMcusAds:125 - Set database path to: C:\Users\Admin\.stmcufinder\plugins\mcufinder//mcu/
2026-01-20 15:01:57,425 [WARN] DbFile:41 - Overriding database path with different value: C:\Users\Admin\.stmcufinder\plugins\mcufinder/ => C:\Users\Admin\.stmcufinder\plugins\mcufinder
2026-01-20 15:01:57,425 [WARN] DbFile:41 - Overriding database path with different value: C:\Users\Admin\.stmcufinder\plugins\mcufinder/ => C:\Users\Admin\.stmcufinder\plugins\mcufinder
2026-01-20 15:01:57,425 [INFO] CrossReferenceDbSqlite:203 - Set database path to: C:\Users\Admin\.stmcufinder\plugins\mcufinder//mcu/cs/
2026-01-20 15:01:57,442 [INFO] ApplicationProperties:184 - Using Application install path: C:\ST\STM32CubeIDE_1.13.2\STM32CubeIDE\plugins\com.st.stm32cube.common.mx_6.14.1.202504091515
2026-01-20 15:01:57,443 [INFO] PluginManage:196 - Search for loadable plugins [exclusion list=, ]
2026-01-20 15:01:57,444 [INFO] PluginManage:310 - Check plugin analytics
2026-01-20 15:02:06,784 [INFO] AnalyticsPlugin:253 - Accepted Software Licenses: 
2026-01-20 15:02:06,784 [INFO] AnalyticsPlugin:255 - Accepted CMSIS Pack Licenses: 
2026-01-20 15:02:06,784 [INFO] AnalyticsPlugin:257 - Accepted Firmware Licenses: FW.F4.1.28.0
2026-01-20 15:02:06,788 [INFO] PluginManage:359 - Loaded plugin analytics (category:tool,tabindex:-1)
2026-01-20 15:02:06,788 [INFO] PluginManage:310 - Check plugin cadmodel
2026-01-20 15:02:06,794 [INFO] CADModel:105 - Init CAD model plugin
2026-01-20 15:02:06,794 [INFO] PluginManage:359 - Loaded plugin cadmodel (category:power,tabindex:5)
2026-01-20 15:02:06,796 [INFO] PluginManage:310 - Check plugin clock
2026-01-20 15:02:06,806 [INFO] PluginManage:359 - Loaded plugin clock (category:base,tabindex:2)
2026-01-20 15:02:06,807 [INFO] PluginManage:310 - Check plugin ddr
2026-01-20 15:02:06,809 [INFO] PluginManage:359 - Loaded plugin ddr (category:tool,tabindex:6)
2026-01-20 15:02:06,809 [INFO] PluginManage:310 - Check plugin filemanager
2026-01-20 15:02:06,961 [INFO] PluginManage:359 - Loaded plugin filemanager (category:base,tabindex:10)
2026-01-20 15:02:06,961 [INFO] PluginManage:310 - Check plugin ipmanager
2026-01-20 15:02:06,969 [INFO] PluginManage:359 - Loaded plugin ipmanager (category:base,tabindex:5)
2026-01-20 15:02:06,969 [INFO] PluginManage:310 - Check plugin lpbam
2026-01-20 15:02:06,981 [INFO] PluginManage:359 - Loaded plugin lpbam (category:base,tabindex:0)
2026-01-20 15:02:06,981 [INFO] PluginManage:310 - Check plugin memorymap
2026-01-20 15:02:07,000 [INFO] PluginManage:359 - Loaded plugin memorymap (category:base,tabindex:4)
2026-01-20 15:02:07,000 [INFO] PluginManage:310 - Check plugin pinoutandconfiguration
2026-01-20 15:02:07,012 [INFO] PluginManage:359 - Loaded plugin pinoutandconfiguration (category:base,tabindex:1)
2026-01-20 15:02:07,012 [INFO] PluginManage:310 - Check plugin pinoutconfig
2026-01-20 15:02:07,136 [WARN] SupportedApi:132 - Cannot load RTOS API schema: s4s-elt-must-match.1: The content of 'definitions' must match (annotation?, (simpleType | complexType)?, (unique | key | keyref)*)). A problem was found starting at: attribute.
2026-01-20 15:02:07,291 [INFO] PluginManage:359 - Loaded plugin pinoutconfig (category:base,tabindex:0)
2026-01-20 15:02:07,291 [INFO] PluginManage:310 - Check plugin power
2026-01-20 15:02:07,308 [INFO] PluginManage:359 - Loaded plugin power (category:power,tabindex:4)
2026-01-20 15:02:07,308 [INFO] PluginManage:310 - Check plugin projectmanager
2026-01-20 15:02:07,326 [INFO] PluginManage:359 - Loaded plugin projectmanager (category:projectmanager,tabindex:4)
2026-01-20 15:02:07,326 [INFO] PluginManage:310 - Check plugin rif
2026-01-20 15:02:07,337 [INFO] PluginManage:359 - Loaded plugin rif (category:base,tabindex:3)
2026-01-20 15:02:07,337 [INFO] PluginManage:310 - Check plugin thirdparty
2026-01-20 15:02:07,485 [INFO] PluginManage:359 - Loaded plugin thirdparty (category:base,tabindex:-1)
2026-01-20 15:02:07,485 [WARN] IntegrityCheckThread:84 - waiting for thirdparty lock release [integrity check]
2026-01-20 15:02:07,492 [INFO] IntegrityCheckThread:86 - entering critical section [integrity check]
2026-01-20 15:02:07,492 [INFO] PluginManage:310 - Check plugin tools
2026-01-20 15:02:07,493 [INFO] ThirdPartyUpdaterWithRetryManager:70 - Updater plugin not ready yet. [1/15]
2026-01-20 15:02:07,494 [INFO] PluginManage:359 - Loaded plugin tools (category:base,tabindex:7)
2026-01-20 15:02:07,494 [INFO] PluginManage:310 - Check plugin tutovideos
2026-01-20 15:02:07,649 [INFO] PluginManage:359 - Loaded plugin tutovideos (category:base,tabindex:-1)
2026-01-20 15:02:07,649 [INFO] PluginManage:310 - Check plugin updater
2026-01-20 15:02:07,669 [INFO] PluginManage:359 - Loaded plugin updater (category:base,tabindex:12)
2026-01-20 15:02:07,669 [INFO] PluginManage:310 - Check plugin userauth
2026-01-20 15:02:07,673 [INFO] UserAuth:118 - Init User Auth plugin
2026-01-20 15:02:07,674 [INFO] PluginManage:359 - Loaded plugin userauth (category:base,tabindex:14)
2026-01-20 15:02:07,675 [INFO] PluginManage:283 - PluginManage : Loaded plugins [18]
2026-01-20 15:02:07,872 [INFO] PinOutPanel:1589 - setPackage(No Configuration,No Configuration)
2026-01-20 15:02:07,949 [INFO] CADModel:165 - CPN selected for project level
2026-01-20 15:02:07,949 [INFO] CADModel:114 - Register for checkConnection events
2026-01-20 15:02:07,965 [INFO] IPUIPlugin:80 - create IPUIPlugin
2026-01-20 15:02:07,965 [INFO] PluginManager:220 - loadIPPluginJar : add adc
2026-01-20 15:02:07,968 [INFO] IPUIPlugin:80 - create IPUIPlugin
2026-01-20 15:02:07,968 [INFO] PluginManager:220 - loadIPPluginJar : add aes
2026-01-20 15:02:07,971 [INFO] IPUIPlugin:80 - create IPUIPlugin
2026-01-20 15:02:07,972 [INFO] PluginManager:220 - loadIPPluginJar : add can
2026-01-20 15:02:07,974 [INFO] IPUIPlugin:80 - create IPUIPlugin
2026-01-20 15:02:07,974 [INFO] PluginManager:220 - loadIPPluginJar : add comp
2026-01-20 15:02:07,977 [INFO] IPUIPlugin:80 - create IPUIPlugin
2026-01-20 15:02:07,977 [INFO] PluginManager:220 - loadIPPluginJar : add cryp
2026-01-20 15:02:07,980 [INFO] IPUIPlugin:80 - create IPUIPlugin
2026-01-20 15:02:07,980 [INFO] PluginManager:220 - loadIPPluginJar : add ddr_ctrl_phy
2026-01-20 15:02:07,982 [INFO] IPUIPlugin:80 - create IPUIPlugin
2026-01-20 15:02:07,982 [INFO] PluginManager:220 - loadIPPluginJar : add dfsdm
2026-01-20 15:02:07,987 [INFO] IPUIPlugin:80 - create IPUIPlugin
2026-01-20 15:02:07,988 [INFO] PluginManager:220 - loadIPPluginJar : add dma
2026-01-20 15:02:07,990 [INFO] IPUIPlugin:80 - create IPUIPlugin
2026-01-20 15:02:07,991 [INFO] PluginManager:220 - loadIPPluginJar : add dma3
2026-01-20 15:02:07,993 [INFO] IPUIPlugin:80 - create IPUIPlugin
2026-01-20 15:02:07,993 [INFO] PluginManager:220 - loadIPPluginJar : add extmemmanager
2026-01-20 15:02:07,995 [INFO] IPUIPlugin:80 - create IPUIPlugin
2026-01-20 15:02:07,995 [INFO] PluginManager:220 - loadIPPluginJar : add fatfs
2026-01-20 15:02:07,998 [INFO] IPUIPlugin:80 - create IPUIPlugin
2026-01-20 15:02:07,998 [INFO] PluginManager:220 - loadIPPluginJar : add fmc
2026-01-20 15:02:08,004 [INFO] IPUIPlugin:80 - create IPUIPlugin
2026-01-20 15:02:08,005 [INFO] PluginManager:220 - loadIPPluginJar : add freertos
2026-01-20 15:02:08,006 [INFO] IPUIPlugin:80 - create IPUIPlugin
2026-01-20 15:02:08,007 [INFO] PluginManager:220 - loadIPPluginJar : add genericplugin
2026-01-20 15:02:08,009 [INFO] IPUIPlugin:80 - create IPUIPlugin
2026-01-20 15:02:08,009 [INFO] PluginManager:220 - loadIPPluginJar : add gfxmmu
2026-01-20 15:02:08,014 [INFO] IPUIPlugin:80 - create IPUIPlugin
2026-01-20 15:02:08,014 [INFO] PluginManager:220 - loadIPPluginJar : add gic
2026-01-20 15:02:08,018 [INFO] IPUIPlugin:80 - create IPUIPlugin
2026-01-20 15:02:08,018 [INFO] PluginManager:220 - loadIPPluginJar : add gpio
2026-01-20 15:02:08,021 [INFO] IPUIPlugin:80 - create IPUIPlugin
2026-01-20 15:02:08,021 [INFO] PluginManager:220 - loadIPPluginJar : add gtzc
2026-01-20 15:02:08,023 [INFO] IPUIPlugin:80 - create IPUIPlugin
2026-01-20 15:02:08,023 [INFO] PluginManager:220 - loadIPPluginJar : add hash
2026-01-20 15:02:08,026 [INFO] IPUIPlugin:80 - create IPUIPlugin
2026-01-20 15:02:08,026 [INFO] PluginManager:220 - loadIPPluginJar : add i2c
2026-01-20 15:02:08,028 [INFO] IPUIPlugin:80 - create IPUIPlugin
2026-01-20 15:02:08,028 [INFO] PluginManager:220 - loadIPPluginJar : add i2s
2026-01-20 15:02:08,031 [INFO] IPUIPlugin:80 - create IPUIPlugin
2026-01-20 15:02:08,031 [INFO] PluginManager:220 - loadIPPluginJar : add i3c
2026-01-20 15:02:08,034 [INFO] IPUIPlugin:80 - create IPUIPlugin
2026-01-20 15:02:08,034 [INFO] PluginManager:220 - loadIPPluginJar : add ipddr
2026-01-20 15:02:08,040 [INFO] IPUIPlugin:80 - create IPUIPlugin
2026-01-20 15:02:08,040 [INFO] PluginManager:220 - loadIPPluginJar : add linkedlist
2026-01-20 15:02:08,043 [INFO] IPUIPlugin:80 - create IPUIPlugin
2026-01-20 15:02:08,043 [INFO] PluginManager:220 - loadIPPluginJar : add lorawan
2026-01-20 15:02:08,045 [INFO] IPUIPlugin:80 - create IPUIPlugin
2026-01-20 15:02:08,045 [INFO] PluginManager:220 - loadIPPluginJar : add ltdc
2026-01-20 15:02:08,051 [INFO] IPUIPlugin:80 - create IPUIPlugin
2026-01-20 15:02:08,051 [INFO] PluginManager:220 - loadIPPluginJar : add mdma
2026-01-20 15:02:08,055 [INFO] IPUIPlugin:80 - create IPUIPlugin
2026-01-20 15:02:08,055 [INFO] PluginManager:220 - loadIPPluginJar : add nvic
2026-01-20 15:02:08,057 [INFO] IPUIPlugin:80 - create IPUIPlugin
2026-01-20 15:02:08,057 [INFO] PluginManager:220 - loadIPPluginJar : add opamp
2026-01-20 15:02:08,060 [INFO] IPUIPlugin:80 - create IPUIPlugin
2026-01-20 15:02:08,060 [INFO] PluginManager:220 - loadIPPluginJar : add openamp
2026-01-20 15:02:08,063 [INFO] IPUIPlugin:80 - create IPUIPlugin
2026-01-20 15:02:08,063 [INFO] PluginManager:220 - loadIPPluginJar : add pdm2pcm
2026-01-20 15:02:08,069 [INFO] IPUIPlugin:80 - create IPUIPlugin
2026-01-20 15:02:08,072 [INFO] PluginManager:220 - loadIPPluginJar : add plateformsettings
2026-01-20 15:02:08,074 [INFO] IPUIPlugin:80 - create IPUIPlugin
2026-01-20 15:02:08,074 [INFO] PluginManager:220 - loadIPPluginJar : add quadspi
2026-01-20 15:02:08,076 [INFO] IPUIPlugin:80 - create IPUIPlugin
2026-01-20 15:02:08,076 [INFO] PluginManager:220 - loadIPPluginJar : add radio
2026-01-20 15:02:08,080 [INFO] IPUIPlugin:80 - create IPUIPlugin
2026-01-20 15:02:08,080 [INFO] PluginManager:220 - loadIPPluginJar : add resmgrutility
2026-01-20 15:02:08,101 [INFO] IPUIPlugin:80 - create IPUIPlugin
2026-01-20 15:02:08,101 [INFO] PluginManager:220 - loadIPPluginJar : add sai
2026-01-20 15:02:08,104 [INFO] IPUIPlugin:80 - create IPUIPlugin
2026-01-20 15:02:08,105 [INFO] PluginManager:220 - loadIPPluginJar : add spi
2026-01-20 15:02:08,111 [INFO] IPUIPlugin:80 - create IPUIPlugin
2026-01-20 15:02:08,111 [INFO] PluginManager:220 - loadIPPluginJar : add stm32_wpan
2026-01-20 15:02:08,113 [INFO] IPUIPlugin:80 - create IPUIPlugin
2026-01-20 15:02:08,113 [INFO] PluginManager:220 - loadIPPluginJar : add tim
2026-01-20 15:02:08,117 [INFO] IPUIPlugin:80 - create IPUIPlugin
2026-01-20 15:02:08,117 [INFO] PluginManager:220 - loadIPPluginJar : add touchsensing
2026-01-20 15:02:08,120 [INFO] IPUIPlugin:80 - create IPUIPlugin
2026-01-20 15:02:08,120 [INFO] PluginManager:220 - loadIPPluginJar : add tracer_emb
2026-01-20 15:02:08,123 [INFO] IPUIPlugin:80 - create IPUIPlugin
2026-01-20 15:02:08,123 [INFO] PluginManager:220 - loadIPPluginJar : add ts
2026-01-20 15:02:08,125 [INFO] IPUIPlugin:80 - create IPUIPlugin
2026-01-20 15:02:08,125 [INFO] PluginManager:220 - loadIPPluginJar : add tsc
2026-01-20 15:02:08,127 [INFO] IPUIPlugin:80 - create IPUIPlugin
2026-01-20 15:02:08,127 [INFO] PluginManager:220 - loadIPPluginJar : add ucpd
2026-01-20 15:02:08,130 [INFO] IPUIPlugin:80 - create IPUIPlugin
2026-01-20 15:02:08,130 [INFO] PluginManager:220 - loadIPPluginJar : add usart
2026-01-20 15:02:08,134 [INFO] IPUIPlugin:80 - create IPUIPlugin
2026-01-20 15:02:08,134 [INFO] PluginManager:220 - loadIPPluginJar : add usbx
2026-01-20 15:02:08,288 [FATAL] Updater:351 - Updater called before beeing initialized
2026-01-20 15:02:08,310 [INFO] RulesReader:64 - Compatibility file has been processed (302 Rules)
2026-01-20 15:02:08,319 [INFO] RulesReader:64 - Compatibility file has been processed (302 Rules)
2026-01-20 15:02:08,326 [INFO] CADModel:165 - CPN selected for project level
2026-01-20 15:02:08,326 [INFO] CADModel:114 - Register for checkConnection events
2026-01-20 15:02:08,326 [FATAL] Updater:351 - Updater called before beeing initialized
2026-01-20 15:02:08,326 [ERROR] CADModel:125 - Updater not yet initialized, retry later 
2026-01-20 15:02:08,487 [FATAL] Updater:351 - Updater called before beeing initialized
2026-01-20 15:02:08,489 [INFO] CADModel:165 - CPN selected for project level
2026-01-20 15:02:08,489 [INFO] CADModel:114 - Register for checkConnection events
2026-01-20 15:02:08,489 [FATAL] Updater:351 - Updater called before beeing initialized
2026-01-20 15:02:08,489 [ERROR] CADModel:125 - Updater not yet initialized, retry later 
2026-01-20 15:02:08,493 [FATAL] Updater:351 - Updater called before beeing initialized
2026-01-20 15:02:08,591 [FATAL] Updater:351 - Updater called before beeing initialized
2026-01-20 15:02:08,595 [INFO] DbMcusAds:53 - JSON generation date=Mon Nov 10 17:43:00 ICT 2025 (1762771380746)
2026-01-20 15:02:08,595 [FATAL] Updater:351 - Updater called before beeing initialized
2026-01-20 15:02:08,628 [WARN] DetailPanel:346 - Failed to get advertising image, set to default
2026-01-20 15:02:08,877 [FATAL] Updater:351 - Updater called before beeing initialized
2026-01-20 15:02:08,881 [FATAL] Updater:351 - Updater called before beeing initialized
2026-01-20 15:02:08,881 [FATAL] Updater:351 - Updater called before beeing initialized
2026-01-20 15:02:08,881 [WARN] DetailPanel:346 - Failed to get advertising image, set to default
2026-01-20 15:02:08,882 [FATAL] Updater:351 - Updater called before beeing initialized
2026-01-20 15:02:08,923 [ERROR] Updater:1198 - MainUpdater not yet initialized. External WinMGr cannot be set.
2026-01-20 15:02:08,925 [INFO] Updater:1134 - Updater Version found : 6.14.1
2026-01-20 15:02:08,940 [INFO] ApplicationProperties:184 - Using Application install path: C:\ST\STM32CubeIDE_1.13.2\STM32CubeIDE\plugins\com.st.stm32cube.common.mx_6.14.1.202504091515
2026-01-20 15:02:09,288 [INFO] MainUpdater:2872 - connection check result : 10
2026-01-20 15:02:09,288 [INFO] MainUpdater:3566 - Updater definition file requires update
2026-01-20 15:02:09,289 [INFO] MainUpdater:289 - Updater Check For Update Now.
2026-01-20 15:02:09,289 [INFO] MicroXplorer:498 - Change Database Version : DB.6.0.141
2026-01-20 15:02:09,294 [INFO] McuFinderGlobals:63 - Set McuFinder mode to 2 (CubeIDE integrated)
2026-01-20 15:02:09,294 [INFO] UserAuth:484 - Internet connection configuration mode: 1
2026-01-20 15:02:09,307 [INFO] JxBrowserEngine:152 - Initiate JxBrowser Engine with user profile folder
2026-01-20 15:02:09,375 [INFO] ServerAccessManage:473 - Download File updaters.zip
2026-01-20 15:02:09,440 [INFO] FileExtend:242 - Unzip File : updaters.zip
2026-01-20 15:02:09,440 [INFO] FileExtend:257 - Standard Zip Deflate
2026-01-20 15:02:09,794 [INFO] ServerAccessManage:473 - Download File PacksControlFlags.xml
2026-01-20 15:02:09,852 [INFO] ServerAccessManage:473 - Download File cubemx.pidx
2026-01-20 15:02:10,494 [WARN] MainUpdater:1193 - Updater busy. Cannot search thirdparties
2026-01-20 15:02:10,495 [INFO] ThirdPartyUpdaterWithRetryManager:96 - Updater plugin is busy. [1/15]
2026-01-20 15:02:10,861 [INFO] WebApp:169 - Instantiating new browser for Auth
2026-01-20 15:02:11,058 [INFO] ServerAccessManage:473 - Download File STMicroelectronics.X-CUBE-ST67W61.pdsc
2026-01-20 15:02:11,873 [WARN] PopulateThirdPartyThread:106 - Error when creating pack: C:/Users/Admin/.stm32cubemx/thirdparties/pdsc/STMicroelectronics.X-CUBE-ST67W61.pdsc
2026-01-20 15:02:11,874 [INFO] PopulateThirdPartyThread:66 - Ending populate Thread
2026-01-20 15:02:11,874 [INFO] LoadServerUpdatesThread:375 - End of LoadServerUpdate Thread
2026-01-20 15:02:12,067 [INFO] CheckServerUpdateThread:120 - End of CheckServer Thread
2026-01-20 15:02:12,314 [INFO] WebApp:463 - Apply proxy settings
2026-01-20 15:02:12,314 [INFO] WebApp:548 - Chromium requires no authentication
2026-01-20 15:02:12,323 [INFO] WebApp:491 - Direct internet connection detected
2026-01-20 15:02:12,351 [INFO] WebApp:894 - Register for checkConnection events
2026-01-20 15:02:12,351 [INFO] WebApp:463 - Apply proxy settings
2026-01-20 15:02:12,351 [INFO] WebApp:548 - Chromium requires no authentication
2026-01-20 15:02:12,351 [INFO] WebApp:491 - Direct internet connection detected
2026-01-20 15:02:12,552 [INFO] WebApp:191 - Connection restablished
2026-01-20 15:02:12,567 [INFO] WebApp:225 - Starting web application
2026-01-20 15:02:12,567 [INFO] WebApp:593 - Web application path used C:\ST\STM32CubeIDE_1.13.2\STM32CubeIDE\plugins\com.st.stm32cube.common.mx_6.14.1.202504091515\db\plugins\mcufinder\reactClient1\index.html
2026-01-20 15:02:12,989 [INFO] UserAuth:484 - Internet connection configuration mode: 1
2026-01-20 15:02:13,811 [WARN] PackLoader:240 - Cannot read IP mode file for STMicroelectronics.FP-SNS-MOTENVWB1.1.4.0
2026-01-20 15:02:13,824 [WARN] PackLoader:240 - Cannot read IP mode file for STMicroelectronics.FP-ATR-ASTRA1.2.0.2
2026-01-20 15:02:13,828 [WARN] PackLoader:240 - Cannot read IP mode file for STMicroelectronics.FP-ATR-ASTRA1.2.0.1
2026-01-20 15:02:13,835 [WARN] PackLoader:240 - Cannot read IP mode file for STMicroelectronics.X-CUBE-SMBUS.2.1.0
2026-01-20 15:02:13,844 [WARN] PackLoader:240 - Cannot read IP mode file for STMicroelectronics.X-CUBE-WB05N.1.1.0
2026-01-20 15:02:13,850 [WARN] PackLoader:240 - Cannot read IP mode file for STMicroelectronics.X-CUBE-ST60.1.0.0
2026-01-20 15:02:13,858 [WARN] PackLoader:240 - Cannot read IP mode file for STMicroelectronics.X-CUBE-TOUCHGFX.4.23.1
2026-01-20 15:02:13,861 [WARN] PackLoader:240 - Cannot read IP mode file for STMicroelectronics.X-CUBE-TOUCHGFX.4.23.0
2026-01-20 15:02:13,864 [WARN] PackLoader:240 - Cannot read IP mode file for STMicroelectronics.X-CUBE-TOUCHGFX.4.23.2
2026-01-20 15:02:13,886 [WARN] PackLoader:240 - Cannot read IP mode file for STMicroelectronics.X-CUBE-AZRTOS-F7.1.1.0
2026-01-20 15:02:13,899 [WARN] PackLoader:240 - Cannot read IP mode file for STMicroelectronics.FP-SNS-MOTENV1.4.3.2
2026-01-20 15:02:13,951 [WARN] PackLoader:240 - Cannot read IP mode file for STMicroelectronics.X-CUBE-MEMS1.11.0.0
2026-01-20 15:02:14,148 [ERROR] Engine:466 - C:\Users\Admin\.stm32cubemx\thirdparties\pdsc\STMicroelectronics.FP-SNS-MOTENV1.5.1.0.pdsc: PDSC version is not supported
2026-01-20 15:02:14,155 [WARN] PackLoader:240 - Cannot read IP mode file for STMicroelectronics.FP-SNS-FLIGHT1.5.0.2
2026-01-20 15:02:14,192 [WARN] PackLoader:240 - Cannot read IP mode file for STMicroelectronics.X-CUBE-AZRTOS-H7.3.4.0
2026-01-20 15:02:14,210 [WARN] PackLoader:240 - Cannot read IP mode file for STMicroelectronics.X-CUBE-DISPLAY.3.0.0
2026-01-20 15:02:14,222 [WARN] PackLoader:240 - Cannot read IP mode file for STMicroelectronics.X-CUBE-BLE1.7.0.0
2026-01-20 15:02:14,230 [WARN] PackLoader:240 - Cannot read IP mode file for STMicroelectronics.X-CUBE-NFC10.1.0.0
2026-01-20 15:02:14,245 [WARN] PackLoader:240 - Cannot read IP mode file for STMicroelectronics.X-CUBE-BLEMGR.4.0.0
2026-01-20 15:02:14,255 [WARN] PackLoader:240 - Cannot read IP mode file for STMicroelectronics.X-CUBE-ST60.1.1.0
2026-01-20 15:02:14,263 [WARN] PackLoader:240 - Cannot read IP mode file for emotas.I-CUBE-CANOPEN.1.3.0
2026-01-20 15:02:14,270 [WARN] PackLoader:240 - Cannot read IP mode file for STMicroelectronics.X-CUBE-GNSS1.7.1.0
2026-01-20 15:02:14,276 [WARN] PackLoader:240 - Cannot read IP mode file for STMicroelectronics.X-CUBE-TOUCHGFX.4.22.1
2026-01-20 15:02:14,284 [WARN] PackLoader:240 - Cannot read IP mode file for STMicroelectronics.X-CUBE-BLEMGR.3.1.0
2026-01-20 15:02:14,293 [WARN] PackLoader:240 - Cannot read IP mode file for STMicroelectronics.X-CUBE-AI.10.0.0
2026-01-20 15:02:14,298 [ERROR] Engine:466 - C:\Users\Admin\.stm32cubemx\thirdparties\pdsc\STMicroelectronics.FP-SNS-STBOX1.2.1.0.pdsc: PDSC version is not supported
2026-01-20 15:02:14,311 [WARN] PackLoader:240 - Cannot read IP mode file for STMicroelectronics.FP-SNS-SMARTAG2.1.2.0
2026-01-20 15:02:14,316 [WARN] PackLoader:240 - Cannot read IP mode file for STMicroelectronics.FP-SNS-FLIGHT1.5.1.0
2026-01-20 15:02:14,379 [WARN] PackLoader:240 - Cannot read IP mode file for STMicroelectronics.X-CUBE-MEMS1.11.1.0
2026-01-20 15:02:14,544 [INFO] LogOutputStream:77 - [STDOUT_REDIRECT] 1 : Invalid condition id : UX_CORESTACK_Condition cause : null
2026-01-20 15:02:14,545 [INFO] LogOutputStream:77 - [STDOUT_REDIRECT] 1 : Invalid condition id : UX_CORESTACK_Condition cause : null
2026-01-20 15:02:14,547 [INFO] LogOutputStream:77 - [STDOUT_REDIRECT] 1 : Invalid condition id : UX_CORESTACK_Condition cause : null
2026-01-20 15:02:14,549 [INFO] LogOutputStream:77 - [STDOUT_REDIRECT] 1 : Invalid condition id : UX_CORESTACK_Condition cause : null
2026-01-20 15:02:14,550 [INFO] LogOutputStream:77 - [STDOUT_REDIRECT] 1 : Invalid condition id : UX_CORESTACK_Condition cause : null
2026-01-20 15:02:14,555 [WARN] PackLoader:240 - Cannot read IP mode file for STMicroelectronics.X-CUBE-AZRTOS-WL.2.0.0
2026-01-20 15:02:14,563 [WARN] PackLoader:240 - Cannot read IP mode file for STMicroelectronics.FP-SNS-MOTENV1.5.0.0
2026-01-20 15:02:14,584 [WARN] PackLoader:240 - Cannot read IP mode file for STMicroelectronics.X-CUBE-AZRTOS-H7RS.1.2.0
2026-01-20 15:02:14,593 [WARN] PackLoader:240 - Cannot read IP mode file for wolfSSL.I-CUBE-wolfMQTT.1.19.0
2026-01-20 15:02:14,601 [WARN] PackLoader:240 - Cannot read IP mode file for WES.I-CUBE-Cesium.1.3.0
2026-01-20 15:02:14,611 [WARN] PackLoader:240 - Cannot read IP mode file for STMicroelectronics.X-CUBE-BLE2.3.3.0
2026-01-20 15:02:14,637 [WARN] PackLoader:240 - Cannot read IP mode file for STMicroelectronics.X-CUBE-NFC9.1.0.0
2026-01-20 15:02:14,644 [WARN] PackLoader:240 - Cannot read IP mode file for STMicroelectronics.X-CUBE-BLE1.7.1.0
2026-01-20 15:02:14,651 [WARN] PackLoader:240 - Cannot read IP mode file for STMicroelectronics.X-CUBE-TCPP.4.1.0
2026-01-20 15:02:14,659 [ERROR] Engine:466 - C:\Users\Admin\.stm32cubemx\thirdparties\pdsc\STMicroelectronics.X-CUBE-FREERTOS.1.4.0.pdsc: PDSC version is not supported
2026-01-20 15:02:14,666 [WARN] PackLoader:240 - Cannot read IP mode file for STMicroelectronics.X-CUBE-EEPRMA1.5.2.0
2026-01-20 15:02:14,676 [ERROR] Engine:466 - C:\Users\Admin\.stm32cubemx\thirdparties\pdsc\STMicroelectronics.X-CUBE-ST67W61.1.1.0.pdsc: PDSC version is not supported
2026-01-20 15:02:14,681 [WARN] PackLoader:240 - Cannot read IP mode file for STMicroelectronics.X-CUBE-AI.10.1.0
2026-01-20 15:02:14,736 [WARN] PackLoader:240 - Cannot read IP mode file for STMicroelectronics.X-CUBE-MEMS1.12.0.0
2026-01-20 15:02:14,844 [WARN] PackLoader:240 - Cannot read IP mode file for STMicroelectronics.X-CUBE-ALGOBUILD.1.3.0
2026-01-20 15:02:14,931 [WARN] PackLoader:240 - Cannot read IP mode file for STMicroelectronics.X-CUBE-MEMS1.11.2.0
2026-01-20 15:02:15,139 [WARN] PackLoader:240 - Cannot read IP mode file for STMicroelectronics.X-CUBE-AZRTOS-G0.1.1.0
2026-01-20 15:02:15,148 [WARN] PackLoader:240 - Cannot read IP mode file for STMicroelectronics.X-CUBE-SAFEA1.1.2.2
2026-01-20 15:02:15,156 [WARN] PackLoader:240 - Cannot read IP mode file for STMicroelectronics.X-CUBE-NFC4.3.0.0
2026-01-20 15:02:15,168 [WARN] PackLoader:240 - Cannot read IP mode file for EmbeddedOffice.I-CUBE-FS-RTOS.1.0.1
2026-01-20 15:02:15,175 [WARN] PackLoader:240 - Cannot read IP mode file for STMicroelectronics.X-CUBE-WB05N.2.0.0
2026-01-20 15:02:15,187 [WARN] PackLoader:240 - Cannot read IP mode file for STMicroelectronics.X-CUBE-BLEMGR.3.0.0
2026-01-20 15:02:15,196 [WARN] PackLoader:240 - Cannot read IP mode file for STMicroelectronics.X-CUBE-TCPP.4.2.0
2026-01-20 15:02:15,204 [WARN] PackLoader:240 - Cannot read IP mode file for RealThread.X-CUBE-RT-Thread_Nano.4.1.1
2026-01-20 15:02:15,211 [WARN] PackLoader:240 - Cannot read IP mode file for STMicroelectronics.FP-ATR-SIGFOX1.3.2.0
2026-01-20 15:02:15,215 [WARN] ConditionMgr:438 - getConditionDescription Invalid condition id : Cortex-A Device cause : null
2026-01-20 15:02:15,226 [WARN] ConditionMgr:1044 - genDependencies : Invalid condition id : Cortex-A Device cause : null
2026-01-20 15:02:15,226 [WARN] ConditionMgr:1044 - genDependencies : Invalid condition id : Cortex-A Device cause : null
2026-01-20 15:02:15,227 [WARN] ConditionMgr:1044 - genDependencies : Invalid condition id : Cortex-A Device cause : null
2026-01-20 15:02:15,233 [WARN] PackLoader:240 - Cannot read IP mode file for STMicroelectronics.X-CUBE-EEPRMA1.5.1.0
2026-01-20 15:02:15,244 [WARN] PackLoader:240 - Cannot read IP mode file for STMicroelectronics.X-CUBE-ST67W61.1.0.0
2026-01-20 15:02:15,250 [WARN] PackLoader:240 - Cannot read IP mode file for STMicroelectronics.X-CUBE-AI.10.2.0
2026-01-20 15:02:15,281 [WARN] PackLoader:240 - Cannot read IP mode file for SEGGER.I-CUBE-embOS.1.3.1
2026-01-20 15:02:15,328 [WARN] PackLoader:240 - Cannot read IP mode file for STMicroelectronics.X-CUBE-ALGOBUILD.1.4.0
2026-01-20 15:02:15,385 [WARN] PackLoader:240 - Cannot read IP mode file for STMicroelectronics.X-CUBE-MEMS1.11.3.0
2026-01-20 15:02:15,552 [WARN] PackLoader:240 - Cannot read IP mode file for STMicroelectronics.X-CUBE-AI.9.1.0
2026-01-20 15:02:15,558 [WARN] PackLoader:240 - Cannot read IP mode file for STMicroelectronics.X-CUBE-PM33A1.1.0.0
2026-01-20 15:02:15,564 [WARN] PackLoader:240 - Cannot read IP mode file for STMicroelectronics.X-CUBE-GNSS1.6.0.0
2026-01-20 15:02:15,582 [WARN] PackLoader:240 - Cannot read IP mode file for STMicroelectronics.X-CUBE-AZRTOS-F4.1.1.0
2026-01-20 15:02:15,589 [WARN] PackLoader:240 - Cannot read IP mode file for wolfSSL.I-CUBE-wolfSSL.5.6.4
2026-01-20 15:02:15,593 [WARN] PackLoader:240 - Cannot read IP mode file for Avnet-IotConnect.X-CUBE-IoTC-DA16k-PMOD.1.0.0
2026-01-20 15:02:15,597 [WARN] PackLoader:240 - Cannot read IP mode file for STMicroelectronics.X-CUBE-ISPU.2.1.0
2026-01-20 15:02:15,603 [ERROR] Engine:466 - C:\Users\Admin\.stm32cubemx\thirdparties\pdsc\STMicroelectronics.X-CUBE-IPS.3.2.0.pdsc: PDSC version is not supported
2026-01-20 15:02:15,615 [WARN] PackLoader:240 - Cannot read IP mode file for STMicroelectronics.X-CUBE-FREERTOS.1.2.0
2026-01-20 15:02:15,624 [WARN] PackLoader:240 - Cannot read IP mode file for STMicroelectronics.X-CUBE-NFC12.1.0.0
2026-01-20 15:02:15,645 [WARN] PackLoader:240 - Cannot read IP mode file for STMicroelectronics.X-CUBE-AZRTOS-L5.2.0.0
2026-01-20 15:02:15,652 [WARN] PackLoader:240 - Cannot read IP mode file for STMicroelectronics.X-CUBE-EEPRMA1.4.2.0
2026-01-20 15:02:15,666 [WARN] PackLoader:240 - Cannot read IP mode file for STMicroelectronics.X-CUBE-NFC6.3.1.0
2026-01-20 15:02:15,676 [WARN] PackLoader:240 - Cannot read IP mode file for ITTIA_DB.I-CUBE-ITTIADB.8.8.0
2026-01-20 15:02:15,682 [WARN] PackLoader:240 - Cannot read IP mode file for STMicroelectronics.X-CUBE-DPower.1.2.0
2026-01-20 15:02:15,686 [WARN] PackLoader:240 - Cannot read IP mode file for STMicroelectronics.X-CUBE-AI.9.0.0
2026-01-20 15:02:15,704 [WARN] ConditionMgr:438 - getConditionDescription Invalid condition id : UX DEVICE CLASS RTOS Condition cause : null
2026-01-20 15:02:15,704 [WARN] ConditionMgr:438 - getConditionDescription Invalid condition id : UX DEVICE CLASS RTOS Condition cause : null
2026-01-20 15:02:15,708 [WARN] PackLoader:240 - Cannot read IP mode file for STMicroelectronics.X-CUBE-AZRTOS-H7.3.1.0
2026-01-20 15:02:15,709 [WARN] ConditionMgr:1044 - genDependencies : Invalid condition id : UX DEVICE CLASS RTOS Condition cause : null
2026-01-20 15:02:15,709 [WARN] ConditionMgr:1044 - genDependencies : Invalid condition id : UX DEVICE CLASS RTOS Condition cause : null
2026-01-20 15:02:15,710 [WARN] ConditionMgr:1044 - genDependencies : Invalid condition id : UX DEVICE CLASS RTOS Condition cause : null
2026-01-20 15:02:15,710 [WARN] ConditionMgr:1044 - genDependencies : Invalid condition id : UX DEVICE CLASS RTOS Condition cause : null
2026-01-20 15:02:15,710 [WARN] ConditionMgr:1044 - genDependencies : Invalid condition id : UX DEVICE CLASS RTOS Condition cause : null
2026-01-20 15:02:15,716 [WARN] PackLoader:240 - Cannot read IP mode file for STMicroelectronics.X-CUBE-FREERTOS.1.3.1
2026-01-20 15:02:15,722 [WARN] PackLoader:240 - Cannot read IP mode file for STMicroelectronics.X-CUBE-FREERTOS.1.3.0
2026-01-20 15:02:15,729 [WARN] PackLoader:240 - Cannot read IP mode file for STMicroelectronics.X-CUBE-NFC7.1.0.1
2026-01-20 15:02:15,733 [WARN] PackLoader:240 - Cannot read IP mode file for wolfSSL.I-CUBE-wolfTPM.3.2.0
2026-01-20 15:02:15,736 [WARN] PackLoader:240 - Cannot read IP mode file for STMicroelectronics.X-CUBE-TOUCHGFX.4.26.0
2026-01-20 15:02:15,744 [WARN] PackLoader:240 - Cannot read IP mode file for STMicroelectronics.X-CUBE-NFC6.3.0.0
2026-01-20 15:02:15,751 [WARN] PackLoader:240 - Cannot read IP mode file for STMicroelectronics.FP-SNS-STAIOTCFT.1.0.0
2026-01-20 15:02:15,759 [WARN] PackLoader:240 - Cannot read IP mode file for STMicroelectronics.X-CUBE-DPower.1.3.0
2026-01-20 15:02:15,763 [WARN] PackLoader:240 - Cannot read IP mode file for STMicroelectronics.X-CUBE-AI.8.1.0
2026-01-20 15:02:15,783 [WARN] ConditionMgr:438 - getConditionDescription Invalid condition id : LAN8742 Phy interface Condition cause : null
2026-01-20 15:02:15,784 [WARN] PackLoader:240 - Cannot read IP mode file for STMicroelectronics.X-CUBE-AZRTOS-L4.2.0.0
2026-01-20 15:02:15,785 [WARN] ConditionMgr:1044 - genDependencies : Invalid condition id : LAN8742 Phy interface Condition cause : null
2026-01-20 15:02:15,785 [WARN] ConditionMgr:1044 - genDependencies : Invalid condition id : LAN8742 Phy interface Condition cause : null
2026-01-20 15:02:15,785 [WARN] ConditionMgr:1044 - genDependencies : Invalid condition id : LAN8742 Phy interface Condition cause : null
2026-01-20 15:02:15,796 [WARN] PackLoader:240 - Cannot read IP mode file for STMicroelectronics.X-CUBE-SFXS2LP1.4.0.0
2026-01-20 15:02:15,800 [ERROR] Engine:466 - C:\Users\Admin\.stm32cubemx\thirdparties\pdsc\STMicroelectronics.X-CUBE-ST67W61.1.2.0.pdsc: PDSC version is not supported
2026-01-20 15:02:15,803 [WARN] PackLoader:240 - Cannot read IP mode file for STMicroelectronics.X-CUBE-ISPU.1.1.0
2026-01-20 15:02:15,827 [WARN] PackLoader:240 - Cannot read IP mode file for STMicroelectronics.X-CUBE-AZRTOS-H7.3.3.0
2026-01-20 15:02:15,841 [WARN] PackLoader:240 - Cannot read IP mode file for STMicroelectronics.X-CUBE-BLEMGR.4.1.0
2026-01-20 15:02:15,853 [WARN] PackLoader:240 - Cannot read IP mode file for STMicroelectronics.X-CUBE-IPS.3.0.0
2026-01-20 15:02:15,872 [WARN] ConditionMgr:438 - getConditionDescription Invalid condition id : UX DEVICE CLASS RTOS Condition cause : null
2026-01-20 15:02:15,872 [WARN] ConditionMgr:438 - getConditionDescription Invalid condition id : UX DEVICE CLASS RTOS Condition cause : null
2026-01-20 15:02:15,874 [WARN] PackLoader:240 - Cannot read IP mode file for STMicroelectronics.X-CUBE-AZRTOS-WB.2.0.0
2026-01-20 15:02:15,875 [WARN] ConditionMgr:1044 - genDependencies : Invalid condition id : UX DEVICE CLASS RTOS Condition cause : null
2026-01-20 15:02:15,875 [WARN] ConditionMgr:1044 - genDependencies : Invalid condition id : UX DEVICE CLASS RTOS Condition cause : null
2026-01-20 15:02:15,875 [WARN] ConditionMgr:1044 - genDependencies : Invalid condition id : UX DEVICE CLASS RTOS Condition cause : null
2026-01-20 15:02:15,876 [WARN] ConditionMgr:1044 - genDependencies : Invalid condition id : UX DEVICE CLASS RTOS Condition cause : null
2026-01-20 15:02:15,876 [WARN] ConditionMgr:1044 - genDependencies : Invalid condition id : UX DEVICE CLASS RTOS Condition cause : null
2026-01-20 15:02:15,882 [WARN] PackLoader:240 - Cannot read IP mode file for STMicroelectronics.X-CUBE-GNSS1.7.0.0
2026-01-20 15:02:15,888 [WARN] PackLoader:240 - Cannot read IP mode file for STMicroelectronics.X-CUBE-GNSS1.7.0.1
2026-01-20 15:02:15,893 [WARN] PackLoader:240 - Cannot read IP mode file for STMicroelectronics.X-CUBE-TOUCHGFX.4.25.0
2026-01-20 15:02:15,898 [WARN] PackLoader:240 - Cannot read IP mode file for STMicroelectronics.FP-SNS-STBOX1.2.0.0
2026-01-20 15:02:15,910 [WARN] PackLoader:240 - Cannot read IP mode file for STMicroelectronics.X-CUBE-SUBG2.5.0.0
2026-01-20 15:02:15,933 [WARN] PackLoader:240 - Cannot read IP mode file for STMicroelectronics.X-CUBE-AZRTOS-H7RS.1.1.0
2026-01-20 15:02:15,947 [WARN] PackLoader:240 - Cannot read IP mode file for STMicroelectronics.X-CUBE-TOF1.3.3.1
2026-01-20 15:02:15,973 [WARN] PackLoader:240 - Cannot read IP mode file for STMicroelectronics.X-CUBE-AZRTOS-G4.2.0.0
2026-01-20 15:02:15,988 [WARN] PackLoader:240 - Cannot read IP mode file for Infineon.AIROC-Wi-Fi-Bluetooth-STM32.1.5.1
2026-01-20 15:02:15,995 [WARN] PackLoader:240 - Cannot read IP mode file for STMicroelectronics.FP-SNS-MOTENVWB1.1.3.0
2026-01-20 15:02:16,000 [WARN] PackLoader:240 - Cannot read IP mode file for STMicroelectronics.X-CUBE-NFC7.2.0.0
2026-01-20 15:02:16,007 [WARN] PackLoader:240 - Cannot read IP mode file for STMicroelectronics.FP-SNS-MOTENVWB1.1.3.1
2026-01-20 15:02:16,011 [WARN] PackLoader:240 - Cannot read IP mode file for STMicroelectronics.X-CUBE-ISPU.2.0.0
2026-01-20 15:02:16,023 [WARN] PackLoader:240 - Cannot read IP mode file for STMicroelectronics.X-CUBE-IPS.3.1.0
2026-01-20 15:02:16,034 [WARN] PackLoader:240 - Cannot read IP mode file for STMicroelectronics.X-CUBE-ALS.1.0.2
2026-01-20 15:02:16,074 [WARN] PackLoader:240 - Cannot read IP mode file for STMicroelectronics.X-CUBE-MEMS1.10.0.0
2026-01-20 15:02:16,197 [WARN] PackLoader:240 - Cannot read IP mode file for STMicroelectronics.X-CUBE-FREERTOS.1.1.0
2026-01-20 15:02:16,200 [WARN] PackLoader:240 - Cannot read IP mode file for STMicroelectronics.X-CUBE-TOUCHGFX.4.24.0
2026-01-20 15:02:16,204 [WARN] PackLoader:240 - Cannot read IP mode file for STMicroelectronics.X-CUBE-TOUCHGFX.4.24.2
2026-01-20 15:02:16,208 [WARN] PackLoader:240 - Cannot read IP mode file for STMicroelectronics.X-CUBE-TOUCHGFX.4.24.1
2026-01-20 15:02:16,215 [WARN] PackLoader:240 - Cannot read IP mode file for STMicroelectronics.X-CUBE-STSE01.1.0.0
2026-01-20 15:02:16,221 [WARN] PackLoader:240 - Cannot read IP mode file for portGmbH.I-Cube-SoM-uGOAL.1.1.0
2026-01-20 15:02:16,225 [WARN] PackLoader:240 - Cannot read IP mode file for STMicroelectronics.X-CUBE-ALS.1.0.1
2026-01-20 15:02:16,240 [WARN] PackLoader:240 - Cannot read IP mode file for STMicroelectronics.X-CUBE-AZRTOS-H7RS.1.0.0
2026-01-20 15:02:16,247 [WARN] PackLoader:240 - Cannot read IP mode file for STMicroelectronics.FP-ATR-ASTRA1.2.0.0
2026-01-20 15:02:16,256 [WARN] PackLoader:240 - Cannot read IP mode file for STMicroelectronics.X-CUBE-TOF1.3.4.2
2026-01-20 15:02:16,277 [WARN] PackLoader:240 - Cannot read IP mode file for STMicroelectronics.X-CUBE-TOF1.3.4.3
2026-01-20 15:02:16,297 [WARN] PackLoader:240 - Cannot read IP mode file for STMicroelectronics.X-CUBE-TOF1.3.4.0
2026-01-20 15:02:16,317 [WARN] PackLoader:240 - Cannot read IP mode file for STMicroelectronics.X-CUBE-TOF1.3.4.1
2026-01-20 15:02:16,360 [WARN] PackLoader:240 - Cannot read IP mode file for STMicroelectronics.X-CUBE-AZRTOS-H7.3.2.0
2026-01-20 15:02:16,366 [WARN] PackLoader:240 - Cannot read IP mode file for wolfSSL.I-CUBE-wolfSSH.1.4.17
2026-01-20 15:02:16,367 [INFO] ThirdParty:978 - Integrity check success = true
2026-01-20 15:02:16,368 [INFO] IntegrityCheckThread:100 - exiting critical section [integrity check]
2026-01-20 15:02:16,368 [INFO] IntegrityCheckThread:103 - End integrity checks thread
