11:52:55 **** Clean-only build of configuration Debug for project chapter11_example1 ****
make -j12 clean 
rm -rf ./Src/MiddleWare/scheduler/scheduler.cyclo ./Src/MiddleWare/scheduler/scheduler.d ./Src/MiddleWare/scheduler/scheduler.o ./Src/MiddleWare/scheduler/scheduler.su
rm -rf ./Src/MiddleWare/container/fifo.cyclo ./Src/MiddleWare/container/fifo.d ./Src/MiddleWare/container/fifo.o ./Src/MiddleWare/container/fifo.su ./Src/MiddleWare/container/ring_buf.cyclo ./Src/MiddleWare/container/ring_buf.d ./Src/MiddleWare/container/ring_buf.o ./Src/MiddleWare/container/ring_buf.su
rm -rf ./Src/MiddleWare/SoftTimer/soft_timer.cyclo ./Src/MiddleWare/SoftTimer/soft_timer.d ./Src/MiddleWare/SoftTimer/soft_timer.o ./Src/MiddleWare/SoftTimer/soft_timer.su
rm -rf ./Src/MiddleWare/Console/console.cyclo ./Src/MiddleWare/Console/console.d ./Src/MiddleWare/Console/console.o ./Src/MiddleWare/Console/console.su
rm -rf ./Src/MiddleWare/Common/atomic.cyclo ./Src/MiddleWare/Common/atomic.d ./Src/MiddleWare/Common/atomic.o ./Src/MiddleWare/Common/atomic.su
rm -rf ./Src/Driver/Devices/ds3234/ds3234.cyclo ./Src/Driver/Devices/ds3234/ds3234.d ./Src/Driver/Devices/ds3234/ds3234.o ./Src/Driver/Devices/ds3234/ds3234.su
rm -rf ./Src/Driver/Components/spi/spi_io.cyclo ./Src/Driver/Components/spi/spi_io.d ./Src/Driver/Components/spi/spi_io.o ./Src/Driver/Components/spi/spi_io.su
rm -rf ./Src/Driver/Components/dio/di.cyclo ./Src/Driver/Components/dio/di.d ./Src/Driver/Components/dio/di.o ./Src/Driver/Components/dio/di.su ./Src/Driver/Components/dio/do.cyclo ./Src/Driver/Components/dio/do.d ./Src/Driver/Components/dio/do.o ./Src/Driver/Components/dio/do.su
rm -rf ./Src/Driver/Components/Usart/usart_io.cyclo ./Src/Driver/Components/Usart/usart_io.d ./Src/Driver/Components/Usart/usart_io.o ./Src/Driver/Components/Usart/usart_io.su
rm -rf ./Src/BSP/BSP_led7seg/bsp_led7seg.cyclo ./Src/BSP/BSP_led7seg/bsp_led7seg.d ./Src/BSP/BSP_led7seg/bsp_led7seg.o ./Src/BSP/BSP_led7seg/bsp_led7seg.su
rm -rf ./Src/BSP/BSP_USART/bsp_uart.cyclo ./Src/BSP/BSP_USART/bsp_uart.d ./Src/BSP/BSP_USART/bsp_uart.o ./Src/BSP/BSP_USART/bsp_uart.su
rm -rf ./Src/BSP/BSP_Timers/bsp_timer.cyclo ./Src/BSP/BSP_Timers/bsp_timer.d ./Src/BSP/BSP_Timers/bsp_timer.o ./Src/BSP/BSP_Timers/bsp_timer.su
rm -rf ./Src/BSP/BSP_Relay/bsp_relay.cyclo ./Src/BSP/BSP_Relay/bsp_relay.d ./Src/BSP/BSP_Relay/bsp_relay.o ./Src/BSP/BSP_Relay/bsp_relay.su
rm -rf ./Src/BSP/BSP_Ntc/bsp_ntc.cyclo ./Src/BSP/BSP_Ntc/bsp_ntc.d ./Src/BSP/BSP_Ntc/bsp_ntc.o ./Src/BSP/BSP_Ntc/bsp_ntc.su
rm -rf ./Src/BSP/BSP_Led/bsp_led.cyclo ./Src/BSP/BSP_Led/bsp_led.d ./Src/BSP/BSP_Led/bsp_led.o ./Src/BSP/BSP_Led/bsp_led.su
rm -rf ./Src/BSP/BSP_Button/bsp_button.cyclo ./Src/BSP/BSP_Button/bsp_button.d ./Src/BSP/BSP_Button/bsp_button.o ./Src/BSP/BSP_Button/bsp_button.su
rm -rf ./Src/App/App_temperature/app_temperature.cyclo ./Src/App/App_temperature/app_temperature.d ./Src/App/App_temperature/app_temperature.o ./Src/App/App_temperature/app_temperature.su
rm -rf ./Src/App/App_sys_control/app_sys_control.cyclo ./Src/App/App_sys_control/app_sys_control.d ./Src/App/App_sys_control/app_sys_control.o ./Src/App/App_sys_control/app_sys_control.su
rm -rf ./Src/App/App_button/app_button.cyclo ./Src/App/App_button/app_button.d ./Src/App/App_button/app_button.o ./Src/App/App_button/app_button.su
rm -rf ./Src/App/App_Led7seg/app_led7seg.cyclo ./Src/App/App_Led7seg/app_led7seg.d ./Src/App/App_Led7seg/app_led7seg.o ./Src/App/App_Led7seg/app_led7seg.su
rm -rf ./Src/App/app_main.cyclo ./Src/App/app_main.d ./Src/App/app_main.o ./Src/App/app_main.su
rm -rf ./Drivers/STM32F4xx_HAL_Driver/Src/stm32f4xx_ll_adc.cyclo ./Drivers/STM32F4xx_HAL_Driver/Src/stm32f4xx_ll_adc.d ./Drivers/STM32F4xx_HAL_Driver/Src/stm32f4xx_ll_adc.o ./Drivers/STM32F4xx_HAL_Driver/Src/stm32f4xx_ll_adc.su ./Drivers/STM32F4xx_HAL_Driver/Src/stm32f4xx_ll_dma.cyclo ./Drivers/STM32F4xx_HAL_Driver/Src/stm32f4xx_ll_dma.d ./Drivers/STM32F4xx_HAL_Driver/Src/stm32f4xx_ll_dma.o ./Drivers/STM32F4xx_HAL_Driver/Src/stm32f4xx_ll_dma.su ./Drivers/STM32F4xx_HAL_Driver/Src/stm32f4xx_ll_exti.cyclo ./Drivers/STM32F4xx_HAL_Driver/Src/stm32f4xx_ll_exti.d ./Drivers/STM32F4xx_HAL_Driver/Src/stm32f4xx_ll_exti.o ./Drivers/STM32F4xx_HAL_Driver/Src/stm32f4xx_ll_exti.su ./Drivers/STM32F4xx_HAL_Driver/Src/stm32f4xx_ll_gpio.cyclo ./Drivers/STM32F4xx_HAL_Driver/Src/stm32f4xx_ll_gpio.d ./Drivers/STM32F4xx_HAL_Driver/Src/stm32f4xx_ll_gpio.o ./Drivers/STM32F4xx_HAL_Driver/Src/stm32f4xx_ll_gpio.su ./Drivers/STM32F4xx_HAL_Driver/Src/stm32f4xx_ll_rcc.cyclo ./Drivers/STM32F4xx_HAL_Driver/Src/stm32f4xx_ll_rcc.d ./Drivers/STM32F4xx_HAL_Driver/Src/stm32f4xx_ll_rcc.o ./Drivers/STM32F4xx_HAL_Driver/Src/stm32f4xx_ll_rcc.su ./Drivers/STM32F4xx_HAL_Driver/Src/stm32f4xx_ll_usart.cyclo ./Drivers/STM32F4xx_HAL_Driver/Src/stm32f4xx_ll_usart.d ./Drivers/STM32F4xx_HAL_Driver/Src/stm32f4xx_ll_usart.o ./Drivers/STM32F4xx_HAL_Driver/Src/stm32f4xx_ll_usart.su ./Drivers/STM32F4xx_HAL_Driver/Src/stm32f4xx_ll_utils.cyclo ./Drivers/STM32F4xx_HAL_Driver/Src/stm32f4xx_ll_utils.d ./Drivers/STM32F4xx_HAL_Driver/Src/stm32f4xx_ll_utils.o ./Drivers/STM32F4xx_HAL_Driver/Src/stm32f4xx_ll_utils.su
rm -rf ./Core/Startup/startup_stm32f407vgtx.d ./Core/Startup/startup_stm32f407vgtx.o
rm -rf ./Core/Src/main.cyclo ./Core/Src/main.d ./Core/Src/main.o ./Core/Src/main.su ./Core/Src/stm32f4xx_it.cyclo ./Core/Src/stm32f4xx_it.d ./Core/Src/stm32f4xx_it.o ./Core/Src/stm32f4xx_it.su ./Core/Src/syscalls.cyclo ./Core/Src/syscalls.d ./Core/Src/syscalls.o ./Core/Src/syscalls.su ./Core/Src/sysmem.cyclo ./Core/Src/sysmem.d ./Core/Src/sysmem.o ./Core/Src/sysmem.su ./Core/Src/system_stm32f4xx.cyclo ./Core/Src/system_stm32f4xx.d ./Core/Src/system_stm32f4xx.o ./Core/Src/system_stm32f4xx.su
rm -rf chapter11_example1.elf chapter11_example1.hex chapter11_example1.list chapter11_example1.map default.size.stdout
 

11:52:56 Build Finished. 0 errors, 0 warnings. (took 564ms)

